LOADED TRAINER
LOADED GEN NUMBER:  2018
<tpg.team.Team object at 0x150d1fbce950>
-21.708770606165295
[<tpg.learner.Learner object at 0x150d1fbcea10>, <tpg.learner.Learner object at 0x150d1fbcefb0>, <tpg.learner.Learner object at 0x150d1fbcf520>, <tpg.learner.Learner object at 0x150d1fbcfa60>, <tpg.learner.Learner object at 0x150d1fbcfeb0>, <tpg.learner.Learner object at 0x150d1fbe4460>, <tpg.learner.Learner object at 0x150d1fbe4a00>, <tpg.learner.Learner object at 0x150d1fbe4e50>, <tpg.learner.Learner object at 0x150d1fbe53c0>, <tpg.learner.Learner object at 0x150d1fbe5900>]
{'main': -21.63199022257878}
---------------
step 0 for state:  [0.         0.15789474 0.64179104]
step 1 for state:  [0.16666667 0.15789474 0.62686567]
step 2 for state:  [0.16666667 0.15789474 0.64179104]
step 3 for state:  [0.16666667 0.15789474 0.62686567]
step 4 for state:  [0.16666667 0.15789474 0.64179104]
step 5 for state:  [0.16666667 0.15789474 0.56716418]
step 6 for state:  [0.16666667 0.15789474 0.6119403 ]
step 7 for state:  [0.16666667 0.15789474 0.58208955]
step 8 for state:  [0.16666667 0.15789474 0.17910448]
step 9 for state:  [0.         0.49473684 0.53731343]
step 10 for state:  [0.16666667 0.15789474 0.28358209]
step 11 for state:  [0.16666667 0.15789474 0.35820896]
step 12 for state:  [0.16666667 0.15789474 0.40298507]
step 13 for state:  [0.16666667 0.15789474 0.46268657]
step 14 for state:  [0.16666667 0.15789474 0.53731343]
step 15 for state:  [0.16666667 0.15789474 0.10447761]
step 16 for state:  [0.         0.49473684 0.56716418]
step 17 for state:  [0.16666667 0.15789474 0.28358209]
step 18 for state:  [0.16666667 0.15789474 0.34328358]
step 19 for state:  [0.16666667 0.15789474 0.46268657]
step 20 for state:  [0.16666667 0.15789474 0.52238806]
step 21 for state:  [0.16666667 0.15789474 0.56716418]
step 22 for state:  [0.16666667 0.15789474 0.17910448]
step 23 for state:  [0.         0.49473684 0.58208955]
step 24 for state:  [0.16666667 0.15789474 0.28358209]
step 25 for state:  [0.16666667 0.15789474 0.35820896]
step 26 for state:  [0.16666667 0.15789474 0.46268657]
step 27 for state:  [0.16666667 0.15789474 0.64179104]
step 28 for state:  [0.16666667 0.15789474 0.62686567]
step 29 for state:  [0.16666667 0.15789474 0.64179104]
step 30 for state:  [0.16666667 0.15789474 0.62686567]
step 31 for state:  [0.16666667 0.15789474 0.64179104]
step 32 for state:  [0.16666667 0.15789474 0.56716418]
step 33 for state:  [0.16666667 0.15789474 0.6119403 ]
step 34 for state:  [0.16666667 0.15789474 0.58208955]
step 35 for state:  [0.16666667 0.15789474 0.17910448]
step 36 for state:  [0.         0.49473684 0.53731343]
step 37 for state:  [0.16666667 0.15789474 0.28358209]
step 38 for state:  [0.16666667 0.15789474 0.35820896]
step 39 for state:  [0.16666667 0.15789474 0.40298507]
step 40 for state:  [0.16666667 0.15789474 0.46268657]
step 41 for state:  [0.16666667 0.15789474 0.53731343]
step 42 for state:  [0.16666667 0.15789474 0.10447761]
step 43 for state:  [0.         0.49473684 0.56716418]
step 44 for state:  [0.16666667 0.15789474 0.28358209]
step 45 for state:  [0.16666667 0.15789474 0.34328358]
step 46 for state:  [0.16666667 0.15789474 0.46268657]
step 47 for state:  [0.16666667 0.15789474 0.58208955]
step 48 for state:  [0.16666667 0.15789474 0.56716418]
step 49 for state:  [0.16666667 0.15789474 0.17910448]
step 50 for state:  [0.         0.49473684 0.53731343]
step 51 for state:  [0.16666667 0.15789474 0.28358209]
step 52 for state:  [0.16666667 0.15789474 0.35820896]
step 53 for state:  [0.33333333 0.15789474 0.64179104]
step 54 for state:  [0.16666667 0.15789474 0.62686567]
step 55 for state:  [0.16666667 0.15789474 0.64179104]
step 56 for state:  [0.16666667 0.15789474 0.62686567]
step 57 for state:  [0.16666667 0.15789474 0.64179104]
step 58 for state:  [0.16666667 0.15789474 0.56716418]
step 59 for state:  [0.16666667 0.15789474 0.6119403 ]
step 60 for state:  [0.16666667 0.15789474 0.58208955]
step 61 for state:  [0.16666667 0.15789474 0.17910448]
step 62 for state:  [0.         0.49473684 0.53731343]
step 63 for state:  [0.16666667 0.15789474 0.28358209]
step 64 for state:  [0.16666667 0.15789474 0.35820896]
step 65 for state:  [0.16666667 0.15789474 0.40298507]
step 66 for state:  [0.16666667 0.15789474 0.46268657]
step 67 for state:  [0.16666667 0.15789474 0.53731343]
step 68 for state:  [0.16666667 0.15789474 0.10447761]
step 69 for state:  [0.         0.49473684 0.56716418]
step 70 for state:  [0.16666667 0.15789474 0.28358209]
step 71 for state:  [0.16666667 0.15789474 0.34328358]
step 72 for state:  [0.16666667 0.15789474 0.46268657]
step 73 for state:  [0.16666667 0.15789474 0.52238806]
step 74 for state:  [0.16666667 0.15789474 0.56716418]
step 75 for state:  [0.16666667 0.15789474 0.17910448]
step 76 for state:  [0.         0.32631579 0.58208955]
step 77 for state:  [0.16666667 0.15789474 0.28358209]
step 78 for state:  [0.16666667 0.15789474 0.35820896]
step 79 for state:  [0.16666667 0.15789474 0.46268657]
step 80 for state:  [0.16666667 0.15789474 0.64179104]
step 81 for state:  [0.16666667 0.15789474 0.62686567]
step 82 for state:  [0.16666667 0.15789474 0.64179104]
step 83 for state:  [0.16666667 0.15789474 0.62686567]
step 84 for state:  [0.16666667 0.15789474 0.64179104]
step 85 for state:  [0.16666667 0.15789474 0.56716418]
step 86 for state:  [0.16666667 0.15789474 0.6119403 ]
step 87 for state:  [0.16666667 0.15789474 0.58208955]
step 88 for state:  [0.16666667 0.15789474 0.17910448]
step 89 for state:  [0.         0.32631579 0.53731343]
step 90 for state:  [0.16666667 0.15789474 0.28358209]
step 91 for state:  [0.16666667 0.15789474 0.35820896]
step 92 for state:  [0.16666667 0.15789474 0.40298507]
step 93 for state:  [0.16666667 0.15789474 0.46268657]
step 94 for state:  [0.16666667 0.15789474 0.53731343]
step 95 for state:  [0.16666667 0.15789474 0.10447761]
step 96 for state:  [0.         0.32631579 0.56716418]
step 97 for state:  [0.16666667 0.15789474 0.28358209]
step 98 for state:  [0.16666667 0.15789474 0.34328358]
step 99 for state:  [0.16666667 0.15789474 0.46268657]
step 100 for state:  [0.16666667 0.15789474 0.58208955]
step 101 for state:  [0.16666667 0.15789474 0.56716418]
step 102 for state:  [0.16666667 0.15789474 0.17910448]
step 103 for state:  [0.         0.32631579 0.53731343]
step 104 for state:  [0.16666667 0.15789474 0.28358209]
step 105 for state:  [0.16666667 0.15789474 0.35820896]
step 106 for state:  [0.16666667 0.15789474 0.56716418]
step 107 for state:  [0.16666667 0.15789474 0.58208955]
step 108 for state:  [0.16666667 0.15789474 0.6119403 ]
step 109 for state:  [0.16666667 0.15789474 0.2238806 ]
step 110 for state:  [0.         0.49473684 0.64179104]
step 111 for state:  [0.16666667 0.15789474 0.32835821]
step 112 for state:  [0.16666667 0.15789474 0.40298507]
step 113 for state:  [0.16666667 0.15789474 0.50746269]
step 114 for state:  [0.16666667 0.15789474 0.65671642]
step 115 for state:  [0.16666667 0.15789474 0.64179104]
step 116 for state:  [0.16666667 0.15789474 0.14925373]
step 117 for state:  [0.         0.49473684 0.6119403 ]
step 118 for state:  [0.16666667 0.15789474 0.32835821]
step 119 for state:  [0.16666667 0.15789474 0.3880597 ]
step 120 for state:  [0.16666667 0.15789474 0.47761194]
step 121 for state:  [0.16666667 0.15789474 0.64179104]
step 122 for state:  [0.16666667 0.15789474 0.6119403 ]
step 123 for state:  [0.16666667 0.15789474 0.17910448]
step 124 for state:  [0.         0.49473684 0.58208955]
step 125 for state:  [0.16666667 0.15789474 0.28358209]
step 126 for state:  [0.16666667 0.15789474 0.35820896]
step 127 for state:  [0.16666667 0.15789474 0.46268657]
step 128 for state:  [0.16666667 0.15789474 0.6119403 ]
step 129 for state:  [0.16666667 0.15789474 0.58208955]
step 130 for state:  [0.16666667 0.15789474 0.10447761]
step 131 for state:  [0.         0.32631579 0.56716418]
step 132 for state:  [0.16666667 0.15789474 0.28358209]
step 133 for state:  [0.16666667 0.15789474 0.46268657]
step 134 for state:  [0.16666667 0.15789474 0.46268657]
step 135 for state:  [0.16666667 0.15789474 0.64179104]
step 136 for state:  [0.16666667 0.15789474 0.46268657]
step 137 for state:  [0.16666667 0.15789474 0.64179104]
step 138 for state:  [0.16666667 0.15789474 0.64179104]
step 139 for state:  [0.16666667 0.15789474 0.82089552]
step 140 for state:  [0.16666667 0.15789474 0.62686567]
step 141 for state:  [0.16666667 0.15789474 0.64179104]
step 142 for state:  [0.16666667 0.15789474 0.62686567]
step 143 for state:  [0.16666667 0.15789474 0.64179104]
step 144 for state:  [0.16666667 0.15789474 0.62686567]
step 145 for state:  [0.16666667 0.15789474 0.64179104]
step 146 for state:  [0.16666667 0.15789474 0.56716418]
step 147 for state:  [0.16666667 0.15789474 0.6119403 ]
step 148 for state:  [0.16666667 0.15789474 0.58208955]
step 149 for state:  [0.16666667 0.15789474 0.17910448]
step 150 for state:  [0.         0.32631579 0.53731343]
step 151 for state:  [0.16666667 0.15789474 0.28358209]
step 152 for state:  [0.16666667 0.15789474 0.35820896]
step 153 for state:  [0.16666667 0.15789474 0.40298507]
step 154 for state:  [0.16666667 0.15789474 0.46268657]
step 155 for state:  [0.16666667 0.15789474 0.53731343]
step 156 for state:  [0.16666667 0.15789474 0.10447761]
step 157 for state:  [0.         0.32631579 0.56716418]
step 158 for state:  [0.16666667 0.15789474 0.28358209]
step 159 for state:  [0.16666667 0.15789474 0.34328358]
step 160 for state:  [0.16666667 0.15789474 0.46268657]
step 161 for state:  [0.16666667 0.15789474 0.52238806]
step 162 for state:  [0.16666667 0.15789474 0.56716418]
step 163 for state:  [0.16666667 0.15789474 0.17910448]
step 164 for state:  [0.         0.32631579 0.58208955]
step 165 for state:  [0.16666667 0.15789474 0.28358209]
step 166 for state:  [0.16666667 0.15789474 0.35820896]
step 167 for state:  [0.16666667 0.15789474 0.46268657]
step 168 for state:  [0.16666667 0.15789474 0.64179104]
step 169 for state:  [0.16666667 0.15789474 0.62686567]
step 170 for state:  [0.16666667 0.15789474 0.64179104]
step 171 for state:  [0.16666667 0.15789474 0.62686567]
step 172 for state:  [0.16666667 0.15789474 0.64179104]
step 173 for state:  [0.16666667 0.15789474 0.56716418]
step 174 for state:  [0.16666667 0.15789474 0.6119403 ]
step 175 for state:  [0.16666667 0.15789474 0.58208955]
step 176 for state:  [0.16666667 0.15789474 0.17910448]
step 177 for state:  [0.         0.32631579 0.53731343]
step 178 for state:  [0.16666667 0.15789474 0.28358209]
step 179 for state:  [0.16666667 0.15789474 0.35820896]
step 180 for state:  [0.16666667 0.15789474 0.40298507]
step 181 for state:  [0.16666667 0.15789474 0.46268657]
step 182 for state:  [0.16666667 0.15789474 0.53731343]
step 183 for state:  [0.16666667 0.15789474 0.10447761]
step 184 for state:  [0.         0.32631579 0.56716418]
step 185 for state:  [0.16666667 0.15789474 0.28358209]
step 186 for state:  [0.16666667 0.15789474 0.34328358]
step 187 for state:  [0.16666667 0.15789474 0.46268657]
step 188 for state:  [0.16666667 0.15789474 0.58208955]
step 189 for state:  [0.16666667 0.15789474 0.56716418]
step 190 for state:  [0.16666667 0.15789474 0.17910448]
step 191 for state:  [0.         0.32631579 0.53731343]
step 192 for state:  [0.16666667 0.15789474 0.28358209]
step 193 for state:  [0.16666667 0.15789474 0.35820896]
step 194 for state:  [0.16666667 0.15789474 0.56716418]
step 195 for state:  [0.16666667 0.15789474 0.58208955]
step 196 for state:  [0.16666667 0.15789474 0.6119403 ]
step 197 for state:  [0.16666667 0.15789474 0.2238806 ]
step 198 for state:  [0.         0.49473684 0.64179104]
step 199 for state:  [0.16666667 0.15789474 0.32835821]
step 200 for state:  [0.16666667 0.15789474 0.40298507]
step 201 for state:  [0.16666667 0.15789474 0.50746269]
step 202 for state:  [0.16666667 0.15789474 0.65671642]
step 203 for state:  [0.16666667 0.15789474 0.64179104]
step 204 for state:  [0.16666667 0.15789474 0.14925373]
step 205 for state:  [0.         0.49473684 0.6119403 ]
step 206 for state:  [0.16666667 0.15789474 0.32835821]
step 207 for state:  [0.16666667 0.15789474 0.3880597 ]
step 208 for state:  [0.16666667 0.15789474 0.47761194]
step 209 for state:  [0.16666667 0.15789474 0.64179104]
step 210 for state:  [0.16666667 0.15789474 0.6119403 ]
step 211 for state:  [0.16666667 0.15789474 0.17910448]
step 212 for state:  [0.         0.49473684 0.58208955]
step 213 for state:  [0.16666667 0.15789474 0.28358209]
step 214 for state:  [0.16666667 0.15789474 0.35820896]
step 215 for state:  [0.16666667 0.15789474 0.46268657]
step 216 for state:  [0.16666667 0.15789474 0.6119403 ]
step 217 for state:  [0.16666667 0.15789474 0.58208955]
step 218 for state:  [0.16666667 0.15789474 0.10447761]
step 219 for state:  [0.         0.32631579 0.56716418]
step 220 for state:  [0.16666667 0.15789474 0.28358209]
step 221 for state:  [0.16666667 0.15789474 0.46268657]
step 222 for state:  [0.16666667 0.15789474 0.46268657]
step 223 for state:  [0.16666667 0.15789474 0.64179104]
step 224 for state:  [0.16666667 0.15789474 0.46268657]
step 225 for state:  [0.16666667 0.15789474 0.64179104]
step 226 for state:  [0.16666667 0.15789474 0.64179104]
step 227 for state:  [0.16666667 0.15789474 0.82089552]
step 228 for state:  [0.16666667 0.15789474 0.62686567]
step 229 for state:  [0.16666667 0.15789474 0.64179104]
step 230 for state:  [0.16666667 0.15789474 0.62686567]
step 231 for state:  [0.16666667 0.15789474 0.64179104]
step 232 for state:  [0.16666667 0.15789474 0.62686567]
step 233 for state:  [0.16666667 0.15789474 0.64179104]
step 234 for state:  [0.16666667 0.15789474 0.56716418]
step 235 for state:  [0.16666667 0.15789474 0.6119403 ]
step 236 for state:  [0.16666667 0.15789474 0.58208955]
step 237 for state:  [0.16666667 0.15789474 0.17910448]
step 238 for state:  [0.         0.32631579 0.53731343]
step 239 for state:  [0.16666667 0.15789474 0.28358209]
step 240 for state:  [0.16666667 0.15789474 0.35820896]
step 241 for state:  [0.16666667 0.15789474 0.40298507]
step 242 for state:  [0.16666667 0.15789474 0.46268657]
step 243 for state:  [0.16666667 0.15789474 0.53731343]
step 244 for state:  [0.16666667 0.15789474 0.10447761]
step 245 for state:  [0.         0.32631579 0.56716418]
step 246 for state:  [0.16666667 0.15789474 0.28358209]
step 247 for state:  [0.16666667 0.15789474 0.34328358]
step 248 for state:  [0.16666667 0.15789474 0.46268657]
step 249 for state:  [0.16666667 0.15789474 0.52238806]
step 250 for state:  [0.16666667 0.15789474 0.56716418]
step 251 for state:  [0.16666667 0.15789474 0.17910448]
step 252 for state:  [0.         0.32631579 0.58208955]
step 253 for state:  [0.16666667 0.15789474 0.28358209]
step 254 for state:  [0.16666667 0.15789474 0.35820896]
step 255 for state:  [0.16666667 0.15789474 0.46268657]
step 256 for state:  [0.16666667 0.15789474 0.64179104]
step 257 for state:  [0.16666667 0.15789474 0.62686567]
step 258 for state:  [0.16666667 0.15789474 0.64179104]
step 259 for state:  [0.16666667 0.15789474 0.62686567]
step 260 for state:  [0.16666667 0.15789474 0.64179104]
step 261 for state:  [0.16666667 0.15789474 0.56716418]
step 262 for state:  [0.16666667 0.15789474 0.6119403 ]
step 263 for state:  [0.16666667 0.15789474 0.58208955]
step 264 for state:  [0.16666667 0.15789474 0.17910448]
step 265 for state:  [0.         0.32631579 0.53731343]
step 266 for state:  [0.16666667 0.15789474 0.28358209]
step 267 for state:  [0.16666667 0.15789474 0.35820896]
step 268 for state:  [0.16666667 0.15789474 0.40298507]
step 269 for state:  [0.16666667 0.15789474 0.46268657]
step 270 for state:  [0.16666667 0.15789474 0.53731343]
step 271 for state:  [0.16666667 0.15789474 0.10447761]
step 272 for state:  [0.         0.32631579 0.56716418]
step 273 for state:  [0.16666667 0.15789474 0.28358209]
step 274 for state:  [0.16666667 0.15789474 0.34328358]
step 275 for state:  [0.16666667 0.15789474 0.46268657]
step 276 for state:  [0.16666667 0.15789474 0.58208955]
step 277 for state:  [0.16666667 0.15789474 0.56716418]
step 278 for state:  [0.16666667 0.15789474 0.17910448]
step 279 for state:  [0.         0.32631579 0.53731343]
step 280 for state:  [0.16666667 0.15789474 0.28358209]
step 281 for state:  [0.16666667 0.15789474 0.35820896]
step 282 for state:  [0.16666667 0.07368421 0.58208955]
step 283 for state:  [0.         0.07368421 0.46268657]
step 284 for state:  [0.         0.07368421 0.37313433]
step 285 for state:  [0.         0.07368421 0.40298507]
step 286 for state:  [0.16666667 0.07368421 0.58208955]
step 287 for state:  [0.         0.07368421 0.47761194]
step 288 for state:  [0.         0.07368421 0.35820896]
step 289 for state:  [0.         0.07368421 0.40298507]
step 290 for state:  [0.16666667 0.07368421 0.50746269]
step 291 for state:  [0.         0.07368421 0.58208955]
step 292 for state:  [0.         0.07368421 0.46268657]
step 293 for state:  [0.         0.07368421 0.32835821]
step 294 for state:  [0.         0.07368421 0.37313433]
step 295 for state:  [0.         0.07368421 0.40298507]
step 296 for state:  [0.16666667 0.15789474 0.29850746]
step 297 for state:  [0.         0.66315789 0.58208955]
step 298 for state:  [0.16666667 0.15789474 0.35820896]
step 299 for state:  [0.16666667 0.15789474 0.40298507]
step 300 for state:  [0.16666667 0.15789474 0.35820896]
step 301 for state:  [0.16666667 0.15789474 0.40298507]
step 302 for state:  [0.         0.24210526 0.65671642]
step 303 for state:  [0.16666667 0.15789474 0.35820896]
step 304 for state:  [0.08333333 0.07368421 0.64179104]
step 305 for state:  [0.08333333 0.15789474 0.29850746]
step 306 for state:  [0.         0.32631579 0.64179104]
step 307 for state:  [0.16666667 0.15789474 0.37313433]
step 308 for state:  [0.16666667 0.15789474 0.43283582]
step 309 for state:  [0.         0.32631579 0.6119403 ]
step 310 for state:  [0.16666667 0.15789474 0.37313433]
step 311 for state:  [0.16666667 0.15789474 0.43283582]
step 312 for state:  [0.         0.24210526 0.73134328]
step 313 for state:  [0.16666667 0.15789474 0.37313433]
step 314 for state:  [0.08333333 0.07368421 0.71641791]
step 315 for state:  [0.08333333 0.15789474 0.29850746]
step 316 for state:  [0.         0.15789474 0.71641791]
step 317 for state:  [0.16666667 0.15789474 0.46268657]
step 318 for state:  [0.         0.15789474 0.68656716]
step 319 for state:  [0.16666667 0.15789474 0.29850746]
step 320 for state:  [0.         0.15789474 0.32835821]
step 321 for state:  [0.         0.15789474 0.37313433]
step 322 for state:  [0.         0.15789474 0.65671642]
step 323 for state:  [0.16666667 0.15789474 0.46268657]
step 324 for state:  [0.         0.15789474 0.64179104]
step 325 for state:  [0.16666667 0.15789474 0.29850746]
step 326 for state:  [0.         0.15789474 0.32835821]
step 327 for state:  [0.         0.15789474 0.37313433]
step 328 for state:  [0.         0.15789474 0.6119403 ]
step 329 for state:  [0.16666667 0.15789474 0.46268657]
step 330 for state:  [0.         0.15789474 0.58208955]
step 331 for state:  [0.16666667 0.15789474 0.29850746]
step 332 for state:  [0.         0.32631579 0.55223881]
step 333 for state:  [0.16666667 0.15789474 0.35820896]
step 334 for state:  [0.16666667 0.15789474 0.40298507]
step 335 for state:  [0.         0.32631579 0.53731343]
step 336 for state:  [0.16666667 0.15789474 0.35820896]
step 337 for state:  [0.16666667 0.07368421 0.53731343]
step 338 for state:  [0.         0.15789474 0.40298507]
step 339 for state:  [0.08333333 0.07368421 0.50746269]
step 340 for state:  [0.08333333 0.07368421 0.53731343]
step 341 for state:  [0.         0.15789474 0.35820896]
step 342 for state:  [0.08333333 0.07368421 0.55223881]
step 343 for state:  [0.08333333 0.15789474 0.29850746]
step 344 for state:  [0.         0.66315789 0.58208955]
step 345 for state:  [0.16666667 0.15789474 0.35820896]
step 346 for state:  [0.16666667 0.15789474 0.40298507]
step 347 for state:  [0.16666667 0.15789474 0.35820896]
step 348 for state:  [0.16666667 0.15789474 0.40298507]
step 349 for state:  [0.         0.15789474 0.6119403 ]
step 350 for state:  [0.16666667 0.15789474 0.35820896]
step 351 for state:  [0.         0.15789474 0.62686567]
step 352 for state:  [0.16666667 0.15789474 0.28358209]
step 353 for state:  [0.         0.49473684 0.64179104]
step 354 for state:  [0.16666667 0.15789474 0.35820896]
step 355 for state:  [0.16666667 0.15789474 0.40298507]
step 356 for state:  [0.16666667 0.15789474 0.35820896]
step 357 for state:  [0.         0.15789474 0.64179104]
step 358 for state:  [0.16666667 0.15789474 0.25373134]
step 359 for state:  [0.         0.15789474 0.43283582]
step 360 for state:  [0.         0.15789474 0.65671642]
step 361 for state:  [0.16666667 0.15789474 0.29850746]
step 362 for state:  [0.         0.15789474 0.53731343]
step 363 for state:  [0.16666667 0.15789474 0.32835821]
step 364 for state:  [0.         0.66315789 0.58208955]
step 365 for state:  [0.16666667 0.15789474 0.46268657]
step 366 for state:  [0.16666667 0.15789474 0.32835821]
step 367 for state:  [0.16666667 0.15789474 0.46268657]
step 368 for state:  [0.16666667 0.15789474 0.32835821]
step 369 for state:  [0.         0.24210526 0.6119403 ]
step 370 for state:  [0.16666667 0.15789474 0.47761194]
step 371 for state:  [0.08333333 0.07368421 0.56716418]
step 372 for state:  [0.08333333 0.07368421 0.58208955]
step 373 for state:  [0.         0.32631579 0.46268657]
step 374 for state:  [0.         0.32631579 0.40298507]
step 375 for state:  [0.08333333 0.07368421 0.68656716]
step 376 for state:  [0.08333333 0.07368421 0.50746269]
step 377 for state:  [0.08333333 0.07368421 0.68656716]
step 378 for state:  [0.08333333 0.07368421 0.53731343]
step 379 for state:  [0.08333333 0.07368421 0.68656716]
step 380 for state:  [0.08333333 0.07368421 0.47761194]
step 381 for state:  [0.         0.07368421 0.50746269]
step 382 for state:  [0.         0.07368421 0.56716418]
step 383 for state:  [0.08333333 0.07368421 0.68656716]
step 384 for state:  [0.08333333 0.07368421 0.46268657]
step 385 for state:  [0.         0.07368421 0.50746269]
step 386 for state:  [0.         0.07368421 0.58208955]
step 387 for state:  [0.08333333 0.07368421 0.68656716]
step 388 for state:  [0.08333333 0.07368421 0.43283582]
step 389 for state:  [0.         0.07368421 0.47761194]
step 390 for state:  [0.         0.07368421 0.50746269]
step 391 for state:  [0.         0.07368421 0.6119403 ]
step 392 for state:  [0.08333333 0.07368421 0.68656716]
step 393 for state:  [0.08333333 0.07368421 0.64179104]
step 394 for state:  [0.         0.15789474 0.50746269]
step 395 for state:  [0.         0.15789474 0.46268657]
step 396 for state:  [0.         0.15789474 0.40298507]
step 397 for state:  [0.08333333 0.07368421 0.68656716]
step 398 for state:  [0.08333333 0.07368421 0.76119403]
step 399 for state:  [0.08333333 0.07368421 0.74626866]
step 400 for state:  [0.08333333 0.07368421 0.71641791]
step 401 for state:  [0.         0.15789474 0.35820896]
step 402 for state:  [0.         0.15789474 0.29850746]
step 403 for state:  [0.08333333 0.07368421 0.68656716]
step 404 for state:  [0.08333333 0.07368421 0.65671642]
step 405 for state:  [0.08333333 0.07368421 0.6119403 ]
step 406 for state:  [0.08333333 0.07368421 0.58208955]
step 407 for state:  [0.         0.15789474 0.3880597 ]
step 408 for state:  [0.         0.15789474 0.32835821]
step 409 for state:  [0.08333333 0.07368421 0.68656716]
step 410 for state:  [0.08333333 0.07368421 0.65671642]
step 411 for state:  [0.08333333 0.07368421 0.6119403 ]
step 412 for state:  [0.08333333 0.07368421 0.58208955]
step 413 for state:  [0.         0.15789474 0.40298507]
step 414 for state:  [0.08333333 0.07368421 0.68656716]
step 415 for state:  [0.08333333 0.07368421 0.50746269]
step 416 for state:  [0.08333333 0.07368421 0.68656716]
step 417 for state:  [0.08333333 0.07368421 0.53731343]
step 418 for state:  [0.08333333 0.07368421 0.68656716]
step 419 for state:  [0.08333333 0.07368421 0.47761194]
step 420 for state:  [0.         0.07368421 0.50746269]
step 421 for state:  [0.         0.07368421 0.56716418]
step 422 for state:  [0.08333333 0.07368421 0.68656716]
step 423 for state:  [0.08333333 0.07368421 0.46268657]
step 424 for state:  [0.         0.07368421 0.50746269]
step 425 for state:  [0.         0.07368421 0.58208955]
step 426 for state:  [0.08333333 0.07368421 0.68656716]
step 427 for state:  [0.08333333 0.07368421 0.43283582]
step 428 for state:  [0.         0.07368421 0.47761194]
step 429 for state:  [0.         0.07368421 0.50746269]
step 430 for state:  [0.         0.07368421 0.6119403 ]
step 431 for state:  [0.08333333 0.07368421 0.68656716]
step 432 for state:  [0.08333333 0.07368421 0.64179104]
step 433 for state:  [0.         0.15789474 0.50746269]
step 434 for state:  [0.         0.15789474 0.46268657]
step 435 for state:  [0.         0.15789474 0.40298507]
step 436 for state:  [0.08333333 0.07368421 0.68656716]
step 437 for state:  [0.08333333 0.07368421 0.76119403]
step 438 for state:  [0.08333333 0.07368421 0.74626866]
step 439 for state:  [0.08333333 0.07368421 0.71641791]
step 440 for state:  [0.         0.15789474 0.35820896]
step 441 for state:  [0.         0.15789474 0.29850746]
step 442 for state:  [0.08333333 0.07368421 0.68656716]
step 443 for state:  [0.08333333 0.07368421 0.65671642]
step 444 for state:  [0.08333333 0.07368421 0.64179104]
step 445 for state:  [0.08333333 0.07368421 0.6119403 ]
step 446 for state:  [0.         0.15789474 0.3880597 ]
step 447 for state:  [0.         0.15789474 0.32835821]
step 448 for state:  [0.08333333 0.07368421 0.68656716]
step 449 for state:  [0.08333333 0.07368421 0.65671642]
step 450 for state:  [0.08333333 0.07368421 0.6119403 ]
step 451 for state:  [0.08333333 0.07368421 0.64179104]
step 452 for state:  [0.         0.15789474 0.3880597 ]
step 453 for state:  [0.         0.15789474 0.34328358]
step 454 for state:  [0.08333333 0.07368421 0.65671642]
step 455 for state:  [0.08333333 0.07368421 0.64179104]
step 456 for state:  [0.08333333 0.07368421 0.62686567]
step 457 for state:  [0.08333333 0.07368421 0.64179104]
step 458 for state:  [0.08333333 0.07368421 0.56716418]
step 459 for state:  [0.08333333 0.07368421 0.64179104]
step 460 for state:  [0.08333333 0.07368421 0.62686567]
step 461 for state:  [0.08333333 0.07368421 0.64179104]
step 462 for state:  [0.08333333 0.07368421 0.56716418]
step 463 for state:  [0.08333333 0.07368421 0.64179104]
step 464 for state:  [0.08333333 0.07368421 0.62686567]
step 465 for state:  [0.08333333 0.49473684 0.64179104]
step 466 for state:  [0.5        0.15789474 0.56716418]
step 467 for state:  [0.16666667 0.15789474 0.64179104]
step 468 for state:  [0.16666667 0.15789474 0.62686567]
step 469 for state:  [0.16666667 0.49473684 0.64179104]
step 470 for state:  [0.5        0.15789474 0.56716418]
step 471 for state:  [0.16666667 0.15789474 0.64179104]
step 472 for state:  [0.16666667 0.15789474 0.62686567]
step 473 for state:  [0.16666667 0.15789474 0.64179104]
step 474 for state:  [0.16666667 0.15789474 0.62686567]
step 475 for state:  [0.16666667 0.15789474 0.64179104]
step 476 for state:  [0.16666667 0.15789474 0.62686567]
step 477 for state:  [0.16666667 0.15789474 0.64179104]
step 478 for state:  [0.16666667 0.15789474 0.62686567]
step 479 for state:  [0.16666667 0.15789474 0.64179104]
step 480 for state:  [0.16666667 0.15789474 0.62686567]
step 481 for state:  [0.16666667 0.15789474 0.64179104]
step 482 for state:  [0.16666667 0.15789474 0.56716418]
step 483 for state:  [0.16666667 0.15789474 0.6119403 ]
step 484 for state:  [0.16666667 0.15789474 0.58208955]
step 485 for state:  [0.16666667 0.15789474 0.17910448]
step 486 for state:  [0.         0.49473684 0.53731343]
step 487 for state:  [0.16666667 0.15789474 0.28358209]
step 488 for state:  [0.16666667 0.15789474 0.35820896]
step 489 for state:  [0.16666667 0.15789474 0.40298507]
step 490 for state:  [0.16666667 0.15789474 0.46268657]
step 491 for state:  [0.16666667 0.15789474 0.53731343]
step 492 for state:  [0.16666667 0.15789474 0.10447761]
step 493 for state:  [0.         0.49473684 0.56716418]
step 494 for state:  [0.16666667 0.15789474 0.28358209]
step 495 for state:  [0.16666667 0.15789474 0.34328358]
step 496 for state:  [0.16666667 0.15789474 0.46268657]
step 497 for state:  [0.16666667 0.15789474 0.52238806]
step 498 for state:  [0.16666667 0.15789474 0.56716418]
step 499 for state:  [0.16666667 0.15789474 0.17910448]
step 500 for state:  [0.         0.49473684 0.58208955]
step 501 for state:  [0.16666667 0.15789474 0.28358209]
step 502 for state:  [0.16666667 0.15789474 0.35820896]
step 503 for state:  [0.16666667 0.15789474 0.46268657]
step 504 for state:  [0.16666667 0.15789474 0.64179104]
step 505 for state:  [0.16666667 0.15789474 0.62686567]
step 506 for state:  [0.16666667 0.15789474 0.64179104]
step 507 for state:  [0.16666667 0.15789474 0.62686567]
step 508 for state:  [0.16666667 0.15789474 0.64179104]
step 509 for state:  [0.16666667 0.15789474 0.56716418]
step 510 for state:  [0.16666667 0.15789474 0.6119403 ]
step 511 for state:  [0.16666667 0.15789474 0.58208955]
step 512 for state:  [0.16666667 0.15789474 0.17910448]
step 513 for state:  [0.         0.49473684 0.53731343]
step 514 for state:  [0.16666667 0.15789474 0.28358209]
step 515 for state:  [0.16666667 0.15789474 0.35820896]
step 516 for state:  [0.16666667 0.15789474 0.40298507]
step 517 for state:  [0.16666667 0.15789474 0.46268657]
step 518 for state:  [0.16666667 0.15789474 0.53731343]
step 519 for state:  [0.16666667 0.15789474 0.10447761]
step 520 for state:  [0.         0.49473684 0.56716418]
step 521 for state:  [0.16666667 0.15789474 0.28358209]
step 522 for state:  [0.16666667 0.15789474 0.34328358]
step 523 for state:  [0.16666667 0.15789474 0.46268657]
step 524 for state:  [0.16666667 0.15789474 0.58208955]
step 525 for state:  [0.16666667 0.15789474 0.56716418]
step 526 for state:  [0.16666667 0.15789474 0.17910448]
step 527 for state:  [0.         0.49473684 0.53731343]
step 528 for state:  [0.16666667 0.15789474 0.28358209]
step 529 for state:  [0.16666667 0.15789474 0.35820896]
step 530 for state:  [0.33333333 0.15789474 0.64179104]
step 531 for state:  [0.16666667 0.15789474 0.62686567]
step 532 for state:  [0.16666667 0.15789474 0.64179104]
step 533 for state:  [0.16666667 0.15789474 0.62686567]
step 534 for state:  [0.16666667 0.15789474 0.64179104]
step 535 for state:  [0.16666667 0.15789474 0.56716418]
step 536 for state:  [0.16666667 0.15789474 0.6119403 ]
step 537 for state:  [0.16666667 0.15789474 0.58208955]
step 538 for state:  [0.16666667 0.15789474 0.17910448]
step 539 for state:  [0.         0.49473684 0.53731343]
step 540 for state:  [0.16666667 0.15789474 0.28358209]
step 541 for state:  [0.16666667 0.15789474 0.35820896]
step 542 for state:  [0.16666667 0.15789474 0.40298507]
step 543 for state:  [0.16666667 0.15789474 0.46268657]
step 544 for state:  [0.16666667 0.15789474 0.53731343]
step 545 for state:  [0.16666667 0.15789474 0.10447761]
step 546 for state:  [0.         0.49473684 0.56716418]
step 547 for state:  [0.16666667 0.15789474 0.28358209]
step 548 for state:  [0.16666667 0.15789474 0.34328358]
step 549 for state:  [0.16666667 0.15789474 0.46268657]
step 550 for state:  [0.16666667 0.15789474 0.52238806]
step 551 for state:  [0.16666667 0.15789474 0.56716418]
step 552 for state:  [0.16666667 0.15789474 0.17910448]
step 553 for state:  [0.         0.32631579 0.58208955]
step 554 for state:  [0.16666667 0.15789474 0.28358209]
step 555 for state:  [0.16666667 0.15789474 0.35820896]
step 556 for state:  [0.16666667 0.15789474 0.46268657]
step 557 for state:  [0.16666667 0.15789474 0.64179104]
step 558 for state:  [0.16666667 0.15789474 0.62686567]
step 559 for state:  [0.16666667 0.15789474 0.64179104]
step 560 for state:  [0.16666667 0.15789474 0.62686567]
step 561 for state:  [0.16666667 0.15789474 0.64179104]
step 562 for state:  [0.16666667 0.15789474 0.56716418]
step 563 for state:  [0.16666667 0.15789474 0.6119403 ]
step 564 for state:  [0.16666667 0.15789474 0.58208955]
step 565 for state:  [0.16666667 0.15789474 0.17910448]
step 566 for state:  [0.         0.32631579 0.53731343]
step 567 for state:  [0.16666667 0.15789474 0.28358209]
step 568 for state:  [0.16666667 0.15789474 0.35820896]
step 569 for state:  [0.16666667 0.15789474 0.40298507]
step 570 for state:  [0.16666667 0.15789474 0.46268657]
step 571 for state:  [0.16666667 0.15789474 0.53731343]
step 572 for state:  [0.16666667 0.15789474 0.10447761]
step 573 for state:  [0.         0.32631579 0.56716418]
step 574 for state:  [0.16666667 0.15789474 0.28358209]
step 575 for state:  [0.16666667 0.15789474 0.34328358]
step 576 for state:  [0.16666667 0.15789474 0.46268657]
step 577 for state:  [0.16666667 0.15789474 0.58208955]
step 578 for state:  [0.16666667 0.15789474 0.56716418]
step 579 for state:  [0.16666667 0.15789474 0.17910448]
step 580 for state:  [0.         0.32631579 0.53731343]
step 581 for state:  [0.16666667 0.15789474 0.28358209]
step 582 for state:  [0.16666667 0.15789474 0.35820896]
step 583 for state:  [0.16666667 0.15789474 0.56716418]
step 584 for state:  [0.16666667 0.15789474 0.58208955]
step 585 for state:  [0.16666667 0.15789474 0.6119403 ]
step 586 for state:  [0.16666667 0.15789474 0.2238806 ]
step 587 for state:  [0.         0.49473684 0.64179104]
step 588 for state:  [0.16666667 0.15789474 0.32835821]
step 589 for state:  [0.16666667 0.15789474 0.40298507]
step 590 for state:  [0.16666667 0.15789474 0.50746269]
step 591 for state:  [0.16666667 0.15789474 0.65671642]
step 592 for state:  [0.16666667 0.15789474 0.64179104]
step 593 for state:  [0.16666667 0.15789474 0.14925373]
step 594 for state:  [0.         0.49473684 0.6119403 ]
step 595 for state:  [0.16666667 0.15789474 0.32835821]
step 596 for state:  [0.16666667 0.15789474 0.3880597 ]
step 597 for state:  [0.16666667 0.15789474 0.47761194]
step 598 for state:  [0.16666667 0.15789474 0.64179104]
step 599 for state:  [0.16666667 0.15789474 0.6119403 ]
step 600 for state:  [0.16666667 0.15789474 0.17910448]
step 601 for state:  [0.         0.49473684 0.58208955]
step 602 for state:  [0.16666667 0.15789474 0.28358209]
step 603 for state:  [0.16666667 0.15789474 0.35820896]
step 604 for state:  [0.16666667 0.15789474 0.46268657]
step 605 for state:  [0.16666667 0.15789474 0.6119403 ]
step 606 for state:  [0.16666667 0.15789474 0.58208955]
step 607 for state:  [0.16666667 0.15789474 0.10447761]
step 608 for state:  [0.         0.32631579 0.56716418]
step 609 for state:  [0.16666667 0.15789474 0.28358209]
step 610 for state:  [0.16666667 0.15789474 0.46268657]
step 611 for state:  [0.16666667 0.15789474 0.46268657]
step 612 for state:  [0.16666667 0.15789474 0.64179104]
step 613 for state:  [0.16666667 0.15789474 0.46268657]
step 614 for state:  [0.16666667 0.15789474 0.64179104]
step 615 for state:  [0.16666667 0.15789474 0.64179104]
step 616 for state:  [0.16666667 0.15789474 0.82089552]
step 617 for state:  [0.16666667 0.15789474 0.62686567]
step 618 for state:  [0.16666667 0.15789474 0.64179104]
step 619 for state:  [0.16666667 0.15789474 0.62686567]
step 620 for state:  [0.16666667 0.15789474 0.64179104]
step 621 for state:  [0.16666667 0.15789474 0.62686567]
step 622 for state:  [0.16666667 0.15789474 0.64179104]
step 623 for state:  [0.16666667 0.15789474 0.56716418]
step 624 for state:  [0.16666667 0.15789474 0.6119403 ]
step 625 for state:  [0.16666667 0.15789474 0.58208955]
step 626 for state:  [0.16666667 0.15789474 0.17910448]
step 627 for state:  [0.         0.32631579 0.53731343]
step 628 for state:  [0.16666667 0.15789474 0.28358209]
step 629 for state:  [0.16666667 0.15789474 0.35820896]
step 630 for state:  [0.16666667 0.15789474 0.40298507]
step 631 for state:  [0.16666667 0.15789474 0.46268657]
step 632 for state:  [0.16666667 0.15789474 0.53731343]
step 633 for state:  [0.16666667 0.15789474 0.10447761]
step 634 for state:  [0.         0.32631579 0.56716418]
step 635 for state:  [0.16666667 0.15789474 0.28358209]
step 636 for state:  [0.16666667 0.15789474 0.34328358]
step 637 for state:  [0.16666667 0.15789474 0.46268657]
step 638 for state:  [0.16666667 0.15789474 0.52238806]
step 639 for state:  [0.16666667 0.15789474 0.56716418]
step 640 for state:  [0.16666667 0.15789474 0.17910448]
step 641 for state:  [0.         0.32631579 0.58208955]
step 642 for state:  [0.16666667 0.15789474 0.28358209]
step 643 for state:  [0.16666667 0.15789474 0.35820896]
step 644 for state:  [0.16666667 0.15789474 0.46268657]
step 645 for state:  [0.16666667 0.15789474 0.64179104]
step 646 for state:  [0.16666667 0.15789474 0.62686567]
step 647 for state:  [0.16666667 0.15789474 0.64179104]
step 648 for state:  [0.16666667 0.15789474 0.62686567]
step 649 for state:  [0.16666667 0.15789474 0.64179104]
step 650 for state:  [0.16666667 0.15789474 0.56716418]
step 651 for state:  [0.16666667 0.15789474 0.6119403 ]
step 652 for state:  [0.16666667 0.15789474 0.58208955]
step 653 for state:  [0.16666667 0.15789474 0.17910448]
step 654 for state:  [0.         0.32631579 0.53731343]
step 655 for state:  [0.16666667 0.15789474 0.28358209]
step 656 for state:  [0.16666667 0.15789474 0.35820896]
step 657 for state:  [0.16666667 0.15789474 0.40298507]
step 658 for state:  [0.16666667 0.15789474 0.46268657]
step 659 for state:  [0.16666667 0.15789474 0.53731343]
step 660 for state:  [0.16666667 0.15789474 0.10447761]
step 661 for state:  [0.         0.32631579 0.56716418]
step 662 for state:  [0.16666667 0.15789474 0.28358209]
step 663 for state:  [0.16666667 0.15789474 0.34328358]
step 664 for state:  [0.16666667 0.15789474 0.46268657]
step 665 for state:  [0.16666667 0.15789474 0.58208955]
step 666 for state:  [0.16666667 0.15789474 0.56716418]
step 667 for state:  [0.16666667 0.07368421 0.17910448]
step 668 for state:  [0.         0.32631579 0.53731343]
step 669 for state:  [0.16666667 0.07368421 0.17910448]
step 670 for state:  [0.16666667 0.07368421 0.17910448]
step 671 for state:  [0.16666667 0.07368421 0.17910448]
step 672 for state:  [0.16666667 0.07368421 0.17910448]
step 673 for state:  [0.16666667 0.07368421 0.17910448]
step 674 for state:  [0.16666667 0.07368421 0.17910448]
step 675 for state:  [0.         1.         0.46268657]
step 676 for state:  [0.         1.         0.50746269]
step 677 for state:  [0.         1.         0.55223881]
step 678 for state:  [0.         1.         0.59701493]
step 679 for state:  [0.16666667 0.07368421 0.17910448]
step 680 for state:  [0.16666667 0.07368421 0.17910448]
step 681 for state:  [0.16666667 0.07368421 0.17910448]
step 682 for state:  [0.16666667 0.07368421 0.17910448]
step 683 for state:  [0.16666667 0.07368421 0.17910448]
step 684 for state:  [0.16666667 0.07368421 0.17910448]
step 685 for state:  [0.         0.66315789 0.53731343]
step 686 for state:  [0.         0.66315789 0.47761194]
step 687 for state:  [0.         0.66315789 0.6119403 ]
step 688 for state:  [0.16666667 0.07368421 0.17910448]
step 689 for state:  [0.16666667 0.07368421 0.17910448]
step 690 for state:  [0.16666667 0.07368421 0.17910448]
step 691 for state:  [0.16666667 0.07368421 0.17910448]
step 692 for state:  [0.         0.15789474 0.64179104]
step 693 for state:  [0.         0.15789474 0.59701493]
step 694 for state:  [0.16666667 0.07368421 0.17910448]
step 695 for state:  [0.         0.15789474 0.65671642]
step 696 for state:  [0.         0.15789474 0.6119403 ]
step 697 for state:  [0.16666667 0.07368421 0.17910448]
step 698 for state:  [0.         0.66315789 0.52238806]
step 699 for state:  [0.         0.66315789 0.6119403 ]
step 700 for state:  [0.         0.66315789 0.65671642]
step 701 for state:  [0.16666667 0.07368421 0.17910448]
step 702 for state:  [0.16666667 0.07368421 0.17910448]
step 703 for state:  [0.16666667 0.07368421 0.17910448]
step 704 for state:  [0.16666667 0.07368421 0.17910448]
step 705 for state:  [0.         0.32631579 0.52238806]
step 706 for state:  [0.         0.32631579 0.6119403 ]
step 707 for state:  [0.         0.32631579 0.65671642]
step 708 for state:  [0.16666667 0.07368421 0.17910448]
step 709 for state:  [0.16666667 0.07368421 0.17910448]
step 710 for state:  [0.         1.         0.64179104]
step 711 for state:  [0.         1.         0.58208955]
step 712 for state:  [0.         1.         0.53731343]
step 713 for state:  [0.16666667 0.07368421 0.17910448]
step 714 for state:  [0.16666667 0.07368421 0.17910448]
step 715 for state:  [0.16666667 0.07368421 0.17910448]
step 716 for state:  [0.16666667 0.07368421 0.17910448]
step 717 for state:  [0.16666667 0.07368421 0.17910448]
step 718 for state:  [0.16666667 0.07368421 0.07462687]
step 719 for state:  [0.         0.07368421 0.17910448]
step 720 for state:  [0.         0.66315789 0.47761194]
step 721 for state:  [0.         0.66315789 0.6119403 ]
step 722 for state:  [0.16666667 0.07368421 0.07462687]
step 723 for state:  [0.         0.07368421 0.17910448]
step 724 for state:  [0.16666667 0.07368421 0.07462687]
step 725 for state:  [0.         0.07368421 0.17910448]
step 726 for state:  [0.16666667 0.07368421 0.07462687]
step 727 for state:  [0.         0.07368421 0.17910448]
step 728 for state:  [0.16666667 0.07368421 0.07462687]
step 729 for state:  [0.         0.07368421 0.17910448]
step 730 for state:  [0.         0.15789474 0.46268657]
step 731 for state:  [0.         0.15789474 0.58208955]
step 732 for state:  [0.16666667 0.07368421 0.07462687]
step 733 for state:  [0.         0.07368421 0.17910448]
step 734 for state:  [0.         0.15789474 0.43283582]
step 735 for state:  [0.         0.15789474 0.56716418]
step 736 for state:  [0.16666667 0.07368421 0.17910448]
step 737 for state:  [0.         0.07368421 0.08955224]
step 738 for state:  [0.         0.66315789 0.53731343]
step 739 for state:  [0.         0.66315789 0.49253731]
step 740 for state:  [0.         0.66315789 0.40298507]
step 741 for state:  [0.16666667 0.03157895 0.08955224]
step 742 for state:  [0.         0.07368421 0.17910448]
step 743 for state:  [0.16666667 0.03157895 0.08955224]
step 744 for state:  [0.         0.07368421 0.17910448]
step 745 for state:  [0.16666667 0.         0.08955224]
step 746 for state:  [0.         0.07368421 0.17910448]
step 747 for state:  [0.16666667 0.03157895 0.08955224]
step 748 for state:  [0.         0.07368421 0.17910448]
step 749 for state:  [0.         0.32631579 0.53731343]
step 750 for state:  [0.         0.32631579 0.40298507]
step 751 for state:  [0.16666667 0.03157895 0.08955224]
step 752 for state:  [0.         0.07368421 0.17910448]
step 753 for state:  [0.16666667 0.07368421 0.10447761]
step 754 for state:  [0.         0.07368421 0.17910448]
step 755 for state:  [0.         0.32631579 0.40298507]
step 756 for state:  [0.         0.32631579 0.53731343]
step 757 for state:  [0.16666667 0.07368421 0.10447761]
step 758 for state:  [0.         0.07368421 0.17910448]
step 759 for state:  [0.16666667 0.07368421 0.10447761]
step 760 for state:  [0.         0.07368421 0.17910448]
step 761 for state:  [0.         0.32631579 0.46268657]
step 762 for state:  [0.         0.32631579 0.58208955]
step 763 for state:  [0.16666667 0.07368421 0.10447761]
step 764 for state:  [0.         0.07368421 0.17910448]
step 765 for state:  [0.16666667 0.07368421 0.10447761]
step 766 for state:  [0.         0.07368421 0.1641791 ]
step 767 for state:  [0.         0.32631579 0.43283582]
step 768 for state:  [0.         0.32631579 0.56716418]
step 769 for state:  [0.16666667 0.07368421 0.10447761]
step 770 for state:  [0.         0.07368421 0.1641791 ]
step 771 for state:  [0.16666667 0.07368421 0.        ]
step 772 for state:  [0.         0.07368421 0.17910448]
step 773 for state:  [0.         1.         0.40298507]
step 774 for state:  [0.         1.         0.53731343]
step 775 for state:  [0.16666667 0.07368421 0.17910448]
step 776 for state:  [0.16666667 0.07368421 0.17910448]
step 777 for state:  [0.16666667 0.07368421 0.17910448]
step 778 for state:  [0.16666667 0.07368421 0.17910448]
step 779 for state:  [0.16666667 0.07368421 0.17910448]
step 780 for state:  [0.16666667 0.07368421 0.17910448]
step 781 for state:  [0.         1.         0.46268657]
step 782 for state:  [0.         1.         0.59701493]
step 783 for state:  [0.         1.         0.55223881]
step 784 for state:  [0.         1.         0.50746269]
step 785 for state:  [0.16666667 0.07368421 0.17910448]
step 786 for state:  [0.16666667 0.07368421 0.17910448]
step 787 for state:  [0.16666667 0.07368421 0.17910448]
step 788 for state:  [0.16666667 0.07368421 0.17910448]
step 789 for state:  [0.16666667 0.07368421 0.17910448]
step 790 for state:  [0.16666667 0.07368421 0.17910448]
step 791 for state:  [0.         0.66315789 0.47761194]
step 792 for state:  [0.         0.66315789 0.53731343]
step 793 for state:  [0.         0.66315789 0.6119403 ]
step 794 for state:  [0.16666667 0.07368421 0.17910448]
step 795 for state:  [0.16666667 0.07368421 0.17910448]
step 796 for state:  [0.16666667 0.07368421 0.17910448]
step 797 for state:  [0.16666667 0.07368421 0.17910448]
step 798 for state:  [0.         0.15789474 0.64179104]
step 799 for state:  [0.         0.15789474 0.59701493]
step 800 for state:  [0.16666667 0.07368421 0.17910448]
step 801 for state:  [0.         0.15789474 0.65671642]
step 802 for state:  [0.         0.15789474 0.6119403 ]
step 803 for state:  [0.16666667 0.07368421 0.17910448]
step 804 for state:  [0.         0.66315789 0.65671642]
step 805 for state:  [0.         0.66315789 0.6119403 ]
step 806 for state:  [0.16666667 0.07368421 0.17910448]
step 807 for state:  [0.16666667 0.07368421 0.17910448]
step 808 for state:  [0.16666667 0.07368421 0.17910448]
step 809 for state:  [0.16666667 0.07368421 0.17910448]
step 810 for state:  [0.         0.32631579 0.65671642]
step 811 for state:  [0.         0.32631579 0.6119403 ]
step 812 for state:  [0.16666667 0.07368421 0.17910448]
step 813 for state:  [0.16666667 0.07368421 0.19402985]
step 814 for state:  [0.         1.         0.65671642]
step 815 for state:  [0.        1.        0.6119403]
step 816 for state:  [0.16666667 0.07368421 0.19402985]
step 817 for state:  [0.16666667 0.07368421 0.19402985]
step 818 for state:  [0.16666667 0.07368421 0.19402985]
step 819 for state:  [0.16666667 0.07368421 0.19402985]
step 820 for state:  [0.16666667 0.07368421 0.19402985]
step 821 for state:  [0.16666667 0.07368421 0.19402985]
step 822 for state:  [0.         0.66315789 0.50746269]
step 823 for state:  [0.         0.66315789 0.62686567]
step 824 for state:  [0.16666667 0.07368421 0.19402985]
step 825 for state:  [0.16666667 0.07368421 0.19402985]
step 826 for state:  [0.16666667 0.07368421 0.19402985]
step 827 for state:  [0.16666667 0.07368421 0.19402985]
step 828 for state:  [0.         0.15789474 0.47761194]
step 829 for state:  [0.         0.15789474 0.6119403 ]
step 830 for state:  [0.16666667 0.07368421 0.19402985]
step 831 for state:  [0.         0.15789474 0.44776119]
step 832 for state:  [0.         0.15789474 0.58208955]
step 833 for state:  [0.16666667 0.07368421 0.19402985]
step 834 for state:  [0.         0.66315789 0.43283582]
step 835 for state:  [0.         0.66315789 0.47761194]
step 836 for state:  [0.         0.66315789 0.55223881]
step 837 for state:  [0.16666667 0.07368421 0.19402985]
step 838 for state:  [0.16666667 0.07368421 0.19402985]
step 839 for state:  [0.16666667 0.07368421 0.19402985]
step 840 for state:  [0.16666667 0.07368421 0.19402985]
step 841 for state:  [0.         0.32631579 0.53731343]
step 842 for state:  [0.         0.32631579 0.47761194]
step 843 for state:  [0.         0.32631579 0.43283582]
step 844 for state:  [0.16666667 0.07368421 0.19402985]
step 845 for state:  [0.16666667 0.15789474 0.20895522]
step 846 for state:  [0.         0.66315789 0.52238806]
step 847 for state:  [0.         0.66315789 0.47761194]
step 848 for state:  [0.         0.66315789 0.43283582]
step 849 for state:  [0.16666667 0.15789474 0.20895522]
step 850 for state:  [0.16666667 0.15789474 0.20895522]
step 851 for state:  [0.16666667 0.15789474 0.20895522]
step 852 for state:  [0.16666667 0.15789474 0.20895522]
step 853 for state:  [0.         0.32631579 0.52238806]
step 854 for state:  [0.         0.32631579 0.47761194]
step 855 for state:  [0.         0.32631579 0.43283582]
step 856 for state:  [0.16666667 0.15789474 0.20895522]
step 857 for state:  [0.16666667 0.66315789 0.2238806 ]
step 858 for state:  [0.         0.66315789 0.53731343]
step 859 for state:  [0.         0.66315789 0.46268657]
step 860 for state:  [0.         0.66315789 0.40298507]
step 861 for state:  [1.         0.15789474 0.34328358]
step 862 for state:  [0.         0.15789474 0.28358209]
step 863 for state:  [0.         0.15789474 0.47761194]
step 864 for state:  [0.         0.15789474 0.46268657]
step 865 for state:  [0.         0.15789474 0.56716418]
step 866 for state:  [1.         0.10175439 0.40298507]
step 867 for state:  [0.11111111 0.10175439 0.40298507]
step 868 for state:  [0.11111111 0.10175439 0.46268657]
step 869 for state:  [0.11111111 0.10175439 0.53731343]
step 870 for state:  [0.11111111 0.10175439 0.58208955]
step 871 for state:  [0.11111111 0.10175439 0.64179104]
step 872 for state:  [0.11111111 0.10175439 0.6119403 ]
step 873 for state:  [0.         0.32631579 0.46268657]
step 874 for state:  [0.         0.32631579 0.40298507]
step 875 for state:  [0.         0.32631579 0.35820896]
step 876 for state:  [0.11111111 0.10175439 0.58208955]
step 877 for state:  [0.11111111 0.10175439 0.56716418]
step 878 for state:  [0.11111111 0.10175439 0.53731343]
step 879 for state:  [0.         0.32631579 0.35820896]
step 880 for state:  [0.         0.32631579 0.40298507]
step 881 for state:  [0.         0.32631579 0.46268657]
step 882 for state:  [0.11111111 0.10175439 0.58208955]
step 883 for state:  [0.11111111 0.10175439 0.64179104]
step 884 for state:  [0.11111111 0.10175439 0.71641791]
step 885 for state:  [0.11111111 0.10175439 0.76119403]
step 886 for state:  [0.11111111 0.10175439 0.82089552]
step 887 for state:  [0.11111111 0.10175439 0.79104478]
step 888 for state:  [0.         0.32631579 0.35820896]
step 889 for state:  [0.         0.32631579 0.40298507]
step 890 for state:  [0.         0.32631579 0.46268657]
step 891 for state:  [0.11111111 0.10175439 0.76119403]
step 892 for state:  [0.11111111 0.10175439 0.74626866]
step 893 for state:  [0.11111111 0.10175439 0.71641791]
step 894 for state:  [0.         0.32631579 0.35820896]
step 895 for state:  [0.         0.32631579 0.40298507]
step 896 for state:  [0.         0.32631579 0.46268657]
step 897 for state:  [0.11111111 0.10175439 0.76119403]
step 898 for state:  [0.11111111 0.10175439 0.82089552]
step 899 for state:  [0.11111111 0.10175439 0.89552239]
step 900 for state:  [0.11111111 0.10175439 0.94029851]
step 901 for state:  [0.11111111 0.10175439 1.        ]
step 902 for state:  [0.11111111 0.10175439 0.97014925]
step 903 for state:  [0.         0.32631579 0.46268657]
step 904 for state:  [0.         0.32631579 0.40298507]
step 905 for state:  [0.         0.32631579 0.35820896]
step 906 for state:  [0.11111111 0.10175439 0.94029851]
step 907 for state:  [0.11111111 0.10175439 0.92537313]
step 908 for state:  [0.11111111 0.10175439 0.91044776]
step 909 for state:  [0.         0.32631579 0.35820896]
step 910 for state:  [0.         0.32631579 0.40298507]
step 911 for state:  [0.         0.32631579 0.46268657]
step 912 for state:  [0.11111111 0.10175439 0.89552239]
step 913 for state:  [0.11111111 0.10175439 0.88059701]
step 914 for state:  [0.11111111 0.10175439 0.86567164]
step 915 for state:  [0.11111111 0.10175439 0.85074627]
step 916 for state:  [0.11111111 0.10175439 0.8358209 ]
step 917 for state:  [0.11111111 0.10175439 0.82089552]
step 918 for state:  [0.11111111 0.10175439 0.80597015]
step 919 for state:  [0.11111111 0.10175439 0.79104478]
step 920 for state:  [0.11111111 0.10175439 0.7761194 ]
step 921 for state:  [0.11111111 0.10175439 0.76119403]
step 922 for state:  [0.11111111 0.10175439 0.74626866]
step 923 for state:  [0.11111111 0.10175439 0.73134328]
step 924 for state:  [0.11111111 0.10175439 0.71641791]
step 925 for state:  [0.11111111 0.10175439 0.70149254]
step 926 for state:  [0.11111111 0.10175439 0.68656716]
step 927 for state:  [0.11111111 0.10175439 0.67164179]
step 928 for state:  [0.11111111 0.10175439 0.65671642]
step 929 for state:  [0.11111111 0.15789474 0.64179104]
step 930 for state:  [0.16666667 0.15789474 0.62686567]
step 931 for state:  [0.16666667 0.15789474 0.64179104]
step 932 for state:  [0.16666667 0.15789474 0.56716418]
step 933 for state:  [0.16666667 0.15789474 0.6119403 ]
step 934 for state:  [0.16666667 0.15789474 0.58208955]
step 935 for state:  [0.16666667 0.15789474 0.17910448]
step 936 for state:  [0.         0.32631579 0.53731343]
step 937 for state:  [0.16666667 0.15789474 0.28358209]
step 938 for state:  [0.16666667 0.15789474 0.35820896]
step 939 for state:  [0.16666667 0.15789474 0.40298507]
step 940 for state:  [0.16666667 0.15789474 0.46268657]
step 941 for state:  [0.16666667 0.15789474 0.53731343]
step 942 for state:  [0.16666667 0.15789474 0.10447761]
step 943 for state:  [0.         0.32631579 0.56716418]
step 944 for state:  [0.16666667 0.15789474 0.28358209]
step 945 for state:  [0.16666667 0.15789474 0.34328358]
step 946 for state:  [0.16666667 0.15789474 0.46268657]
step 947 for state:  [0.16666667 0.15789474 0.52238806]
step 948 for state:  [0.16666667 0.15789474 0.56716418]
step 949 for state:  [0.16666667 0.15789474 0.17910448]
what the last state is: (0.0, 0.15789473684210525, 0.6417910447761194)
Priming last state (offset) to start from:  22.746268656716417
Priming last state (duration) to start from:  0.25
Priming complete
FORECASTING: step 0 for state:  [0.16666667 0.15789474 0.17910448]
FORECASTING: step 1 for state:  [0.13062916 0.         0.        ]
FORECASTING: step 2 for state:  [0.16842105 0.         0.        ]
FORECASTING: step 3 for state:  [0.02265927 1.         0.05075136]
FORECASTING: step 4 for state:  [0.01835266 0.         0.00694641]
FORECASTING: step 5 for state:  [0.00632477 0.07524637 0.00725479]
FORECASTING: step 6 for state:  [0.00339489 0.01518145 0.0047282 ]
FORECASTING: step 7 for state:  [1. 0. 0.]
FORECASTING: step 8 for state:  [8.48722260e-04 1.00000000e+00 2.50196688e-01]
FORECASTING: step 9 for state:  [0.02156226 0.         0.        ]
FORECASTING: step 10 for state:  [2.12180565e-04 8.32681139e-01 2.09502275e-02]
FORECASTING: step 11 for state:  [1. 0. 0.]
FORECASTING: step 12 for state:  [0.29354591 0.         0.        ]
FORECASTING: step 13 for state:  [1. 0. 0.]
FORECASTING: step 14 for state:  [5.30451413e-05 1.00000000e+00 3.73679694e-01]
FORECASTING: step 15 for state:  [0.09343318 0.         0.15527303]
FORECASTING: step 16 for state:  [0.41441107 0.         0.        ]
FORECASTING: step 17 for state:  [0.03108215 0.         0.        ]
FORECASTING: step 18 for state:  [0. 0. 0.]
FORECASTING: step 19 for state:  [0.48165338 0.         0.        ]
FORECASTING: step 20 for state:  [1. 0. 0.]
FORECASTING: step 21 for state:  [1. 0. 0.]
FORECASTING: step 22 for state:  [1. 0. 0.]
FORECASTING: step 23 for state:  [1. 0. 0.]
FORECASTING: step 24 for state:  [0. 0. 0.]
FORECASTING: step 25 for state:  [1. 0. 0.]
FORECASTING: step 26 for state:  [1. 0. 0.]
FORECASTING: step 27 for state:  [1. 0. 0.]
FORECASTING: step 28 for state:  [0.25000003 0.         0.        ]
FORECASTING: step 29 for state:  [0.45234498 0.         0.        ]
FORECASTING: step 30 for state:  [0.00011759 0.         0.        ]
FORECASTING: step 31 for state:  [1. 0. 0.]
FORECASTING: step 32 for state:  [1. 0. 0.]
FORECASTING: step 33 for state:  [0.0233583 1.        0.4392186]
FORECASTING: step 34 for state:  [0.4696093 0.        0.       ]
FORECASTING: step 35 for state:  [0.3317206 0.        0.       ]
FORECASTING: step 36 for state:  [1. 0. 0.]
FORECASTING: step 37 for state:  [1. 0. 0.]
FORECASTING: step 38 for state:  [1. 0. 0.]
FORECASTING: step 39 for state:  [0.00583957 1.         0.45232831]
FORECASTING: step 40 for state:  [0.11454197 0.         0.05204197]
FORECASTING: step 41 for state:  [0.04164599 1.         0.04527683]
FORECASTING: step 42 for state:  [0.0217307  0.12029987 0.03195971]
FORECASTING: step 43 for state:  [0.0134226  0.25190822 0.0054783 ]
FORECASTING: step 44 for state:  [0.00472523 0.10626923 0.00607199]
FORECASTING: step 45 for state:  [0. 0. 0.]
FORECASTING: step 46 for state:  [1. 0. 0.]
FORECASTING: step 47 for state:  [0. 0. 0.]
FORECASTING: step 48 for state:  [0.00118131 1.         0.06248939]
FORECASTING: step 49 for state:  [1. 0. 0.]
FORECASTING: step 50 for state:  [2.95326596e-04 1.00000000e+00 2.53831755e-01]
FORECASTING: step 51 for state:  [0.06353177 1.         0.12698971]
FORECASTING: step 52 for state:  [0.04763037 0.02873083 0.04761191]
FORECASTING: step 53 for state:  [0.19052148 0.         0.        ]
FORECASTING: step 54 for state:  [1. 0. 0.]
FORECASTING: step 55 for state:  [0.01190759 0.67607191 0.36966591]
FORECASTING: step 56 for state:  [0.44037382 0.         0.        ]
FORECASTING: step 57 for state:  [0. 0. 0.]
FORECASTING: step 58 for state:  [0.06215373 0.         0.        ]
FORECASTING: step 59 for state:  [0.03107687 0.         0.        ]
FORECASTING: step 60 for state:  [0. 0. 0.]
FORECASTING: step 61 for state:  [1. 0. 0.]
FORECASTING: step 62 for state:  [1. 0. 0.]
FORECASTING: step 63 for state:  [1. 0. 0.]
FORECASTING: step 64 for state:  [0.04003891 0.         0.        ]
FORECASTING: step 65 for state:  [0.04003891 0.         0.        ]
FORECASTING: step 66 for state:  [1. 0. 0.]
FORECASTING: step 67 for state:  [1. 0. 0.]
FORECASTING: step 68 for state:  [1. 0. 0.]
FORECASTING: step 69 for state:  [0.0003128 0.        0.       ]
FORECASTING: step 70 for state:  [0.00062561 0.         0.        ]
FORECASTING: step 71 for state:  [0.00062561 0.         0.        ]
FORECASTING: step 72 for state:  [0.0029769  0.66713534 0.0016431 ]
FORECASTING: step 73 for state:  [0. 0. 0.]
FORECASTING: step 74 for state:  [0.00138532 0.         0.        ]
FORECASTING: step 75 for state:  [1. 0. 0.]
FORECASTING: step 76 for state:  [0.00041603 0.         0.        ]
FORECASTING: step 77 for state:  [0.00069255 0.         0.        ]
FORECASTING: step 78 for state:  [1. 0. 0.]
FORECASTING: step 79 for state:  [0.74167446 0.         0.        ]
FORECASTING: step 80 for state:  [0.00578267 0.         0.        ]
FORECASTING: step 81 for state:  [7.44224530e-04 1.00000000e+00 3.24162657e-02]
FORECASTING: step 82 for state:  [0.00829012 0.         0.00378364]
FORECASTING: step 83 for state:  [0.00301844 0.00340098 0.00373817]
FORECASTING: step 84 for state:  [0.00168915 0.06874622 0.00179576]
FORECASTING: step 85 for state:  [0.49552963 0.         0.        ]
FORECASTING: step 86 for state:  [0.00042229 0.         0.24778939]
FORECASTING: step 87 for state:  [0.06205292 1.         0.09302966]
FORECASTING: step 88 for state:  [0.03877065 1.         0.03869147]
FORECASTING: step 89 for state:  [0.01936553 0.4490302  0.01357097]
FORECASTING: step 90 for state:  [1. 0. 0.]
FORECASTING: step 91 for state:  [0.00484138 0.05817898 0.25024239]
FORECASTING: step 92 for state:  [1. 0. 0.]
FORECASTING: step 93 for state:  [1. 0. 0.]
FORECASTING: step 94 for state:  [0.30953173 0.         0.        ]
FORECASTING: step 95 for state:  [1. 0. 0.]
FORECASTING: step 96 for state:  [0.81364975 0.         0.        ]
FORECASTING: step 97 for state:  [0. 0. 0.]
FORECASTING: step 98 for state:  [0. 0. 0.]
FORECASTING: step 99 for state:  [0. 0. 0.]
FORECASTING: step 100 for state:  [0.99673175 0.         0.        ]
FORECASTING: step 101 for state:  [1. 0. 0.]
FORECASTING: step 102 for state:  [0.00121035 1.         0.31215644]
FORECASTING: step 103 for state:  [0.0783417  1.         0.12530259]
FORECASTING: step 104 for state:  [0.05091107 0.18521105 0.03816439]
FORECASTING: step 105 for state:  [0.02226887 0.45558896 0.03008137]
FORECASTING: step 106 for state:  [0.01308756 0.36896053 0.01431637]
FORECASTING: step 107 for state:  [0.00685098 0.16509918 0.00793558]
FORECASTING: step 108 for state:  [0.00369664 0.0107141  0.00229571]
FORECASTING: step 109 for state:  [0.00149809 0.04010844 0.00155684]
FORECASTING: step 110 for state:  [0.00076373 0.         0.00059087]
FORECASTING: step 111 for state:  [0.00033865 0.00995397 0.00039274]
FORECASTING: step 112 for state:  [0.00018285 0.00606468 0.00012431]
FORECASTING: step 113 for state:  [1. 0. 0.]
FORECASTING: step 114 for state:  [1. 0. 0.]
FORECASTING: step 115 for state:  [0. 0. 0.]
FORECASTING: step 116 for state:  [0.75000959 0.         0.        ]
FORECASTING: step 117 for state:  [4.57119221e-05 1.00000000e+00 1.99221281e-01]
FORECASTING: step 118 for state:  [0. 0. 0.]
Simulation complete..
