Gen: 0, Best Score: -10093.507999225872, Avg Score: -10095.597857450768, Time: 0.009004735350608827
Gen: 1, Best Score: -10093.507999225872, Avg Score: -10095.42460973908, Time: 0.017127013007799785
Gen: 2, Best Score: -10093.507999225872, Avg Score: -10095.330652901372, Time: 0.02446867651409573
Gen: 3, Best Score: -10093.00221945612, Avg Score: -10095.189591513066, Time: 0.03250227828820546
Gen: 4, Best Score: -10092.94101398734, Avg Score: -10095.0787878577, Time: 0.04137565427356296
Gen: 5, Best Score: -10092.520444849262, Avg Score: -10094.93219507192, Time: 0.05018511242336697
Gen: 6, Best Score: -10092.365581198972, Avg Score: -10094.735365351973, Time: 0.05946643617418077
Gen: 7, Best Score: -10092.130987468996, Avg Score: -10094.557812612062, Time: 0.06871747195720673
Gen: 8, Best Score: -10091.238095113598, Avg Score: -10094.358250961825, Time: 0.0788499618238873
Gen: 9, Best Score: -10090.960906632716, Avg Score: -10094.018433489704, Time: 0.08946037385198805
Values
Validation Generation Score:  -0.10802603226655065
Validation Generation Score:  -0.11470818039492052
validationchampion:  {'validation': -0.10802603226655065}
Validation champ with the best test score with -0.10802603226655065 on test data.
Gen: 10, Best Score: -0.10802603226655065, Avg Score: -0.29693533716032783, Time: 0.1236376377609041
Gen: 11, Best Score: -10089.28254775119, Avg Score: -10093.423462985076, Time: 0.13500268903043536
Gen: 12, Best Score: -10086.996121179933, Avg Score: -10092.807248376112, Time: 0.1462564463747872
Gen: 13, Best Score: -10088.713905187213, Avg Score: -10092.591258732991, Time: 0.158530423839887
Gen: 14, Best Score: -10088.569316114199, Avg Score: -10092.221395785105, Time: 0.17148011902968088
Gen: 15, Best Score: -10087.696474812945, Avg Score: -10091.684820622537, Time: 0.1839379721879959
Gen: 16, Best Score: -10087.976217012021, Avg Score: -10091.532465677798, Time: 0.19613718582524195
Gen: 17, Best Score: -10087.715032681004, Avg Score: -10091.104652206004, Time: 0.20893674380249447
Gen: 18, Best Score: -10087.721812263517, Avg Score: -10090.917704024905, Time: 0.2216352163420783
Gen: 19, Best Score: -10087.833556844245, Avg Score: -10090.648026830375, Time: 0.2351167443725798
Values
Validation Generation Score:  -0.13513399635346332
Validation Generation Score:  -0.12681451103639504
Validation Generation Score:  -0.1104136514827333
Validation Generation Score:  -0.10935045323775622
Validation Generation Score:  -0.1062598850904044
Validation Generation Score:  -0.10178325441051977
Validation Generation Score:  -0.09742715362376937
Validation Generation Score:  -0.08866697442028433
Validation Generation Score:  -0.08908066055016561
validationchampion:  {'validation': -0.08866697442028433}
Validation champ with the best test score with -0.08866697442028433 on test data.
Gen: 20, Best Score: -0.08866697442028433, Avg Score: -0.1495229608923436, Time: 0.3561118292808533
Gen: 21, Best Score: -10087.244927402515, Avg Score: -10092.323797536246, Time: 0.3666399814022912
Gen: 22, Best Score: -10088.31628273123, Avg Score: -10091.367676744987, Time: 0.37983415371841855
Gen: 23, Best Score: -10086.776824091956, Avg Score: -10090.707900287085, Time: 0.39229980097876654
Gen: 24, Best Score: -10087.019939974294, Avg Score: -10090.210797019026, Time: 0.4045034311877357
Gen: 25, Best Score: -10086.70513562062, Avg Score: -10089.859885411914, Time: 0.41774016208118864
Gen: 26, Best Score: -10086.324377209228, Avg Score: -10089.561093964305, Time: 0.42983345833089615
Gen: 27, Best Score: -10085.68629320429, Avg Score: -10089.301605371833, Time: 0.4422059141265021
Gen: 28, Best Score: -10086.11047631803, Avg Score: -10089.114917866658, Time: 0.455596457918485
Gen: 29, Best Score: -10085.419461817613, Avg Score: -10088.822483636712, Time: 0.4700260015328725
Values
Validation Generation Score:  -0.08437986475607158
Validation Generation Score:  -0.08949442918625546
validationchampion:  {'main': -10086.823691557278, 'validation': -0.08437986475607158}
Validation champ with the best test score with -0.08437986475607158 on test data.
Gen: 30, Best Score: -0.08437986475607158, Avg Score: -0.16175150652893155, Time: 0.5137988480594423
Gen: 31, Best Score: -10084.072609591629, Avg Score: -10088.686805288382, Time: 0.5285450153218375
Gen: 32, Best Score: -10085.092514523218, Avg Score: -10088.304638386993, Time: 0.5438991783724891
Gen: 33, Best Score: -10084.938355756152, Avg Score: -10088.105762972667, Time: 0.5596426820755005
Gen: 34, Best Score: -10084.996216936976, Avg Score: -10087.987346725711, Time: 0.5761803168058396
Gen: 35, Best Score: -10084.52566400336, Avg Score: -10087.716817815173, Time: 0.592371774646971
Gen: 36, Best Score: -10084.322126857769, Avg Score: -10087.54313322913, Time: 0.6101638389958276
Gen: 37, Best Score: -10084.37010465898, Avg Score: -10087.549981147626, Time: 0.6279342318905724
Gen: 38, Best Score: -10084.14317980786, Avg Score: -10087.317670018803, Time: 0.6476041264666451
Gen: 39, Best Score: -10084.348171890808, Avg Score: -10087.183191621243, Time: 0.6673958692948023
Values
Validation Generation Score:  -0.08200077237679908
Validation Generation Score:  -0.06851805074874971
Validation Generation Score:  -0.0684085363149222
Validation Generation Score:  -0.06854360230758555
validationchampion:  {'validation': -0.0684085363149222}
Validation champ with the best test score with -0.0684085363149222 on test data.
Gen: 40, Best Score: -0.0684085363149222, Avg Score: -0.12837365418427443, Time: 0.7599652900960711
Gen: 41, Best Score: -10084.07164896863, Avg Score: -10088.022380757418, Time: 0.7782501224676768
Gen: 42, Best Score: -10084.553966351066, Avg Score: -10087.453579688634, Time: 0.7975508356756634
Gen: 43, Best Score: -10084.417845293487, Avg Score: -10087.233973797878, Time: 0.8171435262759527
Gen: 44, Best Score: -10083.44111021868, Avg Score: -10087.193257563602, Time: 0.8368733311361737
Gen: 45, Best Score: -10083.936954757512, Avg Score: -10087.09954699592, Time: 0.8567840762933095
Gen: 46, Best Score: -10083.677773242416, Avg Score: -10086.930188452534, Time: 0.8776826948589749
Gen: 47, Best Score: -10083.7640548495, Avg Score: -10086.89977567455, Time: 0.8992428243822521
Gen: 48, Best Score: -10083.31262946034, Avg Score: -10086.829176448797, Time: 0.920225728419092
Gen: 49, Best Score: -10083.631487899542, Avg Score: -10086.989567065677, Time: 0.942064800924725
Values
Validation Generation Score:  -0.08476090621891534
Validation Generation Score:  -0.0829681260983955
Validation Generation Score:  -0.08173673035516892
Validation Generation Score:  -0.07933210735824155
Validation Generation Score:  -0.08233875231631436
validationchampion:  {'validation': -0.07933210735824155}
Validation champ with the best test score with -0.07933210735824155 on test data.
Gen: 50, Best Score: -0.07933210735824155, Avg Score: -0.110817089865585, Time: 1.078923063410653
Gen: 51, Best Score: -10084.220151855787, Avg Score: -10087.505024086127, Time: 1.1038214811351563
Gen: 52, Best Score: -10083.533557482595, Avg Score: -10087.327612391135, Time: 1.127922882636388
Gen: 53, Best Score: -10084.40395760018, Avg Score: -10087.042036527953, Time: 1.1525195527076721
Gen: 54, Best Score: -10083.919090526284, Avg Score: -10086.994940619616, Time: 1.1785049820608562
Gen: 55, Best Score: -10083.593807090281, Avg Score: -10086.925971669647, Time: 1.2034638782342275
Gen: 56, Best Score: -10084.355917406101, Avg Score: -10086.838872898592, Time: 1.2298437972863516
Gen: 57, Best Score: -10083.450650917373, Avg Score: -10086.99119868474, Time: 1.2561426418357424
Gen: 58, Best Score: -10083.272650784538, Avg Score: -10086.816004365543, Time: 1.2827045584387249
Gen: 59, Best Score: -10083.70244706207, Avg Score: -10086.781042600487, Time: 1.3103722914059956
Values
Validation Generation Score:  -0.09223691587998423
Validation Generation Score:  -0.08361608840616545
Validation Generation Score:  -0.08419065999867677
validationchampion:  {'main': -10086.74872756352, 'validation': -0.08361608840616545}
Validation champ with the best test score with -0.08361608840616545 on test data.
Gen: 60, Best Score: -0.08361608840616545, Avg Score: -0.11219962908489763, Time: 1.4188113462924958
Gen: 61, Best Score: -10083.532096983352, Avg Score: -10087.230698406343, Time: 1.446692370971044
Gen: 62, Best Score: -10083.017386828737, Avg Score: -10086.784709112155, Time: 1.4760127166906993
Gen: 63, Best Score: -10083.986895512711, Avg Score: -10086.7393599773, Time: 1.505072804821862
Gen: 64, Best Score: -10083.966163211748, Avg Score: -10086.693205569736, Time: 1.5341079255607393
Gen: 65, Best Score: -10082.815208760749, Avg Score: -10086.714261791622, Time: 1.5638381328847673
Gen: 66, Best Score: -10083.191471786611, Avg Score: -10086.594707217384, Time: 1.5956851725445853
Gen: 67, Best Score: -10083.758449087412, Avg Score: -10086.66142244848, Time: 1.6274862986803056
Gen: 68, Best Score: -10083.014357566593, Avg Score: -10086.49061904716, Time: 1.6581025716993545
Gen: 69, Best Score: -10082.913528137538, Avg Score: -10086.735107820425, Time: 1.6888426155514187
Values
Validation Generation Score:  -0.07467198040598526
Validation Generation Score:  -0.07825613309952344
validationchampion:  {'validation': -0.07467198040598526}
Validation champ with the best test score with -0.07467198040598526 on test data.
Gen: 70, Best Score: -0.07467198040598526, Avg Score: -0.11839209861581165, Time: 1.7807312523656422
Gen: 71, Best Score: -10083.500758841985, Avg Score: -10086.679818625793, Time: 1.8117803449763192
Gen: 72, Best Score: -10083.372860488977, Avg Score: -10086.655287091202, Time: 1.8441885983281665
Gen: 73, Best Score: -10083.722186074829, Avg Score: -10086.502018077686, Time: 1.8762871066066953
Gen: 74, Best Score: -10082.962563343412, Avg Score: -10086.492290566908, Time: 1.908086112803883
Gen: 75, Best Score: -10083.541699011728, Avg Score: -10086.565887993316, Time: 1.941285334361924
Gen: 76, Best Score: -10083.468812595247, Avg Score: -10086.476525089827, Time: 1.9734912532567979
Gen: 77, Best Score: -10083.379975898115, Avg Score: -10086.423821078764, Time: 2.006265358262592
Gen: 78, Best Score: -10083.581881801852, Avg Score: -10086.419591375505, Time: 2.0402472548352346
Gen: 79, Best Score: -10083.493351484116, Avg Score: -10086.466772411824, Time: 2.0737089724010893
Values
Validation Generation Score:  -0.0863830847713508
Validation Generation Score:  -0.07655207808407892
Validation Generation Score:  -0.07695698996573393
validationchampion:  {'validation': -0.07655207808407892}
Validation champ with the best test score with -0.07655207808407892 on test data.
Gen: 80, Best Score: -0.07655207808407892, Avg Score: -0.11337850022095446, Time: 2.205419235361947
Gen: 81, Best Score: -10083.253855275309, Avg Score: -10086.662113399345, Time: 2.2383761225806342
Gen: 82, Best Score: -10083.239117274914, Avg Score: -10086.674737013793, Time: 2.2716080794069504
Gen: 83, Best Score: -10083.215241378835, Avg Score: -10086.418087151585, Time: 2.3066031650702157
Gen: 84, Best Score: -10082.490647413082, Avg Score: -10086.442603630398, Time: 2.340986415611373
Gen: 85, Best Score: -10083.510343199348, Avg Score: -10086.521681011962, Time: 2.3749943435854384
Gen: 86, Best Score: -10083.236770528736, Avg Score: -10086.33327541618, Time: 2.4098802998330857
Gen: 87, Best Score: -10082.269355140525, Avg Score: -10086.32399105486, Time: 2.4465058790312875
Gen: 88, Best Score: -10083.109205819563, Avg Score: -10086.423032299252, Time: 2.4829792413446636
Gen: 89, Best Score: -10083.517884714014, Avg Score: -10086.456085414162, Time: 2.521609671778149
Values
Validation Generation Score:  -0.08308662792026282
Validation Generation Score:  -0.07655548160939771
Validation Generation Score:  -0.07709149774066422
validationchampion:  {'validation': -0.07655548160939771}
Validation champ with the best test score with -0.07655548160939771 on test data.
Gen: 90, Best Score: -0.07655548160939771, Avg Score: -0.1111820693988226, Time: 2.665677942964766
Gen: 91, Best Score: -10083.368602755505, Avg Score: -10086.721031630459, Time: 2.7022105000416436
