LOADED TRAINER
LOADED GEN NUMBER:  2018
<tpg.team.Team object at 0x1500ce3ea950>
-21.708770606165295
[<tpg.learner.Learner object at 0x1500ce3eaa10>, <tpg.learner.Learner object at 0x1500ce3eafb0>, <tpg.learner.Learner object at 0x1500ce3eb520>, <tpg.learner.Learner object at 0x1500ce3eba60>, <tpg.learner.Learner object at 0x1500ce3ebeb0>, <tpg.learner.Learner object at 0x1500ce400460>, <tpg.learner.Learner object at 0x1500ce400a00>, <tpg.learner.Learner object at 0x1500ce400e50>, <tpg.learner.Learner object at 0x1500ce4013c0>, <tpg.learner.Learner object at 0x1500ce401900>]
{'main': -21.63199022257878}
---------------
step 0 for state:  [0.         0.15789474 0.64179104]
step 1 for state:  [0.16666667 0.15789474 0.62686567]
step 2 for state:  [0.16666667 0.15789474 0.64179104]
step 3 for state:  [0.16666667 0.15789474 0.62686567]
step 4 for state:  [0.16666667 0.15789474 0.64179104]
step 5 for state:  [0.16666667 0.15789474 0.56716418]
step 6 for state:  [0.16666667 0.15789474 0.6119403 ]
step 7 for state:  [0.16666667 0.15789474 0.58208955]
step 8 for state:  [0.16666667 0.15789474 0.17910448]
step 9 for state:  [0.         0.49473684 0.53731343]
step 10 for state:  [0.16666667 0.15789474 0.28358209]
step 11 for state:  [0.16666667 0.15789474 0.35820896]
step 12 for state:  [0.16666667 0.15789474 0.40298507]
step 13 for state:  [0.16666667 0.15789474 0.46268657]
step 14 for state:  [0.16666667 0.15789474 0.53731343]
step 15 for state:  [0.16666667 0.15789474 0.10447761]
step 16 for state:  [0.         0.49473684 0.56716418]
step 17 for state:  [0.16666667 0.15789474 0.28358209]
step 18 for state:  [0.16666667 0.15789474 0.34328358]
step 19 for state:  [0.16666667 0.15789474 0.46268657]
step 20 for state:  [0.16666667 0.15789474 0.52238806]
step 21 for state:  [0.16666667 0.15789474 0.56716418]
step 22 for state:  [0.16666667 0.15789474 0.17910448]
step 23 for state:  [0.         0.49473684 0.58208955]
step 24 for state:  [0.16666667 0.15789474 0.28358209]
step 25 for state:  [0.16666667 0.15789474 0.35820896]
step 26 for state:  [0.16666667 0.15789474 0.46268657]
step 27 for state:  [0.16666667 0.15789474 0.64179104]
step 28 for state:  [0.16666667 0.15789474 0.62686567]
step 29 for state:  [0.16666667 0.15789474 0.64179104]
step 30 for state:  [0.16666667 0.15789474 0.62686567]
step 31 for state:  [0.16666667 0.15789474 0.64179104]
step 32 for state:  [0.16666667 0.15789474 0.56716418]
step 33 for state:  [0.16666667 0.15789474 0.6119403 ]
step 34 for state:  [0.16666667 0.15789474 0.58208955]
step 35 for state:  [0.16666667 0.15789474 0.17910448]
step 36 for state:  [0.         0.49473684 0.53731343]
step 37 for state:  [0.16666667 0.15789474 0.28358209]
step 38 for state:  [0.16666667 0.15789474 0.35820896]
step 39 for state:  [0.16666667 0.15789474 0.40298507]
step 40 for state:  [0.16666667 0.15789474 0.46268657]
step 41 for state:  [0.16666667 0.15789474 0.53731343]
step 42 for state:  [0.16666667 0.15789474 0.10447761]
step 43 for state:  [0.         0.49473684 0.56716418]
step 44 for state:  [0.16666667 0.15789474 0.28358209]
step 45 for state:  [0.16666667 0.15789474 0.34328358]
step 46 for state:  [0.16666667 0.15789474 0.46268657]
step 47 for state:  [0.16666667 0.15789474 0.58208955]
step 48 for state:  [0.16666667 0.15789474 0.56716418]
step 49 for state:  [0.16666667 0.15789474 0.17910448]
step 50 for state:  [0.         0.49473684 0.53731343]
step 51 for state:  [0.16666667 0.15789474 0.28358209]
step 52 for state:  [0.16666667 0.15789474 0.35820896]
step 53 for state:  [0.33333333 0.15789474 0.64179104]
step 54 for state:  [0.16666667 0.15789474 0.62686567]
step 55 for state:  [0.16666667 0.15789474 0.64179104]
step 56 for state:  [0.16666667 0.15789474 0.62686567]
step 57 for state:  [0.16666667 0.15789474 0.64179104]
step 58 for state:  [0.16666667 0.15789474 0.56716418]
step 59 for state:  [0.16666667 0.15789474 0.6119403 ]
step 60 for state:  [0.16666667 0.15789474 0.58208955]
step 61 for state:  [0.16666667 0.15789474 0.17910448]
step 62 for state:  [0.         0.49473684 0.53731343]
step 63 for state:  [0.16666667 0.15789474 0.28358209]
step 64 for state:  [0.16666667 0.15789474 0.35820896]
step 65 for state:  [0.16666667 0.15789474 0.40298507]
step 66 for state:  [0.16666667 0.15789474 0.46268657]
step 67 for state:  [0.16666667 0.15789474 0.53731343]
step 68 for state:  [0.16666667 0.15789474 0.10447761]
step 69 for state:  [0.         0.49473684 0.56716418]
step 70 for state:  [0.16666667 0.15789474 0.28358209]
step 71 for state:  [0.16666667 0.15789474 0.34328358]
step 72 for state:  [0.16666667 0.15789474 0.46268657]
step 73 for state:  [0.16666667 0.15789474 0.52238806]
step 74 for state:  [0.16666667 0.15789474 0.56716418]
step 75 for state:  [0.16666667 0.15789474 0.17910448]
step 76 for state:  [0.         0.32631579 0.58208955]
step 77 for state:  [0.16666667 0.15789474 0.28358209]
step 78 for state:  [0.16666667 0.15789474 0.35820896]
step 79 for state:  [0.16666667 0.15789474 0.46268657]
step 80 for state:  [0.16666667 0.15789474 0.64179104]
step 81 for state:  [0.16666667 0.15789474 0.62686567]
step 82 for state:  [0.16666667 0.15789474 0.64179104]
step 83 for state:  [0.16666667 0.15789474 0.62686567]
step 84 for state:  [0.16666667 0.15789474 0.64179104]
step 85 for state:  [0.16666667 0.15789474 0.56716418]
step 86 for state:  [0.16666667 0.15789474 0.6119403 ]
step 87 for state:  [0.16666667 0.15789474 0.58208955]
step 88 for state:  [0.16666667 0.15789474 0.17910448]
step 89 for state:  [0.         0.32631579 0.53731343]
step 90 for state:  [0.16666667 0.15789474 0.28358209]
step 91 for state:  [0.16666667 0.15789474 0.35820896]
step 92 for state:  [0.16666667 0.15789474 0.40298507]
step 93 for state:  [0.16666667 0.15789474 0.46268657]
step 94 for state:  [0.16666667 0.15789474 0.53731343]
step 95 for state:  [0.16666667 0.15789474 0.10447761]
step 96 for state:  [0.         0.32631579 0.56716418]
step 97 for state:  [0.16666667 0.15789474 0.28358209]
step 98 for state:  [0.16666667 0.15789474 0.34328358]
step 99 for state:  [0.16666667 0.15789474 0.46268657]
step 100 for state:  [0.16666667 0.15789474 0.58208955]
step 101 for state:  [0.16666667 0.15789474 0.56716418]
step 102 for state:  [0.16666667 0.15789474 0.17910448]
step 103 for state:  [0.         0.32631579 0.53731343]
step 104 for state:  [0.16666667 0.15789474 0.28358209]
step 105 for state:  [0.16666667 0.15789474 0.35820896]
step 106 for state:  [0.16666667 0.15789474 0.56716418]
step 107 for state:  [0.16666667 0.15789474 0.58208955]
step 108 for state:  [0.16666667 0.15789474 0.6119403 ]
step 109 for state:  [0.16666667 0.15789474 0.2238806 ]
step 110 for state:  [0.         0.49473684 0.64179104]
step 111 for state:  [0.16666667 0.15789474 0.32835821]
step 112 for state:  [0.16666667 0.15789474 0.40298507]
step 113 for state:  [0.16666667 0.15789474 0.50746269]
step 114 for state:  [0.16666667 0.15789474 0.65671642]
step 115 for state:  [0.16666667 0.15789474 0.64179104]
step 116 for state:  [0.16666667 0.15789474 0.14925373]
step 117 for state:  [0.         0.49473684 0.6119403 ]
step 118 for state:  [0.16666667 0.15789474 0.32835821]
step 119 for state:  [0.16666667 0.15789474 0.3880597 ]
step 120 for state:  [0.16666667 0.15789474 0.47761194]
step 121 for state:  [0.16666667 0.15789474 0.64179104]
step 122 for state:  [0.16666667 0.15789474 0.6119403 ]
step 123 for state:  [0.16666667 0.15789474 0.17910448]
step 124 for state:  [0.         0.49473684 0.58208955]
step 125 for state:  [0.16666667 0.15789474 0.28358209]
step 126 for state:  [0.16666667 0.15789474 0.35820896]
step 127 for state:  [0.16666667 0.15789474 0.46268657]
step 128 for state:  [0.16666667 0.15789474 0.6119403 ]
step 129 for state:  [0.16666667 0.15789474 0.58208955]
step 130 for state:  [0.16666667 0.15789474 0.10447761]
step 131 for state:  [0.         0.32631579 0.56716418]
step 132 for state:  [0.16666667 0.15789474 0.28358209]
step 133 for state:  [0.16666667 0.15789474 0.46268657]
step 134 for state:  [0.16666667 0.15789474 0.46268657]
step 135 for state:  [0.16666667 0.15789474 0.64179104]
step 136 for state:  [0.16666667 0.15789474 0.46268657]
step 137 for state:  [0.16666667 0.15789474 0.64179104]
step 138 for state:  [0.16666667 0.15789474 0.64179104]
step 139 for state:  [0.16666667 0.15789474 0.82089552]
step 140 for state:  [0.16666667 0.15789474 0.62686567]
step 141 for state:  [0.16666667 0.15789474 0.64179104]
step 142 for state:  [0.16666667 0.15789474 0.62686567]
step 143 for state:  [0.16666667 0.15789474 0.64179104]
step 144 for state:  [0.16666667 0.15789474 0.62686567]
step 145 for state:  [0.16666667 0.15789474 0.64179104]
step 146 for state:  [0.16666667 0.15789474 0.56716418]
step 147 for state:  [0.16666667 0.15789474 0.6119403 ]
step 148 for state:  [0.16666667 0.15789474 0.58208955]
step 149 for state:  [0.16666667 0.15789474 0.17910448]
step 150 for state:  [0.         0.32631579 0.53731343]
step 151 for state:  [0.16666667 0.15789474 0.28358209]
step 152 for state:  [0.16666667 0.15789474 0.35820896]
step 153 for state:  [0.16666667 0.15789474 0.40298507]
step 154 for state:  [0.16666667 0.15789474 0.46268657]
step 155 for state:  [0.16666667 0.15789474 0.53731343]
step 156 for state:  [0.16666667 0.15789474 0.10447761]
step 157 for state:  [0.         0.32631579 0.56716418]
step 158 for state:  [0.16666667 0.15789474 0.28358209]
step 159 for state:  [0.16666667 0.15789474 0.34328358]
step 160 for state:  [0.16666667 0.15789474 0.46268657]
step 161 for state:  [0.16666667 0.15789474 0.52238806]
step 162 for state:  [0.16666667 0.15789474 0.56716418]
step 163 for state:  [0.16666667 0.15789474 0.17910448]
step 164 for state:  [0.         0.32631579 0.58208955]
step 165 for state:  [0.16666667 0.15789474 0.28358209]
step 166 for state:  [0.16666667 0.15789474 0.35820896]
step 167 for state:  [0.16666667 0.15789474 0.46268657]
step 168 for state:  [0.16666667 0.15789474 0.64179104]
step 169 for state:  [0.16666667 0.15789474 0.62686567]
step 170 for state:  [0.16666667 0.15789474 0.64179104]
step 171 for state:  [0.16666667 0.15789474 0.62686567]
step 172 for state:  [0.16666667 0.15789474 0.64179104]
step 173 for state:  [0.16666667 0.15789474 0.56716418]
step 174 for state:  [0.16666667 0.15789474 0.6119403 ]
step 175 for state:  [0.16666667 0.15789474 0.58208955]
step 176 for state:  [0.16666667 0.15789474 0.17910448]
step 177 for state:  [0.         0.32631579 0.53731343]
step 178 for state:  [0.16666667 0.15789474 0.28358209]
step 179 for state:  [0.16666667 0.15789474 0.35820896]
step 180 for state:  [0.16666667 0.15789474 0.40298507]
step 181 for state:  [0.16666667 0.15789474 0.46268657]
step 182 for state:  [0.16666667 0.15789474 0.53731343]
step 183 for state:  [0.16666667 0.15789474 0.10447761]
step 184 for state:  [0.         0.32631579 0.56716418]
step 185 for state:  [0.16666667 0.15789474 0.28358209]
step 186 for state:  [0.16666667 0.15789474 0.34328358]
step 187 for state:  [0.16666667 0.15789474 0.46268657]
step 188 for state:  [0.16666667 0.15789474 0.58208955]
step 189 for state:  [0.16666667 0.15789474 0.56716418]
step 190 for state:  [0.16666667 0.15789474 0.17910448]
step 191 for state:  [0.         0.32631579 0.53731343]
step 192 for state:  [0.16666667 0.15789474 0.28358209]
step 193 for state:  [0.16666667 0.15789474 0.35820896]
step 194 for state:  [0.16666667 0.15789474 0.56716418]
step 195 for state:  [0.16666667 0.15789474 0.58208955]
step 196 for state:  [0.16666667 0.15789474 0.6119403 ]
step 197 for state:  [0.16666667 0.15789474 0.2238806 ]
step 198 for state:  [0.         0.49473684 0.64179104]
step 199 for state:  [0.16666667 0.15789474 0.32835821]
step 200 for state:  [0.16666667 0.15789474 0.40298507]
step 201 for state:  [0.16666667 0.15789474 0.50746269]
step 202 for state:  [0.16666667 0.15789474 0.65671642]
step 203 for state:  [0.16666667 0.15789474 0.64179104]
step 204 for state:  [0.16666667 0.15789474 0.14925373]
step 205 for state:  [0.         0.49473684 0.6119403 ]
step 206 for state:  [0.16666667 0.15789474 0.32835821]
step 207 for state:  [0.16666667 0.15789474 0.3880597 ]
step 208 for state:  [0.16666667 0.15789474 0.47761194]
step 209 for state:  [0.16666667 0.15789474 0.64179104]
step 210 for state:  [0.16666667 0.15789474 0.6119403 ]
step 211 for state:  [0.16666667 0.15789474 0.17910448]
step 212 for state:  [0.         0.49473684 0.58208955]
step 213 for state:  [0.16666667 0.15789474 0.28358209]
step 214 for state:  [0.16666667 0.15789474 0.35820896]
step 215 for state:  [0.16666667 0.15789474 0.46268657]
step 216 for state:  [0.16666667 0.15789474 0.6119403 ]
step 217 for state:  [0.16666667 0.15789474 0.58208955]
step 218 for state:  [0.16666667 0.15789474 0.10447761]
step 219 for state:  [0.         0.32631579 0.56716418]
step 220 for state:  [0.16666667 0.15789474 0.28358209]
step 221 for state:  [0.16666667 0.15789474 0.46268657]
step 222 for state:  [0.16666667 0.15789474 0.46268657]
step 223 for state:  [0.16666667 0.15789474 0.64179104]
step 224 for state:  [0.16666667 0.15789474 0.46268657]
step 225 for state:  [0.16666667 0.15789474 0.64179104]
step 226 for state:  [0.16666667 0.15789474 0.64179104]
step 227 for state:  [0.16666667 0.15789474 0.82089552]
step 228 for state:  [0.16666667 0.15789474 0.62686567]
step 229 for state:  [0.16666667 0.15789474 0.64179104]
step 230 for state:  [0.16666667 0.15789474 0.62686567]
step 231 for state:  [0.16666667 0.15789474 0.64179104]
step 232 for state:  [0.16666667 0.15789474 0.62686567]
step 233 for state:  [0.16666667 0.15789474 0.64179104]
step 234 for state:  [0.16666667 0.15789474 0.56716418]
step 235 for state:  [0.16666667 0.15789474 0.6119403 ]
step 236 for state:  [0.16666667 0.15789474 0.58208955]
step 237 for state:  [0.16666667 0.15789474 0.17910448]
step 238 for state:  [0.         0.32631579 0.53731343]
step 239 for state:  [0.16666667 0.15789474 0.28358209]
step 240 for state:  [0.16666667 0.15789474 0.35820896]
step 241 for state:  [0.16666667 0.15789474 0.40298507]
step 242 for state:  [0.16666667 0.15789474 0.46268657]
step 243 for state:  [0.16666667 0.15789474 0.53731343]
step 244 for state:  [0.16666667 0.15789474 0.10447761]
step 245 for state:  [0.         0.32631579 0.56716418]
step 246 for state:  [0.16666667 0.15789474 0.28358209]
step 247 for state:  [0.16666667 0.15789474 0.34328358]
step 248 for state:  [0.16666667 0.15789474 0.46268657]
step 249 for state:  [0.16666667 0.15789474 0.52238806]
step 250 for state:  [0.16666667 0.15789474 0.56716418]
step 251 for state:  [0.16666667 0.15789474 0.17910448]
step 252 for state:  [0.         0.32631579 0.58208955]
step 253 for state:  [0.16666667 0.15789474 0.28358209]
step 254 for state:  [0.16666667 0.15789474 0.35820896]
step 255 for state:  [0.16666667 0.15789474 0.46268657]
step 256 for state:  [0.16666667 0.15789474 0.64179104]
step 257 for state:  [0.16666667 0.15789474 0.62686567]
step 258 for state:  [0.16666667 0.15789474 0.64179104]
step 259 for state:  [0.16666667 0.15789474 0.62686567]
step 260 for state:  [0.16666667 0.15789474 0.64179104]
step 261 for state:  [0.16666667 0.15789474 0.56716418]
step 262 for state:  [0.16666667 0.15789474 0.6119403 ]
step 263 for state:  [0.16666667 0.15789474 0.58208955]
step 264 for state:  [0.16666667 0.15789474 0.17910448]
step 265 for state:  [0.         0.32631579 0.53731343]
step 266 for state:  [0.16666667 0.15789474 0.28358209]
step 267 for state:  [0.16666667 0.15789474 0.35820896]
step 268 for state:  [0.16666667 0.15789474 0.40298507]
step 269 for state:  [0.16666667 0.15789474 0.46268657]
step 270 for state:  [0.16666667 0.15789474 0.53731343]
step 271 for state:  [0.16666667 0.15789474 0.10447761]
step 272 for state:  [0.         0.32631579 0.56716418]
step 273 for state:  [0.16666667 0.15789474 0.28358209]
step 274 for state:  [0.16666667 0.15789474 0.34328358]
step 275 for state:  [0.16666667 0.15789474 0.46268657]
step 276 for state:  [0.16666667 0.15789474 0.58208955]
step 277 for state:  [0.16666667 0.15789474 0.56716418]
step 278 for state:  [0.16666667 0.15789474 0.17910448]
step 279 for state:  [0.         0.32631579 0.53731343]
step 280 for state:  [0.16666667 0.15789474 0.28358209]
step 281 for state:  [0.16666667 0.15789474 0.35820896]
step 282 for state:  [0.16666667 0.07368421 0.58208955]
step 283 for state:  [0.         0.07368421 0.46268657]
step 284 for state:  [0.         0.07368421 0.37313433]
step 285 for state:  [0.         0.07368421 0.40298507]
step 286 for state:  [0.16666667 0.07368421 0.58208955]
step 287 for state:  [0.         0.07368421 0.47761194]
step 288 for state:  [0.         0.07368421 0.35820896]
step 289 for state:  [0.         0.07368421 0.40298507]
step 290 for state:  [0.16666667 0.07368421 0.50746269]
step 291 for state:  [0.         0.07368421 0.58208955]
step 292 for state:  [0.         0.07368421 0.46268657]
step 293 for state:  [0.         0.07368421 0.32835821]
step 294 for state:  [0.         0.07368421 0.37313433]
step 295 for state:  [0.         0.07368421 0.40298507]
step 296 for state:  [0.16666667 0.15789474 0.29850746]
step 297 for state:  [0.         0.66315789 0.58208955]
step 298 for state:  [0.16666667 0.15789474 0.35820896]
step 299 for state:  [0.16666667 0.15789474 0.40298507]
step 300 for state:  [0.16666667 0.15789474 0.35820896]
step 301 for state:  [0.16666667 0.15789474 0.40298507]
step 302 for state:  [0.         0.24210526 0.65671642]
step 303 for state:  [0.16666667 0.15789474 0.35820896]
step 304 for state:  [0.08333333 0.07368421 0.64179104]
step 305 for state:  [0.08333333 0.15789474 0.29850746]
step 306 for state:  [0.         0.32631579 0.64179104]
step 307 for state:  [0.16666667 0.15789474 0.37313433]
step 308 for state:  [0.16666667 0.15789474 0.43283582]
step 309 for state:  [0.         0.32631579 0.6119403 ]
step 310 for state:  [0.16666667 0.15789474 0.37313433]
step 311 for state:  [0.16666667 0.15789474 0.43283582]
step 312 for state:  [0.         0.24210526 0.73134328]
step 313 for state:  [0.16666667 0.15789474 0.37313433]
step 314 for state:  [0.08333333 0.07368421 0.71641791]
step 315 for state:  [0.08333333 0.15789474 0.29850746]
step 316 for state:  [0.         0.15789474 0.71641791]
step 317 for state:  [0.16666667 0.15789474 0.46268657]
step 318 for state:  [0.         0.15789474 0.68656716]
step 319 for state:  [0.16666667 0.15789474 0.29850746]
step 320 for state:  [0.         0.15789474 0.32835821]
step 321 for state:  [0.         0.15789474 0.37313433]
step 322 for state:  [0.         0.15789474 0.65671642]
step 323 for state:  [0.16666667 0.15789474 0.46268657]
step 324 for state:  [0.         0.15789474 0.64179104]
step 325 for state:  [0.16666667 0.15789474 0.29850746]
step 326 for state:  [0.         0.15789474 0.32835821]
step 327 for state:  [0.         0.15789474 0.37313433]
step 328 for state:  [0.         0.15789474 0.6119403 ]
step 329 for state:  [0.16666667 0.15789474 0.46268657]
step 330 for state:  [0.         0.15789474 0.58208955]
step 331 for state:  [0.16666667 0.15789474 0.29850746]
step 332 for state:  [0.         0.32631579 0.55223881]
step 333 for state:  [0.16666667 0.15789474 0.35820896]
step 334 for state:  [0.16666667 0.15789474 0.40298507]
step 335 for state:  [0.         0.32631579 0.53731343]
step 336 for state:  [0.16666667 0.15789474 0.35820896]
step 337 for state:  [0.16666667 0.07368421 0.53731343]
step 338 for state:  [0.         0.15789474 0.40298507]
step 339 for state:  [0.08333333 0.07368421 0.50746269]
step 340 for state:  [0.08333333 0.07368421 0.53731343]
step 341 for state:  [0.         0.15789474 0.35820896]
step 342 for state:  [0.08333333 0.07368421 0.55223881]
step 343 for state:  [0.08333333 0.15789474 0.29850746]
step 344 for state:  [0.         0.66315789 0.58208955]
step 345 for state:  [0.16666667 0.15789474 0.35820896]
step 346 for state:  [0.16666667 0.15789474 0.40298507]
step 347 for state:  [0.16666667 0.15789474 0.35820896]
step 348 for state:  [0.16666667 0.15789474 0.40298507]
step 349 for state:  [0.         0.15789474 0.6119403 ]
step 350 for state:  [0.16666667 0.15789474 0.35820896]
step 351 for state:  [0.         0.15789474 0.62686567]
step 352 for state:  [0.16666667 0.15789474 0.28358209]
step 353 for state:  [0.         0.49473684 0.64179104]
step 354 for state:  [0.16666667 0.15789474 0.35820896]
step 355 for state:  [0.16666667 0.15789474 0.40298507]
step 356 for state:  [0.16666667 0.15789474 0.35820896]
step 357 for state:  [0.         0.15789474 0.64179104]
step 358 for state:  [0.16666667 0.15789474 0.25373134]
step 359 for state:  [0.         0.15789474 0.43283582]
step 360 for state:  [0.         0.15789474 0.65671642]
step 361 for state:  [0.16666667 0.15789474 0.29850746]
step 362 for state:  [0.         0.15789474 0.53731343]
step 363 for state:  [0.16666667 0.15789474 0.32835821]
step 364 for state:  [0.         0.66315789 0.58208955]
step 365 for state:  [0.16666667 0.15789474 0.46268657]
step 366 for state:  [0.16666667 0.15789474 0.32835821]
step 367 for state:  [0.16666667 0.15789474 0.46268657]
step 368 for state:  [0.16666667 0.15789474 0.32835821]
step 369 for state:  [0.         0.24210526 0.6119403 ]
step 370 for state:  [0.16666667 0.15789474 0.47761194]
step 371 for state:  [0.08333333 0.07368421 0.56716418]
step 372 for state:  [0.08333333 0.07368421 0.58208955]
step 373 for state:  [0.         0.32631579 0.46268657]
step 374 for state:  [0.         0.32631579 0.40298507]
step 375 for state:  [0.08333333 0.07368421 0.68656716]
step 376 for state:  [0.08333333 0.07368421 0.50746269]
step 377 for state:  [0.08333333 0.07368421 0.68656716]
step 378 for state:  [0.08333333 0.07368421 0.53731343]
step 379 for state:  [0.08333333 0.07368421 0.68656716]
step 380 for state:  [0.08333333 0.07368421 0.47761194]
step 381 for state:  [0.         0.07368421 0.50746269]
step 382 for state:  [0.         0.07368421 0.56716418]
step 383 for state:  [0.08333333 0.07368421 0.68656716]
step 384 for state:  [0.08333333 0.07368421 0.46268657]
step 385 for state:  [0.         0.07368421 0.50746269]
step 386 for state:  [0.         0.07368421 0.58208955]
step 387 for state:  [0.08333333 0.07368421 0.68656716]
step 388 for state:  [0.08333333 0.07368421 0.43283582]
step 389 for state:  [0.         0.07368421 0.47761194]
step 390 for state:  [0.         0.07368421 0.50746269]
step 391 for state:  [0.         0.07368421 0.6119403 ]
step 392 for state:  [0.08333333 0.07368421 0.68656716]
step 393 for state:  [0.08333333 0.07368421 0.64179104]
step 394 for state:  [0.         0.15789474 0.50746269]
step 395 for state:  [0.         0.15789474 0.46268657]
step 396 for state:  [0.         0.15789474 0.40298507]
step 397 for state:  [0.08333333 0.07368421 0.68656716]
step 398 for state:  [0.08333333 0.07368421 0.76119403]
step 399 for state:  [0.08333333 0.07368421 0.74626866]
step 400 for state:  [0.08333333 0.07368421 0.71641791]
step 401 for state:  [0.         0.15789474 0.35820896]
step 402 for state:  [0.         0.15789474 0.29850746]
step 403 for state:  [0.08333333 0.07368421 0.68656716]
step 404 for state:  [0.08333333 0.07368421 0.65671642]
step 405 for state:  [0.08333333 0.07368421 0.6119403 ]
step 406 for state:  [0.08333333 0.07368421 0.58208955]
step 407 for state:  [0.         0.15789474 0.3880597 ]
step 408 for state:  [0.         0.15789474 0.32835821]
step 409 for state:  [0.08333333 0.07368421 0.68656716]
step 410 for state:  [0.08333333 0.07368421 0.65671642]
step 411 for state:  [0.08333333 0.07368421 0.6119403 ]
step 412 for state:  [0.08333333 0.07368421 0.58208955]
step 413 for state:  [0.         0.15789474 0.40298507]
step 414 for state:  [0.08333333 0.07368421 0.68656716]
step 415 for state:  [0.08333333 0.07368421 0.50746269]
step 416 for state:  [0.08333333 0.07368421 0.68656716]
step 417 for state:  [0.08333333 0.07368421 0.53731343]
step 418 for state:  [0.08333333 0.07368421 0.68656716]
step 419 for state:  [0.08333333 0.07368421 0.47761194]
step 420 for state:  [0.         0.07368421 0.50746269]
step 421 for state:  [0.         0.07368421 0.56716418]
step 422 for state:  [0.08333333 0.07368421 0.68656716]
step 423 for state:  [0.08333333 0.07368421 0.46268657]
step 424 for state:  [0.         0.07368421 0.50746269]
step 425 for state:  [0.         0.07368421 0.58208955]
step 426 for state:  [0.08333333 0.07368421 0.68656716]
step 427 for state:  [0.08333333 0.07368421 0.43283582]
step 428 for state:  [0.         0.07368421 0.47761194]
step 429 for state:  [0.         0.07368421 0.50746269]
step 430 for state:  [0.         0.07368421 0.6119403 ]
step 431 for state:  [0.08333333 0.07368421 0.68656716]
step 432 for state:  [0.08333333 0.07368421 0.64179104]
step 433 for state:  [0.         0.15789474 0.50746269]
step 434 for state:  [0.         0.15789474 0.46268657]
step 435 for state:  [0.         0.15789474 0.40298507]
step 436 for state:  [0.08333333 0.07368421 0.68656716]
step 437 for state:  [0.08333333 0.07368421 0.76119403]
step 438 for state:  [0.08333333 0.07368421 0.74626866]
step 439 for state:  [0.08333333 0.07368421 0.71641791]
step 440 for state:  [0.         0.15789474 0.35820896]
step 441 for state:  [0.         0.15789474 0.29850746]
step 442 for state:  [0.08333333 0.07368421 0.68656716]
step 443 for state:  [0.08333333 0.07368421 0.65671642]
step 444 for state:  [0.08333333 0.07368421 0.64179104]
step 445 for state:  [0.08333333 0.07368421 0.6119403 ]
step 446 for state:  [0.         0.15789474 0.3880597 ]
step 447 for state:  [0.         0.15789474 0.32835821]
step 448 for state:  [0.08333333 0.07368421 0.68656716]
step 449 for state:  [0.08333333 0.07368421 0.65671642]
step 450 for state:  [0.08333333 0.07368421 0.6119403 ]
step 451 for state:  [0.08333333 0.07368421 0.64179104]
step 452 for state:  [0.         0.15789474 0.3880597 ]
step 453 for state:  [0.         0.15789474 0.34328358]
step 454 for state:  [0.08333333 0.07368421 0.65671642]
step 455 for state:  [0.08333333 0.07368421 0.64179104]
step 456 for state:  [0.08333333 0.07368421 0.62686567]
step 457 for state:  [0.08333333 0.07368421 0.64179104]
step 458 for state:  [0.08333333 0.07368421 0.56716418]
step 459 for state:  [0.08333333 0.07368421 0.64179104]
step 460 for state:  [0.08333333 0.07368421 0.62686567]
step 461 for state:  [0.08333333 0.07368421 0.64179104]
step 462 for state:  [0.08333333 0.07368421 0.56716418]
step 463 for state:  [0.08333333 0.07368421 0.64179104]
step 464 for state:  [0.08333333 0.07368421 0.62686567]
step 465 for state:  [0.08333333 0.49473684 0.64179104]
step 466 for state:  [0.5        0.15789474 0.56716418]
step 467 for state:  [0.16666667 0.15789474 0.64179104]
step 468 for state:  [0.16666667 0.15789474 0.62686567]
step 469 for state:  [0.16666667 0.49473684 0.64179104]
step 470 for state:  [0.5        0.15789474 0.56716418]
step 471 for state:  [0.16666667 0.15789474 0.64179104]
step 472 for state:  [0.16666667 0.15789474 0.62686567]
step 473 for state:  [0.16666667 0.15789474 0.64179104]
step 474 for state:  [0.16666667 0.15789474 0.62686567]
step 475 for state:  [0.16666667 0.15789474 0.64179104]
step 476 for state:  [0.16666667 0.15789474 0.62686567]
step 477 for state:  [0.16666667 0.15789474 0.64179104]
step 478 for state:  [0.16666667 0.15789474 0.62686567]
step 479 for state:  [0.16666667 0.15789474 0.64179104]
step 480 for state:  [0.16666667 0.15789474 0.62686567]
step 481 for state:  [0.16666667 0.15789474 0.64179104]
step 482 for state:  [0.16666667 0.15789474 0.56716418]
step 483 for state:  [0.16666667 0.15789474 0.6119403 ]
step 484 for state:  [0.16666667 0.15789474 0.58208955]
step 485 for state:  [0.16666667 0.15789474 0.17910448]
step 486 for state:  [0.         0.49473684 0.53731343]
step 487 for state:  [0.16666667 0.15789474 0.28358209]
step 488 for state:  [0.16666667 0.15789474 0.35820896]
step 489 for state:  [0.16666667 0.15789474 0.40298507]
step 490 for state:  [0.16666667 0.15789474 0.46268657]
step 491 for state:  [0.16666667 0.15789474 0.53731343]
step 492 for state:  [0.16666667 0.15789474 0.10447761]
step 493 for state:  [0.         0.49473684 0.56716418]
step 494 for state:  [0.16666667 0.15789474 0.28358209]
step 495 for state:  [0.16666667 0.15789474 0.34328358]
step 496 for state:  [0.16666667 0.15789474 0.46268657]
step 497 for state:  [0.16666667 0.15789474 0.52238806]
step 498 for state:  [0.16666667 0.15789474 0.56716418]
step 499 for state:  [0.16666667 0.15789474 0.17910448]
step 500 for state:  [0.         0.49473684 0.58208955]
step 501 for state:  [0.16666667 0.15789474 0.28358209]
step 502 for state:  [0.16666667 0.15789474 0.35820896]
step 503 for state:  [0.16666667 0.15789474 0.46268657]
step 504 for state:  [0.16666667 0.15789474 0.64179104]
step 505 for state:  [0.16666667 0.15789474 0.62686567]
step 506 for state:  [0.16666667 0.15789474 0.64179104]
step 507 for state:  [0.16666667 0.15789474 0.62686567]
step 508 for state:  [0.16666667 0.15789474 0.64179104]
step 509 for state:  [0.16666667 0.15789474 0.56716418]
step 510 for state:  [0.16666667 0.15789474 0.6119403 ]
step 511 for state:  [0.16666667 0.15789474 0.58208955]
step 512 for state:  [0.16666667 0.15789474 0.17910448]
step 513 for state:  [0.         0.49473684 0.53731343]
step 514 for state:  [0.16666667 0.15789474 0.28358209]
step 515 for state:  [0.16666667 0.15789474 0.35820896]
step 516 for state:  [0.16666667 0.15789474 0.40298507]
step 517 for state:  [0.16666667 0.15789474 0.46268657]
step 518 for state:  [0.16666667 0.15789474 0.53731343]
step 519 for state:  [0.16666667 0.15789474 0.10447761]
step 520 for state:  [0.         0.49473684 0.56716418]
step 521 for state:  [0.16666667 0.15789474 0.28358209]
step 522 for state:  [0.16666667 0.15789474 0.34328358]
step 523 for state:  [0.16666667 0.15789474 0.46268657]
step 524 for state:  [0.16666667 0.15789474 0.58208955]
step 525 for state:  [0.16666667 0.15789474 0.56716418]
step 526 for state:  [0.16666667 0.15789474 0.17910448]
step 527 for state:  [0.         0.49473684 0.53731343]
step 528 for state:  [0.16666667 0.15789474 0.28358209]
step 529 for state:  [0.16666667 0.15789474 0.35820896]
step 530 for state:  [0.33333333 0.15789474 0.64179104]
step 531 for state:  [0.16666667 0.15789474 0.62686567]
step 532 for state:  [0.16666667 0.15789474 0.64179104]
step 533 for state:  [0.16666667 0.15789474 0.62686567]
step 534 for state:  [0.16666667 0.15789474 0.64179104]
step 535 for state:  [0.16666667 0.15789474 0.56716418]
step 536 for state:  [0.16666667 0.15789474 0.6119403 ]
step 537 for state:  [0.16666667 0.15789474 0.58208955]
step 538 for state:  [0.16666667 0.15789474 0.17910448]
step 539 for state:  [0.         0.49473684 0.53731343]
step 540 for state:  [0.16666667 0.15789474 0.28358209]
step 541 for state:  [0.16666667 0.15789474 0.35820896]
step 542 for state:  [0.16666667 0.15789474 0.40298507]
step 543 for state:  [0.16666667 0.15789474 0.46268657]
step 544 for state:  [0.16666667 0.15789474 0.53731343]
step 545 for state:  [0.16666667 0.15789474 0.10447761]
step 546 for state:  [0.         0.49473684 0.56716418]
step 547 for state:  [0.16666667 0.15789474 0.28358209]
step 548 for state:  [0.16666667 0.15789474 0.34328358]
step 549 for state:  [0.16666667 0.15789474 0.46268657]
step 550 for state:  [0.16666667 0.15789474 0.52238806]
step 551 for state:  [0.16666667 0.15789474 0.56716418]
step 552 for state:  [0.16666667 0.15789474 0.17910448]
step 553 for state:  [0.         0.32631579 0.58208955]
step 554 for state:  [0.16666667 0.15789474 0.28358209]
step 555 for state:  [0.16666667 0.15789474 0.35820896]
step 556 for state:  [0.16666667 0.15789474 0.46268657]
step 557 for state:  [0.16666667 0.15789474 0.64179104]
step 558 for state:  [0.16666667 0.15789474 0.62686567]
step 559 for state:  [0.16666667 0.15789474 0.64179104]
step 560 for state:  [0.16666667 0.15789474 0.62686567]
step 561 for state:  [0.16666667 0.15789474 0.64179104]
step 562 for state:  [0.16666667 0.15789474 0.56716418]
step 563 for state:  [0.16666667 0.15789474 0.6119403 ]
step 564 for state:  [0.16666667 0.15789474 0.58208955]
step 565 for state:  [0.16666667 0.15789474 0.17910448]
step 566 for state:  [0.         0.32631579 0.53731343]
step 567 for state:  [0.16666667 0.15789474 0.28358209]
step 568 for state:  [0.16666667 0.15789474 0.35820896]
step 569 for state:  [0.16666667 0.15789474 0.40298507]
step 570 for state:  [0.16666667 0.15789474 0.46268657]
step 571 for state:  [0.16666667 0.15789474 0.53731343]
step 572 for state:  [0.16666667 0.15789474 0.10447761]
step 573 for state:  [0.         0.32631579 0.56716418]
step 574 for state:  [0.16666667 0.15789474 0.28358209]
step 575 for state:  [0.16666667 0.15789474 0.34328358]
step 576 for state:  [0.16666667 0.15789474 0.46268657]
step 577 for state:  [0.16666667 0.15789474 0.58208955]
step 578 for state:  [0.16666667 0.15789474 0.56716418]
step 579 for state:  [0.16666667 0.15789474 0.17910448]
step 580 for state:  [0.         0.32631579 0.53731343]
step 581 for state:  [0.16666667 0.15789474 0.28358209]
step 582 for state:  [0.16666667 0.15789474 0.35820896]
step 583 for state:  [0.16666667 0.15789474 0.56716418]
step 584 for state:  [0.16666667 0.15789474 0.58208955]
step 585 for state:  [0.16666667 0.15789474 0.6119403 ]
step 586 for state:  [0.16666667 0.15789474 0.2238806 ]
step 587 for state:  [0.         0.49473684 0.64179104]
step 588 for state:  [0.16666667 0.15789474 0.32835821]
step 589 for state:  [0.16666667 0.15789474 0.40298507]
step 590 for state:  [0.16666667 0.15789474 0.50746269]
step 591 for state:  [0.16666667 0.15789474 0.65671642]
step 592 for state:  [0.16666667 0.15789474 0.64179104]
step 593 for state:  [0.16666667 0.15789474 0.14925373]
step 594 for state:  [0.         0.49473684 0.6119403 ]
step 595 for state:  [0.16666667 0.15789474 0.32835821]
step 596 for state:  [0.16666667 0.15789474 0.3880597 ]
step 597 for state:  [0.16666667 0.15789474 0.47761194]
step 598 for state:  [0.16666667 0.15789474 0.64179104]
step 599 for state:  [0.16666667 0.15789474 0.6119403 ]
step 600 for state:  [0.16666667 0.15789474 0.17910448]
step 601 for state:  [0.         0.49473684 0.58208955]
step 602 for state:  [0.16666667 0.15789474 0.28358209]
step 603 for state:  [0.16666667 0.15789474 0.35820896]
step 604 for state:  [0.16666667 0.15789474 0.46268657]
step 605 for state:  [0.16666667 0.15789474 0.6119403 ]
step 606 for state:  [0.16666667 0.15789474 0.58208955]
step 607 for state:  [0.16666667 0.15789474 0.10447761]
step 608 for state:  [0.         0.32631579 0.56716418]
step 609 for state:  [0.16666667 0.15789474 0.28358209]
step 610 for state:  [0.16666667 0.15789474 0.46268657]
step 611 for state:  [0.16666667 0.15789474 0.46268657]
step 612 for state:  [0.16666667 0.15789474 0.64179104]
step 613 for state:  [0.16666667 0.15789474 0.46268657]
step 614 for state:  [0.16666667 0.15789474 0.64179104]
step 615 for state:  [0.16666667 0.15789474 0.64179104]
step 616 for state:  [0.16666667 0.15789474 0.82089552]
step 617 for state:  [0.16666667 0.15789474 0.62686567]
step 618 for state:  [0.16666667 0.15789474 0.64179104]
step 619 for state:  [0.16666667 0.15789474 0.62686567]
step 620 for state:  [0.16666667 0.15789474 0.64179104]
step 621 for state:  [0.16666667 0.15789474 0.62686567]
step 622 for state:  [0.16666667 0.15789474 0.64179104]
step 623 for state:  [0.16666667 0.15789474 0.56716418]
step 624 for state:  [0.16666667 0.15789474 0.6119403 ]
step 625 for state:  [0.16666667 0.15789474 0.58208955]
step 626 for state:  [0.16666667 0.15789474 0.17910448]
step 627 for state:  [0.         0.32631579 0.53731343]
step 628 for state:  [0.16666667 0.15789474 0.28358209]
step 629 for state:  [0.16666667 0.15789474 0.35820896]
step 630 for state:  [0.16666667 0.15789474 0.40298507]
step 631 for state:  [0.16666667 0.15789474 0.46268657]
step 632 for state:  [0.16666667 0.15789474 0.53731343]
step 633 for state:  [0.16666667 0.15789474 0.10447761]
step 634 for state:  [0.         0.32631579 0.56716418]
step 635 for state:  [0.16666667 0.15789474 0.28358209]
step 636 for state:  [0.16666667 0.15789474 0.34328358]
step 637 for state:  [0.16666667 0.15789474 0.46268657]
step 638 for state:  [0.16666667 0.15789474 0.52238806]
step 639 for state:  [0.16666667 0.15789474 0.56716418]
step 640 for state:  [0.16666667 0.15789474 0.17910448]
step 641 for state:  [0.         0.32631579 0.58208955]
step 642 for state:  [0.16666667 0.15789474 0.28358209]
step 643 for state:  [0.16666667 0.15789474 0.35820896]
step 644 for state:  [0.16666667 0.15789474 0.46268657]
step 645 for state:  [0.16666667 0.15789474 0.64179104]
step 646 for state:  [0.16666667 0.15789474 0.62686567]
step 647 for state:  [0.16666667 0.15789474 0.64179104]
step 648 for state:  [0.16666667 0.15789474 0.62686567]
step 649 for state:  [0.16666667 0.15789474 0.64179104]
step 650 for state:  [0.16666667 0.15789474 0.56716418]
step 651 for state:  [0.16666667 0.15789474 0.6119403 ]
step 652 for state:  [0.16666667 0.15789474 0.58208955]
step 653 for state:  [0.16666667 0.15789474 0.17910448]
step 654 for state:  [0.         0.32631579 0.53731343]
step 655 for state:  [0.16666667 0.15789474 0.28358209]
step 656 for state:  [0.16666667 0.15789474 0.35820896]
step 657 for state:  [0.16666667 0.15789474 0.40298507]
step 658 for state:  [0.16666667 0.15789474 0.46268657]
step 659 for state:  [0.16666667 0.15789474 0.53731343]
step 660 for state:  [0.16666667 0.15789474 0.10447761]
step 661 for state:  [0.         0.32631579 0.56716418]
step 662 for state:  [0.16666667 0.15789474 0.28358209]
step 663 for state:  [0.16666667 0.15789474 0.34328358]
step 664 for state:  [0.16666667 0.15789474 0.46268657]
step 665 for state:  [0.16666667 0.15789474 0.58208955]
step 666 for state:  [0.16666667 0.15789474 0.56716418]
step 667 for state:  [0.16666667 0.07368421 0.17910448]
step 668 for state:  [0.         0.32631579 0.53731343]
step 669 for state:  [0.16666667 0.07368421 0.17910448]
step 670 for state:  [0.16666667 0.07368421 0.17910448]
step 671 for state:  [0.16666667 0.07368421 0.17910448]
step 672 for state:  [0.16666667 0.07368421 0.17910448]
step 673 for state:  [0.16666667 0.07368421 0.17910448]
step 674 for state:  [0.16666667 0.07368421 0.17910448]
step 675 for state:  [0.         1.         0.46268657]
step 676 for state:  [0.         1.         0.50746269]
step 677 for state:  [0.         1.         0.55223881]
step 678 for state:  [0.         1.         0.59701493]
step 679 for state:  [0.16666667 0.07368421 0.17910448]
step 680 for state:  [0.16666667 0.07368421 0.17910448]
step 681 for state:  [0.16666667 0.07368421 0.17910448]
step 682 for state:  [0.16666667 0.07368421 0.17910448]
step 683 for state:  [0.16666667 0.07368421 0.17910448]
step 684 for state:  [0.16666667 0.07368421 0.17910448]
step 685 for state:  [0.         0.66315789 0.53731343]
step 686 for state:  [0.         0.66315789 0.47761194]
step 687 for state:  [0.         0.66315789 0.6119403 ]
step 688 for state:  [0.16666667 0.07368421 0.17910448]
step 689 for state:  [0.16666667 0.07368421 0.17910448]
step 690 for state:  [0.16666667 0.07368421 0.17910448]
step 691 for state:  [0.16666667 0.07368421 0.17910448]
step 692 for state:  [0.         0.15789474 0.64179104]
step 693 for state:  [0.         0.15789474 0.59701493]
step 694 for state:  [0.16666667 0.07368421 0.17910448]
step 695 for state:  [0.         0.15789474 0.65671642]
step 696 for state:  [0.         0.15789474 0.6119403 ]
step 697 for state:  [0.16666667 0.07368421 0.17910448]
step 698 for state:  [0.         0.66315789 0.52238806]
step 699 for state:  [0.         0.66315789 0.6119403 ]
step 700 for state:  [0.         0.66315789 0.65671642]
step 701 for state:  [0.16666667 0.07368421 0.17910448]
step 702 for state:  [0.16666667 0.07368421 0.17910448]
step 703 for state:  [0.16666667 0.07368421 0.17910448]
step 704 for state:  [0.16666667 0.07368421 0.17910448]
step 705 for state:  [0.         0.32631579 0.52238806]
step 706 for state:  [0.         0.32631579 0.6119403 ]
step 707 for state:  [0.         0.32631579 0.65671642]
step 708 for state:  [0.16666667 0.07368421 0.17910448]
step 709 for state:  [0.16666667 0.07368421 0.17910448]
step 710 for state:  [0.         1.         0.64179104]
step 711 for state:  [0.         1.         0.58208955]
step 712 for state:  [0.         1.         0.53731343]
step 713 for state:  [0.16666667 0.07368421 0.17910448]
step 714 for state:  [0.16666667 0.07368421 0.17910448]
step 715 for state:  [0.16666667 0.07368421 0.17910448]
step 716 for state:  [0.16666667 0.07368421 0.17910448]
step 717 for state:  [0.16666667 0.07368421 0.17910448]
step 718 for state:  [0.16666667 0.07368421 0.07462687]
step 719 for state:  [0.         0.07368421 0.17910448]
step 720 for state:  [0.         0.66315789 0.47761194]
step 721 for state:  [0.         0.66315789 0.6119403 ]
step 722 for state:  [0.16666667 0.07368421 0.07462687]
step 723 for state:  [0.         0.07368421 0.17910448]
step 724 for state:  [0.16666667 0.07368421 0.07462687]
step 725 for state:  [0.         0.07368421 0.17910448]
step 726 for state:  [0.16666667 0.07368421 0.07462687]
step 727 for state:  [0.         0.07368421 0.17910448]
step 728 for state:  [0.16666667 0.07368421 0.07462687]
step 729 for state:  [0.         0.07368421 0.17910448]
step 730 for state:  [0.         0.15789474 0.46268657]
step 731 for state:  [0.         0.15789474 0.58208955]
step 732 for state:  [0.16666667 0.07368421 0.07462687]
step 733 for state:  [0.         0.07368421 0.17910448]
step 734 for state:  [0.         0.15789474 0.43283582]
step 735 for state:  [0.         0.15789474 0.56716418]
step 736 for state:  [0.16666667 0.07368421 0.17910448]
step 737 for state:  [0.         0.07368421 0.08955224]
step 738 for state:  [0.         0.66315789 0.53731343]
step 739 for state:  [0.         0.66315789 0.49253731]
step 740 for state:  [0.         0.66315789 0.40298507]
step 741 for state:  [0.16666667 0.03157895 0.08955224]
step 742 for state:  [0.         0.07368421 0.17910448]
step 743 for state:  [0.16666667 0.03157895 0.08955224]
step 744 for state:  [0.         0.07368421 0.17910448]
step 745 for state:  [0.16666667 0.         0.08955224]
step 746 for state:  [0.         0.07368421 0.17910448]
step 747 for state:  [0.16666667 0.03157895 0.08955224]
step 748 for state:  [0.         0.07368421 0.17910448]
step 749 for state:  [0.         0.32631579 0.53731343]
step 750 for state:  [0.         0.32631579 0.40298507]
step 751 for state:  [0.16666667 0.03157895 0.08955224]
step 752 for state:  [0.         0.07368421 0.17910448]
step 753 for state:  [0.16666667 0.07368421 0.10447761]
step 754 for state:  [0.         0.07368421 0.17910448]
step 755 for state:  [0.         0.32631579 0.40298507]
step 756 for state:  [0.         0.32631579 0.53731343]
step 757 for state:  [0.16666667 0.07368421 0.10447761]
step 758 for state:  [0.         0.07368421 0.17910448]
step 759 for state:  [0.16666667 0.07368421 0.10447761]
step 760 for state:  [0.         0.07368421 0.17910448]
step 761 for state:  [0.         0.32631579 0.46268657]
step 762 for state:  [0.         0.32631579 0.58208955]
step 763 for state:  [0.16666667 0.07368421 0.10447761]
step 764 for state:  [0.         0.07368421 0.17910448]
step 765 for state:  [0.16666667 0.07368421 0.10447761]
step 766 for state:  [0.         0.07368421 0.1641791 ]
step 767 for state:  [0.         0.32631579 0.43283582]
step 768 for state:  [0.         0.32631579 0.56716418]
step 769 for state:  [0.16666667 0.07368421 0.10447761]
step 770 for state:  [0.         0.07368421 0.1641791 ]
step 771 for state:  [0.16666667 0.07368421 0.        ]
step 772 for state:  [0.         0.07368421 0.17910448]
step 773 for state:  [0.         1.         0.40298507]
step 774 for state:  [0.         1.         0.53731343]
step 775 for state:  [0.16666667 0.07368421 0.17910448]
step 776 for state:  [0.16666667 0.07368421 0.17910448]
step 777 for state:  [0.16666667 0.07368421 0.17910448]
step 778 for state:  [0.16666667 0.07368421 0.17910448]
step 779 for state:  [0.16666667 0.07368421 0.17910448]
step 780 for state:  [0.16666667 0.07368421 0.17910448]
step 781 for state:  [0.         1.         0.46268657]
step 782 for state:  [0.         1.         0.59701493]
step 783 for state:  [0.         1.         0.55223881]
step 784 for state:  [0.         1.         0.50746269]
step 785 for state:  [0.16666667 0.07368421 0.17910448]
step 786 for state:  [0.16666667 0.07368421 0.17910448]
step 787 for state:  [0.16666667 0.07368421 0.17910448]
step 788 for state:  [0.16666667 0.07368421 0.17910448]
step 789 for state:  [0.16666667 0.07368421 0.17910448]
step 790 for state:  [0.16666667 0.07368421 0.17910448]
step 791 for state:  [0.         0.66315789 0.47761194]
step 792 for state:  [0.         0.66315789 0.53731343]
step 793 for state:  [0.         0.66315789 0.6119403 ]
step 794 for state:  [0.16666667 0.07368421 0.17910448]
step 795 for state:  [0.16666667 0.07368421 0.17910448]
step 796 for state:  [0.16666667 0.07368421 0.17910448]
step 797 for state:  [0.16666667 0.07368421 0.17910448]
step 798 for state:  [0.         0.15789474 0.64179104]
step 799 for state:  [0.         0.15789474 0.59701493]
what the last state is: (0.0, 0.15789473684210525, 0.6417910447761194)
Priming last state (offset) to start from:  75.82089552238806
Priming last state (duration) to start from:  0.25
Priming complete
FORECASTING: step 0 for state:  [0.         0.15789474 0.59701493]
FORECASTING: step 1 for state:  [0.19753624 1.         0.24445533]
FORECASTING: step 2 for state:  [0.11049789 0.         0.20892516]
FORECASTING: step 3 for state:  [0.07985576 1.         0.06759496]
FORECASTING: step 4 for state:  [0.03686268 1.         0.05300701]
FORECASTING: step 5 for state:  [0.02246742 0.41022316 0.01017057]
FORECASTING: step 6 for state:  [0.0081595  0.01966297 0.00739269]
FORECASTING: step 7 for state:  [0.00388805 0.12360821 0.00559154]
FORECASTING: step 8 for state:  [0.0023699  0.01778798 0.00165603]
FORECASTING: step 9 for state:  [0.00100648 0.00820968 0.00117749]
FORECASTING: step 10 for state:  [0.00054599 0.01118689 0.00065136]
FORECASTING: step 11 for state:  [0.00029934 0.00392813 0.00018647]
FORECASTING: step 12 for state:  [1.21450910e-04 2.29011723e-03 9.98182201e-05]
FORECASTING: step 13 for state:  [5.53172826e-05 1.98057564e-04 4.82627484e-05]
FORECASTING: step 14 for state:  [2.58950077e-05 7.45841952e-04 3.03700129e-05]
FORECASTING: step 15 for state:  [1.40662552e-05 5.36684521e-04 1.06089250e-05]
FORECASTING: step 16 for state:  [6.16879504e-06 1.76904020e-04 7.20258831e-06]
FORECASTING: step 17 for state:  [3.34284584e-06 4.90666031e-05 3.96353847e-06]
FORECASTING: step 18 for state:  [1.82659608e-06 2.86048932e-05 1.13837892e-06]
FORECASTING: step 19 for state:  [7.41243750e-07 7.18300935e-06 8.92577482e-07]
FORECASTING: step 20 for state:  [4.08455308e-07 8.96815215e-06 4.84784130e-07]
FORECASTING: step 21 for state:  [2.23309859e-07 3.47306670e-06 1.76982125e-07]
FORECASTING: step 22 for state:  [1.00072996e-07 2.05396889e-07 7.45445394e-08]
FORECASTING: step 23 for state:  [4.36543839e-08 9.42220141e-07 5.29319815e-08]
FORECASTING: step 24 for state:  [2.41465913e-08 5.66039797e-07 2.80817542e-08]
FORECASTING: step 25 for state:  [1.30570864e-08 3.32720263e-07 1.48016947e-08]
FORECASTING: step 26 for state:  [6.96469526e-09 2.19386253e-07 5.45553330e-09]
FORECASTING: step 27 for state:  [3.10505714e-09 1.21873878e-08 2.28898924e-09]
FORECASTING: step 28 for state:  [1.34851160e-09 0.00000000e+00 1.25418897e-09]
FORECASTING: step 29 for state:  [6.50675142e-10 1.56074297e-08 5.41851779e-10]
FORECASTING: step 30 for state:  [2.98131730e-10 3.86152332e-09 2.37201718e-10]
FORECASTING: step 31 for state:  [1.33833362e-10 2.04457036e-09 1.49065865e-10]
FORECASTING: step 32 for state:  [7.07248067e-11 1.85699669e-09 5.20526257e-11]
FORECASTING: step 33 for state:  [3.06943581e-11 4.07348921e-10 3.53429294e-11]
FORECASTING: step 34 for state:  [1.65093219e-11 6.57603376e-11 1.41899047e-11]
FORECASTING: step 35 for state:  [7.67480665e-12 1.62897671e-10 8.77866463e-12]
FORECASTING: step 36 for state:  [4.11336782e-12 5.27266198e-11 3.08153520e-12]
FORECASTING: step 37 for state:  [1.79872576e-12 1.33970400e-11 2.08943414e-12]
FORECASTING: step 38 for state:  [9.72039974e-13 8.62951886e-13 5.82317962e-13]
FORECASTING: step 39 for state:  [3.88589484e-13 1.52902078e-11 3.09328255e-13]
FORECASTING: step 40 for state:  [1.74479435e-13 4.69717556e-12 2.18652368e-13]
FORECASTING: step 41 for state:  [9.82829506e-14 4.53223085e-13 1.11526560e-13]
FORECASTING: step 42 for state:  [5.24523777e-14 7.32588402e-13 6.00464400e-14]
FORECASTING: step 43 for state:  [2.81247044e-14 4.39869529e-14 3.23688733e-14]
FORECASTING: step 44 for state:  [1.51233944e-14 3.38693310e-13 1.73406258e-14]
FORECASTING: step 45 for state:  [8.11600506e-15 9.61538457e-14 9.31949124e-15]
FORECASTING: step 46 for state:  [4.35887407e-15 1.05356991e-13 5.00321468e-15]
FORECASTING: step 47 for state:  [2.34052219e-15 1.88783587e-14 1.83327187e-15]
FORECASTING: step 48 for state:  [1.04344852e-15 2.63657302e-16 9.84372756e-16]
FORECASTING: step 49 for state:  [5.06955318e-16 1.60997742e-14 5.91996930e-16]
FORECASTING: step 50 for state:  [2.74738062e-16 2.03471547e-15 1.95423345e-16]
FORECASTING: step 51 for state:  [1.17540352e-16 1.19800174e-15 1.86224867e-16]
FORECASTING: step 52 for state:  [7.59413047e-17 2.43742220e-16 4.83704141e-17]
FORECASTING: step 53 for state:  [3.10779297e-17 2.92404358e-16 3.48182184e-17]
FORECASTING: step 54 for state:  [1.64740370e-17 0.00000000e+00 2.02852964e-17]
FORECASTING: step 55 for state:  [9.18983336e-18 2.41169975e-16 1.11322040e-17]
FORECASTING: step 56 for state:  [5.08050933e-18 5.96201309e-17 5.07132410e-18]
FORECASTING: step 57 for state:  [2.53795836e-18 4.72546600e-17 1.83718667e-18]
FORECASTING: step 58 for state:  [1.09378626e-18 2.55775007e-17 9.18019256e-19]
FORECASTING: step 59 for state:  [5.02951378e-19 9.21932391e-18 5.90691359e-19]
FORECASTING: step 60 for state:  [2.73410684e-19 4.56354606e-18 3.19837330e-19]
FORECASTING: step 61 for state:  [1.48312004e-19 1.72969483e-18 8.81804707e-20]
FORECASTING: step 62 for state:  [5.91231186e-20 1.85535096e-19 6.20247839e-20]
FORECASTING: step 63 for state:  [3.02869756e-20 7.14808730e-19 2.72541712e-20]
FORECASTING: step 64 for state:  [1.43852867e-20 4.08486486e-19 1.11662482e-20]
FORECASTING: step 65 for state:  [6.38788373e-21 1.46056788e-19 7.74681446e-21]
FORECASTING: step 66 for state:  [3.53367455e-21 1.11849604e-19 2.15631867e-21]
FORECASTING: step 67 for state:  [1.42249830e-21 3.16437538e-20 1.68190410e-21]
FORECASTING: step 68 for state:  [7.76100602e-22 8.86174704e-21 5.55245943e-22]
FORECASTING: step 69 for state:  [3.32836636e-22 1.72341070e-21 3.93646517e-22]
FORECASTING: step 70 for state:  [1.81620788e-22 3.07941607e-23 1.06798762e-22]
FORECASTING: step 71 for state:  [7.21048877e-23 9.53067754e-22 8.38996894e-23]
FORECASTING: step 72 for state:  [3.90011443e-23 1.06009835e-21 4.74037431e-23]
FORECASTING: step 73 for state:  [2.16012218e-23 4.21420279e-22 2.40071276e-23]
FORECASTING: step 74 for state:  [1.14020874e-23 1.85398483e-22 1.32381824e-23]
FORECASTING: step 75 for state:  [6.16006745e-24 3.51986063e-24 4.80999109e-24]
FORECASTING: step 76 for state:  [2.74251463e-24 9.33672424e-23 2.22564541e-24]
FORECASTING: step 77 for state:  [1.24204001e-24 3.19568819e-23 1.92766856e-24]
FORECASTING: step 78 for state:  [7.92427144e-25 1.02734973e-23 8.98199961e-25]
FORECASTING: step 79 for state:  [4.22656776e-25 4.76607345e-24 3.45029275e-25]
FORECASTING: step 80 for state:  [1.91921513e-25 2.72347260e-24 2.28652135e-25]
FORECASTING: step 81 for state:  [1.05143412e-25 1.59449055e-24 7.42662313e-26]
FORECASTING: step 82 for state:  [4.48524108e-26 0.00000000e+00 4.16593457e-26]
FORECASTING: step 83 for state:  [2.16279391e-26 9.49305112e-25 2.62777158e-26]
FORECASTING: step 84 for state:  [1.19764137e-26 1.53957787e-25 8.40108821e-27]
FORECASTING: step 85 for state:  [5.09437549e-27 1.27385423e-25 5.52810735e-27]
FORECASTING: step 86 for state:  [2.65562071e-27 3.21535240e-26 3.92921458e-27]
FORECASTING: step 87 for state:  [1.64620882e-27 1.41010691e-26 1.16778713e-27]
FORECASTING: step 88 for state:  [7.03498988e-28 6.83904646e-28 6.97133923e-28]
FORECASTING: step 89 for state:  [3.50158228e-28 5.86910916e-27 4.21553657e-28]
FORECASTING: step 90 for state:  [1.92927971e-28 2.36248344e-27 2.19047801e-28]
FORECASTING: step 91 for state:  [1.02993943e-28 4.33344551e-28 1.18348875e-28]
FORECASTING: step 92 for state:  [5.53357044e-29 9.26765524e-28 3.39677510e-29]
FORECASTING: step 93 for state:  [2.23258638e-29 9.29953887e-29 1.94153921e-29]
FORECASTING: step 94 for state:  [1.04353140e-29 3.74495130e-28 8.80002668e-30]
FORECASTING: step 95 for state:  [4.80883516e-30 1.11913486e-28 5.61347534e-30]
FORECASTING: step 96 for state:  [2.60557763e-30 7.52040883e-29 1.95337050e-30]
FORECASTING: step 97 for state:  [1.13973703e-30 1.88599758e-29 9.36328665e-31]
FORECASTING: step 98 for state:  [5.19016424e-31 1.13391281e-29 3.69450890e-31]
FORECASTING: step 99 for state:  [2.22116829e-31 2.03546390e-30 2.64375144e-31]
FORECASTING: step 100 for state:  [1.21622993e-31 0.00000000e+00 8.91844667e-32]
FORECASTING: step 101 for state:  [5.27018650e-32 1.58299510e-30 5.30060483e-32]
FORECASTING: step 102 for state:  [2.64269783e-32 4.39806003e-31 1.69381619e-32]
FORECASTING: step 103 for state:  [1.08412850e-32 1.41226766e-31 1.27226329e-32]
FORECASTING: step 104 for state:  [5.89097948e-33 1.46949180e-31 7.07232867e-33]
FORECASTING: step 105 for state:  [3.24082704e-33 5.83482201e-32 3.62307005e-33]
FORECASTING: step 106 for state:  [1.71597427e-33 2.52313422e-32 1.34778806e-33]
FORECASTING: step 107 for state:  [7.65940582e-34 4.92951189e-34 5.76292690e-34]
FORECASTING: step 108 for state:  [3.35558318e-34 7.97646765e-33 2.75374725e-34]
FORECASTING: step 109 for state:  [1.52733261e-34 5.40477387e-33 1.11104921e-34]
FORECASTING: step 110 for state:  [6.59595455e-35 2.23162069e-33 7.95672164e-35]
FORECASTING: step 111 for state:  [3.63816905e-35 6.25604704e-34 2.87777085e-35]
FORECASTING: step 112 for state:  [1.62898498e-35 2.97997052e-34 1.56043514e-35]
FORECASTING: step 113 for state:  [7.97355029e-36 9.18943301e-35 9.60078249e-36]
FORECASTING: step 114 for state:  [4.39358320e-36 8.39900181e-35 2.60469513e-36]
FORECASTING: step 115 for state:  [1.74956958e-36 2.04957690e-35 2.09508959e-36]
FORECASTING: step 116 for state:  [9.61164792e-37 0.00000000e+00 1.14938374e-36]
FORECASTING: step 117 for state:  [5.27637133e-37 1.35905696e-35 5.89930495e-37]
FORECASTING: step 118 for state:  [2.79391907e-37 5.61542383e-36 4.34828559e-37]
FORECASTING: step 119 for state:  [1.78555116e-37 2.32452772e-36 1.86739060e-37]
FORECASTING: step 120 for state:  [9.13235442e-38 1.27765688e-36 7.54707956e-38]
FORECASTING: step 121 for state:  [4.16985849e-38 2.46945201e-37 3.83560794e-38]
FORECASTING: step 122 for state:  [2.00136661e-38 2.29407530e-37 2.38949644e-38]
FORECASTING: step 123 for state:  [1.09771576e-38 0.00000000e+00 8.37099606e-39]
FORECASTING: step 124 for state:  [4.83703842e-39 1.27577276e-37 5.67893331e-39]
FORECASTING: step 125 for state:  [2.62899293e-39 9.78622376e-38 1.78003548e-39]
FORECASTING: step 126 for state:  [1.10225710e-39 4.88066159e-38 1.26187804e-39]
FORECASTING: step 127 for state:  [5.91033785e-40 1.83137369e-38 4.26721727e-40]
FORECASTING: step 128 for state:  [3.53410009e-39 0.00000000e+00 0.00000000e+00]
FORECASTING: step 129 for state:  [9.16567672e-38 0.00000000e+00 0.00000000e+00]
FORECASTING: step 130 for state:  [1. 0. 0.]
FORECASTING: step 131 for state:  [1. 0. 0.]
FORECASTING: step 132 for state:  [1. 0. 0.]
FORECASTING: step 133 for state:  [1. 0. 0.]
FORECASTING: step 134 for state:  [0.51064623 0.         0.        ]
FORECASTING: step 135 for state:  [0.38085938 0.         0.        ]
FORECASTING: step 136 for state:  [1. 0. 0.]
FORECASTING: step 137 for state:  [1. 0. 0.]
FORECASTING: step 138 for state:  [1.47758446e-40 1.00000000e+00 3.65531172e-01]
FORECASTING: step 139 for state:  [0.09138279 0.         0.1394414 ]
FORECASTING: step 140 for state:  [1. 0. 0.]
FORECASTING: step 141 for state:  [0. 0. 0.]
FORECASTING: step 142 for state:  [1. 0. 0.]
FORECASTING: step 143 for state:  [1. 0. 0.]
FORECASTING: step 144 for state:  [0. 0. 0.]
FORECASTING: step 145 for state:  [0. 0. 0.]
FORECASTING: step 146 for state:  [0.38249322 0.         0.        ]
FORECASTING: step 147 for state:  [0. 0. 0.]
FORECASTING: step 148 for state:  [0.0228457  1.         0.01157934]
FORECASTING: step 149 for state:  [1. 0. 0.]
FORECASTING: step 150 for state:  [0. 0. 0.]
FORECASTING: step 151 for state:  [0.25001956 0.         0.        ]
FORECASTING: step 152 for state:  [0. 0. 0.]
FORECASTING: step 153 for state:  [0.00571142 0.67407765 0.01171967]
FORECASTING: step 154 for state:  [0.00435777 0.50111416 0.00728769]
FORECASTING: step 155 for state:  [0.00291137 0.02443406 0.00253585]
FORECASTING: step 156 for state:  [0.03309395 0.         0.        ]
FORECASTING: step 157 for state:  [0.00072784 0.28102062 0.00836389]
FORECASTING: step 158 for state:  [0.00227293 0.         0.00634189]
FORECASTING: step 159 for state:  [0.0021537  0.         0.00270499]
FORECASTING: step 160 for state:  [0.00121467 0.02429076 0.00174886]
FORECASTING: step 161 for state:  [0.00074088 0.         0.0009778 ]
FORECASTING: step 162 for state:  [0.00042967 0.01247532 0.00058106]
FORECASTING: step 163 for state:  [0.00025268 0.00736138 0.0001653 ]
FORECASTING: step 164 for state:  [0.0001045  0.00301915 0.00011794]
FORECASTING: step 165 for state:  [5.56100472e-05 8.41514783e-05 6.93036025e-05]
FORECASTING: step 166 for state:  [3.12284124e-05 9.49287272e-04 2.46974508e-05]
FORECASTING: step 167 for state:  [1.39814658e-05 3.82252279e-04 1.66802006e-05]
FORECASTING: step 168 for state:  [7.66541659e-06 2.60428386e-04 8.94250868e-06]
FORECASTING: step 169 for state:  [4.15198132e-06 7.92993364e-05 4.70654991e-06]
FORECASTING: step 170 for state:  [2.21463281e-06 7.91500231e-06 2.55507920e-06]
FORECASTING: step 171 for state:  [1.19242800e-06 3.46350064e-05 1.36681524e-06]
FORECASTING: step 172 for state:  [6.39810809e-07 6.45725740e-06 3.92924742e-07]
FORECASTING: step 173 for state:  [2.58183888e-07 5.69540736e-06 3.09006202e-07]
FORECASTING: step 174 for state:  [1.41797523e-07 1.91014497e-06 2.06338451e-07]
FORECASTING: step 175 for state:  [8.70339933e-08 1.45855534e-06 6.15829175e-08]
FORECASTING: step 176 for state:  [3.71542277e-08 1.18908183e-07 4.36876119e-08]
FORECASTING: step 177 for state:  [2.02104599e-08 7.58726609e-07 1.20296961e-08]
FORECASTING: step 178 for state:  [8.06003901e-09 2.51797883e-07 9.43060861e-09]
FORECASTING: step 179 for state:  [4.37266190e-09 1.01470296e-07 5.29317325e-09]
FORECASTING: step 180 for state:  [2.41645879e-09 2.10212205e-08 1.64041468e-09]
FORECASTING: step 181 for state:  [1.01421837e-09 2.03530983e-08 8.03729436e-10]
FORECASTING: step 182 for state:  [4.54486951e-10 5.11693974e-09 3.53361961e-10]
FORECASTING: step 183 for state:  [2.01962228e-10 0.00000000e+00 2.40399034e-10]
FORECASTING: step 184 for state:  [1.10590315e-10 3.98400918e-09 1.29386548e-10]
FORECASTING: step 185 for state:  [5.99942160e-11 4.05488897e-10 4.97738771e-11]
FORECASTING: step 186 for state:  [2.74420233e-11 5.01387711e-10 2.88223434e-11]
FORECASTING: step 187 for state:  [1.40660917e-11 8.24588532e-11 8.58847949e-12]
FORECASTING: step 188 for state:  [5.66364279e-12 5.36384644e-11 6.52762963e-12]
FORECASTING: step 189 for state:  [1. 0. 0.]
FORECASTING: step 190 for state:  [1.4159107e-12 1.0000000e+00 5.0000000e-01]
FORECASTING: step 191 for state:  [1. 0. 0.]
FORECASTING: step 192 for state:  [0.09375 0.      0.     ]
FORECASTING: step 193 for state:  [1. 0. 0.]
FORECASTING: step 194 for state:  [0.453125 0.       0.      ]
FORECASTING: step 195 for state:  [0. 0. 0.]
FORECASTING: step 196 for state:  [0.42773438 0.         0.        ]
FORECASTING: step 197 for state:  [0.8487854 0.        0.       ]
FORECASTING: step 198 for state:  [0.21219635 0.         0.        ]
FORECASTING: step 199 for state:  [1. 0. 0.]
FORECASTING: step 200 for state:  [0. 0. 0.]
FORECASTING: step 201 for state:  [0. 0. 0.]
FORECASTING: step 202 for state:  [1. 0. 0.]
FORECASTING: step 203 for state:  [0. 0. 0.]
FORECASTING: step 204 for state:  [1. 0. 0.]
FORECASTING: step 205 for state:  [0. 0. 0.]
FORECASTING: step 206 for state:  [1. 0. 0.]
FORECASTING: step 207 for state:  [3.53977674e-13 1.00000000e+00 3.67668201e-01]
FORECASTING: step 208 for state:  [0.09191705 1.         0.1176682 ]
FORECASTING: step 209 for state:  [1. 0. 0.]
FORECASTING: step 210 for state:  [1. 0. 0.]
FORECASTING: step 211 for state:  [0. 0. 0.]
FORECASTING: step 212 for state:  [0.02297926 1.         0.04746387]
FORECASTING: step 213 for state:  [0.01761078 0.84099651 0.01761078]
FORECASTING: step 214 for state:  [1. 0. 0.]
FORECASTING: step 215 for state:  [0. 0. 0.]
FORECASTING: step 216 for state:  [0.00332711 0.         0.        ]
FORECASTING: step 217 for state:  [0.07396612 0.         0.        ]
FORECASTING: step 218 for state:  [0.0044027  0.12316986 0.02216666]
FORECASTING: step 219 for state:  [0.00664234 0.19555701 0.01034644]
FORECASTING: step 220 for state:  [0.00424719 0.         0.00359634]
FORECASTING: step 221 for state:  [0. 0. 0.]
FORECASTING: step 222 for state:  [0.07536613 0.         0.        ]
FORECASTING: step 223 for state:  [0.0010618  0.32837635 0.03760092]
FORECASTING: step 224 for state:  [0.00966568 0.38964404 0.01435553]
FORECASTING: step 225 for state:  [1. 0. 0.]
FORECASTING: step 226 for state:  [0.55353843 0.         0.        ]
FORECASTING: step 227 for state:  [1. 0. 0.]
FORECASTING: step 228 for state:  [0. 0. 0.]
FORECASTING: step 229 for state:  [1. 0. 0.]
FORECASTING: step 230 for state:  [0.00241642 1.         0.26443586]
FORECASTING: step 231 for state:  [0.06671307 1.         0.12560411]
FORECASTING: step 232 for state:  [0.49996244 0.         0.        ]
FORECASTING: step 233 for state:  [1. 0. 0.]
FORECASTING: step 234 for state:  [0.01667827 1.         0.47070547]
FORECASTING: step 235 for state:  [0.12184594 1.         0.1770223 ]
FORECASTING: step 236 for state:  [0.07471706 0.68327469 0.06196536]
FORECASTING: step 237 for state:  [0.05011967 0.         0.        ]
FORECASTING: step 238 for state:  [0.55755083 0.         0.        ]
FORECASTING: step 239 for state:  [1. 0. 0.]
FORECASTING: step 240 for state:  [0.01867926 1.         0.3578606 ]
FORECASTING: step 241 for state:  [0. 0. 0.]
FORECASTING: step 242 for state:  [1. 0. 0.]
FORECASTING: step 243 for state:  [1. 0. 0.]
FORECASTING: step 244 for state:  [0. 0. 0.]
FORECASTING: step 245 for state:  [0.61132291 0.         0.        ]
FORECASTING: step 246 for state:  [0. 0. 0.]
FORECASTING: step 247 for state:  [1. 0. 0.]
FORECASTING: step 248 for state:  [0. 0. 0.]
FORECASTING: step 249 for state:  [0.00466982 1.         0.06029588]
FORECASTING: step 250 for state:  [0.01624142 0.         0.03131539]
FORECASTING: step 251 for state:  [0.24118078 0.         0.        ]
FORECASTING: step 252 for state:  [0.01507397 0.         0.        ]
FORECASTING: step 253 for state:  [0. 0. 0.]
FORECASTING: step 254 for state:  [1. 0. 0.]
FORECASTING: step 255 for state:  [0.66972122 0.         0.        ]
FORECASTING: step 256 for state:  [0.97104829 0.         0.        ]
FORECASTING: step 257 for state:  [1. 0. 0.]
FORECASTING: step 258 for state:  [0.00406036 1.         0.34793909]
FORECASTING: step 259 for state:  [0.08799986 0.         0.04896954]
FORECASTING: step 260 for state:  [0.03424235 0.45319653 0.05598854]
FORECASTING: step 261 for state:  [0.02255772 0.65437808 0.03105487]
FORECASTING: step 262 for state:  [1. 0. 0.]
FORECASTING: step 263 for state:  [1. 0. 0.]
FORECASTING: step 264 for state:  [0. 0. 0.]
FORECASTING: step 265 for state:  [0.5 0.  0. ]
FORECASTING: step 266 for state:  [0.95306581 0.         0.        ]
FORECASTING: step 267 for state:  [0. 0. 0.]
FORECASTING: step 268 for state:  [0.74311418 0.         0.        ]
FORECASTING: step 269 for state:  [0.20995163 0.         0.        ]
FORECASTING: step 270 for state:  [0. 0. 0.]
FORECASTING: step 271 for state:  [1. 0. 0.]
FORECASTING: step 272 for state:  [1. 0. 0.]
FORECASTING: step 273 for state:  [0.48906328 0.         0.        ]
FORECASTING: step 274 for state:  [1. 0. 0.]
FORECASTING: step 275 for state:  [0.00563943 1.         0.4811614 ]
FORECASTING: step 276 for state:  [0.3844193 0.        0.       ]
FORECASTING: step 277 for state:  [1. 0. 0.]
FORECASTING: step 278 for state:  [1. 0. 0.]
FORECASTING: step 279 for state:  [0.00140986 1.         0.3056125 ]
FORECASTING: step 280 for state:  [1. 0. 0.]
FORECASTING: step 281 for state:  [1. 0. 0.]
FORECASTING: step 282 for state:  [3.52464431e-04 1.00000000e+00 3.15515276e-01]
FORECASTING: step 283 for state:  [0.07896694 0.         0.04612118]
FORECASTING: step 284 for state:  [0.03127203 0.00655038 0.03536673]
FORECASTING: step 285 for state:  [0.01665969 0.64960785 0.02549587]
FORECASTING: step 286 for state:  [0.01053889 0.         0.00429219]
FORECASTING: step 287 for state:  [0.00370777 0.00287542 0.00364414]
FORECASTING: step 288 for state:  [0.00183798 0.06758867 0.00105312]
FORECASTING: step 289 for state:  [1. 0. 0.]
FORECASTING: step 290 for state:  [0. 0. 0.]
FORECASTING: step 291 for state:  [1. 0. 0.]
FORECASTING: step 292 for state:  [1. 0. 0.]
FORECASTING: step 293 for state:  [0.00120994 0.         0.        ]
FORECASTING: step 294 for state:  [0.00120994 0.         0.        ]
FORECASTING: step 295 for state:  [0.00060497 0.         0.        ]
FORECASTING: step 296 for state:  [1. 0. 0.]
FORECASTING: step 297 for state:  [1. 0. 0.]
FORECASTING: step 298 for state:  [0.24713071 0.         0.        ]
Simulation complete..
