LOADED TRAINER
LOADED GEN NUMBER:  2018
<tpg.team.Team object at 0x14867b90e950>
-21.708770606165295
[<tpg.learner.Learner object at 0x14867b90ea10>, <tpg.learner.Learner object at 0x14867b90efb0>, <tpg.learner.Learner object at 0x14867b90f520>, <tpg.learner.Learner object at 0x14867b90fa60>, <tpg.learner.Learner object at 0x14867b90feb0>, <tpg.learner.Learner object at 0x14867b924460>, <tpg.learner.Learner object at 0x14867b924a00>, <tpg.learner.Learner object at 0x14867b924e50>, <tpg.learner.Learner object at 0x14867b9253c0>, <tpg.learner.Learner object at 0x14867b925900>]
{'main': -21.63199022257878}
---------------
step 0 for state:  [0.         0.15789474 0.64179104]
step 1 for state:  [0.16666667 0.15789474 0.62686567]
step 2 for state:  [0.16666667 0.15789474 0.64179104]
step 3 for state:  [0.16666667 0.15789474 0.62686567]
step 4 for state:  [0.16666667 0.15789474 0.64179104]
step 5 for state:  [0.16666667 0.15789474 0.56716418]
step 6 for state:  [0.16666667 0.15789474 0.6119403 ]
step 7 for state:  [0.16666667 0.15789474 0.58208955]
step 8 for state:  [0.16666667 0.15789474 0.17910448]
step 9 for state:  [0.         0.49473684 0.53731343]
step 10 for state:  [0.16666667 0.15789474 0.28358209]
step 11 for state:  [0.16666667 0.15789474 0.35820896]
step 12 for state:  [0.16666667 0.15789474 0.40298507]
step 13 for state:  [0.16666667 0.15789474 0.46268657]
step 14 for state:  [0.16666667 0.15789474 0.53731343]
step 15 for state:  [0.16666667 0.15789474 0.10447761]
step 16 for state:  [0.         0.49473684 0.56716418]
step 17 for state:  [0.16666667 0.15789474 0.28358209]
step 18 for state:  [0.16666667 0.15789474 0.34328358]
step 19 for state:  [0.16666667 0.15789474 0.46268657]
step 20 for state:  [0.16666667 0.15789474 0.52238806]
step 21 for state:  [0.16666667 0.15789474 0.56716418]
step 22 for state:  [0.16666667 0.15789474 0.17910448]
step 23 for state:  [0.         0.49473684 0.58208955]
step 24 for state:  [0.16666667 0.15789474 0.28358209]
step 25 for state:  [0.16666667 0.15789474 0.35820896]
step 26 for state:  [0.16666667 0.15789474 0.46268657]
step 27 for state:  [0.16666667 0.15789474 0.64179104]
step 28 for state:  [0.16666667 0.15789474 0.62686567]
step 29 for state:  [0.16666667 0.15789474 0.64179104]
step 30 for state:  [0.16666667 0.15789474 0.62686567]
step 31 for state:  [0.16666667 0.15789474 0.64179104]
step 32 for state:  [0.16666667 0.15789474 0.56716418]
step 33 for state:  [0.16666667 0.15789474 0.6119403 ]
step 34 for state:  [0.16666667 0.15789474 0.58208955]
step 35 for state:  [0.16666667 0.15789474 0.17910448]
step 36 for state:  [0.         0.49473684 0.53731343]
step 37 for state:  [0.16666667 0.15789474 0.28358209]
step 38 for state:  [0.16666667 0.15789474 0.35820896]
step 39 for state:  [0.16666667 0.15789474 0.40298507]
step 40 for state:  [0.16666667 0.15789474 0.46268657]
step 41 for state:  [0.16666667 0.15789474 0.53731343]
step 42 for state:  [0.16666667 0.15789474 0.10447761]
step 43 for state:  [0.         0.49473684 0.56716418]
step 44 for state:  [0.16666667 0.15789474 0.28358209]
step 45 for state:  [0.16666667 0.15789474 0.34328358]
step 46 for state:  [0.16666667 0.15789474 0.46268657]
step 47 for state:  [0.16666667 0.15789474 0.58208955]
step 48 for state:  [0.16666667 0.15789474 0.56716418]
step 49 for state:  [0.16666667 0.15789474 0.17910448]
step 50 for state:  [0.         0.49473684 0.53731343]
step 51 for state:  [0.16666667 0.15789474 0.28358209]
step 52 for state:  [0.16666667 0.15789474 0.35820896]
step 53 for state:  [0.33333333 0.15789474 0.64179104]
step 54 for state:  [0.16666667 0.15789474 0.62686567]
step 55 for state:  [0.16666667 0.15789474 0.64179104]
step 56 for state:  [0.16666667 0.15789474 0.62686567]
step 57 for state:  [0.16666667 0.15789474 0.64179104]
step 58 for state:  [0.16666667 0.15789474 0.56716418]
step 59 for state:  [0.16666667 0.15789474 0.6119403 ]
step 60 for state:  [0.16666667 0.15789474 0.58208955]
step 61 for state:  [0.16666667 0.15789474 0.17910448]
step 62 for state:  [0.         0.49473684 0.53731343]
step 63 for state:  [0.16666667 0.15789474 0.28358209]
step 64 for state:  [0.16666667 0.15789474 0.35820896]
step 65 for state:  [0.16666667 0.15789474 0.40298507]
step 66 for state:  [0.16666667 0.15789474 0.46268657]
step 67 for state:  [0.16666667 0.15789474 0.53731343]
step 68 for state:  [0.16666667 0.15789474 0.10447761]
step 69 for state:  [0.         0.49473684 0.56716418]
step 70 for state:  [0.16666667 0.15789474 0.28358209]
step 71 for state:  [0.16666667 0.15789474 0.34328358]
step 72 for state:  [0.16666667 0.15789474 0.46268657]
step 73 for state:  [0.16666667 0.15789474 0.52238806]
step 74 for state:  [0.16666667 0.15789474 0.56716418]
step 75 for state:  [0.16666667 0.15789474 0.17910448]
step 76 for state:  [0.         0.32631579 0.58208955]
step 77 for state:  [0.16666667 0.15789474 0.28358209]
step 78 for state:  [0.16666667 0.15789474 0.35820896]
step 79 for state:  [0.16666667 0.15789474 0.46268657]
step 80 for state:  [0.16666667 0.15789474 0.64179104]
step 81 for state:  [0.16666667 0.15789474 0.62686567]
step 82 for state:  [0.16666667 0.15789474 0.64179104]
step 83 for state:  [0.16666667 0.15789474 0.62686567]
step 84 for state:  [0.16666667 0.15789474 0.64179104]
step 85 for state:  [0.16666667 0.15789474 0.56716418]
step 86 for state:  [0.16666667 0.15789474 0.6119403 ]
step 87 for state:  [0.16666667 0.15789474 0.58208955]
step 88 for state:  [0.16666667 0.15789474 0.17910448]
step 89 for state:  [0.         0.32631579 0.53731343]
step 90 for state:  [0.16666667 0.15789474 0.28358209]
step 91 for state:  [0.16666667 0.15789474 0.35820896]
step 92 for state:  [0.16666667 0.15789474 0.40298507]
step 93 for state:  [0.16666667 0.15789474 0.46268657]
step 94 for state:  [0.16666667 0.15789474 0.53731343]
step 95 for state:  [0.16666667 0.15789474 0.10447761]
step 96 for state:  [0.         0.32631579 0.56716418]
step 97 for state:  [0.16666667 0.15789474 0.28358209]
step 98 for state:  [0.16666667 0.15789474 0.34328358]
step 99 for state:  [0.16666667 0.15789474 0.46268657]
step 100 for state:  [0.16666667 0.15789474 0.58208955]
step 101 for state:  [0.16666667 0.15789474 0.56716418]
step 102 for state:  [0.16666667 0.15789474 0.17910448]
step 103 for state:  [0.         0.32631579 0.53731343]
step 104 for state:  [0.16666667 0.15789474 0.28358209]
step 105 for state:  [0.16666667 0.15789474 0.35820896]
step 106 for state:  [0.16666667 0.15789474 0.56716418]
step 107 for state:  [0.16666667 0.15789474 0.58208955]
step 108 for state:  [0.16666667 0.15789474 0.6119403 ]
step 109 for state:  [0.16666667 0.15789474 0.2238806 ]
step 110 for state:  [0.         0.49473684 0.64179104]
step 111 for state:  [0.16666667 0.15789474 0.32835821]
step 112 for state:  [0.16666667 0.15789474 0.40298507]
step 113 for state:  [0.16666667 0.15789474 0.50746269]
step 114 for state:  [0.16666667 0.15789474 0.65671642]
step 115 for state:  [0.16666667 0.15789474 0.64179104]
step 116 for state:  [0.16666667 0.15789474 0.14925373]
step 117 for state:  [0.         0.49473684 0.6119403 ]
step 118 for state:  [0.16666667 0.15789474 0.32835821]
step 119 for state:  [0.16666667 0.15789474 0.3880597 ]
step 120 for state:  [0.16666667 0.15789474 0.47761194]
step 121 for state:  [0.16666667 0.15789474 0.64179104]
step 122 for state:  [0.16666667 0.15789474 0.6119403 ]
step 123 for state:  [0.16666667 0.15789474 0.17910448]
step 124 for state:  [0.         0.49473684 0.58208955]
step 125 for state:  [0.16666667 0.15789474 0.28358209]
step 126 for state:  [0.16666667 0.15789474 0.35820896]
step 127 for state:  [0.16666667 0.15789474 0.46268657]
step 128 for state:  [0.16666667 0.15789474 0.6119403 ]
step 129 for state:  [0.16666667 0.15789474 0.58208955]
step 130 for state:  [0.16666667 0.15789474 0.10447761]
step 131 for state:  [0.         0.32631579 0.56716418]
step 132 for state:  [0.16666667 0.15789474 0.28358209]
step 133 for state:  [0.16666667 0.15789474 0.46268657]
step 134 for state:  [0.16666667 0.15789474 0.46268657]
step 135 for state:  [0.16666667 0.15789474 0.64179104]
step 136 for state:  [0.16666667 0.15789474 0.46268657]
step 137 for state:  [0.16666667 0.15789474 0.64179104]
step 138 for state:  [0.16666667 0.15789474 0.64179104]
step 139 for state:  [0.16666667 0.15789474 0.82089552]
step 140 for state:  [0.16666667 0.15789474 0.62686567]
step 141 for state:  [0.16666667 0.15789474 0.64179104]
step 142 for state:  [0.16666667 0.15789474 0.62686567]
step 143 for state:  [0.16666667 0.15789474 0.64179104]
step 144 for state:  [0.16666667 0.15789474 0.62686567]
step 145 for state:  [0.16666667 0.15789474 0.64179104]
step 146 for state:  [0.16666667 0.15789474 0.56716418]
step 147 for state:  [0.16666667 0.15789474 0.6119403 ]
step 148 for state:  [0.16666667 0.15789474 0.58208955]
step 149 for state:  [0.16666667 0.15789474 0.17910448]
step 150 for state:  [0.         0.32631579 0.53731343]
step 151 for state:  [0.16666667 0.15789474 0.28358209]
step 152 for state:  [0.16666667 0.15789474 0.35820896]
step 153 for state:  [0.16666667 0.15789474 0.40298507]
step 154 for state:  [0.16666667 0.15789474 0.46268657]
step 155 for state:  [0.16666667 0.15789474 0.53731343]
step 156 for state:  [0.16666667 0.15789474 0.10447761]
step 157 for state:  [0.         0.32631579 0.56716418]
step 158 for state:  [0.16666667 0.15789474 0.28358209]
step 159 for state:  [0.16666667 0.15789474 0.34328358]
step 160 for state:  [0.16666667 0.15789474 0.46268657]
step 161 for state:  [0.16666667 0.15789474 0.52238806]
step 162 for state:  [0.16666667 0.15789474 0.56716418]
step 163 for state:  [0.16666667 0.15789474 0.17910448]
step 164 for state:  [0.         0.32631579 0.58208955]
step 165 for state:  [0.16666667 0.15789474 0.28358209]
step 166 for state:  [0.16666667 0.15789474 0.35820896]
step 167 for state:  [0.16666667 0.15789474 0.46268657]
step 168 for state:  [0.16666667 0.15789474 0.64179104]
step 169 for state:  [0.16666667 0.15789474 0.62686567]
step 170 for state:  [0.16666667 0.15789474 0.64179104]
step 171 for state:  [0.16666667 0.15789474 0.62686567]
step 172 for state:  [0.16666667 0.15789474 0.64179104]
step 173 for state:  [0.16666667 0.15789474 0.56716418]
step 174 for state:  [0.16666667 0.15789474 0.6119403 ]
step 175 for state:  [0.16666667 0.15789474 0.58208955]
step 176 for state:  [0.16666667 0.15789474 0.17910448]
step 177 for state:  [0.         0.32631579 0.53731343]
step 178 for state:  [0.16666667 0.15789474 0.28358209]
step 179 for state:  [0.16666667 0.15789474 0.35820896]
step 180 for state:  [0.16666667 0.15789474 0.40298507]
step 181 for state:  [0.16666667 0.15789474 0.46268657]
step 182 for state:  [0.16666667 0.15789474 0.53731343]
step 183 for state:  [0.16666667 0.15789474 0.10447761]
step 184 for state:  [0.         0.32631579 0.56716418]
step 185 for state:  [0.16666667 0.15789474 0.28358209]
step 186 for state:  [0.16666667 0.15789474 0.34328358]
step 187 for state:  [0.16666667 0.15789474 0.46268657]
step 188 for state:  [0.16666667 0.15789474 0.58208955]
step 189 for state:  [0.16666667 0.15789474 0.56716418]
step 190 for state:  [0.16666667 0.15789474 0.17910448]
step 191 for state:  [0.         0.32631579 0.53731343]
step 192 for state:  [0.16666667 0.15789474 0.28358209]
step 193 for state:  [0.16666667 0.15789474 0.35820896]
step 194 for state:  [0.16666667 0.15789474 0.56716418]
step 195 for state:  [0.16666667 0.15789474 0.58208955]
step 196 for state:  [0.16666667 0.15789474 0.6119403 ]
step 197 for state:  [0.16666667 0.15789474 0.2238806 ]
step 198 for state:  [0.         0.49473684 0.64179104]
step 199 for state:  [0.16666667 0.15789474 0.32835821]
step 200 for state:  [0.16666667 0.15789474 0.40298507]
step 201 for state:  [0.16666667 0.15789474 0.50746269]
step 202 for state:  [0.16666667 0.15789474 0.65671642]
step 203 for state:  [0.16666667 0.15789474 0.64179104]
step 204 for state:  [0.16666667 0.15789474 0.14925373]
step 205 for state:  [0.         0.49473684 0.6119403 ]
step 206 for state:  [0.16666667 0.15789474 0.32835821]
step 207 for state:  [0.16666667 0.15789474 0.3880597 ]
step 208 for state:  [0.16666667 0.15789474 0.47761194]
step 209 for state:  [0.16666667 0.15789474 0.64179104]
step 210 for state:  [0.16666667 0.15789474 0.6119403 ]
step 211 for state:  [0.16666667 0.15789474 0.17910448]
step 212 for state:  [0.         0.49473684 0.58208955]
step 213 for state:  [0.16666667 0.15789474 0.28358209]
step 214 for state:  [0.16666667 0.15789474 0.35820896]
step 215 for state:  [0.16666667 0.15789474 0.46268657]
step 216 for state:  [0.16666667 0.15789474 0.6119403 ]
step 217 for state:  [0.16666667 0.15789474 0.58208955]
step 218 for state:  [0.16666667 0.15789474 0.10447761]
step 219 for state:  [0.         0.32631579 0.56716418]
step 220 for state:  [0.16666667 0.15789474 0.28358209]
step 221 for state:  [0.16666667 0.15789474 0.46268657]
step 222 for state:  [0.16666667 0.15789474 0.46268657]
step 223 for state:  [0.16666667 0.15789474 0.64179104]
step 224 for state:  [0.16666667 0.15789474 0.46268657]
step 225 for state:  [0.16666667 0.15789474 0.64179104]
step 226 for state:  [0.16666667 0.15789474 0.64179104]
step 227 for state:  [0.16666667 0.15789474 0.82089552]
step 228 for state:  [0.16666667 0.15789474 0.62686567]
step 229 for state:  [0.16666667 0.15789474 0.64179104]
step 230 for state:  [0.16666667 0.15789474 0.62686567]
step 231 for state:  [0.16666667 0.15789474 0.64179104]
step 232 for state:  [0.16666667 0.15789474 0.62686567]
step 233 for state:  [0.16666667 0.15789474 0.64179104]
step 234 for state:  [0.16666667 0.15789474 0.56716418]
step 235 for state:  [0.16666667 0.15789474 0.6119403 ]
step 236 for state:  [0.16666667 0.15789474 0.58208955]
step 237 for state:  [0.16666667 0.15789474 0.17910448]
step 238 for state:  [0.         0.32631579 0.53731343]
step 239 for state:  [0.16666667 0.15789474 0.28358209]
step 240 for state:  [0.16666667 0.15789474 0.35820896]
step 241 for state:  [0.16666667 0.15789474 0.40298507]
step 242 for state:  [0.16666667 0.15789474 0.46268657]
step 243 for state:  [0.16666667 0.15789474 0.53731343]
step 244 for state:  [0.16666667 0.15789474 0.10447761]
step 245 for state:  [0.         0.32631579 0.56716418]
step 246 for state:  [0.16666667 0.15789474 0.28358209]
step 247 for state:  [0.16666667 0.15789474 0.34328358]
step 248 for state:  [0.16666667 0.15789474 0.46268657]
step 249 for state:  [0.16666667 0.15789474 0.52238806]
step 250 for state:  [0.16666667 0.15789474 0.56716418]
step 251 for state:  [0.16666667 0.15789474 0.17910448]
step 252 for state:  [0.         0.32631579 0.58208955]
step 253 for state:  [0.16666667 0.15789474 0.28358209]
step 254 for state:  [0.16666667 0.15789474 0.35820896]
step 255 for state:  [0.16666667 0.15789474 0.46268657]
step 256 for state:  [0.16666667 0.15789474 0.64179104]
step 257 for state:  [0.16666667 0.15789474 0.62686567]
step 258 for state:  [0.16666667 0.15789474 0.64179104]
step 259 for state:  [0.16666667 0.15789474 0.62686567]
step 260 for state:  [0.16666667 0.15789474 0.64179104]
step 261 for state:  [0.16666667 0.15789474 0.56716418]
step 262 for state:  [0.16666667 0.15789474 0.6119403 ]
step 263 for state:  [0.16666667 0.15789474 0.58208955]
step 264 for state:  [0.16666667 0.15789474 0.17910448]
step 265 for state:  [0.         0.32631579 0.53731343]
step 266 for state:  [0.16666667 0.15789474 0.28358209]
step 267 for state:  [0.16666667 0.15789474 0.35820896]
step 268 for state:  [0.16666667 0.15789474 0.40298507]
step 269 for state:  [0.16666667 0.15789474 0.46268657]
step 270 for state:  [0.16666667 0.15789474 0.53731343]
step 271 for state:  [0.16666667 0.15789474 0.10447761]
step 272 for state:  [0.         0.32631579 0.56716418]
step 273 for state:  [0.16666667 0.15789474 0.28358209]
step 274 for state:  [0.16666667 0.15789474 0.34328358]
step 275 for state:  [0.16666667 0.15789474 0.46268657]
step 276 for state:  [0.16666667 0.15789474 0.58208955]
step 277 for state:  [0.16666667 0.15789474 0.56716418]
step 278 for state:  [0.16666667 0.15789474 0.17910448]
step 279 for state:  [0.         0.32631579 0.53731343]
step 280 for state:  [0.16666667 0.15789474 0.28358209]
step 281 for state:  [0.16666667 0.15789474 0.35820896]
step 282 for state:  [0.16666667 0.07368421 0.58208955]
step 283 for state:  [0.         0.07368421 0.46268657]
step 284 for state:  [0.         0.07368421 0.37313433]
step 285 for state:  [0.         0.07368421 0.40298507]
step 286 for state:  [0.16666667 0.07368421 0.58208955]
step 287 for state:  [0.         0.07368421 0.47761194]
step 288 for state:  [0.         0.07368421 0.35820896]
step 289 for state:  [0.         0.07368421 0.40298507]
step 290 for state:  [0.16666667 0.07368421 0.50746269]
step 291 for state:  [0.         0.07368421 0.58208955]
step 292 for state:  [0.         0.07368421 0.46268657]
step 293 for state:  [0.         0.07368421 0.32835821]
step 294 for state:  [0.         0.07368421 0.37313433]
step 295 for state:  [0.         0.07368421 0.40298507]
step 296 for state:  [0.16666667 0.15789474 0.29850746]
step 297 for state:  [0.         0.66315789 0.58208955]
step 298 for state:  [0.16666667 0.15789474 0.35820896]
step 299 for state:  [0.16666667 0.15789474 0.40298507]
step 300 for state:  [0.16666667 0.15789474 0.35820896]
step 301 for state:  [0.16666667 0.15789474 0.40298507]
step 302 for state:  [0.         0.24210526 0.65671642]
step 303 for state:  [0.16666667 0.15789474 0.35820896]
step 304 for state:  [0.08333333 0.07368421 0.64179104]
step 305 for state:  [0.08333333 0.15789474 0.29850746]
step 306 for state:  [0.         0.32631579 0.64179104]
step 307 for state:  [0.16666667 0.15789474 0.37313433]
step 308 for state:  [0.16666667 0.15789474 0.43283582]
step 309 for state:  [0.         0.32631579 0.6119403 ]
step 310 for state:  [0.16666667 0.15789474 0.37313433]
step 311 for state:  [0.16666667 0.15789474 0.43283582]
step 312 for state:  [0.         0.24210526 0.73134328]
step 313 for state:  [0.16666667 0.15789474 0.37313433]
step 314 for state:  [0.08333333 0.07368421 0.71641791]
step 315 for state:  [0.08333333 0.15789474 0.29850746]
step 316 for state:  [0.         0.15789474 0.71641791]
step 317 for state:  [0.16666667 0.15789474 0.46268657]
step 318 for state:  [0.         0.15789474 0.68656716]
step 319 for state:  [0.16666667 0.15789474 0.29850746]
step 320 for state:  [0.         0.15789474 0.32835821]
step 321 for state:  [0.         0.15789474 0.37313433]
step 322 for state:  [0.         0.15789474 0.65671642]
step 323 for state:  [0.16666667 0.15789474 0.46268657]
step 324 for state:  [0.         0.15789474 0.64179104]
step 325 for state:  [0.16666667 0.15789474 0.29850746]
step 326 for state:  [0.         0.15789474 0.32835821]
step 327 for state:  [0.         0.15789474 0.37313433]
step 328 for state:  [0.         0.15789474 0.6119403 ]
step 329 for state:  [0.16666667 0.15789474 0.46268657]
step 330 for state:  [0.         0.15789474 0.58208955]
step 331 for state:  [0.16666667 0.15789474 0.29850746]
step 332 for state:  [0.         0.32631579 0.55223881]
step 333 for state:  [0.16666667 0.15789474 0.35820896]
step 334 for state:  [0.16666667 0.15789474 0.40298507]
step 335 for state:  [0.         0.32631579 0.53731343]
step 336 for state:  [0.16666667 0.15789474 0.35820896]
step 337 for state:  [0.16666667 0.07368421 0.53731343]
step 338 for state:  [0.         0.15789474 0.40298507]
step 339 for state:  [0.08333333 0.07368421 0.50746269]
step 340 for state:  [0.08333333 0.07368421 0.53731343]
step 341 for state:  [0.         0.15789474 0.35820896]
step 342 for state:  [0.08333333 0.07368421 0.55223881]
step 343 for state:  [0.08333333 0.15789474 0.29850746]
step 344 for state:  [0.         0.66315789 0.58208955]
step 345 for state:  [0.16666667 0.15789474 0.35820896]
step 346 for state:  [0.16666667 0.15789474 0.40298507]
step 347 for state:  [0.16666667 0.15789474 0.35820896]
step 348 for state:  [0.16666667 0.15789474 0.40298507]
step 349 for state:  [0.         0.15789474 0.6119403 ]
step 350 for state:  [0.16666667 0.15789474 0.35820896]
step 351 for state:  [0.         0.15789474 0.62686567]
step 352 for state:  [0.16666667 0.15789474 0.28358209]
step 353 for state:  [0.         0.49473684 0.64179104]
step 354 for state:  [0.16666667 0.15789474 0.35820896]
step 355 for state:  [0.16666667 0.15789474 0.40298507]
step 356 for state:  [0.16666667 0.15789474 0.35820896]
step 357 for state:  [0.         0.15789474 0.64179104]
step 358 for state:  [0.16666667 0.15789474 0.25373134]
step 359 for state:  [0.         0.15789474 0.43283582]
step 360 for state:  [0.         0.15789474 0.65671642]
step 361 for state:  [0.16666667 0.15789474 0.29850746]
step 362 for state:  [0.         0.15789474 0.53731343]
step 363 for state:  [0.16666667 0.15789474 0.32835821]
step 364 for state:  [0.         0.66315789 0.58208955]
step 365 for state:  [0.16666667 0.15789474 0.46268657]
step 366 for state:  [0.16666667 0.15789474 0.32835821]
step 367 for state:  [0.16666667 0.15789474 0.46268657]
step 368 for state:  [0.16666667 0.15789474 0.32835821]
step 369 for state:  [0.         0.24210526 0.6119403 ]
step 370 for state:  [0.16666667 0.15789474 0.47761194]
step 371 for state:  [0.08333333 0.07368421 0.56716418]
step 372 for state:  [0.08333333 0.07368421 0.58208955]
step 373 for state:  [0.         0.32631579 0.46268657]
step 374 for state:  [0.         0.32631579 0.40298507]
step 375 for state:  [0.08333333 0.07368421 0.68656716]
step 376 for state:  [0.08333333 0.07368421 0.50746269]
step 377 for state:  [0.08333333 0.07368421 0.68656716]
step 378 for state:  [0.08333333 0.07368421 0.53731343]
step 379 for state:  [0.08333333 0.07368421 0.68656716]
step 380 for state:  [0.08333333 0.07368421 0.47761194]
step 381 for state:  [0.         0.07368421 0.50746269]
step 382 for state:  [0.         0.07368421 0.56716418]
step 383 for state:  [0.08333333 0.07368421 0.68656716]
step 384 for state:  [0.08333333 0.07368421 0.46268657]
step 385 for state:  [0.         0.07368421 0.50746269]
step 386 for state:  [0.         0.07368421 0.58208955]
step 387 for state:  [0.08333333 0.07368421 0.68656716]
step 388 for state:  [0.08333333 0.07368421 0.43283582]
step 389 for state:  [0.         0.07368421 0.47761194]
step 390 for state:  [0.         0.07368421 0.50746269]
step 391 for state:  [0.         0.07368421 0.6119403 ]
step 392 for state:  [0.08333333 0.07368421 0.68656716]
step 393 for state:  [0.08333333 0.07368421 0.64179104]
step 394 for state:  [0.         0.15789474 0.50746269]
step 395 for state:  [0.         0.15789474 0.46268657]
step 396 for state:  [0.         0.15789474 0.40298507]
step 397 for state:  [0.08333333 0.07368421 0.68656716]
step 398 for state:  [0.08333333 0.07368421 0.76119403]
step 399 for state:  [0.08333333 0.07368421 0.74626866]
step 400 for state:  [0.08333333 0.07368421 0.71641791]
step 401 for state:  [0.         0.15789474 0.35820896]
step 402 for state:  [0.         0.15789474 0.29850746]
step 403 for state:  [0.08333333 0.07368421 0.68656716]
step 404 for state:  [0.08333333 0.07368421 0.65671642]
step 405 for state:  [0.08333333 0.07368421 0.6119403 ]
step 406 for state:  [0.08333333 0.07368421 0.58208955]
step 407 for state:  [0.         0.15789474 0.3880597 ]
step 408 for state:  [0.         0.15789474 0.32835821]
step 409 for state:  [0.08333333 0.07368421 0.68656716]
step 410 for state:  [0.08333333 0.07368421 0.65671642]
step 411 for state:  [0.08333333 0.07368421 0.6119403 ]
step 412 for state:  [0.08333333 0.07368421 0.58208955]
step 413 for state:  [0.         0.15789474 0.40298507]
step 414 for state:  [0.08333333 0.07368421 0.68656716]
step 415 for state:  [0.08333333 0.07368421 0.50746269]
step 416 for state:  [0.08333333 0.07368421 0.68656716]
step 417 for state:  [0.08333333 0.07368421 0.53731343]
step 418 for state:  [0.08333333 0.07368421 0.68656716]
step 419 for state:  [0.08333333 0.07368421 0.47761194]
step 420 for state:  [0.         0.07368421 0.50746269]
step 421 for state:  [0.         0.07368421 0.56716418]
step 422 for state:  [0.08333333 0.07368421 0.68656716]
step 423 for state:  [0.08333333 0.07368421 0.46268657]
step 424 for state:  [0.         0.07368421 0.50746269]
step 425 for state:  [0.         0.07368421 0.58208955]
step 426 for state:  [0.08333333 0.07368421 0.68656716]
step 427 for state:  [0.08333333 0.07368421 0.43283582]
step 428 for state:  [0.         0.07368421 0.47761194]
step 429 for state:  [0.         0.07368421 0.50746269]
step 430 for state:  [0.         0.07368421 0.6119403 ]
step 431 for state:  [0.08333333 0.07368421 0.68656716]
step 432 for state:  [0.08333333 0.07368421 0.64179104]
step 433 for state:  [0.         0.15789474 0.50746269]
step 434 for state:  [0.         0.15789474 0.46268657]
step 435 for state:  [0.         0.15789474 0.40298507]
step 436 for state:  [0.08333333 0.07368421 0.68656716]
step 437 for state:  [0.08333333 0.07368421 0.76119403]
step 438 for state:  [0.08333333 0.07368421 0.74626866]
step 439 for state:  [0.08333333 0.07368421 0.71641791]
step 440 for state:  [0.         0.15789474 0.35820896]
step 441 for state:  [0.         0.15789474 0.29850746]
step 442 for state:  [0.08333333 0.07368421 0.68656716]
step 443 for state:  [0.08333333 0.07368421 0.65671642]
step 444 for state:  [0.08333333 0.07368421 0.64179104]
step 445 for state:  [0.08333333 0.07368421 0.6119403 ]
step 446 for state:  [0.         0.15789474 0.3880597 ]
step 447 for state:  [0.         0.15789474 0.32835821]
step 448 for state:  [0.08333333 0.07368421 0.68656716]
step 449 for state:  [0.08333333 0.07368421 0.65671642]
step 450 for state:  [0.08333333 0.07368421 0.6119403 ]
step 451 for state:  [0.08333333 0.07368421 0.64179104]
step 452 for state:  [0.         0.15789474 0.3880597 ]
step 453 for state:  [0.         0.15789474 0.34328358]
step 454 for state:  [0.08333333 0.07368421 0.65671642]
step 455 for state:  [0.08333333 0.07368421 0.64179104]
step 456 for state:  [0.08333333 0.07368421 0.62686567]
step 457 for state:  [0.08333333 0.07368421 0.64179104]
step 458 for state:  [0.08333333 0.07368421 0.56716418]
step 459 for state:  [0.08333333 0.07368421 0.64179104]
step 460 for state:  [0.08333333 0.07368421 0.62686567]
step 461 for state:  [0.08333333 0.07368421 0.64179104]
step 462 for state:  [0.08333333 0.07368421 0.56716418]
step 463 for state:  [0.08333333 0.07368421 0.64179104]
step 464 for state:  [0.08333333 0.07368421 0.62686567]
step 465 for state:  [0.08333333 0.49473684 0.64179104]
step 466 for state:  [0.5        0.15789474 0.56716418]
step 467 for state:  [0.16666667 0.15789474 0.64179104]
step 468 for state:  [0.16666667 0.15789474 0.62686567]
step 469 for state:  [0.16666667 0.49473684 0.64179104]
step 470 for state:  [0.5        0.15789474 0.56716418]
step 471 for state:  [0.16666667 0.15789474 0.64179104]
step 472 for state:  [0.16666667 0.15789474 0.62686567]
step 473 for state:  [0.16666667 0.15789474 0.64179104]
step 474 for state:  [0.16666667 0.15789474 0.62686567]
step 475 for state:  [0.16666667 0.15789474 0.64179104]
step 476 for state:  [0.16666667 0.15789474 0.62686567]
step 477 for state:  [0.16666667 0.15789474 0.64179104]
step 478 for state:  [0.16666667 0.15789474 0.62686567]
step 479 for state:  [0.16666667 0.15789474 0.64179104]
step 480 for state:  [0.16666667 0.15789474 0.62686567]
step 481 for state:  [0.16666667 0.15789474 0.64179104]
step 482 for state:  [0.16666667 0.15789474 0.56716418]
step 483 for state:  [0.16666667 0.15789474 0.6119403 ]
step 484 for state:  [0.16666667 0.15789474 0.58208955]
step 485 for state:  [0.16666667 0.15789474 0.17910448]
step 486 for state:  [0.         0.49473684 0.53731343]
step 487 for state:  [0.16666667 0.15789474 0.28358209]
step 488 for state:  [0.16666667 0.15789474 0.35820896]
step 489 for state:  [0.16666667 0.15789474 0.40298507]
step 490 for state:  [0.16666667 0.15789474 0.46268657]
step 491 for state:  [0.16666667 0.15789474 0.53731343]
step 492 for state:  [0.16666667 0.15789474 0.10447761]
step 493 for state:  [0.         0.49473684 0.56716418]
step 494 for state:  [0.16666667 0.15789474 0.28358209]
step 495 for state:  [0.16666667 0.15789474 0.34328358]
step 496 for state:  [0.16666667 0.15789474 0.46268657]
step 497 for state:  [0.16666667 0.15789474 0.52238806]
step 498 for state:  [0.16666667 0.15789474 0.56716418]
step 499 for state:  [0.16666667 0.15789474 0.17910448]
step 500 for state:  [0.         0.49473684 0.58208955]
step 501 for state:  [0.16666667 0.15789474 0.28358209]
step 502 for state:  [0.16666667 0.15789474 0.35820896]
step 503 for state:  [0.16666667 0.15789474 0.46268657]
step 504 for state:  [0.16666667 0.15789474 0.64179104]
step 505 for state:  [0.16666667 0.15789474 0.62686567]
step 506 for state:  [0.16666667 0.15789474 0.64179104]
step 507 for state:  [0.16666667 0.15789474 0.62686567]
step 508 for state:  [0.16666667 0.15789474 0.64179104]
step 509 for state:  [0.16666667 0.15789474 0.56716418]
step 510 for state:  [0.16666667 0.15789474 0.6119403 ]
step 511 for state:  [0.16666667 0.15789474 0.58208955]
step 512 for state:  [0.16666667 0.15789474 0.17910448]
step 513 for state:  [0.         0.49473684 0.53731343]
step 514 for state:  [0.16666667 0.15789474 0.28358209]
step 515 for state:  [0.16666667 0.15789474 0.35820896]
step 516 for state:  [0.16666667 0.15789474 0.40298507]
step 517 for state:  [0.16666667 0.15789474 0.46268657]
step 518 for state:  [0.16666667 0.15789474 0.53731343]
step 519 for state:  [0.16666667 0.15789474 0.10447761]
step 520 for state:  [0.         0.49473684 0.56716418]
step 521 for state:  [0.16666667 0.15789474 0.28358209]
step 522 for state:  [0.16666667 0.15789474 0.34328358]
step 523 for state:  [0.16666667 0.15789474 0.46268657]
step 524 for state:  [0.16666667 0.15789474 0.58208955]
step 525 for state:  [0.16666667 0.15789474 0.56716418]
step 526 for state:  [0.16666667 0.15789474 0.17910448]
step 527 for state:  [0.         0.49473684 0.53731343]
step 528 for state:  [0.16666667 0.15789474 0.28358209]
step 529 for state:  [0.16666667 0.15789474 0.35820896]
step 530 for state:  [0.33333333 0.15789474 0.64179104]
step 531 for state:  [0.16666667 0.15789474 0.62686567]
step 532 for state:  [0.16666667 0.15789474 0.64179104]
step 533 for state:  [0.16666667 0.15789474 0.62686567]
step 534 for state:  [0.16666667 0.15789474 0.64179104]
step 535 for state:  [0.16666667 0.15789474 0.56716418]
step 536 for state:  [0.16666667 0.15789474 0.6119403 ]
step 537 for state:  [0.16666667 0.15789474 0.58208955]
step 538 for state:  [0.16666667 0.15789474 0.17910448]
step 539 for state:  [0.         0.49473684 0.53731343]
step 540 for state:  [0.16666667 0.15789474 0.28358209]
step 541 for state:  [0.16666667 0.15789474 0.35820896]
step 542 for state:  [0.16666667 0.15789474 0.40298507]
step 543 for state:  [0.16666667 0.15789474 0.46268657]
step 544 for state:  [0.16666667 0.15789474 0.53731343]
step 545 for state:  [0.16666667 0.15789474 0.10447761]
step 546 for state:  [0.         0.49473684 0.56716418]
step 547 for state:  [0.16666667 0.15789474 0.28358209]
step 548 for state:  [0.16666667 0.15789474 0.34328358]
step 549 for state:  [0.16666667 0.15789474 0.46268657]
step 550 for state:  [0.16666667 0.15789474 0.52238806]
step 551 for state:  [0.16666667 0.15789474 0.56716418]
step 552 for state:  [0.16666667 0.15789474 0.17910448]
step 553 for state:  [0.         0.32631579 0.58208955]
step 554 for state:  [0.16666667 0.15789474 0.28358209]
step 555 for state:  [0.16666667 0.15789474 0.35820896]
step 556 for state:  [0.16666667 0.15789474 0.46268657]
step 557 for state:  [0.16666667 0.15789474 0.64179104]
step 558 for state:  [0.16666667 0.15789474 0.62686567]
step 559 for state:  [0.16666667 0.15789474 0.64179104]
step 560 for state:  [0.16666667 0.15789474 0.62686567]
step 561 for state:  [0.16666667 0.15789474 0.64179104]
step 562 for state:  [0.16666667 0.15789474 0.56716418]
step 563 for state:  [0.16666667 0.15789474 0.6119403 ]
step 564 for state:  [0.16666667 0.15789474 0.58208955]
step 565 for state:  [0.16666667 0.15789474 0.17910448]
step 566 for state:  [0.         0.32631579 0.53731343]
step 567 for state:  [0.16666667 0.15789474 0.28358209]
step 568 for state:  [0.16666667 0.15789474 0.35820896]
step 569 for state:  [0.16666667 0.15789474 0.40298507]
step 570 for state:  [0.16666667 0.15789474 0.46268657]
step 571 for state:  [0.16666667 0.15789474 0.53731343]
step 572 for state:  [0.16666667 0.15789474 0.10447761]
step 573 for state:  [0.         0.32631579 0.56716418]
step 574 for state:  [0.16666667 0.15789474 0.28358209]
step 575 for state:  [0.16666667 0.15789474 0.34328358]
step 576 for state:  [0.16666667 0.15789474 0.46268657]
step 577 for state:  [0.16666667 0.15789474 0.58208955]
step 578 for state:  [0.16666667 0.15789474 0.56716418]
step 579 for state:  [0.16666667 0.15789474 0.17910448]
step 580 for state:  [0.         0.32631579 0.53731343]
step 581 for state:  [0.16666667 0.15789474 0.28358209]
step 582 for state:  [0.16666667 0.15789474 0.35820896]
step 583 for state:  [0.16666667 0.15789474 0.56716418]
step 584 for state:  [0.16666667 0.15789474 0.58208955]
step 585 for state:  [0.16666667 0.15789474 0.6119403 ]
step 586 for state:  [0.16666667 0.15789474 0.2238806 ]
step 587 for state:  [0.         0.49473684 0.64179104]
step 588 for state:  [0.16666667 0.15789474 0.32835821]
step 589 for state:  [0.16666667 0.15789474 0.40298507]
step 590 for state:  [0.16666667 0.15789474 0.50746269]
step 591 for state:  [0.16666667 0.15789474 0.65671642]
step 592 for state:  [0.16666667 0.15789474 0.64179104]
step 593 for state:  [0.16666667 0.15789474 0.14925373]
step 594 for state:  [0.         0.49473684 0.6119403 ]
step 595 for state:  [0.16666667 0.15789474 0.32835821]
step 596 for state:  [0.16666667 0.15789474 0.3880597 ]
step 597 for state:  [0.16666667 0.15789474 0.47761194]
step 598 for state:  [0.16666667 0.15789474 0.64179104]
step 599 for state:  [0.16666667 0.15789474 0.6119403 ]
step 600 for state:  [0.16666667 0.15789474 0.17910448]
step 601 for state:  [0.         0.49473684 0.58208955]
step 602 for state:  [0.16666667 0.15789474 0.28358209]
step 603 for state:  [0.16666667 0.15789474 0.35820896]
step 604 for state:  [0.16666667 0.15789474 0.46268657]
step 605 for state:  [0.16666667 0.15789474 0.6119403 ]
step 606 for state:  [0.16666667 0.15789474 0.58208955]
step 607 for state:  [0.16666667 0.15789474 0.10447761]
step 608 for state:  [0.         0.32631579 0.56716418]
step 609 for state:  [0.16666667 0.15789474 0.28358209]
step 610 for state:  [0.16666667 0.15789474 0.46268657]
step 611 for state:  [0.16666667 0.15789474 0.46268657]
step 612 for state:  [0.16666667 0.15789474 0.64179104]
step 613 for state:  [0.16666667 0.15789474 0.46268657]
step 614 for state:  [0.16666667 0.15789474 0.64179104]
step 615 for state:  [0.16666667 0.15789474 0.64179104]
step 616 for state:  [0.16666667 0.15789474 0.82089552]
step 617 for state:  [0.16666667 0.15789474 0.62686567]
step 618 for state:  [0.16666667 0.15789474 0.64179104]
step 619 for state:  [0.16666667 0.15789474 0.62686567]
step 620 for state:  [0.16666667 0.15789474 0.64179104]
step 621 for state:  [0.16666667 0.15789474 0.62686567]
step 622 for state:  [0.16666667 0.15789474 0.64179104]
step 623 for state:  [0.16666667 0.15789474 0.56716418]
step 624 for state:  [0.16666667 0.15789474 0.6119403 ]
step 625 for state:  [0.16666667 0.15789474 0.58208955]
step 626 for state:  [0.16666667 0.15789474 0.17910448]
step 627 for state:  [0.         0.32631579 0.53731343]
step 628 for state:  [0.16666667 0.15789474 0.28358209]
step 629 for state:  [0.16666667 0.15789474 0.35820896]
step 630 for state:  [0.16666667 0.15789474 0.40298507]
step 631 for state:  [0.16666667 0.15789474 0.46268657]
step 632 for state:  [0.16666667 0.15789474 0.53731343]
step 633 for state:  [0.16666667 0.15789474 0.10447761]
step 634 for state:  [0.         0.32631579 0.56716418]
step 635 for state:  [0.16666667 0.15789474 0.28358209]
step 636 for state:  [0.16666667 0.15789474 0.34328358]
step 637 for state:  [0.16666667 0.15789474 0.46268657]
step 638 for state:  [0.16666667 0.15789474 0.52238806]
step 639 for state:  [0.16666667 0.15789474 0.56716418]
step 640 for state:  [0.16666667 0.15789474 0.17910448]
step 641 for state:  [0.         0.32631579 0.58208955]
step 642 for state:  [0.16666667 0.15789474 0.28358209]
step 643 for state:  [0.16666667 0.15789474 0.35820896]
step 644 for state:  [0.16666667 0.15789474 0.46268657]
step 645 for state:  [0.16666667 0.15789474 0.64179104]
step 646 for state:  [0.16666667 0.15789474 0.62686567]
step 647 for state:  [0.16666667 0.15789474 0.64179104]
step 648 for state:  [0.16666667 0.15789474 0.62686567]
step 649 for state:  [0.16666667 0.15789474 0.64179104]
step 650 for state:  [0.16666667 0.15789474 0.56716418]
step 651 for state:  [0.16666667 0.15789474 0.6119403 ]
step 652 for state:  [0.16666667 0.15789474 0.58208955]
step 653 for state:  [0.16666667 0.15789474 0.17910448]
step 654 for state:  [0.         0.32631579 0.53731343]
step 655 for state:  [0.16666667 0.15789474 0.28358209]
step 656 for state:  [0.16666667 0.15789474 0.35820896]
step 657 for state:  [0.16666667 0.15789474 0.40298507]
step 658 for state:  [0.16666667 0.15789474 0.46268657]
step 659 for state:  [0.16666667 0.15789474 0.53731343]
step 660 for state:  [0.16666667 0.15789474 0.10447761]
step 661 for state:  [0.         0.32631579 0.56716418]
step 662 for state:  [0.16666667 0.15789474 0.28358209]
step 663 for state:  [0.16666667 0.15789474 0.34328358]
step 664 for state:  [0.16666667 0.15789474 0.46268657]
step 665 for state:  [0.16666667 0.15789474 0.58208955]
step 666 for state:  [0.16666667 0.15789474 0.56716418]
step 667 for state:  [0.16666667 0.07368421 0.17910448]
step 668 for state:  [0.         0.32631579 0.53731343]
step 669 for state:  [0.16666667 0.07368421 0.17910448]
step 670 for state:  [0.16666667 0.07368421 0.17910448]
step 671 for state:  [0.16666667 0.07368421 0.17910448]
step 672 for state:  [0.16666667 0.07368421 0.17910448]
step 673 for state:  [0.16666667 0.07368421 0.17910448]
step 674 for state:  [0.16666667 0.07368421 0.17910448]
step 675 for state:  [0.         1.         0.46268657]
step 676 for state:  [0.         1.         0.50746269]
step 677 for state:  [0.         1.         0.55223881]
step 678 for state:  [0.         1.         0.59701493]
step 679 for state:  [0.16666667 0.07368421 0.17910448]
step 680 for state:  [0.16666667 0.07368421 0.17910448]
step 681 for state:  [0.16666667 0.07368421 0.17910448]
step 682 for state:  [0.16666667 0.07368421 0.17910448]
step 683 for state:  [0.16666667 0.07368421 0.17910448]
step 684 for state:  [0.16666667 0.07368421 0.17910448]
step 685 for state:  [0.         0.66315789 0.53731343]
step 686 for state:  [0.         0.66315789 0.47761194]
step 687 for state:  [0.         0.66315789 0.6119403 ]
step 688 for state:  [0.16666667 0.07368421 0.17910448]
step 689 for state:  [0.16666667 0.07368421 0.17910448]
step 690 for state:  [0.16666667 0.07368421 0.17910448]
step 691 for state:  [0.16666667 0.07368421 0.17910448]
step 692 for state:  [0.         0.15789474 0.64179104]
step 693 for state:  [0.         0.15789474 0.59701493]
step 694 for state:  [0.16666667 0.07368421 0.17910448]
step 695 for state:  [0.         0.15789474 0.65671642]
step 696 for state:  [0.         0.15789474 0.6119403 ]
step 697 for state:  [0.16666667 0.07368421 0.17910448]
step 698 for state:  [0.         0.66315789 0.52238806]
step 699 for state:  [0.         0.66315789 0.6119403 ]
step 700 for state:  [0.         0.66315789 0.65671642]
step 701 for state:  [0.16666667 0.07368421 0.17910448]
step 702 for state:  [0.16666667 0.07368421 0.17910448]
step 703 for state:  [0.16666667 0.07368421 0.17910448]
step 704 for state:  [0.16666667 0.07368421 0.17910448]
step 705 for state:  [0.         0.32631579 0.52238806]
step 706 for state:  [0.         0.32631579 0.6119403 ]
step 707 for state:  [0.         0.32631579 0.65671642]
step 708 for state:  [0.16666667 0.07368421 0.17910448]
step 709 for state:  [0.16666667 0.07368421 0.17910448]
step 710 for state:  [0.         1.         0.64179104]
step 711 for state:  [0.         1.         0.58208955]
step 712 for state:  [0.         1.         0.53731343]
step 713 for state:  [0.16666667 0.07368421 0.17910448]
step 714 for state:  [0.16666667 0.07368421 0.17910448]
step 715 for state:  [0.16666667 0.07368421 0.17910448]
step 716 for state:  [0.16666667 0.07368421 0.17910448]
step 717 for state:  [0.16666667 0.07368421 0.17910448]
step 718 for state:  [0.16666667 0.07368421 0.07462687]
step 719 for state:  [0.         0.07368421 0.17910448]
step 720 for state:  [0.         0.66315789 0.47761194]
step 721 for state:  [0.         0.66315789 0.6119403 ]
step 722 for state:  [0.16666667 0.07368421 0.07462687]
step 723 for state:  [0.         0.07368421 0.17910448]
step 724 for state:  [0.16666667 0.07368421 0.07462687]
step 725 for state:  [0.         0.07368421 0.17910448]
step 726 for state:  [0.16666667 0.07368421 0.07462687]
step 727 for state:  [0.         0.07368421 0.17910448]
step 728 for state:  [0.16666667 0.07368421 0.07462687]
step 729 for state:  [0.         0.07368421 0.17910448]
step 730 for state:  [0.         0.15789474 0.46268657]
step 731 for state:  [0.         0.15789474 0.58208955]
step 732 for state:  [0.16666667 0.07368421 0.07462687]
step 733 for state:  [0.         0.07368421 0.17910448]
step 734 for state:  [0.         0.15789474 0.43283582]
step 735 for state:  [0.         0.15789474 0.56716418]
step 736 for state:  [0.16666667 0.07368421 0.17910448]
step 737 for state:  [0.         0.07368421 0.08955224]
step 738 for state:  [0.         0.66315789 0.53731343]
step 739 for state:  [0.         0.66315789 0.49253731]
step 740 for state:  [0.         0.66315789 0.40298507]
step 741 for state:  [0.16666667 0.03157895 0.08955224]
step 742 for state:  [0.         0.07368421 0.17910448]
step 743 for state:  [0.16666667 0.03157895 0.08955224]
step 744 for state:  [0.         0.07368421 0.17910448]
step 745 for state:  [0.16666667 0.         0.08955224]
step 746 for state:  [0.         0.07368421 0.17910448]
step 747 for state:  [0.16666667 0.03157895 0.08955224]
step 748 for state:  [0.         0.07368421 0.17910448]
step 749 for state:  [0.         0.32631579 0.53731343]
step 750 for state:  [0.         0.32631579 0.40298507]
step 751 for state:  [0.16666667 0.03157895 0.08955224]
step 752 for state:  [0.         0.07368421 0.17910448]
step 753 for state:  [0.16666667 0.07368421 0.10447761]
step 754 for state:  [0.         0.07368421 0.17910448]
step 755 for state:  [0.         0.32631579 0.40298507]
step 756 for state:  [0.         0.32631579 0.53731343]
step 757 for state:  [0.16666667 0.07368421 0.10447761]
step 758 for state:  [0.         0.07368421 0.17910448]
step 759 for state:  [0.16666667 0.07368421 0.10447761]
step 760 for state:  [0.         0.07368421 0.17910448]
step 761 for state:  [0.         0.32631579 0.46268657]
step 762 for state:  [0.         0.32631579 0.58208955]
step 763 for state:  [0.16666667 0.07368421 0.10447761]
step 764 for state:  [0.         0.07368421 0.17910448]
step 765 for state:  [0.16666667 0.07368421 0.10447761]
step 766 for state:  [0.         0.07368421 0.1641791 ]
step 767 for state:  [0.         0.32631579 0.43283582]
step 768 for state:  [0.         0.32631579 0.56716418]
step 769 for state:  [0.16666667 0.07368421 0.10447761]
step 770 for state:  [0.         0.07368421 0.1641791 ]
step 771 for state:  [0.16666667 0.07368421 0.        ]
step 772 for state:  [0.         0.07368421 0.17910448]
step 773 for state:  [0.         1.         0.40298507]
step 774 for state:  [0.         1.         0.53731343]
step 775 for state:  [0.16666667 0.07368421 0.17910448]
step 776 for state:  [0.16666667 0.07368421 0.17910448]
step 777 for state:  [0.16666667 0.07368421 0.17910448]
step 778 for state:  [0.16666667 0.07368421 0.17910448]
step 779 for state:  [0.16666667 0.07368421 0.17910448]
step 780 for state:  [0.16666667 0.07368421 0.17910448]
step 781 for state:  [0.         1.         0.46268657]
step 782 for state:  [0.         1.         0.59701493]
step 783 for state:  [0.         1.         0.55223881]
step 784 for state:  [0.         1.         0.50746269]
step 785 for state:  [0.16666667 0.07368421 0.17910448]
step 786 for state:  [0.16666667 0.07368421 0.17910448]
step 787 for state:  [0.16666667 0.07368421 0.17910448]
step 788 for state:  [0.16666667 0.07368421 0.17910448]
step 789 for state:  [0.16666667 0.07368421 0.17910448]
step 790 for state:  [0.16666667 0.07368421 0.17910448]
step 791 for state:  [0.         0.66315789 0.47761194]
step 792 for state:  [0.         0.66315789 0.53731343]
step 793 for state:  [0.         0.66315789 0.6119403 ]
step 794 for state:  [0.16666667 0.07368421 0.17910448]
step 795 for state:  [0.16666667 0.07368421 0.17910448]
step 796 for state:  [0.16666667 0.07368421 0.17910448]
step 797 for state:  [0.16666667 0.07368421 0.17910448]
step 798 for state:  [0.         0.15789474 0.64179104]
step 799 for state:  [0.         0.15789474 0.59701493]
what the last state is: (0.0, 0.15789473684210525, 0.6417910447761194)
Priming last state (offset) to start from:  75.82089552238806
Priming last state (duration) to start from:  0.25
Priming complete
FORECASTING: step 0 for state:  [0.         0.15789474 0.59701493]
FORECASTING: step 1 for state:  [0.19753624 1.         0.19685453]
FORECASTING: step 2 for state:  [0.09859769 1.         0.19702496]
FORECASTING: step 3 for state:  [0.07390566 0.64043433 0.04310454]
FORECASTING: step 4 for state:  [0.02925255 0.         0.02310085]
FORECASTING: step 5 for state:  [0.01308835 0.29915203 0.01058789]
FORECASTING: step 6 for state:  [0.00591906 0.14371559 0.00755643]
FORECASTING: step 7 for state:  [0.00336887 0.13531651 0.00377755]
FORECASTING: step 8 for state:  [0.00178661 0.04652877 0.00141666]
FORECASTING: step 9 for state:  [0.00080082 0.00749112 0.00094443]
FORECASTING: step 10 for state:  [0.00043631 0.00261162 0.00026243]
FORECASTING: step 11 for state:  [0.00017468 0.00128478 0.0002058 ]
FORECASTING: step 12 for state:  [9.51200914e-05 0.00000000e+00 1.14611800e-04]
FORECASTING: step 13 for state:  [5.24329728e-05 1.37069052e-03 5.84778346e-05]
FORECASTING: step 14 for state:  [2.77277018e-05 1.03621227e-03 2.30009279e-05]
FORECASTING: step 15 for state:  [1.26821574e-05 2.76007130e-04 1.34860471e-05]
FORECASTING: step 16 for state:  [6.54205112e-06 1.69895561e-04 9.29857520e-06]
FORECASTING: step 17 for state:  [3.96015658e-06 7.53911431e-05 2.63504644e-06]
FORECASTING: step 18 for state:  [1.64880075e-06 0.00000000e+00 1.33182370e-06]
FORECASTING: step 19 for state:  [7.45156113e-07 2.19124451e-05 9.16048388e-07]
FORECASTING: step 20 for state:  [4.15301125e-07 1.30556814e-05 2.66427073e-07]
FORECASTING: step 21 for state:  [1.70432049e-07 1.27348164e-06 1.90466561e-07]
FORECASTING: step 22 for state:  [9.02246525e-08 2.81820637e-07 6.51549035e-08]
FORECASTING: step 23 for state:  [3.88448890e-08 1.48151241e-07 3.96972463e-08]
FORECASTING: step 24 for state:  [1.96355338e-08 2.47550740e-07 1.51371737e-08]
FORECASTING: step 25 for state:  [8.69317688e-09 1.19643462e-07 6.26537132e-09]
FORECASTING: step 26 for state:  [3.73963705e-09 9.10580980e-08 3.10816726e-09]
FORECASTING: step 27 for state:  [1.71195108e-09 1.96771807e-08 1.24171448e-09]
FORECASTING: step 28 for state:  [7.38416389e-10 1.23799937e-08 1.16641321e-09]
FORECASTING: step 29 for state:  [4.76207401e-10 7.96385781e-09 5.44853691e-10]
FORECASTING: step 30 for state:  [2.55265273e-10 2.41472000e-09 3.74317689e-10]
FORECASTING: step 31 for state:  [1.57395741e-10 0.00000000e+00 1.79911340e-10]
FORECASTING: step 32 for state:  [8.43267702e-11 3.22177984e-09 9.46519498e-11]
FORECASTING: step 33 for state:  [4.47446800e-11 1.78140870e-09 2.40060495e-11]
FORECASTING: step 34 for state:  [1.71876824e-11 4.59194900e-10 2.09101615e-11]
FORECASTING: step 35 for state:  [9.52446098e-12 1.28067600e-10 1.19554589e-11]
FORECASTING: step 36 for state:  [5.36997996e-12 4.01228823e-11 4.29574981e-12]
FORECASTING: step 37 for state:  [2.41643244e-12 4.62256348e-11 2.89509108e-12]
FORECASTING: step 38 for state:  [1.32788088e-12 2.25525172e-11 9.92257134e-13]
FORECASTING: step 39 for state:  [5.80034504e-13 0.00000000e+00 7.20119244e-13]
FORECASTING: step 40 for state:  [3.25038437e-13 1.30733168e-11 4.18792863e-13]
FORECASTING: step 41 for state:  [1.85957825e-13 3.50879876e-12 2.54403884e-13]
FORECASTING: step 42 for state:  [1.10090427e-13 1.53560887e-12 1.13293815e-13]
FORECASTING: step 43 for state:  [5.58460605e-14 1.94928253e-13 4.12111900e-14]
FORECASTING: step 44 for state:  [2.42643126e-14 1.55057239e-13 2.37477579e-14]
FORECASTING: step 45 for state:  [1.20030176e-14 1.41725225e-13 9.68559563e-15]
FORECASTING: step 46 for state:  [5.42215331e-15 0.00000000e+00 8.40584947e-15]
FORECASTING: step 47 for state:  [3.45700070e-15 1.42147786e-13 3.98096945e-15]
FORECASTING: step 48 for state:  [1.85949254e-15 4.80758972e-14 2.54992776e-15]
FORECASTING: step 49 for state:  [1.10235507e-15 1.50195693e-14 7.63838663e-16]
FORECASTING: step 50 for state:  [4.66548434e-16 3.76999802e-15 5.81428506e-16]
FORECASTING: step 51 for state:  [2.61994235e-16 5.37357005e-15 1.56814283e-16]
FORECASTING: step 52 for state:  [1.04702129e-16 1.46744852e-16 1.23817113e-16]
FORECASTING: step 53 for state:  [5.71298106e-17 7.78604618e-16 6.87257044e-17]
FORECASTING: step 54 for state:  [3.14638788e-17 8.01656535e-16 1.79273623e-17]
FORECASTING: step 55 for state:  [1.23478103e-17 1.30717284e-16 1.30725536e-17]
FORECASTING: step 56 for state:  [6.35509097e-18 4.68607890e-17 6.17961235e-18]
FORECASTING: step 57 for state:  [3.13367583e-18 7.85402062e-19 4.72102177e-18]
FORECASTING: step 58 for state:  [1.96367440e-18 6.50966542e-17 1.35464201e-18]
FORECASTING: step 59 for state:  [8.29579101e-19 7.19293922e-18 6.48686521e-19]
FORECASTING: step 60 for state:  [3.69566406e-19 5.11255823e-18 3.07936821e-19]
FORECASTING: step 61 for state:  [1.69375807e-19 4.40390004e-18 1.42662624e-19]
FORECASTING: step 62 for state:  [7.80096077e-20 1.35880675e-18 6.26217732e-20]
FORECASTING: step 63 for state:  [3.51578452e-20 9.00864207e-20 3.10513521e-20]
FORECASTING: step 64 for state:  [1.65522993e-20 4.95391614e-19 1.17405732e-20]
FORECASTING: step 65 for state:  [7.07321813e-21 1.94955827e-19 5.46933428e-21]
FORECASTING: step 66 for state:  [3.13563810e-21 8.10228827e-20 2.87097934e-21]
FORECASTING: step 67 for state:  [1.50165436e-21 1.85057763e-20 1.03802994e-21]
FORECASTING: step 68 for state:  [6.34921074e-22 1.14151412e-20 6.23766975e-22]
FORECASTING: step 69 for state:  [3.14672012e-22 8.35051597e-21 3.76760358e-22]
FORECASTING: step 70 for state:  [1.72858093e-22 1.28196807e-22 1.33175525e-22]
FORECASTING: step 71 for state:  [7.65084045e-23 1.68634559e-21 9.01352851e-23]
FORECASTING: step 72 for state:  [4.16609224e-23 7.32282029e-22 3.08572916e-23]
FORECASTING: step 73 for state:  [1.81295535e-23 2.10584907e-22 1.62803259e-23]
FORECASTING: step 74 for state:  [8.60246984e-24 6.83985220e-23 7.19410601e-24]
FORECASTING: step 75 for state:  [3.94914396e-24 4.60433256e-23 4.61457337e-24]
FORECASTING: step 76 for state:  [2.14092933e-24 9.74115451e-24 2.51222635e-24]
FORECASTING: step 77 for state:  [1.16328892e-24 3.50354217e-23 9.16467422e-25]
FORECASTING: step 78 for state:  [5.19939086e-25 9.42834534e-24 4.86335688e-25]
FORECASTING: step 79 for state:  [2.51568693e-25 6.86971662e-24 1.34185106e-25]
FORECASTING: step 80 for state:  [9.64384498e-26 1.76060488e-24 1.43998580e-25]
FORECASTING: step 81 for state:  [6.01092575e-26 1.22405244e-24 7.07631504e-26]
FORECASTING: step 82 for state:  [3.27181020e-26 7.71022486e-25 2.32068406e-26]
FORECASTING: step 83 for state:  [1.39812356e-26 9.45697757e-26 1.68970818e-26]
FORECASTING: step 84 for state:  [7.71957935e-27 3.03276265e-25 9.03549919e-27]
FORECASTING: step 85 for state:  [4.18876964e-27 1.34643196e-25 4.73361690e-27]
FORECASTING: step 86 for state:  [2.23059664e-27 6.19441268e-26 1.74812293e-27]
FORECASTING: step 87 for state:  [9.94679890e-28 2.08459328e-26 9.40065688e-28]
FORECASTING: step 88 for state:  [4.83686395e-28 1.02003062e-26 4.97339944e-28]
FORECASTING: step 89 for state:  [2.45256585e-28 1.38026553e-28 1.62249168e-28]
FORECASTING: step 90 for state:  [1.01876438e-28 2.21753774e-27 1.01964508e-28]
FORECASTING: step 91 for state:  [5.09602365e-29 1.55524564e-27 4.07756287e-29]
FORECASTING: step 92 for state:  [2.29339663e-29 4.94322960e-28 2.16534884e-29]
FORECASTING: step 93 for state:  [1.11468637e-29 2.24061254e-28 9.23862582e-30]
FORECASTING: step 94 for state:  [5.09637238e-30 1.85262195e-30 5.97265594e-30]
FORECASTING: step 95 for state:  [2.76725708e-30 8.93671662e-29 3.18452545e-30]
FORECASTING: step 96 for state:  [1.48794563e-30 1.86857440e-29 2.88165723e-30]
FORECASTING: step 97 for state:  [1.09240072e-30 2.18358611e-29 5.39935421e-31]
FORECASTING: step 98 for state:  [4.08084035e-31 7.60027431e-31 4.92058541e-31]
FORECASTING: step 99 for state:  [2.25035644e-31 3.91739390e-30 1.58279920e-31]
FORECASTING: step 100 for state:  [9.58288909e-32 2.44615062e-30 1.52087802e-31]
FORECASTING: step 101 for state:  [6.19791732e-32 1.62411619e-30 3.94520160e-32]
FORECASTING: step 102 for state:  [2.53577973e-32 3.76632683e-31 1.83106879e-32]
FORECASTING: step 103 for state:  [1.09171213e-32 1.84448435e-31 9.63730779e-33]
FORECASTING: step 104 for state:  [5.13860727e-33 3.80713182e-33 3.68168818e-33]
FORECASTING: step 105 for state:  [2.20507386e-33 4.94832691e-32 1.76085575e-33]
FORECASTING: step 106 for state:  [9.91482403e-34 3.29540567e-32 7.25846713e-34]
FORECASTING: step 107 for state:  [4.29332279e-34 1.84867533e-32 5.97027094e-34]
FORECASTING: step 108 for state:  [2.56589843e-34 2.25500920e-33 2.96735213e-34]
FORECASTING: step 109 for state:  [1.38331264e-34 2.90791588e-33 1.55128189e-34]
FORECASTING: step 110 for state:  [7.33648633e-35 4.15855734e-34 4.59554070e-35]
FORECASTING: step 111 for state:  [2.98300676e-35 0.00000000e+00 3.55163631e-35]
FORECASTING: step 112 for state:  [1.63366077e-35 6.25846287e-34 1.41897143e-35]
FORECASTING: step 113 for state:  [0. 0. 0.]
FORECASTING: step 114 for state:  [0.00155912 0.         0.        ]
FORECASTING: step 115 for state:  [1.20681399e-33 0.00000000e+00 0.00000000e+00]
FORECASTING: step 116 for state:  [0.00155912 0.         0.        ]
FORECASTING: step 117 for state:  [4.08415192e-36 7.79561830e-04 4.14142222e-04]
FORECASTING: step 118 for state:  [1.03535555e-04 7.06477908e-03 1.97935621e-05]
FORECASTING: step 119 for state:  [0.02845401 0.         0.        ]
FORECASTING: step 120 for state:  [0.05124725 0.         0.        ]
FORECASTING: step 121 for state:  [0.01281181 0.         0.        ]
FORECASTING: step 122 for state:  [0. 0. 0.]
FORECASTING: step 123 for state:  [2.58838889e-05 3.93739627e-03 1.11338787e-04]
FORECASTING: step 124 for state:  [3.43056689e-05 0.00000000e+00 6.21403656e-05]
FORECASTING: step 125 for state:  [0. 0. 0.]
FORECASTING: step 126 for state:  [8.57641722e-06 6.90871446e-04 4.28820861e-06]
FORECASTING: step 127 for state:  [0.09036675 0.         0.        ]
FORECASTING: step 128 for state:  [0.18073349 0.         0.        ]
FORECASTING: step 129 for state:  [2.14410431e-06 6.32630711e-01 8.47188917e-02]
FORECASTING: step 130 for state:  [0.02118026 0.         0.03106414]
FORECASTING: step 131 for state:  [0.0130611  0.29085484 0.01059026]
FORECASTING: step 132 for state:  [0.00591284 0.0945947  0.01103144]
FORECASTING: step 133 for state:  [0.00423607 0.04076761 0.004567  ]
FORECASTING: step 134 for state:  [0.00220077 0.03860761 0.00248759]
FORECASTING: step 135 for state:  [0.00117209 0.00290007 0.00072876]
FORECASTING: step 136 for state:  [0.00047521 0.01440902 0.0005645 ]
FORECASTING: step 137 for state:  [0.00025993 0.0039037  0.00031086]
FORECASTING: step 138 for state:  [0.0001427  0.00178069 0.00015966]
FORECASTING: step 139 for state:  [0. 0. 0.]
FORECASTING: step 140 for state:  [0.01078446 0.         0.        ]
FORECASTING: step 141 for state:  [0.01079037 0.         0.        ]
FORECASTING: step 142 for state:  [0.0175388 0.        0.       ]
FORECASTING: step 143 for state:  [0.0043847 0.        0.       ]
FORECASTING: step 144 for state:  [0. 0. 0.]
FORECASTING: step 145 for state:  [3.56743854e-05 1.20918680e-03 3.16239811e-05]
FORECASTING: step 146 for state:  [1.68245916e-05 1.14797490e-04 9.93119744e-06]
FORECASTING: step 147 for state:  [2.02174458e-06 0.00000000e+00 0.00000000e+00]
FORECASTING: step 148 for state:  [5.88684389e-06 0.00000000e+00 0.00000000e+00]
FORECASTING: step 149 for state:  [1.12908745e-05 0.00000000e+00 0.00000000e+00]
FORECASTING: step 150 for state:  [1. 0. 0.]
FORECASTING: step 151 for state:  [0. 0. 0.]
FORECASTING: step 152 for state:  [1. 0. 0.]
FORECASTING: step 153 for state:  [0.12499969 0.         0.        ]
FORECASTING: step 154 for state:  [1. 0. 0.]
FORECASTING: step 155 for state:  [0. 0. 0.]
FORECASTING: step 156 for state:  [3.02831289e-05 0.00000000e+00 0.00000000e+00]
FORECASTING: step 157 for state:  [4.20614791e-06 4.86087998e-01 1.52053233e-02]
FORECASTING: step 158 for state:  [0.00380238 0.21275448 0.00379755]
FORECASTING: step 159 for state:  [0.54416233 0.         0.        ]
FORECASTING: step 160 for state:  [1. 0. 0.]
FORECASTING: step 161 for state:  [1. 0. 0.]
FORECASTING: step 162 for state:  [1. 0. 0.]
FORECASTING: step 163 for state:  [0.00378617 0.         0.        ]
FORECASTING: step 164 for state:  [1. 0. 0.]
FORECASTING: step 165 for state:  [0.0009506  0.41724109 0.27465258]
FORECASTING: step 166 for state:  [1. 0. 0.]
FORECASTING: step 167 for state:  [2.37648898e-04 1.00000000e+00 2.99126767e-01]
FORECASTING: step 168 for state:  [0.0748411  1.         0.05021831]
FORECASTING: step 169 for state:  [0.03126485 0.         0.04996028]
FORECASTING: step 170 for state:  [0.02030628 0.53371941 0.03279264]
FORECASTING: step 171 for state:  [0.01327473 0.0319662  0.01951884]
FORECASTING: step 172 for state:  [0.00819839 0.         0.00692925]
FORECASTING: step 173 for state:  [0.00378191 0.04960017 0.00468455]
FORECASTING: step 174 for state:  [0.00211662 0.01953006 0.00269603]
FORECASTING: step 175 for state:  [0.00120316 0.00910673 0.00062067]
FORECASTING: step 176 for state:  [0.00045596 0.         0.00056537]
FORECASTING: step 177 for state:  [0.00025533 0.00644046 0.00030318]
FORECASTING: step 178 for state:  [1.39626948e-04 1.03672947e-03 7.35307765e-05]
FORECASTING: step 179 for state:  [5.32894311e-05 1.29920746e-03 5.57139193e-05]
FORECASTING: step 180 for state:  [2.72508376e-05 1.18660670e-04 2.14429200e-05]
FORECASTING: step 181 for state:  [1.21734394e-05 1.51222466e-04 1.34738883e-05]
FORECASTING: step 182 for state:  [6.41183192e-06 1.12356479e-04 4.70865457e-06]
FORECASTING: step 183 for state:  [2.78012162e-06 8.78863273e-06 3.19644530e-06]
FORECASTING: step 184 for state:  [1.49414173e-06 6.89061722e-05 1.09340224e-06]
FORECASTING: step 185 for state:  [6.46885992e-07 2.02397496e-05 5.10506670e-07]
FORECASTING: step 186 for state:  [2.89348166e-07 5.32330498e-06 4.51282386e-07]
FORECASTING: step 187 for state:  [1.85157638e-07 1.44776697e-06 2.08466608e-07]
FORECASTING: step 188 for state:  [9.84060614e-08 1.00376222e-06 1.10663079e-07]
FORECASTING: step 189 for state:  [5.22672852e-08 2.51026047e-07 3.26482241e-08]
FORECASTING: step 190 for state:  [2.12288773e-08 9.21128379e-08 2.21102882e-08]
FORECASTING: step 191 for state:  [1.08347914e-08 1.91601270e-07 1.30956581e-08]
FORECASTING: step 192 for state:  [5.98261237e-09 1.07546008e-07 3.68225269e-09]
FORECASTING: step 193 for state:  [2.41621627e-09 6.02896427e-08 2.50452876e-09]
FORECASTING: step 194 for state:  [1.23018626e-09 1.24597784e-08 9.55889216e-10]
FORECASTING: step 195 for state:  [5.46518868e-10 9.85917363e-09 4.17340453e-10]
FORECASTING: step 196 for state:  [2.40964830e-10 1.47945718e-09 2.95861775e-10]
FORECASTING: step 197 for state:  [1.34206651e-10 1.14137133e-10 1.54639844e-10]
FORECASTING: step 198 for state:  [7.22116239e-11 3.19991172e-09 4.53514924e-11]
FORECASTING: step 199 for state:  [2.93907791e-11 5.42663965e-10 3.52906939e-11]
FORECASTING: step 200 for state:  [1.61703682e-11 2.03575887e-10 1.16571417e-11]
FORECASTING: step 201 for state:  [6.95687750e-12 1.57594405e-10 7.00782238e-12]
FORECASTING: step 202 for state:  [3.49117497e-12 3.28483804e-11 2.73713117e-12]
FORECASTING: step 203 for state:  [1.55707653e-12 4.95639184e-12 1.49610954e-12]
FORECASTING: step 204 for state:  [7.63296517e-13 1.04870758e-11 5.05989226e-13]
FORECASTING: step 205 for state:  [3.17321436e-13 4.27686779e-12 2.57056171e-13]
FORECASTING: step 206 for state:  [1.43594402e-13 1.83389463e-12 1.76710422e-13]
FORECASTING: step 207 for state:  [1. 0. 0.]
FORECASTING: step 208 for state:  [1. 0. 0.]
FORECASTING: step 209 for state:  [0. 0. 0.]
FORECASTING: step 210 for state:  [1. 0. 0.]
FORECASTING: step 211 for state:  [0. 0. 0.]
FORECASTING: step 212 for state:  [0.4765625 0.        0.       ]
FORECASTING: step 213 for state:  [3.58986004e-14 1.00000000e+00 1.34033203e-01]
FORECASTING: step 214 for state:  [0.0335083  0.56591797 0.05957031]
FORECASTING: step 215 for state:  [0.02326965 0.         0.01675415]
FORECASTING: step 216 for state:  [0.05584717 0.         0.        ]
FORECASTING: step 217 for state:  [0.00581741 0.21035767 0.02015734]
FORECASTING: step 218 for state:  [1. 0. 0.]
FORECASTING: step 219 for state:  [0.00589943 0.         0.        ]
FORECASTING: step 220 for state:  [1. 0. 0.]
FORECASTING: step 221 for state:  [0.27986504 0.         0.        ]
FORECASTING: step 222 for state:  [0. 0. 0.]
FORECASTING: step 223 for state:  [0.00145435 0.13002694 0.00282169]
FORECASTING: step 224 for state:  [1. 0. 0.]
FORECASTING: step 225 for state:  [3.63588333e-04 1.44066585e-02 3.74998566e-01]
FORECASTING: step 226 for state:  [0.09384054 1.         0.1563619 ]
FORECASTING: step 227 for state:  [0.71863093 0.         0.        ]
FORECASTING: step 228 for state:  [0. 0. 0.]
FORECASTING: step 229 for state:  [0.02346013 0.81637222 0.04735333]
FORECASTING: step 230 for state:  [0.02367666 0.         0.        ]
FORECASTING: step 231 for state:  [0.00586503 0.158316   0.00741249]
FORECASTING: step 232 for state:  [0.00331938 0.17011736 0.00185312]
FORECASTING: step 233 for state:  [0.00129313 0.01694812 0.00121671]
FORECASTING: step 234 for state:  [0.00062746 0.00310813 0.00055492]
FORECASTING: step 235 for state:  [0.0002956  0.00415046 0.00042998]
FORECASTING: step 236 for state:  [0.00018139 0.         0.00011431]
FORECASTING: step 237 for state:  [0. 0. 0.]
FORECASTING: step 238 for state:  [0.01276397 0.         0.        ]
FORECASTING: step 239 for state:  [0. 0. 0.]
FORECASTING: step 240 for state:  [0. 0. 0.]
FORECASTING: step 241 for state:  [1. 0. 0.]
FORECASTING: step 242 for state:  [0. 0. 0.]
FORECASTING: step 243 for state:  [0.37439169 0.         0.        ]
FORECASTING: step 244 for state:  [0. 0. 0.]
FORECASTING: step 245 for state:  [1. 0. 0.]
FORECASTING: step 246 for state:  [0. 0. 0.]
FORECASTING: step 247 for state:  [8.15006029e-05 0.00000000e+00 0.00000000e+00]
FORECASTING: step 248 for state:  [4.53481481e-05 4.90515094e-01 7.67039063e-03]
FORECASTING: step 249 for state:  [1. 0. 0.]
FORECASTING: step 250 for state:  [1. 0. 0.]
FORECASTING: step 251 for state:  [1. 0. 0.]
FORECASTING: step 252 for state:  [1. 0. 0.]
FORECASTING: step 253 for state:  [0.12535686 0.         0.        ]
FORECASTING: step 254 for state:  [1. 0. 0.]
FORECASTING: step 255 for state:  [0.07357369 0.         0.        ]
FORECASTING: step 256 for state:  [0.49769228 0.         0.        ]
FORECASTING: step 257 for state:  [1. 0. 0.]
FORECASTING: step 258 for state:  [0. 0. 0.]
FORECASTING: step 259 for state:  [0.39294872 0.         0.        ]
FORECASTING: step 260 for state:  [1. 0. 0.]
FORECASTING: step 261 for state:  [1. 0. 0.]
FORECASTING: step 262 for state:  [0. 0. 0.]
FORECASTING: step 263 for state:  [0.90361286 0.         0.        ]
FORECASTING: step 264 for state:  [1.13370370e-05 7.85980857e-01 3.32830626e-01]
FORECASTING: step 265 for state:  [0.08321049 0.         0.1366742 ]
FORECASTING: step 266 for state:  [0.05497117 1.         0.04160595]
FORECASTING: step 267 for state:  [1. 0. 0.]
FORECASTING: step 268 for state:  [0. 0. 0.]
FORECASTING: step 269 for state:  [0. 0. 0.]
FORECASTING: step 270 for state:  [0.66566125 0.         0.        ]
FORECASTING: step 271 for state:  [1. 0. 0.]
FORECASTING: step 272 for state:  [0.01374279 1.         0.35468383]
FORECASTING: step 273 for state:  [0.82360213 0.         0.        ]
FORECASTING: step 274 for state:  [1. 0. 0.]
FORECASTING: step 275 for state:  [1. 0. 0.]
FORECASTING: step 276 for state:  [0. 0. 0.]
FORECASTING: step 277 for state:  [1. 0. 0.]
FORECASTING: step 278 for state:  [0.0034357  1.         0.26257081]
FORECASTING: step 279 for state:  [0.06650163 1.         0.0593573 ]
FORECASTING: step 280 for state:  [0.03146473 0.76880437 0.03225041]
FORECASTING: step 281 for state:  [0.01592878 0.         0.00791987]
FORECASTING: step 282 for state:  [0.00596216 0.23288986 0.00596658]
FORECASTING: step 283 for state:  [0. 0. 0.]
FORECASTING: step 284 for state:  [0. 0. 0.]
FORECASTING: step 285 for state:  [0.00031147 0.         0.        ]
FORECASTING: step 286 for state:  [0.00012459 0.         0.        ]
FORECASTING: step 287 for state:  [0.10415307 0.         0.        ]
FORECASTING: step 288 for state:  [0. 0. 0.]
FORECASTING: step 289 for state:  [0.00149054 0.1451508  0.00650872]
FORECASTING: step 290 for state:  [0.2886742 0.        0.       ]
FORECASTING: step 291 for state:  [0. 0. 0.]
FORECASTING: step 292 for state:  [1. 0. 0.]
FORECASTING: step 293 for state:  [0.01806969 0.         0.        ]
FORECASTING: step 294 for state:  [0.43862936 0.         0.        ]
FORECASTING: step 295 for state:  [0.02390919 0.         0.        ]
FORECASTING: step 296 for state:  [0. 0. 0.]
FORECASTING: step 297 for state:  [0.00037264 0.15055953 0.00447098]
FORECASTING: step 298 for state:  [0.0012109  0.06633781 0.00232865]
Simulation complete..
