Gen: 0, Best Score: -0.09798204178501517, Avg Score: -0.2911122767427654, Time: 0.008277191056145562
Gen: 1, Best Score: -0.08645756540149974, Avg Score: -0.22544941136626453, Time: 0.01581198705567254
Gen: 2, Best Score: -0.09027766244713104, Avg Score: -0.18786295566690142, Time: 0.022277319033940632
Gen: 3, Best Score: -0.06670733992072458, Avg Score: -0.15424901250249506, Time: 0.02860210186905331
Gen: 4, Best Score: -0.07772315105349292, Avg Score: -0.14173951882187757, Time: 0.03390211092101203
Gen: 5, Best Score: -0.07396263265782073, Avg Score: -0.1277994109380664, Time: 0.03856147838963403
Gen: 6, Best Score: -0.06915119601387529, Avg Score: -0.12252820612935801, Time: 0.04227723413043552
Gen: 7, Best Score: -0.07285827788845683, Avg Score: -0.11183354509570859, Time: 0.04525293873416053
Gen: 8, Best Score: -0.0641696224004636, Avg Score: -0.12133518102740477, Time: 0.04834880537456936
Gen: 9, Best Score: -0.07128374315471643, Avg Score: -0.11541034812135739, Time: 0.051663214895460344
Values
Validation Generation Score:  -10094.524024781911
Validation Generation Score:  -10093.067910800322
Validation Generation Score:  -10093.403586349477
validationchampion:  {'validation': -10093.067910800322}
Validation champ with the best test score with -10093.067910800322 on test data.
Gen: 10, Best Score: -10093.067910800322, Avg Score: -10096.429615292725, Time: 0.06559659957885743
Gen: 11, Best Score: -0.07242373134789348, Avg Score: -0.1245212565602945, Time: 0.06905795302655962
Gen: 12, Best Score: -0.0710448336392067, Avg Score: -0.10864778151714892, Time: 0.0726392275094986
Gen: 13, Best Score: -0.07419234827725202, Avg Score: -0.10307132374078823, Time: 0.07699295712841882
Gen: 14, Best Score: -0.07086521390295063, Avg Score: -0.10099801770414135, Time: 0.08096936139795516
Gen: 15, Best Score: -0.06549816487328412, Avg Score: -0.09797621614769383, Time: 0.08457720948590172
Gen: 16, Best Score: -0.06637526087475631, Avg Score: -0.09999147502599762, Time: 0.08869867609606849
Gen: 17, Best Score: -0.05806109883384661, Avg Score: -0.09612091605544744, Time: 0.09254889912075466
Gen: 18, Best Score: -0.06612650465584788, Avg Score: -0.09484350705117145, Time: 0.09611395365662045
Gen: 19, Best Score: -0.06519566502684439, Avg Score: -0.09114651478375359, Time: 0.09992969168557062
Values
Validation Generation Score:  -10093.620783390601
Validation Generation Score:  -10093.68772788148
validationchampion:  {'validation': -10093.620783390601}
Validation champ with the best test score with -10093.620783390601 on test data.
Gen: 20, Best Score: -10093.620783390601, Avg Score: -10096.550266968161, Time: 0.11300066212813059
Gen: 21, Best Score: -0.0647696316136536, Avg Score: -0.0986167758998946, Time: 0.11763594653871325
Gen: 22, Best Score: -0.05776184646532272, Avg Score: -0.09213908865449652, Time: 0.12201639228396946
Gen: 23, Best Score: -0.062402222256226283, Avg Score: -0.09013502070634583, Time: 0.12658631092972225
Gen: 24, Best Score: -0.05804192754142185, Avg Score: -0.08647542806062337, Time: 0.1311067865954505
Gen: 25, Best Score: -0.05815279296738049, Avg Score: -0.08599625112121385, Time: 0.13580203553040823
Gen: 26, Best Score: -0.05717097366881385, Avg Score: -0.08462304271367686, Time: 0.1405375854174296
Gen: 27, Best Score: -0.05380017334942071, Avg Score: -0.08475735295144535, Time: 0.14543731570243834
Gen: 28, Best Score: -0.056511616135498516, Avg Score: -0.0856510636226116, Time: 0.1500478012031979
Gen: 29, Best Score: -0.059406401468087115, Avg Score: -0.08233025130242361, Time: 0.15463167276647355
Values
Validation Generation Score:  -10095.294079699406
Validation Generation Score:  -10095.004904969814
Validation Generation Score:  -10094.54977251862
Validation Generation Score:  -10094.452801285048
Validation Generation Score:  -10093.670437652652
Validation Generation Score:  -10093.74167025179
validationchampion:  {'validation': -10093.670437652652}
Validation champ with the best test score with -10093.670437652652 on test data.
Gen: 30, Best Score: -10093.670437652652, Avg Score: -10096.151575856737, Time: 0.1876370887623893
Gen: 31, Best Score: -0.0633280245172298, Avg Score: -0.12522071684480152, Time: 0.19290245440271164
Gen: 32, Best Score: -0.06175749998545377, Avg Score: -0.09002613344302648, Time: 0.1987773029671775
Gen: 33, Best Score: -0.05745750398021791, Avg Score: -0.08926485682203802, Time: 0.20455722557173836
Gen: 34, Best Score: -0.060200578729925285, Avg Score: -0.08795630665802734, Time: 0.21071068498823378
Gen: 35, Best Score: -0.055502771469929234, Avg Score: -0.08326580440458194, Time: 0.2166371488571167
Gen: 36, Best Score: -0.05311102649112282, Avg Score: -0.08218467936486398, Time: 0.22206429574224684
Gen: 37, Best Score: -0.053799992090624464, Avg Score: -0.08332046825782917, Time: 0.22839238736364575
Gen: 38, Best Score: -0.05461124146563309, Avg Score: -0.08139788409413554, Time: 0.234182960457272
Gen: 39, Best Score: -0.05157226965799501, Avg Score: -0.07781347849229635, Time: 0.23939819594224293
Values
Validation Generation Score:  -10094.29140135021
Validation Generation Score:  -10094.28113142606
Validation Generation Score:  -10093.67606925549
Validation Generation Score:  -10093.854812787447
validationchampion:  {'validation': -10093.67606925549}
Validation champ with the best test score with -10093.67606925549 on test data.
Gen: 40, Best Score: -10093.67606925549, Avg Score: -10096.097085712085, Time: 0.26788372059663135
Gen: 41, Best Score: -0.05740463796847725, Avg Score: -0.10832336252744307, Time: 0.27445869730578526
Gen: 42, Best Score: -0.05657317982833378, Avg Score: -0.081067672913987, Time: 0.2810634966691335
Gen: 43, Best Score: -0.05255306113071735, Avg Score: -0.07989821355091505, Time: 0.2873641342586941
Gen: 44, Best Score: -0.047054782477188944, Avg Score: -0.07816155766407419, Time: 0.293480916817983
Gen: 45, Best Score: -0.04879003883679925, Avg Score: -0.07756182037738071, Time: 0.2992117116186354
Gen: 46, Best Score: -0.053022249515030546, Avg Score: -0.07697540798764155, Time: 0.3048125798172421
Gen: 47, Best Score: -0.04964977848303548, Avg Score: -0.07830728436052291, Time: 0.3109889667563968
Gen: 48, Best Score: -0.05191434171494092, Avg Score: -0.07609428888797497, Time: 0.3166982799106174
Gen: 49, Best Score: -0.047396351217692, Avg Score: -0.07426772973739855, Time: 0.3225498127275043
Values
Validation Generation Score:  -10094.471730033118
Validation Generation Score:  -10094.293640934971
Validation Generation Score:  -10092.993867153922
Validation Generation Score:  -10093.173288499018
validationchampion:  {'validation': -10092.993867153922}
Validation champ with the best test score with -10092.993867153922 on test data.
Gen: 50, Best Score: -10092.993867153922, Avg Score: -10096.069856953098, Time: 0.35039414001835717
Gen: 51, Best Score: -0.04702153609103973, Avg Score: -0.08712603595238055, Time: 0.3568820932176378
Gen: 52, Best Score: -0.04596232129843022, Avg Score: -0.07872368076130447, Time: 0.3631642758846283
Gen: 53, Best Score: -0.045554463797510186, Avg Score: -0.07595864991499504, Time: 0.36988455401526554
Gen: 54, Best Score: -0.04605195456679098, Avg Score: -0.07445003505750017, Time: 0.37578909642166564
Gen: 55, Best Score: -0.04522514724537314, Avg Score: -0.07400536917710818, Time: 0.38112085706657833
Gen: 56, Best Score: -0.04367180285620761, Avg Score: -0.07167008396418842, Time: 0.3873709473345015
Gen: 57, Best Score: -0.044228017214270776, Avg Score: -0.06925820664432802, Time: 0.3921189237303204
Gen: 58, Best Score: -0.04383320752603107, Avg Score: -0.0687630789815292, Time: 0.396882149775823
Gen: 59, Best Score: -0.04441684308715171, Avg Score: -0.07020146397005075, Time: 0.40156871332062616
Values
Validation Generation Score:  -10094.545766919393
Validation Generation Score:  -10094.217439174443
Validation Generation Score:  -10093.8417745782
Validation Generation Score:  -10093.282702266062
Validation Generation Score:  -10093.251446491313
Validation Generation Score:  -10093.142998150675
Validation Generation Score:  -10093.03714918651
Validation Generation Score:  -10092.897299901657
Validation Generation Score:  -10092.57346494409
Validation Generation Score:  -10091.429192507294
Validation Generation Score:  -10091.869008707266
validationchampion:  {'validation': -10091.429192507294}
Validation champ with the best test score with -10091.429192507294 on test data.
Gen: 60, Best Score: -10091.429192507294, Avg Score: -10094.732700157896, Time: 0.45765660709804956
Gen: 61, Best Score: -0.046389286930217925, Avg Score: -0.13624915996084375, Time: 0.462955704331398
Gen: 62, Best Score: -0.046389286930217925, Avg Score: -0.10545464944707234, Time: 0.46706750081645115
Gen: 63, Best Score: -0.046389286930217925, Avg Score: -0.08484401490828056, Time: 0.4712713810470369
Gen: 64, Best Score: -0.046389286930217925, Avg Score: -0.08044365849313792, Time: 0.47532925340864396
Gen: 65, Best Score: -0.04627197226895633, Avg Score: -0.07307074992391786, Time: 0.4785523631175359
Gen: 66, Best Score: -0.046389286930217925, Avg Score: -0.07204255640742024, Time: 0.4813132928477393
Gen: 67, Best Score: -0.046389286930217925, Avg Score: -0.06612324923820095, Time: 0.48417935046884747
Gen: 68, Best Score: -0.045932926755781464, Avg Score: -0.06842351591199163, Time: 0.48716825988557605
Gen: 69, Best Score: -0.046389286930217925, Avg Score: -0.061746122309752995, Time: 0.4890980780786938
Values
Validation Generation Score:  -10094.03763868992
Validation Generation Score:  -10093.640359783041
Validation Generation Score:  -10093.640359783041
Validation Generation Score:  -10093.640359783041
Validation Generation Score:  -10093.640359783041
Validation Generation Score:  -10093.640359783041
Validation Generation Score:  -10093.547519312777
Validation Generation Score:  -10093.640359783041
validationchampion:  {'validation': -10093.547519312777}
Validation champ with the best test score with -10093.547519312777 on test data.
Gen: 70, Best Score: -10093.547519312777, Avg Score: -10094.582282291933, Time: 0.5035385544432535
Gen: 71, Best Score: -0.046389286930217925, Avg Score: -0.07118726571845622, Time: 0.5051400614447064
Gen: 72, Best Score: -0.046389286930217925, Avg Score: -0.061328823646226334, Time: 0.5067441999249989
Gen: 73, Best Score: -0.046389286930217925, Avg Score: -0.06469377307916055, Time: 0.5082647431559033
Gen: 74, Best Score: -0.046389286930217925, Avg Score: -0.05861360682507074, Time: 0.5097819446192847
Gen: 75, Best Score: -0.046389286930217925, Avg Score: -0.06657526278417213, Time: 0.5113398303588231
Gen: 76, Best Score: -0.046389286930217925, Avg Score: -0.06105480335937642, Time: 0.5127951712740793
Gen: 77, Best Score: -0.046389286930217925, Avg Score: -0.06313190811341488, Time: 0.5144442092710071
Gen: 78, Best Score: -0.046389286930217925, Avg Score: -0.062220714775311346, Time: 0.5159571186701457
Gen: 79, Best Score: -0.046389286930217925, Avg Score: -0.07080037944701512, Time: 0.5174497281842761
Values
Validation Generation Score:  -10093.716561673695
Validation Generation Score:  -10093.838987499445
validationchampion:  {'validation': -10093.716561673695}
Validation champ with the best test score with -10093.716561673695 on test data.
Gen: 80, Best Score: -10093.716561673695, Avg Score: -10094.499335149345, Time: 0.5222926206058927
Gen: 81, Best Score: -0.046389286930217925, Avg Score: -0.06716820792136462, Time: 0.5238284908400641
Gen: 82, Best Score: -0.046389286930217925, Avg Score: -0.062110740977520014, Time: 0.5253914335701201
Gen: 83, Best Score: -0.046389286930217925, Avg Score: -0.0623367908283558, Time: 0.527060250904825
Gen: 84, Best Score: -0.046389286930217925, Avg Score: -0.06569650368409351, Time: 0.5290412678983476
Gen: 85, Best Score: -0.046389286930217925, Avg Score: -0.06478371551871864, Time: 0.530535014073054
Gen: 86, Best Score: -0.046389286930217925, Avg Score: -0.06200003924253956, Time: 0.5320850047800276
Gen: 87, Best Score: -0.046389286930217925, Avg Score: -0.06840419916933829, Time: 0.5336941762102975
Gen: 88, Best Score: -0.046389286930217925, Avg Score: -0.0670978109408472, Time: 0.5351766884326935
Gen: 89, Best Score: -0.046389286930217925, Avg Score: -0.06372915675031297, Time: 0.5368317615323597
Values
Validation Generation Score:  -10093.919745912588
Validation Generation Score:  -10093.998788651072
validationchampion:  {'validation': -10093.919745912588}
Validation champ with the best test score with -10093.919745912588 on test data.
Gen: 90, Best Score: -10093.919745912588, Avg Score: -10094.453564512933, Time: 0.5416294914484024
Gen: 91, Best Score: -0.046389286930217925, Avg Score: -0.06267391250648478, Time: 0.5431121291054619
Gen: 92, Best Score: -0.046389286930217925, Avg Score: -0.063121612016142, Time: 0.5446198096540239
Gen: 93, Best Score: -0.046389286930217925, Avg Score: -0.06284481639502462, Time: 0.546613196267022
Gen: 94, Best Score: -0.046389286930217925, Avg Score: -0.06667008143511541, Time: 0.5482757035891215
Gen: 95, Best Score: -0.046389286930217925, Avg Score: -0.06537797222366508, Time: 0.5497286107142766
Gen: 96, Best Score: -0.04593104744769686, Avg Score: -0.06405924082296134, Time: 0.5512372020218107
Gen: 97, Best Score: -0.046389286930217925, Avg Score: -0.06457907448962849, Time: 0.5527771405378977
Gen: 98, Best Score: -0.046389286930217925, Avg Score: -0.06478080634622707, Time: 0.5545388799905777
Gen: 99, Best Score: -0.046389286930217925, Avg Score: -0.06085016125443127, Time: 0.5564978649218877
Values
testing Generation Score:  -10093.495334915164
testing Generation Score:  -10093.212290590182
testing Generation Score:  -10092.802115951343
testing Generation Score:  -10092.28874845437
testing Generation Score:  -10092.553887274358
testingchampion:  {'testing': -10092.28874845437}
testing champ with the best test score with -10092.28874845437 on test data.
Gen: 100, Best Score: -10092.28874845437, Avg Score: -10094.508589892705, Time: 0.5659494521220525
Gen: 101, Best Score: -0.046389286930217925, Avg Score: -0.0675306638207954, Time: 0.5675767991277907
Gen: 102, Best Score: -0.046389286930217925, Avg Score: -0.0608762863190873, Time: 0.5690437875853644
Gen: 103, Best Score: -0.046389286930217925, Avg Score: -0.06295022221924637, Time: 0.5705362519290712
Gen: 104, Best Score: -0.046389286930217925, Avg Score: -0.06472996461036536, Time: 0.5723250060611301
Gen: 105, Best Score: -0.046389286930217925, Avg Score: -0.06505505347164757, Time: 0.5738175924619039
Gen: 106, Best Score: -0.046389286930217925, Avg Score: -0.06352090965007424, Time: 0.5753852892584271
Gen: 107, Best Score: -0.046389286930217925, Avg Score: -0.06521942539095844, Time: 0.5770400712225172
Gen: 108, Best Score: -0.046389286930217925, Avg Score: -0.06322304150262698, Time: 0.5786670382817586
Gen: 109, Best Score: -0.046389286930217925, Avg Score: -0.06518099606338827, Time: 0.580367277264595
Values
Validation Generation Score:  -10093.605887266343
Validation Generation Score:  -10093.654782653522
validationchampion:  {'validation': -10093.605887266343}
Validation champ with the best test score with -10093.605887266343 on test data.
Gen: 110, Best Score: -10093.605887266343, Avg Score: -10094.40557301414, Time: 0.5849579054117203
Gen: 111, Best Score: -0.046389286930217925, Avg Score: -0.06545968381145854, Time: 0.58653380493323
Gen: 112, Best Score: -0.046389286930217925, Avg Score: -0.06355431647850411, Time: 0.5883116080363592
Gen: 113, Best Score: -0.046389286930217925, Avg Score: -0.06649269353714767, Time: 0.5897944458987978
Gen: 114, Best Score: -0.046389286930217925, Avg Score: -0.06312368543185135, Time: 0.5918854282299677
Gen: 115, Best Score: -0.046389286930217925, Avg Score: -0.06114611544383072, Time: 0.5934432200590769
Gen: 116, Best Score: -0.046389286930217925, Avg Score: -0.06288310346664727, Time: 0.595256859726376
Gen: 117, Best Score: -0.046389286930217925, Avg Score: -0.06460049517464987, Time: 0.5968937066528532
Gen: 118, Best Score: -0.046389286930217925, Avg Score: -0.06410017364033543, Time: 0.5985259809096655
Gen: 119, Best Score: -0.046389286930217925, Avg Score: -0.0637839080103817, Time: 0.6001150221957101
Values
Validation Generation Score:  -10093.706522645136
Validation Generation Score:  -10092.717729867938
Validation Generation Score:  -10093.47096241559
validationchampion:  {'validation': -10092.717729867938}
Validation champ with the best test score with -10092.717729867938 on test data.
Gen: 120, Best Score: -10092.717729867938, Avg Score: -10094.496503370941, Time: 0.6066966795259052
Gen: 121, Best Score: -0.046389286930217925, Avg Score: -0.06415383202530221, Time: 0.6082872255643209
Gen: 122, Best Score: -0.046389286930217925, Avg Score: -0.06877242272465632, Time: 0.6100948474804561
Gen: 123, Best Score: -0.046389286930217925, Avg Score: -0.06675517332237788, Time: 0.6117240926954481
Gen: 124, Best Score: -0.046389286930217925, Avg Score: -0.06731101431240794, Time: 0.6134764779276318
Gen: 125, Best Score: -0.046389286930217925, Avg Score: -0.06434577640604935, Time: 0.6152907483445273
Gen: 126, Best Score: -0.046389286930217925, Avg Score: -0.06453939529714031, Time: 0.6169207223256429
Gen: 127, Best Score: -0.0463891072421823, Avg Score: -0.06372509712918967, Time: 0.6186806942356957
Gen: 128, Best Score: -0.046389286930217925, Avg Score: -0.06347588570936123, Time: 0.6202784232298533
Gen: 129, Best Score: -0.046389286930217925, Avg Score: -0.06616465679480876, Time: 0.6217538375986947
Values
Validation Generation Score:  -10093.450860492965
Validation Generation Score:  -10093.89206082906
validationchampion:  {'validation': -10093.450860492965}
Validation champ with the best test score with -10093.450860492965 on test data.
Gen: 130, Best Score: -10093.450860492965, Avg Score: -10094.544559428605, Time: 0.6267623716592788
Gen: 131, Best Score: -0.046389286930217925, Avg Score: -0.059901473212182706, Time: 0.6283687551816305
Gen: 132, Best Score: -0.046389286930217925, Avg Score: -0.0626552860676981, Time: 0.6300941913657718
Gen: 133, Best Score: -0.046389286930217925, Avg Score: -0.06475273929616408, Time: 0.6317218666606479
Gen: 134, Best Score: -0.046389286930217925, Avg Score: -0.0643201705850994, Time: 0.6333253631326887
Gen: 135, Best Score: -0.046389286930217925, Avg Score: -0.07004291047698555, Time: 0.6348650976022084
Gen: 136, Best Score: -0.046389286930217925, Avg Score: -0.06313219593088187, Time: 0.636400583518876
Gen: 137, Best Score: -0.046389286930217925, Avg Score: -0.06296322122867466, Time: 0.6378889083862305
Gen: 138, Best Score: -0.046389286930217925, Avg Score: -0.06663865315193743, Time: 0.6393667482005225
Gen: 139, Best Score: -0.046389286930217925, Avg Score: -0.05927875170906464, Time: 0.6408940679497189
Values
Validation Generation Score:  -10094.03763868992
Validation Generation Score:  -10094.03763868992
Validation Generation Score:  -10093.99501294397
Validation Generation Score:  -10093.589792916211
Validation Generation Score:  -10093.781816365337
validationchampion:  {'validation': -10093.589792916211}
Validation champ with the best test score with -10093.589792916211 on test data.
Gen: 140, Best Score: -10093.589792916211, Avg Score: -10094.538392243423, Time: 0.6499025032917658
Gen: 141, Best Score: -0.046389286930217925, Avg Score: -0.06245464724367381, Time: 0.6514646998378966
Gen: 142, Best Score: -0.046389286930217925, Avg Score: -0.06615965035561318, Time: 0.6529522907071643
Gen: 143, Best Score: -0.046389286930217925, Avg Score: -0.06889298522179846, Time: 0.6546186651786169
Gen: 144, Best Score: -0.046389286930217925, Avg Score: -0.06375095210323127, Time: 0.6562706583076053
Gen: 145, Best Score: -0.046389286930217925, Avg Score: -0.06291163389840997, Time: 0.6576686543226242
Gen: 146, Best Score: -0.046389286930217925, Avg Score: -0.06076446398452903, Time: 0.6596082172791163
Gen: 147, Best Score: -0.046389286930217925, Avg Score: -0.062081329385134984, Time: 0.6612878071599536
Gen: 148, Best Score: -0.046389286930217925, Avg Score: -0.0626322034023082, Time: 0.6630366086297566
Gen: 149, Best Score: -0.046389286930217925, Avg Score: -0.061080544937968266, Time: 0.6645368515782886
Values
Validation Generation Score:  -10093.91816406318
Validation Generation Score:  -10093.988619082078
validationchampion:  {'validation': -10093.91816406318}
Validation champ with the best test score with -10093.91816406318 on test data.
Gen: 150, Best Score: -10093.91816406318, Avg Score: -10094.524355871727, Time: 0.6694505298137665
Gen: 151, Best Score: -0.046389286930217925, Avg Score: -0.06320169290380888, Time: 0.6710516143507428
Gen: 152, Best Score: -0.046389286930217925, Avg Score: -0.06402295612861121, Time: 0.6727308785915375
Gen: 153, Best Score: -0.046389286930217925, Avg Score: -0.06629810907540326, Time: 0.674263384077284
Gen: 154, Best Score: -0.046389286930217925, Avg Score: -0.06298715691695954, Time: 0.6758093923992581
Gen: 155, Best Score: -0.04385073838272083, Avg Score: -0.06205653949082739, Time: 0.6775438819991217
Gen: 156, Best Score: -0.04385073838272083, Avg Score: -0.062112165635600715, Time: 0.6790360063314438
Gen: 157, Best Score: -0.04385073838272083, Avg Score: -0.06492351101975738, Time: 0.6808587351110247
Gen: 158, Best Score: -0.04385073838272083, Avg Score: -0.056967253771309505, Time: 0.6823614799314075
Gen: 159, Best Score: -0.04385073838272083, Avg Score: -0.06642155425932447, Time: 0.6838451896111171
Values
Validation Generation Score:  -10094.03763868992
Validation Generation Score:  -10093.215343755817
Validation Generation Score:  -10093.06709480363
Validation Generation Score:  -10092.973390247045
Validation Generation Score:  -10092.86509220315
Validation Generation Score:  -10092.937942071765
validationchampion:  {'validation': -10092.86509220315}
Validation champ with the best test score with -10092.86509220315 on test data.
Gen: 160, Best Score: -10092.86509220315, Avg Score: -10094.562699735457, Time: 0.696288226975335
Gen: 161, Best Score: -0.04462357127064086, Avg Score: -0.06746152967900178, Time: 0.6982468548085955
Gen: 162, Best Score: -0.045647250986750015, Avg Score: -0.06161353869419579, Time: 0.6998589977290895
Gen: 163, Best Score: -0.04450361766518469, Avg Score: -0.06252742663075882, Time: 0.7013425927029716
Gen: 164, Best Score: -0.0437751127399259, Avg Score: -0.058484734445494346, Time: 0.7032775223255158
Gen: 165, Best Score: -0.04370413829383568, Avg Score: -0.06644601376818951, Time: 0.70482445663876
Gen: 166, Best Score: -0.044256242629160586, Avg Score: -0.060885942049250304, Time: 0.7066668348842197
Gen: 167, Best Score: -0.04404549224387831, Avg Score: -0.06040967118040925, Time: 0.7083140338791741
Gen: 168, Best Score: -0.042770682735515424, Avg Score: -0.06458988507988003, Time: 0.7097883654303021
Gen: 169, Best Score: -0.04382755308299153, Avg Score: -0.060608974546302756, Time: 0.7114192402362823
Values
Validation Generation Score:  -10092.4243122673
Validation Generation Score:  -10092.267591152127
Validation Generation Score:  -10091.930014586966
Validation Generation Score:  -10091.801286152204
Validation Generation Score:  -10091.649347075876
Validation Generation Score:  -10091.529921591151
Validation Generation Score:  -10090.91432082934
Validation Generation Score:  -10090.632297516775
Validation Generation Score:  -10090.083793472868
Validation Generation Score:  -10090.689114156938
validationchampion:  {'validation': -10090.083793472868}
Validation champ with the best test score with -10090.083793472868 on test data.
Gen: 170, Best Score: -10090.083793472868, Avg Score: -10092.565604668865, Time: 0.7328017474545373
Gen: 171, Best Score: -0.03976716087839041, Avg Score: -0.06053957363852886, Time: 0.7350485918919245
Gen: 172, Best Score: -0.03983449752442039, Avg Score: -0.05573033855431412, Time: 0.7370468346277873
Gen: 173, Best Score: -0.03902436935174909, Avg Score: -0.055571108139567726, Time: 0.7389053416252136
Gen: 174, Best Score: -0.038299796353946806, Avg Score: -0.053506267469823704, Time: 0.740545832713445
Gen: 175, Best Score: -0.0394262689631159, Avg Score: -0.049273847476314525, Time: 0.7420591906706492
Gen: 176, Best Score: -0.03987804227484709, Avg Score: -0.050206770445696436, Time: 0.7438244652085834
Gen: 177, Best Score: -0.03935739046421938, Avg Score: -0.053354401705734925, Time: 0.7453514863385095
Gen: 178, Best Score: -0.03958981942818313, Avg Score: -0.051819392134688336, Time: 0.7469502234458923
Gen: 179, Best Score: -0.039379474915548024, Avg Score: -0.049938858805995495, Time: 0.7486141557163662
Values
Validation Generation Score:  -10090.807568167626
Validation Generation Score:  -10090.757321696607
Validation Generation Score:  -10090.230512882734
Validation Generation Score:  -10088.957624671502
Validation Generation Score:  -10088.374404325892
Validation Generation Score:  -10088.12566776671
Validation Generation Score:  -10088.504248181693
validationchampion:  {'validation': -10088.12566776671}
Validation champ with the best test score with -10088.12566776671 on test data.
Gen: 180, Best Score: -10088.12566776671, Avg Score: -10091.421402703483, Time: 0.7654950184292263
Gen: 181, Best Score: -0.03930594658851065, Avg Score: -0.05711068228872737, Time: 0.7685072870386971
Gen: 182, Best Score: -0.03722803272484029, Avg Score: -0.051299904425586206, Time: 0.7712176697121726
Gen: 183, Best Score: -0.03908207214392682, Avg Score: -0.05087756544512377, Time: 0.7737963043981129
Gen: 184, Best Score: -0.03686572239089563, Avg Score: -0.05055968015729047, Time: 0.7765019235346052
Gen: 185, Best Score: -0.037827946197843895, Avg Score: -0.05049373989397719, Time: 0.7788619938823912
Gen: 186, Best Score: -0.0353748179823572, Avg Score: -0.05299500978085936, Time: 0.7813486024406221
Gen: 187, Best Score: -0.034539289320801546, Avg Score: -0.0485838322098484, Time: 0.783835369017389
Gen: 188, Best Score: -0.034985619551702346, Avg Score: -0.050828667793553044, Time: 0.7860562028487523
Gen: 189, Best Score: -0.03526866371484178, Avg Score: -0.050677659844296584, Time: 0.7882894932561451
Values
Validation Generation Score:  -10089.915567988812
Validation Generation Score:  -10089.326100402506
Validation Generation Score:  -10088.37868519542
Validation Generation Score:  -10088.987737476182
validationchampion:  {'validation': -10088.37868519542}
Validation champ with the best test score with -10088.37868519542 on test data.
Gen: 190, Best Score: -10088.37868519542, Avg Score: -10091.455918845291, Time: 0.8001385005977418
Gen: 191, Best Score: -0.0373672072042861, Avg Score: -0.05223372824409963, Time: 0.802705046137174
Gen: 192, Best Score: -0.03614602285562106, Avg Score: -0.04701963612970071, Time: 0.8055373114347458
Gen: 193, Best Score: -0.036259030750662294, Avg Score: -0.04689184643774696, Time: 0.8080606298976475
Gen: 194, Best Score: -0.0357172183163553, Avg Score: -0.045100614826777026, Time: 0.8105727897087733
Gen: 195, Best Score: -0.03483698544384975, Avg Score: -0.04571080306750504, Time: 0.8129269052876367
Gen: 196, Best Score: -0.03463171522401313, Avg Score: -0.048722821267360876, Time: 0.8154134494728512
Gen: 197, Best Score: -0.03473194493080542, Avg Score: -0.04684411570493833, Time: 0.8176744485563702
Gen: 198, Best Score: -0.03487643559039247, Avg Score: -0.04970084189377154, Time: 0.8199031847053104
Gen: 199, Best Score: -0.034561835072497785, Avg Score: -0.04686033872855904, Time: 0.8222661108440823
Values
testing Generation Score:  -10089.458962168594
testing Generation Score:  -10088.864575482596
testing Generation Score:  -10089.335247465526
testingchampion:  {'testing': -10088.864575482596}
testing champ with the best test score with -10088.864575482596 on test data.
Gen: 200, Best Score: -10088.864575482596, Avg Score: -10092.066519616581, Time: 0.8312848085827298
Gen: 201, Best Score: -0.03482661660202099, Avg Score: -0.05118417399755811, Time: 0.8341915967067083
Gen: 202, Best Score: -0.03502972012344209, Avg Score: -0.04598262619745129, Time: 0.8368700632121828
Gen: 203, Best Score: -0.0346229982971081, Avg Score: -0.04810917070847534, Time: 0.8393252804544237
Gen: 204, Best Score: -0.03489317621304417, Avg Score: -0.045555462685824326, Time: 0.8419927334123187
Gen: 205, Best Score: -0.03469887387824991, Avg Score: -0.04582808037389462, Time: 0.8443864316410489
Gen: 206, Best Score: -0.03487313840505309, Avg Score: -0.04612436820428782, Time: 0.8470034664869308
Gen: 207, Best Score: -0.034425789150311484, Avg Score: -0.04961840538898295, Time: 0.8495533051755694
Gen: 208, Best Score: -0.03487734582230706, Avg Score: -0.04729542088050665, Time: 0.8517043738232719
Gen: 209, Best Score: -0.03486586254308061, Avg Score: -0.045482607526881824, Time: 0.8536908900075488
Values
Validation Generation Score:  -10090.698224094012
Validation Generation Score:  -10090.368666785309
Validation Generation Score:  -10090.347454458724
Validation Generation Score:  -10089.818915928425
Validation Generation Score:  -10088.605503514707
Validation Generation Score:  -10087.245954104632
Validation Generation Score:  -10086.885502150575
Validation Generation Score:  -10088.834497596536
validationchampion:  {'validation': -10086.885502150575}
Validation champ with the best test score with -10086.885502150575 on test data.
Gen: 210, Best Score: -10086.885502150575, Avg Score: -10091.432463731862, Time: 0.8780477010541492
Gen: 211, Best Score: -0.035654423145382655, Avg Score: -0.06160308393330231, Time: 0.8817941519949172
Gen: 212, Best Score: -0.03514296591558715, Avg Score: -0.04968705739238831, Time: 0.8852079889509413
Gen: 213, Best Score: -0.03505754095039351, Avg Score: -0.04664260072401988, Time: 0.888612439168824
Gen: 214, Best Score: -0.03497454692510192, Avg Score: -0.04636101724829889, Time: 0.8921322823233074
Gen: 215, Best Score: -0.034993105502354946, Avg Score: -0.04734210785516865, Time: 0.8955073072512945
Gen: 216, Best Score: -0.034891133969990155, Avg Score: -0.04730326435547816, Time: 0.8986262844006221
Gen: 217, Best Score: -0.03496528797119077, Avg Score: -0.04661864989076446, Time: 0.901646901037958
Gen: 218, Best Score: -0.03478654935549268, Avg Score: -0.045260732057509225, Time: 0.9043484039439096
Gen: 219, Best Score: -0.03437257924207481, Avg Score: -0.04466590725557852, Time: 0.9065908590952555
Values
Validation Generation Score:  -10090.185147714765
Validation Generation Score:  -10090.048416780437
Validation Generation Score:  -10088.895178431136
Validation Generation Score:  -10088.821534048471
Validation Generation Score:  -10088.584431448302
Validation Generation Score:  -10088.518182887256
Validation Generation Score:  -10088.676197269046
validationchampion:  {'validation': -10088.518182887256}
Validation champ with the best test score with -10088.518182887256 on test data.
Gen: 220, Best Score: -10088.518182887256, Avg Score: -10090.938567421315, Time: 0.9309728762838576
Gen: 221, Best Score: -0.03619307860612906, Avg Score: -0.057762259726211594, Time: 0.9348787560065588
Gen: 222, Best Score: -0.035846771336975836, Avg Score: -0.050018240598425086, Time: 0.9386818426185184
Gen: 223, Best Score: -0.035312629528692616, Avg Score: -0.04712633373808736, Time: 0.942380793955591
Gen: 224, Best Score: -0.03577681354790457, Avg Score: -0.04493689932379108, Time: 0.9462406094868978
Gen: 225, Best Score: -0.035675889094111374, Avg Score: -0.04602856285976651, Time: 0.9500120092100567
Gen: 226, Best Score: -0.035371177432461945, Avg Score: -0.04669370550060661, Time: 0.9539654599957996
Gen: 227, Best Score: -0.03569070155466961, Avg Score: -0.04509494949516478, Time: 0.9582916034592522
Gen: 228, Best Score: -0.03536257791542194, Avg Score: -0.044544378320460966, Time: 0.9628035779131784
Gen: 229, Best Score: -0.03449711233753485, Avg Score: -0.04471518286669011, Time: 0.967200304336018
Values
Validation Generation Score:  -10089.016905004084
Validation Generation Score:  -10089.016905004084
Validation Generation Score:  -10088.889001183516
Validation Generation Score:  -10088.997552276553
validationchampion:  {'validation': -10088.889001183516}
Validation champ with the best test score with -10088.889001183516 on test data.
Gen: 230, Best Score: -10088.889001183516, Avg Score: -10091.26212398616, Time: 0.9924641249577204
Gen: 231, Best Score: -0.0357268429393459, Avg Score: -0.048970883817470126, Time: 0.9979263238112132
Gen: 232, Best Score: -0.03520453515029779, Avg Score: -0.04604166255339166, Time: 1.0035006917185254
Gen: 233, Best Score: -0.03498759284762408, Avg Score: -0.04381094901989686, Time: 1.0092457710372078
Gen: 234, Best Score: -0.03486712231683749, Avg Score: -0.0444143068021584, Time: 1.0153678605291578
Gen: 235, Best Score: -0.034922284013081464, Avg Score: -0.043391677808111324, Time: 1.0214924639463425
Gen: 236, Best Score: -0.034890437550920445, Avg Score: -0.042832366344137854, Time: 1.027876006298595
Gen: 237, Best Score: -0.034876071248592086, Avg Score: -0.04332306924397061, Time: 1.0342321693897247
Gen: 238, Best Score: -0.03493469782633238, Avg Score: -0.04325529499966924, Time: 1.0406442121002408
Gen: 239, Best Score: -0.034696517532571775, Avg Score: -0.04144850666706953, Time: 1.046560193962521
Values
Validation Generation Score:  -10089.016905004084
Validation Generation Score:  -10089.016905004084
Validation Generation Score:  -10089.016905004084
Validation Generation Score:  -10088.904231217759
Validation Generation Score:  -10088.40730470397
Validation Generation Score:  -10088.497348305245
validationchampion:  {'validation': -10088.40730470397}
Validation champ with the best test score with -10088.40730470397 on test data.
Gen: 240, Best Score: -10088.40730470397, Avg Score: -10091.150531070522, Time: 1.0875956846608057
Gen: 241, Best Score: -0.03508939043334897, Avg Score: -0.053833877895704034, Time: 1.0933735678593317
Gen: 242, Best Score: -0.035010362758718154, Avg Score: -0.04711097308020639, Time: 1.0995281755924224
Gen: 243, Best Score: -0.034815442375231535, Avg Score: -0.044503797870848724, Time: 1.1068517199489805
Gen: 244, Best Score: -0.034823724071676804, Avg Score: -0.045344462793934906, Time: 1.1142135550578436
Gen: 245, Best Score: -0.034814379171594204, Avg Score: -0.046836181079380146, Time: 1.1210291512807211
Gen: 246, Best Score: -0.03471621884378874, Avg Score: -0.0450142328527684, Time: 1.12834843814373
Gen: 247, Best Score: -0.034814774433906834, Avg Score: -0.04562822395213105, Time: 1.1352072964774238
Gen: 248, Best Score: -0.034903670261718936, Avg Score: -0.048661241562571116, Time: 1.1424067299895817
Gen: 249, Best Score: -0.03406513975384337, Avg Score: -0.04528087162227047, Time: 1.1491850169499715
Values
Validation Generation Score:  -10089.016905004084
Validation Generation Score:  -10087.924625372489
Validation Generation Score:  -10088.333362160667
validationchampion:  {'validation': -10087.924625372489}
Validation champ with the best test score with -10087.924625372489 on test data.
Gen: 250, Best Score: -10087.924625372489, Avg Score: -10091.43805795649, Time: 1.177824415696992
Gen: 251, Best Score: -0.034297972814085434, Avg Score: -0.04940520787427787, Time: 1.1849128839704726
Gen: 252, Best Score: -0.03461273983324839, Avg Score: -0.04585463440641632, Time: 1.1926326170232562
Gen: 253, Best Score: -0.03455415390314184, Avg Score: -0.045888082061648475, Time: 1.1996602331267463
Gen: 254, Best Score: -0.03441113530981114, Avg Score: -0.045382293918286, Time: 1.2068559936682384
Gen: 255, Best Score: -0.03485046284406332, Avg Score: -0.04759027663471332, Time: 1.2138448546330134
Gen: 256, Best Score: -0.03455558126893023, Avg Score: -0.04474939205631523, Time: 1.2205696701341204
Gen: 257, Best Score: -0.03442305578292616, Avg Score: -0.04521736302830019, Time: 1.226473062303331
Gen: 258, Best Score: -0.03421534446708416, Avg Score: -0.04463376572127796, Time: 1.2318179465664758
Gen: 259, Best Score: -0.034442921114552716, Avg Score: -0.04436589254540121, Time: 1.237207922273212
Values
Validation Generation Score:  -10090.071070929424
Validation Generation Score:  -10089.522881221703
Validation Generation Score:  -10089.341345406257
Validation Generation Score:  -10089.050187298024
Validation Generation Score:  -10088.90371707878
Validation Generation Score:  -10088.568550668528
Validation Generation Score:  -10088.10787674574
Validation Generation Score:  -10087.821627961235
Validation Generation Score:  -10087.137932336183
Validation Generation Score:  -10087.592680601398
validationchampion:  {'validation': -10087.137932336183}
Validation champ with the best test score with -10087.137932336183 on test data.
Gen: 260, Best Score: -10087.137932336183, Avg Score: -10090.391229145316, Time: 1.2761442456642786
Gen: 261, Best Score: -0.03491080330825593, Avg Score: -0.05450617371726197, Time: 1.2793439375691944
Gen: 262, Best Score: -0.035129158097908515, Avg Score: -0.046778935705405325, Time: 1.2833916555510627
Gen: 263, Best Score: -0.034823822576562, Avg Score: -0.047329825297827456, Time: 1.2876182270712322
Gen: 264, Best Score: -0.034701427657038715, Avg Score: -0.044873505729694604, Time: 1.292582854827245
Gen: 265, Best Score: -0.03489131374514157, Avg Score: -0.04547384851085222, Time: 1.297302396496137
Gen: 266, Best Score: -0.03458038976892605, Avg Score: -0.044808710667227254, Time: 1.3026230441861681
Gen: 267, Best Score: -0.03470318808821155, Avg Score: -0.04562620659142184, Time: 1.3078630497058232
Gen: 268, Best Score: -0.034841878009997634, Avg Score: -0.04674537170202547, Time: 1.3127809739775127
Gen: 269, Best Score: -0.03478930518870867, Avg Score: -0.043195094208479674, Time: 1.31806698679924
Values
Validation Generation Score:  -10089.014857548926
Validation Generation Score:  -10088.579391122536
Validation Generation Score:  -10088.721749884417
validationchampion:  {'validation': -10088.579391122536}
Validation champ with the best test score with -10088.579391122536 on test data.
Gen: 270, Best Score: -10088.579391122536, Avg Score: -10091.324472189683, Time: 1.336587926811642
Gen: 271, Best Score: -0.033958795496956413, Avg Score: -0.04602545812874623, Time: 1.3414198005199431
Gen: 272, Best Score: -0.034557049341612155, Avg Score: -0.043631869546678484, Time: 1.3466773234473335
Gen: 273, Best Score: -0.03467815982741545, Avg Score: -0.04366592137992534, Time: 1.3518319305446413
Gen: 274, Best Score: -0.034530071910348126, Avg Score: -0.046442154896170984, Time: 1.3570831670363743
Gen: 275, Best Score: -0.0346372632391077, Avg Score: -0.046933585014619215, Time: 1.3615083085828357
Gen: 276, Best Score: -0.034614583801282524, Avg Score: -0.044910202828051395, Time: 1.3663150507211685
Gen: 277, Best Score: -0.03439172153549448, Avg Score: -0.04654889052047676, Time: 1.3708516774574915
Gen: 278, Best Score: -0.03448152453965445, Avg Score: -0.043818645542006714, Time: 1.3744324592749277
Gen: 279, Best Score: -0.03428404444789341, Avg Score: -0.04293879954942372, Time: 1.377888375984298
Values
Validation Generation Score:  -10089.312811892492
Validation Generation Score:  -10089.334427602047
validationchampion:  {'main': -0.036328522796364116, 'validation': -10089.312811892492}
Validation champ with the best test score with -10089.312811892492 on test data.
Gen: 280, Best Score: -10089.312811892492, Avg Score: -10091.565080364944, Time: 1.385357906487253
Gen: 281, Best Score: -0.03430967069114336, Avg Score: -0.04207326095085601, Time: 1.3879538832770453
Gen: 282, Best Score: -0.03445782083808701, Avg Score: -0.03977028762770362, Time: 1.3903500462240643
Gen: 283, Best Score: -0.03419415273000817, Avg Score: -0.04087559663788046, Time: 1.3926818374792735
Gen: 284, Best Score: -0.03416509008153321, Avg Score: -0.04236286634087131, Time: 1.3948122619920307
Gen: 285, Best Score: -0.03408504612557398, Avg Score: -0.042040230623105544, Time: 1.3964787001742256
Gen: 286, Best Score: -0.03433065058305482, Avg Score: -0.04209905264631369, Time: 1.398602639834086
Gen: 287, Best Score: -0.03423719910832401, Avg Score: -0.04015531819507798, Time: 1.4008276453283097
Gen: 288, Best Score: -0.03435670980609856, Avg Score: -0.04323079980861473, Time: 1.4026993005805546
Gen: 289, Best Score: -0.03430054128210413, Avg Score: -0.04121179923439467, Time: 1.405019338329633
Values
Validation Generation Score:  -10090.05738123694
Validation Generation Score:  -10090.054130252172
Validation Generation Score:  -10088.882608386197
Validation Generation Score:  -10089.260897913733
validationchampion:  {'validation': -10088.882608386197}
Validation champ with the best test score with -10088.882608386197 on test data.
Gen: 290, Best Score: -10088.882608386197, Avg Score: -10091.333938982798, Time: 1.4159969179497824
Gen: 291, Best Score: -0.03423719910832401, Avg Score: -0.04603027625862506, Time: 1.4183604309293958
Gen: 292, Best Score: -0.03394828970030103, Avg Score: -0.04108627119465472, Time: 1.4207904854085711
Gen: 293, Best Score: -0.034439819572584934, Avg Score: -0.039352879436379044, Time: 1.4230039924383164
Gen: 294, Best Score: -0.03438752923058622, Avg Score: -0.04078084247285726, Time: 1.4252594702773624
Gen: 295, Best Score: -0.03423719910832401, Avg Score: -0.040655627164467904, Time: 1.4272194487518735
Gen: 296, Best Score: -0.03439956789890805, Avg Score: -0.039501982131963015, Time: 1.4293211883968777
Gen: 297, Best Score: -0.034189511756481356, Avg Score: -0.040512617450339926, Time: 1.4313811793592242
Gen: 298, Best Score: -0.03394828970030103, Avg Score: -0.04148251717829382, Time: 1.4334467530912822
Gen: 299, Best Score: -0.03443680924477625, Avg Score: -0.04086426728848806, Time: 1.4355749930938084
Values
testing Generation Score:  -10090.097242665419
testing Generation Score:  -10089.593769831212
testing Generation Score:  -10089.393559635952
testing Generation Score:  -10089.249947339902
testing Generation Score:  -10088.939749383126
testing Generation Score:  -10088.67815103839
testing Generation Score:  -10088.353047937026
testing Generation Score:  -10088.566853297314
testingchampion:  {'testing': -10088.353047937026}
testing champ with the best test score with -10088.353047937026 on test data.
Gen: 300, Best Score: -10088.353047937026, Avg Score: -10090.910849716804, Time: 1.4607230522897507
Gen: 301, Best Score: -0.03423719910832401, Avg Score: -0.05271103932971833, Time: 1.4642155333360036
Gen: 302, Best Score: -0.03394303680197334, Avg Score: -0.04416467774880839, Time: 1.467886584268676
Gen: 303, Best Score: -0.03423719910832401, Avg Score: -0.044548827302436186, Time: 1.4719822776317597
Gen: 304, Best Score: -0.03425120683719786, Avg Score: -0.04462360502923084, Time: 1.4763449793391759
Gen: 305, Best Score: -0.03449527361110206, Avg Score: -0.04263024643563732, Time: 1.4804688490099378
Gen: 306, Best Score: -0.03442388751370908, Avg Score: -0.04328910240781331, Time: 1.4845902187956703
Gen: 307, Best Score: -0.03424245200665171, Avg Score: -0.04311963731681104, Time: 1.4885281503200531
Gen: 308, Best Score: -0.03394303680197334, Avg Score: -0.041667761690991297, Time: 1.4917973709106445
Gen: 309, Best Score: -0.0341321411417702, Avg Score: -0.04466941520026794, Time: 1.49469654056761
Values
Validation Generation Score:  -10089.818523045107
Validation Generation Score:  -10089.005844348243
Validation Generation Score:  -10088.620302749272
Validation Generation Score:  -10088.58058421201
Validation Generation Score:  -10088.409209003152
Validation Generation Score:  -10088.534656693007
validationchampion:  {'validation': -10088.409209003152}
Validation champ with the best test score with -10088.409209003152 on test data.
Gen: 310, Best Score: -10088.409209003152, Avg Score: -10090.886559873263, Time: 1.512880131403605
Gen: 311, Best Score: -0.034412173684100794, Avg Score: -0.05656009948952953, Time: 1.515956708656417
Gen: 312, Best Score: -0.034473579533070085, Avg Score: -0.0438575657832747, Time: 1.5194489571783278
Gen: 313, Best Score: -0.03468414655043625, Avg Score: -0.042698839221400296, Time: 1.5230447840028338
Gen: 314, Best Score: -0.034496722578108256, Avg Score: -0.04278125617602842, Time: 1.5263160628742642
Gen: 315, Best Score: -0.03466706085094647, Avg Score: -0.0418877568774005, Time: 1.5296080491277906
Gen: 316, Best Score: -0.03426346359996247, Avg Score: -0.0405423017472542, Time: 1.5323957649204467
Gen: 317, Best Score: -0.03423719910832401, Avg Score: -0.0417896148576903, Time: 1.5348553257518345
Gen: 318, Best Score: -0.03394303680197334, Avg Score: -0.041391921836734645, Time: 1.5375046664476395
Gen: 319, Best Score: -0.03446132277030548, Avg Score: -0.041055191154635136, Time: 1.539604897763994
Values
Validation Generation Score:  -10089.731080559532
Validation Generation Score:  -10089.60751793309
Validation Generation Score:  -10089.581899350784
Validation Generation Score:  -10089.085062802244
Validation Generation Score:  -10089.172492629035
validationchampion:  {'validation': -10089.085062802244}
Validation champ with the best test score with -10089.085062802244 on test data.
Gen: 320, Best Score: -10089.085062802244, Avg Score: -10091.29045656573, Time: 1.5527820244762633
Gen: 321, Best Score: -0.03423719910832401, Avg Score: -0.046231092064658766, Time: 1.5552650869554943
Gen: 322, Best Score: -0.034256593259416754, Avg Score: -0.04058054325581886, Time: 1.5576665855778589
Gen: 323, Best Score: -0.03444206214310394, Avg Score: -0.0403640039879344, Time: 1.5598429458671146
Gen: 324, Best Score: -0.034369058193382, Avg Score: -0.04055057403146724, Time: 1.561762540207969
Gen: 325, Best Score: -0.034230601649268194, Avg Score: -0.03992253729373062, Time: 1.5636796232064565
Gen: 326, Best Score: -0.03443680924477625, Avg Score: -0.04094848151723145, Time: 1.5659012102418475
Gen: 327, Best Score: -0.03414264693842558, Avg Score: -0.04117924437845102, Time: 1.5677904876735476
Gen: 328, Best Score: -0.03434093221693355, Avg Score: -0.04140950760477377, Time: 1.5696281822522482
Gen: 329, Best Score: -0.03376382907504062, Avg Score: -0.04146891720588989, Time: 1.5714606198337342
Values
Validation Generation Score:  -10089.730229362624
Validation Generation Score:  -10089.422601461483
Validation Generation Score:  -10089.702644266112
validationchampion:  {'validation': -10089.422601461483}
Validation champ with the best test score with -10089.422601461483 on test data.
Gen: 330, Best Score: -10089.422601461483, Avg Score: -10091.459211332663, Time: 1.579663428068161
Gen: 331, Best Score: -0.03413739404009789, Avg Score: -0.04227174254453954, Time: 1.581946039729648
Gen: 332, Best Score: -0.034564925033539, Avg Score: -0.041315841154472635, Time: 1.5837793603870605
Gen: 333, Best Score: -0.03449741646927979, Avg Score: -0.04083598719852877, Time: 1.5859101472960577
Gen: 334, Best Score: -0.0344866607117447, Avg Score: -0.039313507559243004, Time: 1.588116423421436
Gen: 335, Best Score: -0.03457507094039655, Avg Score: -0.04163008992584715, Time: 1.5900432941648694
Gen: 336, Best Score: -0.034604860739403415, Avg Score: -0.04116695200337025, Time: 1.5921750536229875
Gen: 337, Best Score: -0.03424245200665171, Avg Score: -0.0414355977543328, Time: 1.5942368539174399
Gen: 338, Best Score: -0.03454536914354853, Avg Score: -0.04119370517929748, Time: 1.5963990202214984
