Gen: 0, Best Score: -15.9427301094339, Avg Score: -inf, Time: 0.0038805546363194785
Gen: 1, Best Score: -15.9427301094339, Avg Score: -inf, Time: 0.00717343635029263
Gen: 2, Best Score: -15.954747098543416, Avg Score: -inf, Time: 0.014576344556278653
Gen: 3, Best Score: -15.9427301094339, Avg Score: -inf, Time: 0.017598971658282808
Gen: 4, Best Score: -15.943114209144419, Avg Score: -inf, Time: 0.02031451397471958
Gen: 5, Best Score: -15.941844839280165, Avg Score: -inf, Time: 0.022913583715756733
Gen: 6, Best Score: -15.895240928406608, Avg Score: -inf, Time: 0.025002147489123876
Gen: 7, Best Score: -15.900051560656033, Avg Score: -inf, Time: 0.027303133143319024
Gen: 8, Best Score: -15.914972251058657, Avg Score: -inf, Time: 0.029547807574272156
Gen: 9, Best Score: -15.911608760908493, Avg Score: -inf, Time: 0.03229697207609812
Values
Validation Generation Score:  -15.681675809560042
Validation Generation Score:  -15.671013888297447
Validation Generation Score:  -15.63114545242283
Validation Generation Score:  -15.594930534587416
Validation Generation Score:  -15.570078101185217
Validation Generation Score:  -15.559791198086995
Validation Generation Score:  -15.584959352686495
validationchampion:  {'validation': -15.559791198086995}
Validation champ with the best test score with -15.559791198086995 on test data.
Gen: 10, Best Score: -15.559791198086995, Avg Score: -inf, Time: 0.0636581861310535
Gen: 11, Best Score: -15.833670999690447, Avg Score: -inf, Time: 0.06892510890960693
<tpg.team.Team object at 0x150d0d6603d0>
None
[<tpg.learner.Learner object at 0x150d0d601fc0>, <tpg.learner.Learner object at 0x150d0d611f00>, <tpg.learner.Learner object at 0x150d0d54fb80>]
{'validation': -15.559791198086995}
---------------
Priming complete
Simulation complete..
0.0
0.1666666666666651
0.1666666666666653
0.1666666666666651
0.1666666666666651
0.1666666666666651
0.1666666666666651
0.1666666666666653
0.1666666666666653
0.0
0.16666666666666494
0.1666666666666653
0.16666666666666494
0.1666666666666653
0.1666666666666653
0.16666666666666494
0.0
0.16666666666666563
0.1666666666666646
0.1666666666666653
0.1666666666666653
0.1666666666666653
0.1666666666666653
0.0
0.1666666666666646
0.1666666666666653
0.1666666666666653
0.1666666666666653
0.1666666666666653
0.1666666666666646
0.1666666666666653
0.1666666666666653
0.1666666666666653
0.1666666666666653
0.1666666666666653
0.1666666666666646
0.0
0.1666666666666653
0.16666666666666596
0.1666666666666639
0.1666666666666653
0.1666666666666653
0.1666666666666653
0.0
0.1666666666666653
0.1666666666666653
0.1666666666666653
0.1666666666666653
0.1666666666666653
0.1666666666666653
0.0
0.1666666666666639
0.1666666666666653
0.3333333333333306
0.1666666666666653
0.1666666666666653
0.1666666666666653
0.1666666666666653
0.1666666666666653
0.1666666666666653
0.1666666666666653
0.1666666666666639
0.0
0.1666666666666653
0.1666666666666653
0.1666666666666653
0.1666666666666653
0.1666666666666653
0.1666666666666653
0.0
0.1666666666666653
0.1666666666666653
0.1666666666666653
0.1666666666666653
0.1666666666666639
0.1666666666666653
0.0
0.1666666666666653
0.1666666666666653
0.1666666666666653
0.16666666666666666
0.1666666666666639
0.1666666666666639
0.16666666666666666
0.1666666666666639
0.16666666666666666
0.1666666666666639
0.16666666666666666
0.1666666666666639
0.0
0.16666666666666666
0.1666666666666639
0.1666666666666639
0.16666666666666666
0.1666666666666639
0.16666666666666666
0.0
0.1666666666666639
0.16666666666666666
0.1666666666666639
0.16666666666666666
0.1666666666666639
0.16666666666666666
0.0
0.1666666666666639
0.1666666666666639
0.16666666666666666
0.1666666666666639
0.16666666666666666
0.1666666666666639
0.0
0.16666666666666666
0.1666666666666639
0.16666666666666666
0.1666666666666639
0.16666666666666666
0.1666666666666639
0.0
0.1666666666666639
0.16666666666666666
0.1666666666666639
0.16666666666666666
0.1666666666666639
0.16666666666666666
0.0
0.1666666666666639
0.16666666666666666
0.1666666666666639
0.16666666666666666
0.1666666666666639
0.1666666666666639
0.0
0.16666666666666666
0.1666666666666639
0.16666666666666666
0.1666666666666639
0.16666666666666666
0.1666666666666639
0.16666666666666666
0.1666666666666639
0.16666666666666666
0.1666666666666639
0.1666666666666639
0.16666666666666666
0.1666666666666639
0.16666666666666666
0.1666666666666639
0.16666666666666666
0.1666666666666639
0.16666666666666666
0.0
0.1666666666666639
0.16666666666666666
0.1666666666666639
0.1666666666666639
0.16666666666666666
0.1666666666666639
0.0
0.16666666666666666
0.1666666666666639
0.16666666666666666
0.1666666666666639
0.16666666666666666
0.1666666666666639
0.0
0.16666666666666666
0.16666666666666666
0.16666666666666113
0.16666666666666666
0.16666666666666666
0.16666666666666113
0.16666666666666666
0.16666666666666666
0.16666666666666666
0.16666666666666113
0.16666666666666666
0.16666666666666666
0.0
0.16666666666666666
0.16666666666666113
0.16666666666666666
0.16666666666666666
0.16666666666666113
0.16666666666666666
0.0
0.16666666666666666
0.16666666666666666
0.16666666666666113
0.16666666666666666
0.16666666666666666
0.16666666666666113
0.0
0.16666666666666666
0.16666666666666666
0.16666666666666666
0.16666666666666113
0.16666666666666666
0.16666666666666666
0.0
0.16666666666666666
0.16666666666666113
0.16666666666666666
0.16666666666666666
0.16666666666666113
0.16666666666666666
0.0
0.16666666666666666
0.16666666666666666
0.16666666666666113
0.16666666666666666
0.16666666666666666
0.16666666666666666
0.0
0.16666666666666113
0.16666666666666666
0.16666666666666666
0.16666666666666113
0.16666666666666666
0.16666666666666666
0.0
0.16666666666666666
0.16666666666666113
0.16666666666666666
0.16666666666666666
0.16666666666666666
0.16666666666666113
0.16666666666666666
0.16666666666666666
0.16666666666666113
0.16666666666666666
0.16666666666666666
0.16666666666666666
0.16666666666666113
0.16666666666666666
0.16666666666666666
0.16666666666666666
0.16666666666666113
0.16666666666666666
0.0
0.16666666666666666
0.16666666666666113
0.16666666666666666
0.16666666666666666
0.16666666666666666
0.16666666666666113
0.0
0.16666666666666666
0.16666666666666666
0.16666666666666666
0.16666666666666113
0.16666666666666666
0.16666666666666666
0.0
0.16666666666666113
0.16666666666666666
0.16666666666666666
0.16666666666666666
0.16666666666666113
0.16666666666666666
0.16666666666666666
0.16666666666666666
0.16666666666666113
0.16666666666666666
0.16666666666666666
0.16666666666666113
0.0
0.16666666666666666
0.16666666666666666
0.16666666666666666
0.16666666666666113
0.16666666666666666
0.16666666666666666
0.0
0.16666666666666666
0.16666666666666113
0.16666666666666666
0.16666666666666666
0.16666666666666113
0.16666666666666666
0.0
0.16666666666666666
0.16666666666666666
0.16666666666666113
0.0
0.0
0.0
0.16666666666666666
0.0
0.0
0.0
0.16666666666666666
0.0
0.0
0.0
0.0
0.0
0.16666666666666666
0.0
0.16666666666666113
0.16666666666666666
0.16666666666666666
0.16666666666666113
0.0
0.16666666666666666
0.08333333333333333
0.08333333333333333
0.0
0.16666666666666666
0.16666666666666113
0.0
0.16666666666666666
0.16666666666666666
0.0
0.16666666666666666
0.0833333333333278
0.08333333333333333
0.0
0.16666666666666666
0.0
0.16666666666666666
0.0
0.0
0.0
0.16666666666666113
0.0
0.16666666666666666
0.0
0.0
0.0
0.16666666666666666
0.0
0.16666666666666666
0.0
0.16666666666666113
0.16666666666666666
0.0
0.16666666666666666
0.16666666666666666
0.0
0.0833333333333278
0.08333333333333333
0.0
0.08333333333333333
0.08333333333333333
0.0
0.16666666666666666
0.16666666666666113
0.16666666666666666
0.16666666666666666
0.0
0.16666666666666666
0.0
0.16666666666666113
0.0
0.16666666666666666
0.16666666666666666
0.16666666666666666
0.0
0.16666666666666113
0.0
0.0
0.16666666666666666
0.0
0.16666666666666666
0.0
0.16666666666666113
0.16666666666666666
0.16666666666666666
0.16666666666666666
0.0
0.16666666666666113
0.08333333333333887
0.0833333333333278
0.0
0.0
0.0833333333333278
0.08333333333333887
0.0833333333333278
0.08333333333333887
0.0833333333333278
0.08333333333333887
0.0
0.0
0.0833333333333278
0.08333333333333887
0.0
0.0
0.0833333333333278
0.0833333333333278
0.0
0.0
0.0
0.08333333333333887
0.0833333333333278
0.0
0.0
0.0
0.08333333333333887
0.0833333333333278
0.08333333333333887
0.0833333333333278
0.0
0.0
0.0833333333333278
0.08333333333333887
0.0833333333333278
0.08333333333333887
0.0
0.0
0.0833333333333278
0.08333333333333887
0.0833333333333278
0.0833333333333278
0.0
0.08333333333333887
0.0833333333333278
0.08333333333333887
0.0833333333333278
0.08333333333333887
0.0833333333333278
0.0
0.0
0.0833333333333278
0.08333333333333887
0.0
0.0
0.0833333333333278
0.08333333333333887
0.0
0.0
0.0
0.0833333333333278
0.08333333333333887
0.0
0.0
0.0
0.0833333333333278
0.0833333333333278
0.08333333333333887
0.0833333333333278
0.0
0.0
0.08333333333333887
0.0833333333333278
0.08333333333333887
0.0833333333333278
0.0
0.0
0.0833333333333278
0.08333333333333887
0.0833333333333278
0.08333333333333887
0.0
0.0
0.0833333333333278
0.08333333333333887
0.0833333333333278
0.08333333333333887
0.0833333333333278
0.0833333333333278
0.08333333333333887
0.0833333333333278
0.08333333333333887
0.0833333333333278
0.08333333333333887
0.0833333333333278
0.5
0.1666666666666556
0.16666666666666666
0.16666666666666666
0.5
0.16666666666666666
0.1666666666666556
0.16666666666666666
0.16666666666666666
0.16666666666666666
0.16666666666666666
0.16666666666666666
0.16666666666666666
0.16666666666666666
0.1666666666666556
0.16666666666666666
0.16666666666666666
0.16666666666666666
0.16666666666666666
0.16666666666666666
0.0
0.16666666666666666
0.1666666666666556
0.16666666666666666
0.16666666666666666
0.16666666666666666
0.16666666666666666
0.0
0.16666666666666666
0.16666666666666666
0.1666666666666556
0.16666666666666666
0.16666666666666666
0.16666666666666666
0.0
0.16666666666666666
0.16666666666666666
0.16666666666666666
0.16666666666666666
0.1666666666666556
0.16666666666666666
0.16666666666666666
0.16666666666666666
0.16666666666666666
0.16666666666666666
0.16666666666666666
0.1666666666666556
0.0
0.16666666666666666
0.16666666666666666
0.16666666666666666
0.16666666666666666
0.16666666666666666
0.16666666666666666
0.0
0.1666666666666556
0.16666666666666666
0.16666666666666666
0.16666666666666666
0.16666666666666666
0.16666666666666666
0.0
0.16666666666666666
0.16666666666666666
0.33333333333332227
0.16666666666666666
0.16666666666666666
0.16666666666666666
0.16666666666666666
0.16666666666666666
0.1666666666666556
0.16666666666666666
0.16666666666666666
0.0
0.16666666666666666
0.16666666666666666
0.16666666666666666
0.16666666666666666
0.1666666666666556
0.16666666666666666
0.0
0.16666666666666666
0.16666666666666666
0.16666666666666666
0.16666666666666666
0.16666666666666666
0.1666666666666556
0.0
0.16666666666666666
0.16666666666666666
0.16666666666666666
0.16666666666666666
0.16666666666666666
0.16666666666666666
0.16666666666666666
0.1666666666666556
0.16666666666666666
0.16666666666666666
0.16666666666666666
0.16666666666666666
0.0
0.16666666666666666
0.16666666666666666
0.1666666666666556
0.16666666666666666
0.16666666666666666
0.16666666666666666
0.0
0.16666666666666666
0.16666666666666666
0.16666666666666666
0.1666666666666556
0.16666666666666666
0.16666666666666666
0.0
0.16666666666666666
0.16666666666666666
0.16666666666666666
0.16666666666666666
0.16666666666666666
0.1666666666666556
0.0
0.16666666666666666
0.16666666666666666
0.16666666666666666
0.16666666666666666
0.16666666666666666
0.16666666666666666
0.0
0.1666666666666556
0.16666666666666666
0.16666666666666666
0.16666666666666666
0.16666666666666666
0.16666666666666666
0.0
0.16666666666666666
0.1666666666666556
0.16666666666666666
0.16666666666666666
0.16666666666666666
0.16666666666666666
0.0
0.16666666666666666
0.16666666666666666
0.16666666666666666
0.1666666666666556
0.16666666666666666
0.16666666666666666
0.16666666666666666
0.16666666666666666
0.16666666666666666
0.16666666666666666
0.1666666666666556
0.16666666666666666
0.16666666666666666
0.16666666666666666
0.16666666666666666
0.16666666666666666
0.16666666666666666
0.1666666666666556
0.0
0.16666666666666666
0.16666666666666666
0.16666666666666666
0.16666666666666666
0.16666666666666666
0.16666666666666666
0.0
0.16666666666666666
0.1666666666666556
0.16666666666666666
0.16666666666666666
0.16666666666666666
0.16666666666666666
0.0
0.16666666666666666
0.16666666666666666
0.1666666666666556
0.16666666666666666
0.16666666666666666
0.16666666666666666
0.16666666666666666
0.16666666666666666
0.16666666666666666
0.1666666666666556
0.16666666666666666
0.16666666666666666
0.0
0.16666666666666666
0.16666666666666666
0.16666666666666666
0.16666666666666666
0.16666666666666666
0.1666666666666556
0.0
0.16666666666666666
0.16666666666666666
0.16666666666666666
0.16666666666666666
0.16666666666666666
0.16666666666666666
0.0
0.1666666666666556
0.16666666666666666
0.16666666666666666
0.16666666666666666
0.16666666666666666
0.16666666666666666
0.0
0.0
0.0
0.0
0.16666666666666666
0.1666666666666556
0.16666666666666666
0.16666666666666666
0.16666666666666666
0.16666666666666666
0.0
0.0
0.0
0.16666666666666666
0.16666666666666666
0.16666666666666666
0.1666666666666556
0.0
0.0
0.16666666666666666
0.0
0.0
0.16666666666666666
0.0
0.0
0.0
0.16666666666666666
0.16666666666666666
0.16666666666666666
0.16666666666666666
0.0
0.0
0.0
0.1666666666666556
0.16666666666666666
0.0
0.0
0.0
0.16666666666666666
0.16666666666666666
0.16666666666666666
0.16666666666666666
0.16666666666666666
0.1666666666666556
0.0
0.0
0.0
0.16666666666666666
0.0
0.16666666666666666
0.0
0.16666666666666666
0.0
0.16666666666666666
0.0
0.0
0.0
0.16666666666666666
0.0
0.0
0.0
0.16666666666666666
0.0
0.0
0.0
0.0
0.16666666666666666
0.0
0.1666666666666556
0.0
0.16666666666666666
0.0
0.16666666666666666
0.0
0.0
0.0
0.16666666666666666
0.0
0.16666666666666666
0.0
0.0
0.0
0.16666666666666666
0.0
0.16666666666666666
0.0
0.0
0.0
0.1666666666666556
0.0
0.16666666666666666
0.0
0.0
0.0
0.16666666666666666
0.0
0.16666666666666666
0.0
0.0
0.0
0.16666666666666666
0.16666666666666666
0.16666666666666666
0.1666666666666556
0.16666666666666666
0.16666666666666666
0.0
0.0
0.0
0.0
0.16666666666666666
0.16666666666666666
0.16666666666666666
0.16666666666666666
0.16666666666666666
0.1666666666666556
0.0
0.0
0.0
0.16666666666666666
0.16666666666666666
0.16666666666666666
0.16666666666666666
0.0
0.0
0.0
0.0
0.0
-0.0
-0.0
0.0
0.0
-0.0
-0.0
0.0
0.0
0.0
-0.0
0.0
0.0
0.0
-0.0
-0.0
0.0
0.0
0.0
0.0
0.0
0.0
0.0
0.0
0.0
-0.0
-0.0
0.0
0.0
-0.0
0.0
-0.0
-0.0
0.0
-0.0
0.0
0.0
-0.0
-0.0
-0.0
-0.0
-0.0
0.0
-0.0
-0.0
0.0
0.0
-0.0
0.0
-0.0
0.0
-0.0
-0.0
0.0
0.0
-0.0
0.0
0.0
-0.0
0.0
-0.0
-0.0
-0.0
0.0
0.0
0.0
0.0
0.0
0.0
-0.0
-0.0
0.0
0.0
0.0
0.0
-0.0
-0.0
0.0
0.0
-0.0
-0.0
-0.0
0.0
0.0
0.0
0.0
-0.0
0.0
0.0
0.0
0.0
0.0
0.0
0.0
0.0
0.0
0.0
0.0
0.0
0.0
0.0
0.0
0.0
0.0
0.0
0.0
0.0
0.0
0.0
0.0
0.0
0.0
0.0
0.0
0.0
0.0
0.0
0.0
0.0
0.0
0.0
0.0
0.0
0.0
0.0
0.0
0.0
0.0
0.0
0.0
0.0
0.0
0.0
0.0
0.0
0.0
0.0
0.0
0.0
0.0
0.0
0.0
0.0
0.0
0.0
0.0
0.0
0.0
0.0
0.0
0.0
0.0
0.0
0.0
0.0
0.0
0.0
0.0
0.0
0.0
0.0
0.0
0.0
0.0
0.0
0.0
0.0
0.0
0.0
0.0
0.0
0.0
0.0
0.0
0.0
0.0
0.0
0.0
0.0
0.0
0.0
0.0
0.0
0.0
0.0
0.0
0.0
0.0
0.0
0.0
0.0
0.0
0.0
0.0
0.0
0.0
0.0
0.0
0.0
0.0
0.0
0.0
0.0
0.0
0.0
0.0
0.0
0.0
0.0
0.0
0.0
0.0
0.0
0.0
0.0
0.0
0.0
0.0
0.0
0.0
0.0
0.0
0.0
0.0
0.0
0.0
0.0
0.0
0.0
0.0
0.0
0.0
0.0
0.0
0.0
0.0
0.0
0.0
0.0
0.0
0.0
0.0
0.0
0.0
0.0
0.0
0.0
0.0
0.0
0.0
0.0
0.0
0.0
0.0
0.0
0.0
0.0
0.0
0.0
0.0
0.0
0.0
0.0
0.0
0.0
0.0
0.0
0.0
0.0
0.0
0.0
0.0
0.0
0.0
0.0
0.0
0.0
0.0
0.0
0.0
0.0
0.0
0.0
0.0
0.0
0.0
0.0
0.0
0.0
0.0
0.0
0.0
0.0
0.0
0.0
0.0
0.0
0.15789473684210525
0.15789473684210525
0.15789473684210525
0.15789473684210525
0.15789473684210525
0.15789473684210525
0.15789473684210525
0.15789473684210525
0.15789473684210525
0.49473684210526314
0.15789473684210525
0.15789473684210525
0.15789473684210525
0.15789473684210525
0.15789473684210525
0.15789473684210525
0.49473684210526314
0.15789473684210525
0.15789473684210525
0.15789473684210525
0.15789473684210525
0.15789473684210525
0.15789473684210525
0.49473684210526314
0.15789473684210525
0.15789473684210525
0.15789473684210525
0.15789473684210525
0.15789473684210525
0.15789473684210525
0.15789473684210525
0.15789473684210525
0.15789473684210525
0.15789473684210525
0.15789473684210525
0.15789473684210525
0.49473684210526314
0.15789473684210525
0.15789473684210525
0.15789473684210525
0.15789473684210525
0.15789473684210525
0.15789473684210525
0.49473684210526314
0.15789473684210525
0.15789473684210525
0.15789473684210525
0.15789473684210525
0.15789473684210525
0.15789473684210525
0.49473684210526314
0.15789473684210525
0.15789473684210525
0.15789473684210525
0.15789473684210525
0.15789473684210525
0.15789473684210525
0.15789473684210525
0.15789473684210525
0.15789473684210525
0.15789473684210525
0.15789473684210525
0.49473684210526314
0.15789473684210525
0.15789473684210525
0.15789473684210525
0.15789473684210525
0.15789473684210525
0.15789473684210525
0.49473684210526314
0.15789473684210525
0.15789473684210525
0.15789473684210525
0.15789473684210525
0.15789473684210525
0.15789473684210525
0.3263157894736842
0.15789473684210525
0.15789473684210525
0.15789473684210525
0.15789473684210525
0.15789473684210525
0.15789473684210525
0.15789473684210525
0.15789473684210525
0.15789473684210525
0.15789473684210525
0.15789473684210525
0.15789473684210525
0.3263157894736842
0.15789473684210525
0.15789473684210525
0.15789473684210525
0.15789473684210525
0.15789473684210525
0.15789473684210525
0.3263157894736842
0.15789473684210525
0.15789473684210525
0.15789473684210525
0.15789473684210525
0.15789473684210525
0.15789473684210525
0.3263157894736842
0.15789473684210525
0.15789473684210525
0.15789473684210525
0.15789473684210525
0.15789473684210525
0.15789473684210525
0.49473684210526314
0.15789473684210525
0.15789473684210525
0.15789473684210525
0.15789473684210525
0.15789473684210525
0.15789473684210525
0.49473684210526314
0.15789473684210525
0.15789473684210525
0.15789473684210525
0.15789473684210525
0.15789473684210525
0.15789473684210525
0.49473684210526314
0.15789473684210525
0.15789473684210525
0.15789473684210525
0.15789473684210525
0.15789473684210525
0.15789473684210525
0.3263157894736842
0.15789473684210525
0.15789473684210525
0.15789473684210525
0.15789473684210525
0.15789473684210525
0.15789473684210525
0.15789473684210525
0.15789473684210525
0.15789473684210525
0.15789473684210525
0.15789473684210525
0.15789473684210525
0.15789473684210525
0.15789473684210525
0.15789473684210525
0.15789473684210525
0.15789473684210525
0.15789473684210525
0.3263157894736842
0.15789473684210525
0.15789473684210525
0.15789473684210525
0.15789473684210525
0.15789473684210525
0.15789473684210525
0.3263157894736842
0.15789473684210525
0.15789473684210525
0.15789473684210525
0.15789473684210525
0.15789473684210525
0.15789473684210525
0.3263157894736842
0.15789473684210525
0.15789473684210525
0.15789473684210525
0.15789473684210525
0.15789473684210525
0.15789473684210525
0.15789473684210525
0.15789473684210525
0.15789473684210525
0.15789473684210525
0.15789473684210525
0.15789473684210525
0.3263157894736842
0.15789473684210525
0.15789473684210525
0.15789473684210525
0.15789473684210525
0.15789473684210525
0.15789473684210525
0.3263157894736842
0.15789473684210525
0.15789473684210525
0.15789473684210525
0.15789473684210525
0.15789473684210525
0.15789473684210525
0.3263157894736842
0.15789473684210525
0.15789473684210525
0.15789473684210525
0.15789473684210525
0.15789473684210525
0.15789473684210525
0.49473684210526314
0.15789473684210525
0.15789473684210525
0.15789473684210525
0.15789473684210525
0.15789473684210525
0.15789473684210525
0.49473684210526314
0.15789473684210525
0.15789473684210525
0.15789473684210525
0.15789473684210525
0.15789473684210525
0.15789473684210525
0.49473684210526314
0.15789473684210525
0.15789473684210525
0.15789473684210525
0.15789473684210525
0.15789473684210525
0.15789473684210525
0.3263157894736842
0.15789473684210525
0.15789473684210525
0.15789473684210525
0.15789473684210525
0.15789473684210525
0.15789473684210525
0.15789473684210525
0.15789473684210525
0.15789473684210525
0.15789473684210525
0.15789473684210525
0.15789473684210525
0.15789473684210525
0.15789473684210525
0.15789473684210525
0.15789473684210525
0.15789473684210525
0.15789473684210525
0.3263157894736842
0.15789473684210525
0.15789473684210525
0.15789473684210525
0.15789473684210525
0.15789473684210525
0.15789473684210525
0.3263157894736842
0.15789473684210525
0.15789473684210525
0.15789473684210525
0.15789473684210525
0.15789473684210525
0.15789473684210525
0.3263157894736842
0.15789473684210525
0.15789473684210525
0.15789473684210525
0.15789473684210525
0.15789473684210525
0.15789473684210525
0.15789473684210525
0.15789473684210525
0.15789473684210525
0.15789473684210525
0.15789473684210525
0.15789473684210525
0.3263157894736842
0.15789473684210525
0.15789473684210525
0.15789473684210525
0.15789473684210525
0.15789473684210525
0.15789473684210525
0.3263157894736842
0.15789473684210525
0.15789473684210525
0.15789473684210525
0.15789473684210525
0.15789473684210525
0.15789473684210525
0.3263157894736842
0.15789473684210525
0.15789473684210525
0.07368421052631578
0.07368421052631578
0.07368421052631578
0.07368421052631578
0.07368421052631578
0.07368421052631578
0.07368421052631578
0.07368421052631578
0.07368421052631578
0.07368421052631578
0.07368421052631578
0.07368421052631578
0.07368421052631578
0.07368421052631578
0.15789473684210525
0.6631578947368421
0.15789473684210525
0.15789473684210525
0.15789473684210525
0.15789473684210525
0.24210526315789474
0.15789473684210525
0.07368421052631578
0.15789473684210525
0.3263157894736842
0.15789473684210525
0.15789473684210525
0.3263157894736842
0.15789473684210525
0.15789473684210525
0.24210526315789474
0.15789473684210525
0.07368421052631578
0.15789473684210525
0.15789473684210525
0.15789473684210525
0.15789473684210525
0.15789473684210525
0.15789473684210525
0.15789473684210525
0.15789473684210525
0.15789473684210525
0.15789473684210525
0.15789473684210525
0.15789473684210525
0.15789473684210525
0.15789473684210525
0.15789473684210525
0.15789473684210525
0.15789473684210525
0.3263157894736842
0.15789473684210525
0.15789473684210525
0.3263157894736842
0.15789473684210525
0.07368421052631578
0.15789473684210525
0.07368421052631578
0.07368421052631578
0.15789473684210525
0.07368421052631578
0.15789473684210525
0.6631578947368421
0.15789473684210525
0.15789473684210525
0.15789473684210525
0.15789473684210525
0.15789473684210525
0.15789473684210525
0.15789473684210525
0.15789473684210525
0.49473684210526314
0.15789473684210525
0.15789473684210525
0.15789473684210525
0.15789473684210525
0.15789473684210525
0.15789473684210525
0.15789473684210525
0.15789473684210525
0.15789473684210525
0.15789473684210525
0.6631578947368421
0.15789473684210525
0.15789473684210525
0.15789473684210525
0.15789473684210525
0.24210526315789474
0.15789473684210525
0.07368421052631578
0.07368421052631578
0.3263157894736842
0.3263157894736842
0.07368421052631578
0.07368421052631578
0.07368421052631578
0.07368421052631578
0.07368421052631578
0.07368421052631578
0.07368421052631578
0.07368421052631578
0.07368421052631578
0.07368421052631578
0.07368421052631578
0.07368421052631578
0.07368421052631578
0.07368421052631578
0.07368421052631578
0.07368421052631578
0.07368421052631578
0.07368421052631578
0.07368421052631578
0.15789473684210525
0.15789473684210525
0.15789473684210525
0.07368421052631578
0.07368421052631578
0.07368421052631578
0.07368421052631578
0.15789473684210525
0.15789473684210525
0.07368421052631578
0.07368421052631578
0.07368421052631578
0.07368421052631578
0.15789473684210525
0.15789473684210525
0.07368421052631578
0.07368421052631578
0.07368421052631578
0.07368421052631578
0.15789473684210525
0.07368421052631578
0.07368421052631578
0.07368421052631578
0.07368421052631578
0.07368421052631578
0.07368421052631578
0.07368421052631578
0.07368421052631578
0.07368421052631578
0.07368421052631578
0.07368421052631578
0.07368421052631578
0.07368421052631578
0.07368421052631578
0.07368421052631578
0.07368421052631578
0.07368421052631578
0.07368421052631578
0.07368421052631578
0.15789473684210525
0.15789473684210525
0.15789473684210525
0.07368421052631578
0.07368421052631578
0.07368421052631578
0.07368421052631578
0.15789473684210525
0.15789473684210525
0.07368421052631578
0.07368421052631578
0.07368421052631578
0.07368421052631578
0.15789473684210525
0.15789473684210525
0.07368421052631578
0.07368421052631578
0.07368421052631578
0.07368421052631578
0.15789473684210525
0.15789473684210525
0.07368421052631578
0.07368421052631578
0.07368421052631578
0.07368421052631578
0.07368421052631578
0.07368421052631578
0.07368421052631578
0.07368421052631578
0.07368421052631578
0.07368421052631578
0.07368421052631578
0.49473684210526314
0.15789473684210525
0.15789473684210525
0.15789473684210525
0.49473684210526314
0.15789473684210525
0.15789473684210525
0.15789473684210525
0.15789473684210525
0.15789473684210525
0.15789473684210525
0.15789473684210525
0.15789473684210525
0.15789473684210525
0.15789473684210525
0.15789473684210525
0.15789473684210525
0.15789473684210525
0.15789473684210525
0.15789473684210525
0.15789473684210525
0.49473684210526314
0.15789473684210525
0.15789473684210525
0.15789473684210525
0.15789473684210525
0.15789473684210525
0.15789473684210525
0.49473684210526314
0.15789473684210525
0.15789473684210525
0.15789473684210525
0.15789473684210525
0.15789473684210525
0.15789473684210525
0.49473684210526314
0.15789473684210525
0.15789473684210525
0.15789473684210525
0.15789473684210525
0.15789473684210525
0.15789473684210525
0.15789473684210525
0.15789473684210525
0.15789473684210525
0.15789473684210525
0.15789473684210525
0.15789473684210525
0.49473684210526314
0.15789473684210525
0.15789473684210525
0.15789473684210525
0.15789473684210525
0.15789473684210525
0.15789473684210525
0.49473684210526314
0.15789473684210525
0.15789473684210525
0.15789473684210525
0.15789473684210525
0.15789473684210525
0.15789473684210525
0.49473684210526314
0.15789473684210525
0.15789473684210525
0.15789473684210525
0.15789473684210525
0.15789473684210525
0.15789473684210525
0.15789473684210525
0.15789473684210525
0.15789473684210525
0.15789473684210525
0.15789473684210525
0.49473684210526314
0.15789473684210525
0.15789473684210525
0.15789473684210525
0.15789473684210525
0.15789473684210525
0.15789473684210525
0.49473684210526314
0.15789473684210525
0.15789473684210525
0.15789473684210525
0.15789473684210525
0.15789473684210525
0.15789473684210525
0.3263157894736842
0.15789473684210525
0.15789473684210525
0.15789473684210525
0.15789473684210525
0.15789473684210525
0.15789473684210525
0.15789473684210525
0.15789473684210525
0.15789473684210525
0.15789473684210525
0.15789473684210525
0.15789473684210525
0.3263157894736842
0.15789473684210525
0.15789473684210525
0.15789473684210525
0.15789473684210525
0.15789473684210525
0.15789473684210525
0.3263157894736842
0.15789473684210525
0.15789473684210525
0.15789473684210525
0.15789473684210525
0.15789473684210525
0.15789473684210525
0.3263157894736842
0.15789473684210525
0.15789473684210525
0.15789473684210525
0.15789473684210525
0.15789473684210525
0.15789473684210525
0.49473684210526314
0.15789473684210525
0.15789473684210525
0.15789473684210525
0.15789473684210525
0.15789473684210525
0.15789473684210525
0.49473684210526314
0.15789473684210525
0.15789473684210525
0.15789473684210525
0.15789473684210525
0.15789473684210525
0.15789473684210525
0.49473684210526314
0.15789473684210525
0.15789473684210525
0.15789473684210525
0.15789473684210525
0.15789473684210525
0.15789473684210525
0.3263157894736842
0.15789473684210525
0.15789473684210525
0.15789473684210525
0.15789473684210525
0.15789473684210525
0.15789473684210525
0.15789473684210525
0.15789473684210525
0.15789473684210525
0.15789473684210525
0.15789473684210525
0.15789473684210525
0.15789473684210525
0.15789473684210525
0.15789473684210525
0.15789473684210525
0.15789473684210525
0.15789473684210525
0.3263157894736842
0.15789473684210525
0.15789473684210525
0.15789473684210525
0.15789473684210525
0.15789473684210525
0.15789473684210525
0.3263157894736842
0.15789473684210525
0.15789473684210525
0.15789473684210525
0.15789473684210525
0.15789473684210525
0.15789473684210525
0.3263157894736842
0.15789473684210525
0.15789473684210525
0.15789473684210525
0.15789473684210525
0.15789473684210525
0.15789473684210525
0.15789473684210525
0.15789473684210525
0.15789473684210525
0.15789473684210525
0.15789473684210525
0.15789473684210525
0.3263157894736842
0.15789473684210525
0.15789473684210525
0.15789473684210525
0.15789473684210525
0.15789473684210525
0.15789473684210525
0.3263157894736842
0.15789473684210525
0.15789473684210525
0.15789473684210525
0.15789473684210525
0.15789473684210525
0.07368421052631578
0.3263157894736842
0.07368421052631578
0.07368421052631578
0.07368421052631578
0.07368421052631578
0.07368421052631578
0.07368421052631578
1.0
1.0
1.0
1.0
0.07368421052631578
0.07368421052631578
0.07368421052631578
0.07368421052631578
0.07368421052631578
0.07368421052631578
0.6631578947368421
0.6631578947368421
0.6631578947368421
0.07368421052631578
0.07368421052631578
0.07368421052631578
0.07368421052631578
0.15789473684210525
0.15789473684210525
0.07368421052631578
0.15789473684210525
0.15789473684210525
0.07368421052631578
0.6631578947368421
0.6631578947368421
0.6631578947368421
0.07368421052631578
0.07368421052631578
0.07368421052631578
0.07368421052631578
0.3263157894736842
0.3263157894736842
0.3263157894736842
0.07368421052631578
0.07368421052631578
1.0
1.0
1.0
0.07368421052631578
0.07368421052631578
0.07368421052631578
0.07368421052631578
0.07368421052631578
0.07368421052631578
0.07368421052631578
0.6631578947368421
0.6631578947368421
0.07368421052631578
0.07368421052631578
0.07368421052631578
0.07368421052631578
0.07368421052631578
0.07368421052631578
0.07368421052631578
0.07368421052631578
0.15789473684210525
0.15789473684210525
0.07368421052631578
0.07368421052631578
0.15789473684210525
0.15789473684210525
0.07368421052631578
0.07368421052631578
0.6631578947368421
0.6631578947368421
0.6631578947368421
0.031578947368421054
0.07368421052631578
0.031578947368421054
0.07368421052631578
0.0
0.07368421052631578
0.031578947368421054
0.07368421052631578
0.3263157894736842
0.3263157894736842
0.031578947368421054
0.07368421052631578
0.07368421052631578
0.07368421052631578
0.3263157894736842
0.3263157894736842
0.07368421052631578
0.07368421052631578
0.07368421052631578
0.07368421052631578
0.3263157894736842
0.3263157894736842
0.07368421052631578
0.07368421052631578
0.07368421052631578
0.07368421052631578
0.3263157894736842
0.3263157894736842
0.07368421052631578
0.07368421052631578
0.07368421052631578
0.07368421052631578
1.0
1.0
0.07368421052631578
0.07368421052631578
0.07368421052631578
0.07368421052631578
0.07368421052631578
0.07368421052631578
1.0
1.0
1.0
1.0
0.07368421052631578
0.07368421052631578
0.07368421052631578
0.07368421052631578
0.07368421052631578
0.07368421052631578
0.6631578947368421
0.6631578947368421
0.6631578947368421
0.07368421052631578
0.07368421052631578
0.07368421052631578
0.07368421052631578
0.15789473684210525
0.15789473684210525
0.08421052631578951
0.0
0.0
0.6
0.0
0.0
0.0
0.0
0.0
0.0
0.0
0.0
0.0
0.0
0.0
0.0
0.0
0.0
0.0
0.0
0.0
0.0
0.0
0.0
0.0
0.0
0.0
0.0
0.0
0.1894736842105264
0.1894736842105264
0.1894736842105264
0.0
0.1894736842105264
0.0
0.1894736842105264
0.1894736842105264
0.1894736842105264
0.0
0.1894736842105264
0.0
0.0
0.0
0.0
0.0
0.0
0.0
0.0
0.1894736842105264
0.1894736842105264
0.1894736842105264
0.0
0.1894736842105264
0.1894736842105264
0.0
0.1894736842105264
0.0
0.0
0.0
0.0
0.0
0.0
0.0
0.0
0.0
0.0
0.0
0.0
0.0
0.0
0.0
0.0
0.0
0.0
0.0
0.0
0.1894736842105264
0.1894736842105264
0.0
0.1894736842105264
0.1894736842105264
0.1894736842105264
0.0
0.0
0.1894736842105264
0.0
0.0
0.0
0.0
0.0
0.0
0.0
0.0
0.0
0.0
0.0
0.0
0.0
0.0
0.0
0.0
0.0
0.0
0.0
0.0
0.0
0.0
0.0
0.0
0.0
0.0
0.0
0.0
0.0
0.0
0.0
0.0
0.0
0.0
0.0
0.0
0.0
0.0
0.0
0.0
0.0
0.0
0.0
0.0
0.0
0.0
0.0
0.0
0.0
0.0
0.0
0.0
0.0
0.0
0.0
0.0
0.0
0.0
0.0
0.0
0.0
0.0
0.0
0.0
0.0
0.0
0.0
0.0
0.0
0.0
0.0
0.0
0.0
0.0
0.0
0.0
0.0
0.0
0.0
0.0
0.0
0.0
0.0
0.0
0.0
0.0
0.0
0.0
0.0
0.0
0.0
0.0
0.0
0.0
0.0
0.0
0.0
0.0
0.0
0.0
0.0
0.0
0.0
0.0
0.0
0.0
0.0
0.0
0.0
0.0
0.0
0.0
0.0
0.0
0.0
0.0
0.0
0.0
0.0
0.0
0.0
0.0
0.0
0.0
0.0
0.0
0.0
0.0
0.0
0.0
0.0
0.0
0.0
0.0
0.0
0.0
0.0
0.0
0.0
0.0
0.0
0.0
0.0
0.0
0.0
0.0
0.0
0.0
0.0
0.0
0.0
0.0
0.0
0.0
0.0
0.0
0.0
0.0
0.0
0.0
0.0
0.0
0.0
0.0
0.0
0.0
0.0
0.0
0.0
0.0
0.0
0.0
0.0
0.0
0.0
0.0
0.0
0.0
0.0
0.0
0.0
0.0
0.0
0.0
0.0
0.0
0.0
0.0
0.0
0.0
0.0
0.0
0.0
0.0
0.0
0.0
0.0
0.0
0.0
0.0
0.0
0.0
0.0
0.0
0.0
0.0
0.0
0.0
0.0
0.0
0.0
0.0
0.0
0.0
0.5984251968503937
0.5905511811023622
0.5984251968503937
0.5905511811023622
0.5984251968503937
0.5590551181102362
0.5826771653543307
0.5669291338582677
0.3543307086614173
0.5433070866141733
0.4094488188976378
0.44881889763779526
0.47244094488188976
0.5039370078740157
0.5433070866141733
0.31496062992125984
0.5590551181102362
0.4094488188976378
0.4409448818897638
0.5039370078740157
0.5354330708661418
0.5590551181102362
0.3543307086614173
0.5669291338582677
0.4094488188976378
0.44881889763779526
0.5039370078740157
0.5984251968503937
0.5905511811023622
0.5984251968503937
0.5905511811023622
0.5984251968503937
0.5590551181102362
0.5826771653543307
0.5669291338582677
0.3543307086614173
0.5433070866141733
0.4094488188976378
0.44881889763779526
0.47244094488188976
0.5039370078740157
0.5433070866141733
0.31496062992125984
0.5590551181102362
0.4094488188976378
0.4409448818897638
0.5039370078740157
0.5669291338582677
0.5590551181102362
0.3543307086614173
0.5433070866141733
0.4094488188976378
0.44881889763779526
0.5984251968503937
0.5905511811023622
0.5984251968503937
0.5905511811023622
0.5984251968503937
0.5590551181102362
0.5826771653543307
0.5669291338582677
0.3543307086614173
0.5433070866141733
0.4094488188976378
0.44881889763779526
0.47244094488188976
0.5039370078740157
0.5433070866141733
0.31496062992125984
0.5590551181102362
0.4094488188976378
0.4409448818897638
0.5039370078740157
0.5354330708661418
0.5590551181102362
0.3543307086614173
0.5669291338582677
0.4094488188976378
0.44881889763779526
0.5039370078740157
0.5984251968503937
0.5905511811023622
0.5984251968503937
0.5905511811023622
0.5984251968503937
0.5590551181102362
0.5826771653543307
0.5669291338582677
0.3543307086614173
0.5433070866141733
0.4094488188976378
0.44881889763779526
0.47244094488188976
0.5039370078740157
0.5433070866141733
0.31496062992125984
0.5590551181102362
0.4094488188976378
0.4409448818897638
0.5039370078740157
0.5669291338582677
0.5590551181102362
0.3543307086614173
0.5433070866141733
0.4094488188976378
0.44881889763779526
0.5590551181102362
0.5669291338582677
0.5826771653543307
0.3779527559055118
0.5984251968503937
0.4330708661417323
0.47244094488188976
0.5275590551181102
0.6062992125984252
0.5984251968503937
0.33858267716535434
0.5826771653543307
0.4330708661417323
0.4645669291338583
0.5118110236220472
0.5984251968503937
0.5826771653543307
0.3543307086614173
0.5669291338582677
0.4094488188976378
0.44881889763779526
0.5039370078740157
0.5826771653543307
0.5669291338582677
0.31496062992125984
0.5590551181102362
0.4094488188976378
0.5039370078740157
0.5039370078740157
0.5984251968503937
0.5039370078740157
0.5984251968503937
0.5984251968503937
0.6929133858267716
0.5905511811023622
0.5984251968503937
0.5905511811023622
0.5984251968503937
0.5905511811023622
0.5984251968503937
0.5590551181102362
0.5826771653543307
0.5669291338582677
0.3543307086614173
0.5433070866141733
0.4094488188976378
0.44881889763779526
0.47244094488188976
0.5039370078740157
0.5433070866141733
0.31496062992125984
0.5590551181102362
0.4094488188976378
0.4409448818897638
0.5039370078740157
0.5354330708661418
0.5590551181102362
0.3543307086614173
0.5669291338582677
0.4094488188976378
0.44881889763779526
0.5039370078740157
0.5984251968503937
0.5905511811023622
0.5984251968503937
0.5905511811023622
0.5984251968503937
0.5590551181102362
0.5826771653543307
0.5669291338582677
0.3543307086614173
0.5433070866141733
0.4094488188976378
0.44881889763779526
0.47244094488188976
0.5039370078740157
0.5433070866141733
0.31496062992125984
0.5590551181102362
0.4094488188976378
0.4409448818897638
0.5039370078740157
0.5669291338582677
0.5590551181102362
0.3543307086614173
0.5433070866141733
0.4094488188976378
0.44881889763779526
0.5590551181102362
0.5669291338582677
0.5826771653543307
0.3779527559055118
0.5984251968503937
0.4330708661417323
0.47244094488188976
0.5275590551181102
0.6062992125984252
0.5984251968503937
0.33858267716535434
0.5826771653543307
0.4330708661417323
0.4645669291338583
0.5118110236220472
0.5984251968503937
0.5826771653543307
0.3543307086614173
0.5669291338582677
0.4094488188976378
0.44881889763779526
0.5039370078740157
0.5826771653543307
0.5669291338582677
0.31496062992125984
0.5590551181102362
0.4094488188976378
0.5039370078740157
0.5039370078740157
0.5984251968503937
0.5039370078740157
0.5984251968503937
0.5984251968503937
0.6929133858267716
0.5905511811023622
0.5984251968503937
0.5905511811023622
0.5984251968503937
0.5905511811023622
0.5984251968503937
0.5590551181102362
0.5826771653543307
0.5669291338582677
0.3543307086614173
0.5433070866141733
0.4094488188976378
0.44881889763779526
0.47244094488188976
0.5039370078740157
0.5433070866141733
0.31496062992125984
0.5590551181102362
0.4094488188976378
0.4409448818897638
0.5039370078740157
0.5354330708661418
0.5590551181102362
0.3543307086614173
0.5669291338582677
0.4094488188976378
0.44881889763779526
0.5039370078740157
0.5984251968503937
0.5905511811023622
0.5984251968503937
0.5905511811023622
0.5984251968503937
0.5590551181102362
0.5826771653543307
0.5669291338582677
0.3543307086614173
0.5433070866141733
0.4094488188976378
0.44881889763779526
0.47244094488188976
0.5039370078740157
0.5433070866141733
0.31496062992125984
0.5590551181102362
0.4094488188976378
0.4409448818897638
0.5039370078740157
0.5669291338582677
0.5590551181102362
0.3543307086614173
0.5433070866141733
0.4094488188976378
0.44881889763779526
0.5669291338582677
0.5039370078740157
0.4566929133858268
0.47244094488188976
0.5669291338582677
0.5118110236220472
0.44881889763779526
0.47244094488188976
0.5275590551181102
0.5669291338582677
0.5039370078740157
0.4330708661417323
0.4566929133858268
0.47244094488188976
0.41732283464566927
0.5669291338582677
0.44881889763779526
0.47244094488188976
0.44881889763779526
0.47244094488188976
0.6062992125984252
0.44881889763779526
0.5984251968503937
0.41732283464566927
0.5984251968503937
0.4566929133858268
0.4881889763779528
0.5826771653543307
0.4566929133858268
0.4881889763779528
0.6456692913385826
0.4566929133858268
0.6377952755905512
0.41732283464566927
0.6377952755905512
0.5039370078740157
0.6220472440944882
0.41732283464566927
0.4330708661417323
0.4566929133858268
0.6062992125984252
0.5039370078740157
0.5984251968503937
0.41732283464566927
0.4330708661417323
0.4566929133858268
0.5826771653543307
0.5039370078740157
0.5669291338582677
0.41732283464566927
0.5511811023622047
0.44881889763779526
0.47244094488188976
0.5433070866141733
0.44881889763779526
0.5433070866141733
0.47244094488188976
0.5275590551181102
0.5433070866141733
0.44881889763779526
0.5511811023622047
0.41732283464566927
0.5669291338582677
0.44881889763779526
0.47244094488188976
0.44881889763779526
0.47244094488188976
0.5826771653543307
0.44881889763779526
0.5905511811023622
0.4094488188976378
0.5984251968503937
0.44881889763779526
0.47244094488188976
0.44881889763779526
0.5984251968503937
0.3937007874015748
0.4881889763779528
0.6062992125984252
0.41732283464566927
0.5433070866141733
0.4330708661417323
0.5669291338582677
0.5039370078740157
0.4330708661417323
0.5039370078740157
0.4330708661417323
0.5826771653543307
0.5118110236220472
0.5590551181102362
0.5669291338582677
0.5039370078740157
0.47244094488188976
0.6220472440944882
0.5275590551181102
0.6220472440944882
0.5433070866141733
0.6220472440944882
0.5118110236220472
0.5275590551181102
0.5590551181102362
0.6220472440944882
0.5039370078740157
0.5275590551181102
0.5669291338582677
0.6220472440944882
0.4881889763779528
0.5118110236220472
0.5275590551181102
0.5826771653543307
0.6220472440944882
0.5984251968503937
0.5275590551181102
0.5039370078740157
0.47244094488188976
0.6220472440944882
0.6614173228346457
0.6535433070866141
0.6377952755905512
0.44881889763779526
0.41732283464566927
0.6220472440944882
0.6062992125984252
0.5826771653543307
0.5669291338582677
0.4645669291338583
0.4330708661417323
0.6220472440944882
0.6062992125984252
0.5826771653543307
0.5669291338582677
0.47244094488188976
0.6220472440944882
0.5275590551181102
0.6220472440944882
0.5433070866141733
0.6220472440944882
0.5118110236220472
0.5275590551181102
0.5590551181102362
0.6220472440944882
0.5039370078740157
0.5275590551181102
0.5669291338582677
0.6220472440944882
0.4881889763779528
0.5118110236220472
0.5275590551181102
0.5826771653543307
0.6220472440944882
0.5984251968503937
0.5275590551181102
0.5039370078740157
0.47244094488188976
0.6220472440944882
0.6614173228346457
0.6535433070866141
0.6377952755905512
0.44881889763779526
0.41732283464566927
0.6220472440944882
0.6062992125984252
0.5984251968503937
0.5826771653543307
0.4645669291338583
0.4330708661417323
0.6220472440944882
0.6062992125984252
0.5826771653543307
0.5984251968503937
0.4645669291338583
0.4409448818897638
0.6062992125984252
0.5984251968503937
0.5905511811023622
0.5984251968503937
0.5590551181102362
0.5984251968503937
0.5905511811023622
0.5984251968503937
0.5590551181102362
0.5984251968503937
0.5905511811023622
0.5984251968503937
0.5590551181102362
0.5984251968503937
0.5905511811023622
0.5984251968503937
0.5590551181102362
0.5984251968503937
0.5905511811023622
0.5984251968503937
0.5905511811023622
0.5984251968503937
0.5905511811023622
0.5984251968503937
0.5905511811023622
0.5984251968503937
0.5905511811023622
0.5984251968503937
0.5590551181102362
0.5826771653543307
0.5669291338582677
0.3543307086614173
0.5433070866141733
0.4094488188976378
0.44881889763779526
0.47244094488188976
0.5039370078740157
0.5433070866141733
0.31496062992125984
0.5590551181102362
0.4094488188976378
0.4409448818897638
0.5039370078740157
0.5354330708661418
0.5590551181102362
0.3543307086614173
0.5669291338582677
0.4094488188976378
0.44881889763779526
0.5039370078740157
0.5984251968503937
0.5905511811023622
0.5984251968503937
0.5905511811023622
0.5984251968503937
0.5590551181102362
0.5826771653543307
0.5669291338582677
0.3543307086614173
0.5433070866141733
0.4094488188976378
0.44881889763779526
0.47244094488188976
0.5039370078740157
0.5433070866141733
0.31496062992125984
0.5590551181102362
0.4094488188976378
0.4409448818897638
0.5039370078740157
0.5669291338582677
0.5590551181102362
0.3543307086614173
0.5433070866141733
0.4094488188976378
0.44881889763779526
0.5984251968503937
0.5905511811023622
0.5984251968503937
0.5905511811023622
0.5984251968503937
0.5590551181102362
0.5826771653543307
0.5669291338582677
0.3543307086614173
0.5433070866141733
0.4094488188976378
0.44881889763779526
0.47244094488188976
0.5039370078740157
0.5433070866141733
0.31496062992125984
0.5590551181102362
0.4094488188976378
0.4409448818897638
0.5039370078740157
0.5354330708661418
0.5590551181102362
0.3543307086614173
0.5669291338582677
0.4094488188976378
0.44881889763779526
0.5039370078740157
0.5984251968503937
0.5905511811023622
0.5984251968503937
0.5905511811023622
0.5984251968503937
0.5590551181102362
0.5826771653543307
0.5669291338582677
0.3543307086614173
0.5433070866141733
0.4094488188976378
0.44881889763779526
0.47244094488188976
0.5039370078740157
0.5433070866141733
0.31496062992125984
0.5590551181102362
0.4094488188976378
0.4409448818897638
0.5039370078740157
0.5669291338582677
0.5590551181102362
0.3543307086614173
0.5433070866141733
0.4094488188976378
0.44881889763779526
0.5590551181102362
0.5669291338582677
0.5826771653543307
0.3779527559055118
0.5984251968503937
0.4330708661417323
0.47244094488188976
0.5275590551181102
0.6062992125984252
0.5984251968503937
0.33858267716535434
0.5826771653543307
0.4330708661417323
0.4645669291338583
0.5118110236220472
0.5984251968503937
0.5826771653543307
0.3543307086614173
0.5669291338582677
0.4094488188976378
0.44881889763779526
0.5039370078740157
0.5826771653543307
0.5669291338582677
0.31496062992125984
0.5590551181102362
0.4094488188976378
0.5039370078740157
0.5039370078740157
0.5984251968503937
0.5039370078740157
0.5984251968503937
0.5984251968503937
0.6929133858267716
0.5905511811023622
0.5984251968503937
0.5905511811023622
0.5984251968503937
0.5905511811023622
0.5984251968503937
0.5590551181102362
0.5826771653543307
0.5669291338582677
0.3543307086614173
0.5433070866141733
0.4094488188976378
0.44881889763779526
0.47244094488188976
0.5039370078740157
0.5433070866141733
0.31496062992125984
0.5590551181102362
0.4094488188976378
0.4409448818897638
0.5039370078740157
0.5354330708661418
0.5590551181102362
0.3543307086614173
0.5669291338582677
0.4094488188976378
0.44881889763779526
0.5039370078740157
0.5984251968503937
0.5905511811023622
0.5984251968503937
0.5905511811023622
0.5984251968503937
0.5590551181102362
0.5826771653543307
0.5669291338582677
0.3543307086614173
0.5433070866141733
0.4094488188976378
0.44881889763779526
0.47244094488188976
0.5039370078740157
0.5433070866141733
0.31496062992125984
0.5590551181102362
0.4094488188976378
0.4409448818897638
0.5039370078740157
0.5669291338582677
0.5590551181102362
0.3543307086614173
0.5433070866141733
0.3543307086614173
0.3543307086614173
0.3543307086614173
0.3543307086614173
0.3543307086614173
0.3543307086614173
0.5039370078740157
0.5275590551181102
0.5511811023622047
0.5748031496062992
0.3543307086614173
0.3543307086614173
0.3543307086614173
0.3543307086614173
0.3543307086614173
0.3543307086614173
0.5433070866141733
0.5118110236220472
0.5826771653543307
0.3543307086614173
0.3543307086614173
0.3543307086614173
0.3543307086614173
0.5984251968503937
0.5748031496062992
0.3543307086614173
0.6062992125984252
0.5826771653543307
0.3543307086614173
0.5354330708661418
0.5826771653543307
0.6062992125984252
0.3543307086614173
0.3543307086614173
0.3543307086614173
0.3543307086614173
0.5354330708661418
0.5826771653543307
0.6062992125984252
0.3543307086614173
0.3543307086614173
0.5984251968503937
0.5669291338582677
0.5433070866141733
0.3543307086614173
0.3543307086614173
0.3543307086614173
0.3543307086614173
0.3543307086614173
0.2992125984251969
0.3543307086614173
0.5118110236220472
0.5826771653543307
0.2992125984251969
0.3543307086614173
0.2992125984251969
0.3543307086614173
0.2992125984251969
0.3543307086614173
0.2992125984251969
0.3543307086614173
0.5039370078740157
0.5669291338582677
0.2992125984251969
0.3543307086614173
0.4881889763779528
0.5590551181102362
0.3543307086614173
0.30708661417322836
0.5433070866141733
0.5196850393700787
0.47244094488188976
0.30708661417322836
0.3543307086614173
0.30708661417322836
0.3543307086614173
0.30708661417322836
0.3543307086614173
0.30708661417322836
0.3543307086614173
0.5433070866141733
0.47244094488188976
0.30708661417322836
0.3543307086614173
0.31496062992125984
0.3543307086614173
0.47244094488188976
0.5433070866141733
0.31496062992125984
0.3543307086614173
0.31496062992125984
0.3543307086614173
0.5039370078740157
0.5669291338582677
0.31496062992125984
0.3543307086614173
0.31496062992125984
0.3464566929133858
0.4881889763779528
0.5590551181102362
0.31496062992125984
0.3464566929133858
0.25984251968503935
0.3543307086614173
0.47244094488188976
0.5433070866141733
0.3543307086614173
0.3543307086614173
0.3543307086614173
0.3543307086614173
0.3543307086614173
0.3543307086614173
0.5039370078740157
0.5748031496062992
0.5511811023622047
0.5275590551181102
0.3543307086614173
0.3543307086614173
0.3543307086614173
0.3543307086614173
0.3543307086614173
0.3543307086614173
0.5118110236220472
0.5433070866141733
0.5826771653543307
0.3543307086614173
0.3543307086614173
0.3543307086614173
0.3543307086614173
0.5984251968503937
0.5748031496062992
0
0
0
0
0
0
0
0
0
0
0
0
0
0
0
0
0
0
0
0
0
0
0
0
0
0
0
0
0
0
0
0
0
0
0
0
0
0
0
0
0
0
0
0
0
0
0
0
0
0
0
0
0
0
0
0
0
0
0
0
0
0
0
0
0
0
0
0
0
0
0
0
0
0
0
0
0
0
0
0
0
0
0
0
0
0
0
0
0
0
0
0
0
0
0
0
0
0
0
0
0
0
0
0
0
0
0
0
0
0
0
0
0
0
0
0
0
0
0
0
0
0
0
0
0
0
0
0
0
0
0
0
0
0
0
0
0
0
0
0
0
0
0
0
0
0
0
0
0
0
0
0
0
0
0
0
0
0
0
0
0
0
0
0
0
0
0
0
0
0
0
0
0
0
0
0
0
0
0
0
0
0
0
0
0
0
0
0
0
0
0
0
0
0
0
0
0
0
0
0
0
0
0
0
0
0
0
0
0
0
0
0
0
0
0
0
0
0
0
0
0
0
0
0
0
0
0
0
0
0
0
0
0
0
0
0
0
0
0
0
0
0
0
0
0
0
0
0
0
0
0
0
0
0
0
0
0
0
0
0
0
0
0
0
0
0
0
0
0
0
0
0
0
0
0
0
0
0
0
0
0
0
0
0
0
0
0
0
0
0
0
0
0
0
0
0
0
0
0
