LOADED TRAINER
LOADED GEN NUMBER:  2018
<tpg.team.Team object at 0x149c40556e30>
-21.708770606165295
[<tpg.learner.Learner object at 0x149c40556ef0>, <tpg.learner.Learner object at 0x149c40557490>, <tpg.learner.Learner object at 0x149c40557a00>, <tpg.learner.Learner object at 0x149c40557f40>, <tpg.learner.Learner object at 0x149c4056c3d0>, <tpg.learner.Learner object at 0x149c4056c940>, <tpg.learner.Learner object at 0x149c4056cee0>, <tpg.learner.Learner object at 0x149c4056d330>, <tpg.learner.Learner object at 0x149c4056d8a0>, <tpg.learner.Learner object at 0x149c4056dde0>]
{'main': -21.63199022257878}
---------------
step 0 for state:  [0.         0.15789474 0.64179104]
step 1 for state:  [0.16666667 0.15789474 0.62686567]
step 2 for state:  [0.16666667 0.15789474 0.64179104]
step 3 for state:  [0.16666667 0.15789474 0.62686567]
step 4 for state:  [0.16666667 0.15789474 0.64179104]
step 5 for state:  [0.16666667 0.15789474 0.56716418]
step 6 for state:  [0.16666667 0.15789474 0.6119403 ]
step 7 for state:  [0.16666667 0.15789474 0.58208955]
step 8 for state:  [0.16666667 0.15789474 0.17910448]
step 9 for state:  [0.         0.49473684 0.53731343]
step 10 for state:  [0.16666667 0.15789474 0.28358209]
step 11 for state:  [0.16666667 0.15789474 0.35820896]
step 12 for state:  [0.16666667 0.15789474 0.40298507]
step 13 for state:  [0.16666667 0.15789474 0.46268657]
step 14 for state:  [0.16666667 0.15789474 0.53731343]
step 15 for state:  [0.16666667 0.15789474 0.10447761]
step 16 for state:  [0.         0.49473684 0.56716418]
step 17 for state:  [0.16666667 0.15789474 0.28358209]
step 18 for state:  [0.16666667 0.15789474 0.34328358]
step 19 for state:  [0.16666667 0.15789474 0.46268657]
step 20 for state:  [0.16666667 0.15789474 0.52238806]
step 21 for state:  [0.16666667 0.15789474 0.56716418]
step 22 for state:  [0.16666667 0.15789474 0.17910448]
step 23 for state:  [0.         0.49473684 0.58208955]
step 24 for state:  [0.16666667 0.15789474 0.28358209]
step 25 for state:  [0.16666667 0.15789474 0.35820896]
step 26 for state:  [0.16666667 0.15789474 0.46268657]
step 27 for state:  [0.16666667 0.15789474 0.64179104]
step 28 for state:  [0.16666667 0.15789474 0.62686567]
step 29 for state:  [0.16666667 0.15789474 0.64179104]
step 30 for state:  [0.16666667 0.15789474 0.62686567]
step 31 for state:  [0.16666667 0.15789474 0.64179104]
step 32 for state:  [0.16666667 0.15789474 0.56716418]
step 33 for state:  [0.16666667 0.15789474 0.6119403 ]
step 34 for state:  [0.16666667 0.15789474 0.58208955]
step 35 for state:  [0.16666667 0.15789474 0.17910448]
step 36 for state:  [0.         0.49473684 0.53731343]
step 37 for state:  [0.16666667 0.15789474 0.28358209]
step 38 for state:  [0.16666667 0.15789474 0.35820896]
step 39 for state:  [0.16666667 0.15789474 0.40298507]
step 40 for state:  [0.16666667 0.15789474 0.46268657]
step 41 for state:  [0.16666667 0.15789474 0.53731343]
step 42 for state:  [0.16666667 0.15789474 0.10447761]
step 43 for state:  [0.         0.49473684 0.56716418]
step 44 for state:  [0.16666667 0.15789474 0.28358209]
step 45 for state:  [0.16666667 0.15789474 0.34328358]
step 46 for state:  [0.16666667 0.15789474 0.46268657]
step 47 for state:  [0.16666667 0.15789474 0.58208955]
step 48 for state:  [0.16666667 0.15789474 0.56716418]
step 49 for state:  [0.16666667 0.15789474 0.17910448]
step 50 for state:  [0.         0.49473684 0.53731343]
step 51 for state:  [0.16666667 0.15789474 0.28358209]
step 52 for state:  [0.16666667 0.15789474 0.35820896]
step 53 for state:  [0.33333333 0.15789474 0.64179104]
step 54 for state:  [0.16666667 0.15789474 0.62686567]
step 55 for state:  [0.16666667 0.15789474 0.64179104]
step 56 for state:  [0.16666667 0.15789474 0.62686567]
step 57 for state:  [0.16666667 0.15789474 0.64179104]
step 58 for state:  [0.16666667 0.15789474 0.56716418]
step 59 for state:  [0.16666667 0.15789474 0.6119403 ]
step 60 for state:  [0.16666667 0.15789474 0.58208955]
step 61 for state:  [0.16666667 0.15789474 0.17910448]
step 62 for state:  [0.         0.49473684 0.53731343]
step 63 for state:  [0.16666667 0.15789474 0.28358209]
step 64 for state:  [0.16666667 0.15789474 0.35820896]
step 65 for state:  [0.16666667 0.15789474 0.40298507]
step 66 for state:  [0.16666667 0.15789474 0.46268657]
step 67 for state:  [0.16666667 0.15789474 0.53731343]
step 68 for state:  [0.16666667 0.15789474 0.10447761]
step 69 for state:  [0.         0.49473684 0.56716418]
step 70 for state:  [0.16666667 0.15789474 0.28358209]
step 71 for state:  [0.16666667 0.15789474 0.34328358]
step 72 for state:  [0.16666667 0.15789474 0.46268657]
step 73 for state:  [0.16666667 0.15789474 0.52238806]
step 74 for state:  [0.16666667 0.15789474 0.56716418]
step 75 for state:  [0.16666667 0.15789474 0.17910448]
step 76 for state:  [0.         0.32631579 0.58208955]
step 77 for state:  [0.16666667 0.15789474 0.28358209]
step 78 for state:  [0.16666667 0.15789474 0.35820896]
step 79 for state:  [0.16666667 0.15789474 0.46268657]
step 80 for state:  [0.16666667 0.15789474 0.64179104]
step 81 for state:  [0.16666667 0.15789474 0.62686567]
step 82 for state:  [0.16666667 0.15789474 0.64179104]
step 83 for state:  [0.16666667 0.15789474 0.62686567]
step 84 for state:  [0.16666667 0.15789474 0.64179104]
step 85 for state:  [0.16666667 0.15789474 0.56716418]
step 86 for state:  [0.16666667 0.15789474 0.6119403 ]
step 87 for state:  [0.16666667 0.15789474 0.58208955]
step 88 for state:  [0.16666667 0.15789474 0.17910448]
step 89 for state:  [0.         0.32631579 0.53731343]
step 90 for state:  [0.16666667 0.15789474 0.28358209]
step 91 for state:  [0.16666667 0.15789474 0.35820896]
step 92 for state:  [0.16666667 0.15789474 0.40298507]
step 93 for state:  [0.16666667 0.15789474 0.46268657]
step 94 for state:  [0.16666667 0.15789474 0.53731343]
step 95 for state:  [0.16666667 0.15789474 0.10447761]
step 96 for state:  [0.         0.32631579 0.56716418]
step 97 for state:  [0.16666667 0.15789474 0.28358209]
step 98 for state:  [0.16666667 0.15789474 0.34328358]
step 99 for state:  [0.16666667 0.15789474 0.46268657]
step 100 for state:  [0.16666667 0.15789474 0.58208955]
step 101 for state:  [0.16666667 0.15789474 0.56716418]
step 102 for state:  [0.16666667 0.15789474 0.17910448]
step 103 for state:  [0.         0.32631579 0.53731343]
step 104 for state:  [0.16666667 0.15789474 0.28358209]
step 105 for state:  [0.16666667 0.15789474 0.35820896]
step 106 for state:  [0.16666667 0.15789474 0.56716418]
step 107 for state:  [0.16666667 0.15789474 0.58208955]
step 108 for state:  [0.16666667 0.15789474 0.6119403 ]
step 109 for state:  [0.16666667 0.15789474 0.2238806 ]
step 110 for state:  [0.         0.49473684 0.64179104]
step 111 for state:  [0.16666667 0.15789474 0.32835821]
step 112 for state:  [0.16666667 0.15789474 0.40298507]
step 113 for state:  [0.16666667 0.15789474 0.50746269]
step 114 for state:  [0.16666667 0.15789474 0.65671642]
step 115 for state:  [0.16666667 0.15789474 0.64179104]
step 116 for state:  [0.16666667 0.15789474 0.14925373]
step 117 for state:  [0.         0.49473684 0.6119403 ]
step 118 for state:  [0.16666667 0.15789474 0.32835821]
step 119 for state:  [0.16666667 0.15789474 0.3880597 ]
step 120 for state:  [0.16666667 0.15789474 0.47761194]
step 121 for state:  [0.16666667 0.15789474 0.64179104]
step 122 for state:  [0.16666667 0.15789474 0.6119403 ]
step 123 for state:  [0.16666667 0.15789474 0.17910448]
step 124 for state:  [0.         0.49473684 0.58208955]
step 125 for state:  [0.16666667 0.15789474 0.28358209]
step 126 for state:  [0.16666667 0.15789474 0.35820896]
step 127 for state:  [0.16666667 0.15789474 0.46268657]
step 128 for state:  [0.16666667 0.15789474 0.6119403 ]
step 129 for state:  [0.16666667 0.15789474 0.58208955]
step 130 for state:  [0.16666667 0.15789474 0.10447761]
step 131 for state:  [0.         0.32631579 0.56716418]
step 132 for state:  [0.16666667 0.15789474 0.28358209]
step 133 for state:  [0.16666667 0.15789474 0.46268657]
step 134 for state:  [0.16666667 0.15789474 0.46268657]
step 135 for state:  [0.16666667 0.15789474 0.64179104]
step 136 for state:  [0.16666667 0.15789474 0.46268657]
step 137 for state:  [0.16666667 0.15789474 0.64179104]
step 138 for state:  [0.16666667 0.15789474 0.64179104]
step 139 for state:  [0.16666667 0.15789474 0.82089552]
step 140 for state:  [0.16666667 0.15789474 0.62686567]
step 141 for state:  [0.16666667 0.15789474 0.64179104]
step 142 for state:  [0.16666667 0.15789474 0.62686567]
step 143 for state:  [0.16666667 0.15789474 0.64179104]
step 144 for state:  [0.16666667 0.15789474 0.62686567]
step 145 for state:  [0.16666667 0.15789474 0.64179104]
step 146 for state:  [0.16666667 0.15789474 0.56716418]
step 147 for state:  [0.16666667 0.15789474 0.6119403 ]
step 148 for state:  [0.16666667 0.15789474 0.58208955]
step 149 for state:  [0.16666667 0.15789474 0.17910448]
step 150 for state:  [0.         0.32631579 0.53731343]
step 151 for state:  [0.16666667 0.15789474 0.28358209]
step 152 for state:  [0.16666667 0.15789474 0.35820896]
step 153 for state:  [0.16666667 0.15789474 0.40298507]
step 154 for state:  [0.16666667 0.15789474 0.46268657]
step 155 for state:  [0.16666667 0.15789474 0.53731343]
step 156 for state:  [0.16666667 0.15789474 0.10447761]
step 157 for state:  [0.         0.32631579 0.56716418]
step 158 for state:  [0.16666667 0.15789474 0.28358209]
step 159 for state:  [0.16666667 0.15789474 0.34328358]
step 160 for state:  [0.16666667 0.15789474 0.46268657]
step 161 for state:  [0.16666667 0.15789474 0.52238806]
step 162 for state:  [0.16666667 0.15789474 0.56716418]
step 163 for state:  [0.16666667 0.15789474 0.17910448]
step 164 for state:  [0.         0.32631579 0.58208955]
step 165 for state:  [0.16666667 0.15789474 0.28358209]
step 166 for state:  [0.16666667 0.15789474 0.35820896]
step 167 for state:  [0.16666667 0.15789474 0.46268657]
step 168 for state:  [0.16666667 0.15789474 0.64179104]
step 169 for state:  [0.16666667 0.15789474 0.62686567]
step 170 for state:  [0.16666667 0.15789474 0.64179104]
step 171 for state:  [0.16666667 0.15789474 0.62686567]
step 172 for state:  [0.16666667 0.15789474 0.64179104]
step 173 for state:  [0.16666667 0.15789474 0.56716418]
step 174 for state:  [0.16666667 0.15789474 0.6119403 ]
step 175 for state:  [0.16666667 0.15789474 0.58208955]
step 176 for state:  [0.16666667 0.15789474 0.17910448]
step 177 for state:  [0.         0.32631579 0.53731343]
step 178 for state:  [0.16666667 0.15789474 0.28358209]
step 179 for state:  [0.16666667 0.15789474 0.35820896]
step 180 for state:  [0.16666667 0.15789474 0.40298507]
step 181 for state:  [0.16666667 0.15789474 0.46268657]
step 182 for state:  [0.16666667 0.15789474 0.53731343]
step 183 for state:  [0.16666667 0.15789474 0.10447761]
step 184 for state:  [0.         0.32631579 0.56716418]
step 185 for state:  [0.16666667 0.15789474 0.28358209]
step 186 for state:  [0.16666667 0.15789474 0.34328358]
step 187 for state:  [0.16666667 0.15789474 0.46268657]
step 188 for state:  [0.16666667 0.15789474 0.58208955]
step 189 for state:  [0.16666667 0.15789474 0.56716418]
step 190 for state:  [0.16666667 0.15789474 0.17910448]
step 191 for state:  [0.         0.32631579 0.53731343]
step 192 for state:  [0.16666667 0.15789474 0.28358209]
step 193 for state:  [0.16666667 0.15789474 0.35820896]
step 194 for state:  [0.16666667 0.15789474 0.56716418]
step 195 for state:  [0.16666667 0.15789474 0.58208955]
step 196 for state:  [0.16666667 0.15789474 0.6119403 ]
step 197 for state:  [0.16666667 0.15789474 0.2238806 ]
step 198 for state:  [0.         0.49473684 0.64179104]
step 199 for state:  [0.16666667 0.15789474 0.32835821]
step 200 for state:  [0.16666667 0.15789474 0.40298507]
step 201 for state:  [0.16666667 0.15789474 0.50746269]
step 202 for state:  [0.16666667 0.15789474 0.65671642]
step 203 for state:  [0.16666667 0.15789474 0.64179104]
step 204 for state:  [0.16666667 0.15789474 0.14925373]
step 205 for state:  [0.         0.49473684 0.6119403 ]
step 206 for state:  [0.16666667 0.15789474 0.32835821]
step 207 for state:  [0.16666667 0.15789474 0.3880597 ]
step 208 for state:  [0.16666667 0.15789474 0.47761194]
step 209 for state:  [0.16666667 0.15789474 0.64179104]
step 210 for state:  [0.16666667 0.15789474 0.6119403 ]
step 211 for state:  [0.16666667 0.15789474 0.17910448]
step 212 for state:  [0.         0.49473684 0.58208955]
step 213 for state:  [0.16666667 0.15789474 0.28358209]
step 214 for state:  [0.16666667 0.15789474 0.35820896]
step 215 for state:  [0.16666667 0.15789474 0.46268657]
step 216 for state:  [0.16666667 0.15789474 0.6119403 ]
step 217 for state:  [0.16666667 0.15789474 0.58208955]
step 218 for state:  [0.16666667 0.15789474 0.10447761]
step 219 for state:  [0.         0.32631579 0.56716418]
step 220 for state:  [0.16666667 0.15789474 0.28358209]
step 221 for state:  [0.16666667 0.15789474 0.46268657]
step 222 for state:  [0.16666667 0.15789474 0.46268657]
step 223 for state:  [0.16666667 0.15789474 0.64179104]
step 224 for state:  [0.16666667 0.15789474 0.46268657]
step 225 for state:  [0.16666667 0.15789474 0.64179104]
step 226 for state:  [0.16666667 0.15789474 0.64179104]
step 227 for state:  [0.16666667 0.15789474 0.82089552]
step 228 for state:  [0.16666667 0.15789474 0.62686567]
step 229 for state:  [0.16666667 0.15789474 0.64179104]
step 230 for state:  [0.16666667 0.15789474 0.62686567]
step 231 for state:  [0.16666667 0.15789474 0.64179104]
step 232 for state:  [0.16666667 0.15789474 0.62686567]
step 233 for state:  [0.16666667 0.15789474 0.64179104]
step 234 for state:  [0.16666667 0.15789474 0.56716418]
step 235 for state:  [0.16666667 0.15789474 0.6119403 ]
step 236 for state:  [0.16666667 0.15789474 0.58208955]
step 237 for state:  [0.16666667 0.15789474 0.17910448]
step 238 for state:  [0.         0.32631579 0.53731343]
step 239 for state:  [0.16666667 0.15789474 0.28358209]
step 240 for state:  [0.16666667 0.15789474 0.35820896]
step 241 for state:  [0.16666667 0.15789474 0.40298507]
step 242 for state:  [0.16666667 0.15789474 0.46268657]
step 243 for state:  [0.16666667 0.15789474 0.53731343]
step 244 for state:  [0.16666667 0.15789474 0.10447761]
step 245 for state:  [0.         0.32631579 0.56716418]
step 246 for state:  [0.16666667 0.15789474 0.28358209]
step 247 for state:  [0.16666667 0.15789474 0.34328358]
step 248 for state:  [0.16666667 0.15789474 0.46268657]
step 249 for state:  [0.16666667 0.15789474 0.52238806]
step 250 for state:  [0.16666667 0.15789474 0.56716418]
step 251 for state:  [0.16666667 0.15789474 0.17910448]
step 252 for state:  [0.         0.32631579 0.58208955]
step 253 for state:  [0.16666667 0.15789474 0.28358209]
step 254 for state:  [0.16666667 0.15789474 0.35820896]
step 255 for state:  [0.16666667 0.15789474 0.46268657]
step 256 for state:  [0.16666667 0.15789474 0.64179104]
step 257 for state:  [0.16666667 0.15789474 0.62686567]
step 258 for state:  [0.16666667 0.15789474 0.64179104]
step 259 for state:  [0.16666667 0.15789474 0.62686567]
step 260 for state:  [0.16666667 0.15789474 0.64179104]
step 261 for state:  [0.16666667 0.15789474 0.56716418]
step 262 for state:  [0.16666667 0.15789474 0.6119403 ]
step 263 for state:  [0.16666667 0.15789474 0.58208955]
step 264 for state:  [0.16666667 0.15789474 0.17910448]
step 265 for state:  [0.         0.32631579 0.53731343]
step 266 for state:  [0.16666667 0.15789474 0.28358209]
step 267 for state:  [0.16666667 0.15789474 0.35820896]
step 268 for state:  [0.16666667 0.15789474 0.40298507]
step 269 for state:  [0.16666667 0.15789474 0.46268657]
step 270 for state:  [0.16666667 0.15789474 0.53731343]
step 271 for state:  [0.16666667 0.15789474 0.10447761]
step 272 for state:  [0.         0.32631579 0.56716418]
step 273 for state:  [0.16666667 0.15789474 0.28358209]
step 274 for state:  [0.16666667 0.15789474 0.34328358]
step 275 for state:  [0.16666667 0.15789474 0.46268657]
step 276 for state:  [0.16666667 0.15789474 0.58208955]
step 277 for state:  [0.16666667 0.15789474 0.56716418]
step 278 for state:  [0.16666667 0.15789474 0.17910448]
step 279 for state:  [0.         0.32631579 0.53731343]
step 280 for state:  [0.16666667 0.15789474 0.28358209]
step 281 for state:  [0.16666667 0.15789474 0.35820896]
step 282 for state:  [0.16666667 0.07368421 0.58208955]
step 283 for state:  [0.         0.07368421 0.46268657]
step 284 for state:  [0.         0.07368421 0.37313433]
step 285 for state:  [0.         0.07368421 0.40298507]
step 286 for state:  [0.16666667 0.07368421 0.58208955]
step 287 for state:  [0.         0.07368421 0.47761194]
step 288 for state:  [0.         0.07368421 0.35820896]
step 289 for state:  [0.         0.07368421 0.40298507]
step 290 for state:  [0.16666667 0.07368421 0.50746269]
step 291 for state:  [0.         0.07368421 0.58208955]
step 292 for state:  [0.         0.07368421 0.46268657]
step 293 for state:  [0.         0.07368421 0.32835821]
step 294 for state:  [0.         0.07368421 0.37313433]
step 295 for state:  [0.         0.07368421 0.40298507]
step 296 for state:  [0.16666667 0.15789474 0.29850746]
step 297 for state:  [0.         0.66315789 0.58208955]
step 298 for state:  [0.16666667 0.15789474 0.35820896]
step 299 for state:  [0.16666667 0.15789474 0.40298507]
step 300 for state:  [0.16666667 0.15789474 0.35820896]
step 301 for state:  [0.16666667 0.15789474 0.40298507]
step 302 for state:  [0.         0.24210526 0.65671642]
step 303 for state:  [0.16666667 0.15789474 0.35820896]
step 304 for state:  [0.08333333 0.07368421 0.64179104]
step 305 for state:  [0.08333333 0.15789474 0.29850746]
step 306 for state:  [0.         0.32631579 0.64179104]
step 307 for state:  [0.16666667 0.15789474 0.37313433]
step 308 for state:  [0.16666667 0.15789474 0.43283582]
step 309 for state:  [0.         0.32631579 0.6119403 ]
step 310 for state:  [0.16666667 0.15789474 0.37313433]
step 311 for state:  [0.16666667 0.15789474 0.43283582]
step 312 for state:  [0.         0.24210526 0.73134328]
step 313 for state:  [0.16666667 0.15789474 0.37313433]
step 314 for state:  [0.08333333 0.07368421 0.71641791]
step 315 for state:  [0.08333333 0.15789474 0.29850746]
step 316 for state:  [0.         0.15789474 0.71641791]
step 317 for state:  [0.16666667 0.15789474 0.46268657]
step 318 for state:  [0.         0.15789474 0.68656716]
step 319 for state:  [0.16666667 0.15789474 0.29850746]
step 320 for state:  [0.         0.15789474 0.32835821]
step 321 for state:  [0.         0.15789474 0.37313433]
step 322 for state:  [0.         0.15789474 0.65671642]
step 323 for state:  [0.16666667 0.15789474 0.46268657]
step 324 for state:  [0.         0.15789474 0.64179104]
step 325 for state:  [0.16666667 0.15789474 0.29850746]
step 326 for state:  [0.         0.15789474 0.32835821]
step 327 for state:  [0.         0.15789474 0.37313433]
step 328 for state:  [0.         0.15789474 0.6119403 ]
step 329 for state:  [0.16666667 0.15789474 0.46268657]
step 330 for state:  [0.         0.15789474 0.58208955]
step 331 for state:  [0.16666667 0.15789474 0.29850746]
step 332 for state:  [0.         0.32631579 0.55223881]
step 333 for state:  [0.16666667 0.15789474 0.35820896]
step 334 for state:  [0.16666667 0.15789474 0.40298507]
step 335 for state:  [0.         0.32631579 0.53731343]
step 336 for state:  [0.16666667 0.15789474 0.35820896]
step 337 for state:  [0.16666667 0.07368421 0.53731343]
step 338 for state:  [0.         0.15789474 0.40298507]
step 339 for state:  [0.08333333 0.07368421 0.50746269]
step 340 for state:  [0.08333333 0.07368421 0.53731343]
step 341 for state:  [0.         0.15789474 0.35820896]
step 342 for state:  [0.08333333 0.07368421 0.55223881]
step 343 for state:  [0.08333333 0.15789474 0.29850746]
step 344 for state:  [0.         0.66315789 0.58208955]
step 345 for state:  [0.16666667 0.15789474 0.35820896]
step 346 for state:  [0.16666667 0.15789474 0.40298507]
step 347 for state:  [0.16666667 0.15789474 0.35820896]
step 348 for state:  [0.16666667 0.15789474 0.40298507]
step 349 for state:  [0.         0.15789474 0.6119403 ]
step 350 for state:  [0.16666667 0.15789474 0.35820896]
step 351 for state:  [0.         0.15789474 0.62686567]
step 352 for state:  [0.16666667 0.15789474 0.28358209]
step 353 for state:  [0.         0.49473684 0.64179104]
step 354 for state:  [0.16666667 0.15789474 0.35820896]
step 355 for state:  [0.16666667 0.15789474 0.40298507]
step 356 for state:  [0.16666667 0.15789474 0.35820896]
step 357 for state:  [0.         0.15789474 0.64179104]
step 358 for state:  [0.16666667 0.15789474 0.25373134]
step 359 for state:  [0.         0.15789474 0.43283582]
step 360 for state:  [0.         0.15789474 0.65671642]
step 361 for state:  [0.16666667 0.15789474 0.29850746]
step 362 for state:  [0.         0.15789474 0.53731343]
step 363 for state:  [0.16666667 0.15789474 0.32835821]
step 364 for state:  [0.         0.66315789 0.58208955]
step 365 for state:  [0.16666667 0.15789474 0.46268657]
step 366 for state:  [0.16666667 0.15789474 0.32835821]
step 367 for state:  [0.16666667 0.15789474 0.46268657]
step 368 for state:  [0.16666667 0.15789474 0.32835821]
step 369 for state:  [0.         0.24210526 0.6119403 ]
step 370 for state:  [0.16666667 0.15789474 0.47761194]
step 371 for state:  [0.08333333 0.07368421 0.56716418]
step 372 for state:  [0.08333333 0.07368421 0.58208955]
step 373 for state:  [0.         0.32631579 0.46268657]
step 374 for state:  [0.         0.32631579 0.40298507]
step 375 for state:  [0.08333333 0.07368421 0.68656716]
step 376 for state:  [0.08333333 0.07368421 0.50746269]
step 377 for state:  [0.08333333 0.07368421 0.68656716]
step 378 for state:  [0.08333333 0.07368421 0.53731343]
step 379 for state:  [0.08333333 0.07368421 0.68656716]
step 380 for state:  [0.08333333 0.07368421 0.47761194]
step 381 for state:  [0.         0.07368421 0.50746269]
step 382 for state:  [0.         0.07368421 0.56716418]
step 383 for state:  [0.08333333 0.07368421 0.68656716]
step 384 for state:  [0.08333333 0.07368421 0.46268657]
step 385 for state:  [0.         0.07368421 0.50746269]
step 386 for state:  [0.         0.07368421 0.58208955]
step 387 for state:  [0.08333333 0.07368421 0.68656716]
step 388 for state:  [0.08333333 0.07368421 0.43283582]
step 389 for state:  [0.         0.07368421 0.47761194]
step 390 for state:  [0.         0.07368421 0.50746269]
step 391 for state:  [0.         0.07368421 0.6119403 ]
step 392 for state:  [0.08333333 0.07368421 0.68656716]
step 393 for state:  [0.08333333 0.07368421 0.64179104]
step 394 for state:  [0.         0.15789474 0.50746269]
step 395 for state:  [0.         0.15789474 0.46268657]
step 396 for state:  [0.         0.15789474 0.40298507]
step 397 for state:  [0.08333333 0.07368421 0.68656716]
step 398 for state:  [0.08333333 0.07368421 0.76119403]
step 399 for state:  [0.08333333 0.07368421 0.74626866]
step 400 for state:  [0.08333333 0.07368421 0.71641791]
step 401 for state:  [0.         0.15789474 0.35820896]
step 402 for state:  [0.         0.15789474 0.29850746]
step 403 for state:  [0.08333333 0.07368421 0.68656716]
step 404 for state:  [0.08333333 0.07368421 0.65671642]
step 405 for state:  [0.08333333 0.07368421 0.6119403 ]
step 406 for state:  [0.08333333 0.07368421 0.58208955]
step 407 for state:  [0.         0.15789474 0.3880597 ]
step 408 for state:  [0.         0.15789474 0.32835821]
step 409 for state:  [0.08333333 0.07368421 0.68656716]
step 410 for state:  [0.08333333 0.07368421 0.65671642]
step 411 for state:  [0.08333333 0.07368421 0.6119403 ]
step 412 for state:  [0.08333333 0.07368421 0.58208955]
step 413 for state:  [0.         0.15789474 0.40298507]
step 414 for state:  [0.08333333 0.07368421 0.68656716]
step 415 for state:  [0.08333333 0.07368421 0.50746269]
step 416 for state:  [0.08333333 0.07368421 0.68656716]
step 417 for state:  [0.08333333 0.07368421 0.53731343]
step 418 for state:  [0.08333333 0.07368421 0.68656716]
step 419 for state:  [0.08333333 0.07368421 0.47761194]
step 420 for state:  [0.         0.07368421 0.50746269]
step 421 for state:  [0.         0.07368421 0.56716418]
step 422 for state:  [0.08333333 0.07368421 0.68656716]
step 423 for state:  [0.08333333 0.07368421 0.46268657]
step 424 for state:  [0.         0.07368421 0.50746269]
step 425 for state:  [0.         0.07368421 0.58208955]
step 426 for state:  [0.08333333 0.07368421 0.68656716]
step 427 for state:  [0.08333333 0.07368421 0.43283582]
step 428 for state:  [0.         0.07368421 0.47761194]
step 429 for state:  [0.         0.07368421 0.50746269]
step 430 for state:  [0.         0.07368421 0.6119403 ]
step 431 for state:  [0.08333333 0.07368421 0.68656716]
step 432 for state:  [0.08333333 0.07368421 0.64179104]
step 433 for state:  [0.         0.15789474 0.50746269]
step 434 for state:  [0.         0.15789474 0.46268657]
step 435 for state:  [0.         0.15789474 0.40298507]
step 436 for state:  [0.08333333 0.07368421 0.68656716]
step 437 for state:  [0.08333333 0.07368421 0.76119403]
step 438 for state:  [0.08333333 0.07368421 0.74626866]
step 439 for state:  [0.08333333 0.07368421 0.71641791]
step 440 for state:  [0.         0.15789474 0.35820896]
step 441 for state:  [0.         0.15789474 0.29850746]
step 442 for state:  [0.08333333 0.07368421 0.68656716]
step 443 for state:  [0.08333333 0.07368421 0.65671642]
step 444 for state:  [0.08333333 0.07368421 0.64179104]
step 445 for state:  [0.08333333 0.07368421 0.6119403 ]
step 446 for state:  [0.         0.15789474 0.3880597 ]
step 447 for state:  [0.         0.15789474 0.32835821]
step 448 for state:  [0.08333333 0.07368421 0.68656716]
step 449 for state:  [0.08333333 0.07368421 0.65671642]
step 450 for state:  [0.08333333 0.07368421 0.6119403 ]
step 451 for state:  [0.08333333 0.07368421 0.64179104]
step 452 for state:  [0.         0.15789474 0.3880597 ]
step 453 for state:  [0.         0.15789474 0.34328358]
step 454 for state:  [0.08333333 0.07368421 0.65671642]
step 455 for state:  [0.08333333 0.07368421 0.64179104]
step 456 for state:  [0.08333333 0.07368421 0.62686567]
step 457 for state:  [0.08333333 0.07368421 0.64179104]
step 458 for state:  [0.08333333 0.07368421 0.56716418]
step 459 for state:  [0.08333333 0.07368421 0.64179104]
step 460 for state:  [0.08333333 0.07368421 0.62686567]
step 461 for state:  [0.08333333 0.07368421 0.64179104]
step 462 for state:  [0.08333333 0.07368421 0.56716418]
step 463 for state:  [0.08333333 0.07368421 0.64179104]
step 464 for state:  [0.08333333 0.07368421 0.62686567]
step 465 for state:  [0.08333333 0.49473684 0.64179104]
step 466 for state:  [0.5        0.15789474 0.56716418]
step 467 for state:  [0.16666667 0.15789474 0.64179104]
step 468 for state:  [0.16666667 0.15789474 0.62686567]
step 469 for state:  [0.16666667 0.49473684 0.64179104]
step 470 for state:  [0.5        0.15789474 0.56716418]
step 471 for state:  [0.16666667 0.15789474 0.64179104]
step 472 for state:  [0.16666667 0.15789474 0.62686567]
step 473 for state:  [0.16666667 0.15789474 0.64179104]
step 474 for state:  [0.16666667 0.15789474 0.62686567]
step 475 for state:  [0.16666667 0.15789474 0.64179104]
step 476 for state:  [0.16666667 0.15789474 0.62686567]
step 477 for state:  [0.16666667 0.15789474 0.64179104]
step 478 for state:  [0.16666667 0.15789474 0.62686567]
step 479 for state:  [0.16666667 0.15789474 0.64179104]
step 480 for state:  [0.16666667 0.15789474 0.62686567]
step 481 for state:  [0.16666667 0.15789474 0.64179104]
step 482 for state:  [0.16666667 0.15789474 0.56716418]
step 483 for state:  [0.16666667 0.15789474 0.6119403 ]
step 484 for state:  [0.16666667 0.15789474 0.58208955]
step 485 for state:  [0.16666667 0.15789474 0.17910448]
step 486 for state:  [0.         0.49473684 0.53731343]
step 487 for state:  [0.16666667 0.15789474 0.28358209]
step 488 for state:  [0.16666667 0.15789474 0.35820896]
step 489 for state:  [0.16666667 0.15789474 0.40298507]
step 490 for state:  [0.16666667 0.15789474 0.46268657]
step 491 for state:  [0.16666667 0.15789474 0.53731343]
step 492 for state:  [0.16666667 0.15789474 0.10447761]
step 493 for state:  [0.         0.49473684 0.56716418]
step 494 for state:  [0.16666667 0.15789474 0.28358209]
step 495 for state:  [0.16666667 0.15789474 0.34328358]
step 496 for state:  [0.16666667 0.15789474 0.46268657]
step 497 for state:  [0.16666667 0.15789474 0.52238806]
step 498 for state:  [0.16666667 0.15789474 0.56716418]
step 499 for state:  [0.16666667 0.15789474 0.17910448]
step 500 for state:  [0.         0.49473684 0.58208955]
step 501 for state:  [0.16666667 0.15789474 0.28358209]
step 502 for state:  [0.16666667 0.15789474 0.35820896]
step 503 for state:  [0.16666667 0.15789474 0.46268657]
step 504 for state:  [0.16666667 0.15789474 0.64179104]
step 505 for state:  [0.16666667 0.15789474 0.62686567]
step 506 for state:  [0.16666667 0.15789474 0.64179104]
step 507 for state:  [0.16666667 0.15789474 0.62686567]
step 508 for state:  [0.16666667 0.15789474 0.64179104]
step 509 for state:  [0.16666667 0.15789474 0.56716418]
step 510 for state:  [0.16666667 0.15789474 0.6119403 ]
step 511 for state:  [0.16666667 0.15789474 0.58208955]
step 512 for state:  [0.16666667 0.15789474 0.17910448]
step 513 for state:  [0.         0.49473684 0.53731343]
step 514 for state:  [0.16666667 0.15789474 0.28358209]
step 515 for state:  [0.16666667 0.15789474 0.35820896]
step 516 for state:  [0.16666667 0.15789474 0.40298507]
step 517 for state:  [0.16666667 0.15789474 0.46268657]
step 518 for state:  [0.16666667 0.15789474 0.53731343]
step 519 for state:  [0.16666667 0.15789474 0.10447761]
step 520 for state:  [0.         0.49473684 0.56716418]
step 521 for state:  [0.16666667 0.15789474 0.28358209]
step 522 for state:  [0.16666667 0.15789474 0.34328358]
step 523 for state:  [0.16666667 0.15789474 0.46268657]
step 524 for state:  [0.16666667 0.15789474 0.58208955]
step 525 for state:  [0.16666667 0.15789474 0.56716418]
step 526 for state:  [0.16666667 0.15789474 0.17910448]
step 527 for state:  [0.         0.49473684 0.53731343]
step 528 for state:  [0.16666667 0.15789474 0.28358209]
step 529 for state:  [0.16666667 0.15789474 0.35820896]
step 530 for state:  [0.33333333 0.15789474 0.64179104]
step 531 for state:  [0.16666667 0.15789474 0.62686567]
step 532 for state:  [0.16666667 0.15789474 0.64179104]
step 533 for state:  [0.16666667 0.15789474 0.62686567]
step 534 for state:  [0.16666667 0.15789474 0.64179104]
step 535 for state:  [0.16666667 0.15789474 0.56716418]
step 536 for state:  [0.16666667 0.15789474 0.6119403 ]
step 537 for state:  [0.16666667 0.15789474 0.58208955]
step 538 for state:  [0.16666667 0.15789474 0.17910448]
step 539 for state:  [0.         0.49473684 0.53731343]
step 540 for state:  [0.16666667 0.15789474 0.28358209]
step 541 for state:  [0.16666667 0.15789474 0.35820896]
step 542 for state:  [0.16666667 0.15789474 0.40298507]
step 543 for state:  [0.16666667 0.15789474 0.46268657]
step 544 for state:  [0.16666667 0.15789474 0.53731343]
step 545 for state:  [0.16666667 0.15789474 0.10447761]
step 546 for state:  [0.         0.49473684 0.56716418]
step 547 for state:  [0.16666667 0.15789474 0.28358209]
step 548 for state:  [0.16666667 0.15789474 0.34328358]
step 549 for state:  [0.16666667 0.15789474 0.46268657]
step 550 for state:  [0.16666667 0.15789474 0.52238806]
step 551 for state:  [0.16666667 0.15789474 0.56716418]
step 552 for state:  [0.16666667 0.15789474 0.17910448]
step 553 for state:  [0.         0.32631579 0.58208955]
step 554 for state:  [0.16666667 0.15789474 0.28358209]
step 555 for state:  [0.16666667 0.15789474 0.35820896]
step 556 for state:  [0.16666667 0.15789474 0.46268657]
step 557 for state:  [0.16666667 0.15789474 0.64179104]
step 558 for state:  [0.16666667 0.15789474 0.62686567]
step 559 for state:  [0.16666667 0.15789474 0.64179104]
step 560 for state:  [0.16666667 0.15789474 0.62686567]
step 561 for state:  [0.16666667 0.15789474 0.64179104]
step 562 for state:  [0.16666667 0.15789474 0.56716418]
step 563 for state:  [0.16666667 0.15789474 0.6119403 ]
step 564 for state:  [0.16666667 0.15789474 0.58208955]
step 565 for state:  [0.16666667 0.15789474 0.17910448]
step 566 for state:  [0.         0.32631579 0.53731343]
step 567 for state:  [0.16666667 0.15789474 0.28358209]
step 568 for state:  [0.16666667 0.15789474 0.35820896]
step 569 for state:  [0.16666667 0.15789474 0.40298507]
step 570 for state:  [0.16666667 0.15789474 0.46268657]
step 571 for state:  [0.16666667 0.15789474 0.53731343]
step 572 for state:  [0.16666667 0.15789474 0.10447761]
step 573 for state:  [0.         0.32631579 0.56716418]
step 574 for state:  [0.16666667 0.15789474 0.28358209]
step 575 for state:  [0.16666667 0.15789474 0.34328358]
step 576 for state:  [0.16666667 0.15789474 0.46268657]
step 577 for state:  [0.16666667 0.15789474 0.58208955]
step 578 for state:  [0.16666667 0.15789474 0.56716418]
step 579 for state:  [0.16666667 0.15789474 0.17910448]
step 580 for state:  [0.         0.32631579 0.53731343]
step 581 for state:  [0.16666667 0.15789474 0.28358209]
step 582 for state:  [0.16666667 0.15789474 0.35820896]
step 583 for state:  [0.16666667 0.15789474 0.56716418]
step 584 for state:  [0.16666667 0.15789474 0.58208955]
step 585 for state:  [0.16666667 0.15789474 0.6119403 ]
step 586 for state:  [0.16666667 0.15789474 0.2238806 ]
step 587 for state:  [0.         0.49473684 0.64179104]
step 588 for state:  [0.16666667 0.15789474 0.32835821]
step 589 for state:  [0.16666667 0.15789474 0.40298507]
step 590 for state:  [0.16666667 0.15789474 0.50746269]
step 591 for state:  [0.16666667 0.15789474 0.65671642]
step 592 for state:  [0.16666667 0.15789474 0.64179104]
step 593 for state:  [0.16666667 0.15789474 0.14925373]
step 594 for state:  [0.         0.49473684 0.6119403 ]
step 595 for state:  [0.16666667 0.15789474 0.32835821]
step 596 for state:  [0.16666667 0.15789474 0.3880597 ]
step 597 for state:  [0.16666667 0.15789474 0.47761194]
step 598 for state:  [0.16666667 0.15789474 0.64179104]
step 599 for state:  [0.16666667 0.15789474 0.6119403 ]
step 600 for state:  [0.16666667 0.15789474 0.17910448]
step 601 for state:  [0.         0.49473684 0.58208955]
step 602 for state:  [0.16666667 0.15789474 0.28358209]
step 603 for state:  [0.16666667 0.15789474 0.35820896]
step 604 for state:  [0.16666667 0.15789474 0.46268657]
step 605 for state:  [0.16666667 0.15789474 0.6119403 ]
step 606 for state:  [0.16666667 0.15789474 0.58208955]
step 607 for state:  [0.16666667 0.15789474 0.10447761]
step 608 for state:  [0.         0.32631579 0.56716418]
step 609 for state:  [0.16666667 0.15789474 0.28358209]
step 610 for state:  [0.16666667 0.15789474 0.46268657]
step 611 for state:  [0.16666667 0.15789474 0.46268657]
step 612 for state:  [0.16666667 0.15789474 0.64179104]
step 613 for state:  [0.16666667 0.15789474 0.46268657]
step 614 for state:  [0.16666667 0.15789474 0.64179104]
step 615 for state:  [0.16666667 0.15789474 0.64179104]
step 616 for state:  [0.16666667 0.15789474 0.82089552]
step 617 for state:  [0.16666667 0.15789474 0.62686567]
step 618 for state:  [0.16666667 0.15789474 0.64179104]
step 619 for state:  [0.16666667 0.15789474 0.62686567]
step 620 for state:  [0.16666667 0.15789474 0.64179104]
step 621 for state:  [0.16666667 0.15789474 0.62686567]
step 622 for state:  [0.16666667 0.15789474 0.64179104]
step 623 for state:  [0.16666667 0.15789474 0.56716418]
step 624 for state:  [0.16666667 0.15789474 0.6119403 ]
step 625 for state:  [0.16666667 0.15789474 0.58208955]
step 626 for state:  [0.16666667 0.15789474 0.17910448]
step 627 for state:  [0.         0.32631579 0.53731343]
step 628 for state:  [0.16666667 0.15789474 0.28358209]
step 629 for state:  [0.16666667 0.15789474 0.35820896]
step 630 for state:  [0.16666667 0.15789474 0.40298507]
step 631 for state:  [0.16666667 0.15789474 0.46268657]
step 632 for state:  [0.16666667 0.15789474 0.53731343]
step 633 for state:  [0.16666667 0.15789474 0.10447761]
step 634 for state:  [0.         0.32631579 0.56716418]
step 635 for state:  [0.16666667 0.15789474 0.28358209]
step 636 for state:  [0.16666667 0.15789474 0.34328358]
step 637 for state:  [0.16666667 0.15789474 0.46268657]
step 638 for state:  [0.16666667 0.15789474 0.52238806]
step 639 for state:  [0.16666667 0.15789474 0.56716418]
step 640 for state:  [0.16666667 0.15789474 0.17910448]
step 641 for state:  [0.         0.32631579 0.58208955]
step 642 for state:  [0.16666667 0.15789474 0.28358209]
step 643 for state:  [0.16666667 0.15789474 0.35820896]
step 644 for state:  [0.16666667 0.15789474 0.46268657]
step 645 for state:  [0.16666667 0.15789474 0.64179104]
step 646 for state:  [0.16666667 0.15789474 0.62686567]
step 647 for state:  [0.16666667 0.15789474 0.64179104]
step 648 for state:  [0.16666667 0.15789474 0.62686567]
step 649 for state:  [0.16666667 0.15789474 0.64179104]
step 650 for state:  [0.16666667 0.15789474 0.56716418]
step 651 for state:  [0.16666667 0.15789474 0.6119403 ]
step 652 for state:  [0.16666667 0.15789474 0.58208955]
step 653 for state:  [0.16666667 0.15789474 0.17910448]
step 654 for state:  [0.         0.32631579 0.53731343]
step 655 for state:  [0.16666667 0.15789474 0.28358209]
step 656 for state:  [0.16666667 0.15789474 0.35820896]
step 657 for state:  [0.16666667 0.15789474 0.40298507]
step 658 for state:  [0.16666667 0.15789474 0.46268657]
step 659 for state:  [0.16666667 0.15789474 0.53731343]
step 660 for state:  [0.16666667 0.15789474 0.10447761]
step 661 for state:  [0.         0.32631579 0.56716418]
step 662 for state:  [0.16666667 0.15789474 0.28358209]
step 663 for state:  [0.16666667 0.15789474 0.34328358]
step 664 for state:  [0.16666667 0.15789474 0.46268657]
step 665 for state:  [0.16666667 0.15789474 0.58208955]
step 666 for state:  [0.16666667 0.15789474 0.56716418]
step 667 for state:  [0.16666667 0.07368421 0.17910448]
step 668 for state:  [0.         0.32631579 0.53731343]
step 669 for state:  [0.16666667 0.07368421 0.17910448]
step 670 for state:  [0.16666667 0.07368421 0.17910448]
step 671 for state:  [0.16666667 0.07368421 0.17910448]
step 672 for state:  [0.16666667 0.07368421 0.17910448]
step 673 for state:  [0.16666667 0.07368421 0.17910448]
step 674 for state:  [0.16666667 0.07368421 0.17910448]
step 675 for state:  [0.         1.         0.46268657]
step 676 for state:  [0.         1.         0.50746269]
step 677 for state:  [0.         1.         0.55223881]
step 678 for state:  [0.         1.         0.59701493]
step 679 for state:  [0.16666667 0.07368421 0.17910448]
step 680 for state:  [0.16666667 0.07368421 0.17910448]
step 681 for state:  [0.16666667 0.07368421 0.17910448]
step 682 for state:  [0.16666667 0.07368421 0.17910448]
step 683 for state:  [0.16666667 0.07368421 0.17910448]
step 684 for state:  [0.16666667 0.07368421 0.17910448]
step 685 for state:  [0.         0.66315789 0.53731343]
step 686 for state:  [0.         0.66315789 0.47761194]
step 687 for state:  [0.         0.66315789 0.6119403 ]
step 688 for state:  [0.16666667 0.07368421 0.17910448]
step 689 for state:  [0.16666667 0.07368421 0.17910448]
step 690 for state:  [0.16666667 0.07368421 0.17910448]
step 691 for state:  [0.16666667 0.07368421 0.17910448]
step 692 for state:  [0.         0.15789474 0.64179104]
step 693 for state:  [0.         0.15789474 0.59701493]
step 694 for state:  [0.16666667 0.07368421 0.17910448]
step 695 for state:  [0.         0.15789474 0.65671642]
step 696 for state:  [0.         0.15789474 0.6119403 ]
step 697 for state:  [0.16666667 0.07368421 0.17910448]
step 698 for state:  [0.         0.66315789 0.52238806]
step 699 for state:  [0.         0.66315789 0.6119403 ]
step 700 for state:  [0.         0.66315789 0.65671642]
step 701 for state:  [0.16666667 0.07368421 0.17910448]
step 702 for state:  [0.16666667 0.07368421 0.17910448]
step 703 for state:  [0.16666667 0.07368421 0.17910448]
step 704 for state:  [0.16666667 0.07368421 0.17910448]
step 705 for state:  [0.         0.32631579 0.52238806]
step 706 for state:  [0.         0.32631579 0.6119403 ]
step 707 for state:  [0.         0.32631579 0.65671642]
step 708 for state:  [0.16666667 0.07368421 0.17910448]
step 709 for state:  [0.16666667 0.07368421 0.17910448]
step 710 for state:  [0.         1.         0.64179104]
step 711 for state:  [0.         1.         0.58208955]
step 712 for state:  [0.         1.         0.53731343]
step 713 for state:  [0.16666667 0.07368421 0.17910448]
step 714 for state:  [0.16666667 0.07368421 0.17910448]
step 715 for state:  [0.16666667 0.07368421 0.17910448]
step 716 for state:  [0.16666667 0.07368421 0.17910448]
step 717 for state:  [0.16666667 0.07368421 0.17910448]
step 718 for state:  [0.16666667 0.07368421 0.07462687]
step 719 for state:  [0.         0.07368421 0.17910448]
step 720 for state:  [0.         0.66315789 0.47761194]
step 721 for state:  [0.         0.66315789 0.6119403 ]
step 722 for state:  [0.16666667 0.07368421 0.07462687]
step 723 for state:  [0.         0.07368421 0.17910448]
step 724 for state:  [0.16666667 0.07368421 0.07462687]
step 725 for state:  [0.         0.07368421 0.17910448]
step 726 for state:  [0.16666667 0.07368421 0.07462687]
step 727 for state:  [0.         0.07368421 0.17910448]
step 728 for state:  [0.16666667 0.07368421 0.07462687]
step 729 for state:  [0.         0.07368421 0.17910448]
step 730 for state:  [0.         0.15789474 0.46268657]
step 731 for state:  [0.         0.15789474 0.58208955]
step 732 for state:  [0.16666667 0.07368421 0.07462687]
step 733 for state:  [0.         0.07368421 0.17910448]
step 734 for state:  [0.         0.15789474 0.43283582]
step 735 for state:  [0.         0.15789474 0.56716418]
step 736 for state:  [0.16666667 0.07368421 0.17910448]
step 737 for state:  [0.         0.07368421 0.08955224]
step 738 for state:  [0.         0.66315789 0.53731343]
step 739 for state:  [0.         0.66315789 0.49253731]
step 740 for state:  [0.         0.66315789 0.40298507]
step 741 for state:  [0.16666667 0.03157895 0.08955224]
step 742 for state:  [0.         0.07368421 0.17910448]
step 743 for state:  [0.16666667 0.03157895 0.08955224]
step 744 for state:  [0.         0.07368421 0.17910448]
step 745 for state:  [0.16666667 0.         0.08955224]
step 746 for state:  [0.         0.07368421 0.17910448]
step 747 for state:  [0.16666667 0.03157895 0.08955224]
step 748 for state:  [0.         0.07368421 0.17910448]
step 749 for state:  [0.         0.32631579 0.53731343]
step 750 for state:  [0.         0.32631579 0.40298507]
step 751 for state:  [0.16666667 0.03157895 0.08955224]
step 752 for state:  [0.         0.07368421 0.17910448]
step 753 for state:  [0.16666667 0.07368421 0.10447761]
step 754 for state:  [0.         0.07368421 0.17910448]
step 755 for state:  [0.         0.32631579 0.40298507]
step 756 for state:  [0.         0.32631579 0.53731343]
step 757 for state:  [0.16666667 0.07368421 0.10447761]
step 758 for state:  [0.         0.07368421 0.17910448]
step 759 for state:  [0.16666667 0.07368421 0.10447761]
step 760 for state:  [0.         0.07368421 0.17910448]
step 761 for state:  [0.         0.32631579 0.46268657]
step 762 for state:  [0.         0.32631579 0.58208955]
step 763 for state:  [0.16666667 0.07368421 0.10447761]
step 764 for state:  [0.         0.07368421 0.17910448]
step 765 for state:  [0.16666667 0.07368421 0.10447761]
step 766 for state:  [0.         0.07368421 0.1641791 ]
step 767 for state:  [0.         0.32631579 0.43283582]
step 768 for state:  [0.         0.32631579 0.56716418]
step 769 for state:  [0.16666667 0.07368421 0.10447761]
step 770 for state:  [0.         0.07368421 0.1641791 ]
step 771 for state:  [0.16666667 0.07368421 0.        ]
step 772 for state:  [0.         0.07368421 0.17910448]
step 773 for state:  [0.         1.         0.40298507]
step 774 for state:  [0.         1.         0.53731343]
step 775 for state:  [0.16666667 0.07368421 0.17910448]
step 776 for state:  [0.16666667 0.07368421 0.17910448]
step 777 for state:  [0.16666667 0.07368421 0.17910448]
step 778 for state:  [0.16666667 0.07368421 0.17910448]
step 779 for state:  [0.16666667 0.07368421 0.17910448]
step 780 for state:  [0.16666667 0.07368421 0.17910448]
step 781 for state:  [0.         1.         0.46268657]
step 782 for state:  [0.         1.         0.59701493]
step 783 for state:  [0.         1.         0.55223881]
step 784 for state:  [0.         1.         0.50746269]
step 785 for state:  [0.16666667 0.07368421 0.17910448]
step 786 for state:  [0.16666667 0.07368421 0.17910448]
step 787 for state:  [0.16666667 0.07368421 0.17910448]
step 788 for state:  [0.16666667 0.07368421 0.17910448]
step 789 for state:  [0.16666667 0.07368421 0.17910448]
step 790 for state:  [0.16666667 0.07368421 0.17910448]
step 791 for state:  [0.         0.66315789 0.47761194]
step 792 for state:  [0.         0.66315789 0.53731343]
step 793 for state:  [0.         0.66315789 0.6119403 ]
step 794 for state:  [0.16666667 0.07368421 0.17910448]
step 795 for state:  [0.16666667 0.07368421 0.17910448]
step 796 for state:  [0.16666667 0.07368421 0.17910448]
step 797 for state:  [0.16666667 0.07368421 0.17910448]
step 798 for state:  [0.         0.15789474 0.64179104]
step 799 for state:  [0.         0.15789474 0.59701493]
what the last state is: (0.0, 0.15789473684210525, 0.6417910447761194)
Priming last state (offset) to start from:  75.82089552238806
Priming last state (duration) to start from:  0.25
Priming complete
FORECASTING: step 0 for state:  [0.         0.15789474 0.59701493]
FORECASTING: step 1 for state:  [0.19753624 1.         0.24445533]
FORECASTING: step 2 for state:  [0.11049789 1.         0.05239279]
FORECASTING: step 3 for state:  [0.04072267 0.27478385 0.03988527]
FORECASTING: step 4 for state:  [0.02015199 0.05762138 0.0301233 ]
FORECASTING: step 5 for state:  [0.01256882 0.35051812 0.01262116]
FORECASTING: step 6 for state:  [0.0062975  0.21110075 0.00812787]
FORECASTING: step 7 for state:  [0.00360634 0.03647418 0.00204832]
FORECASTING: step 8 for state:  [0.00141367 0.03052702 0.00168877]
FORECASTING: step 9 for state:  [0.00077561 0.00554393 0.00093223]
FORECASTING: step 10 for state:  [0.00042696 0.00681324 0.00030027]
FORECASTING: step 11 for state:  [0.00018181 0.00184974 0.00021798]
FORECASTING: step 12 for state:  [9.99472250e-05 0.00000000e+00 1.16015747e-04]
FORECASTING: step 13 for state:  [5.39907430e-05 2.15667747e-03 6.09433960e-05]
FORECASTING: step 14 for state:  [2.87335347e-05 5.30719127e-04 3.87269648e-05]
FORECASTING: step 15 for state:  [1.68651249e-05 2.19908673e-04 1.77411888e-05]
FORECASTING: step 16 for state:  [8.65157842e-06 1.43935155e-04 1.02284084e-05]
FORECASTING: step 17 for state:  [4.71999670e-06 8.49904418e-05 3.66592639e-06]
FORECASTING: step 18 for state:  [2.09648077e-06 9.42764882e-06 1.55575712e-06]
FORECASTING: step 19 for state:  [9.13059473e-07 2.16034658e-05 1.11411978e-06]
FORECASTING: step 20 for state:  [5.06794813e-07 1.49019725e-05 3.02014817e-07]
FORECASTING: step 21 for state:  [2.02202408e-07 5.81823465e-06 2.39077382e-07]
FORECASTING: step 22 for state:  [1.10319947e-07 3.60218041e-06 1.32775880e-07]
FORECASTING: step 23 for state:  [6.07739567e-08 1.05689474e-06 4.81363063e-08]
FORECASTING: step 24 for state:  [2.72275657e-08 3.38233567e-07 3.23666456e-08]
FORECASTING: step 25 for state:  [1.48985528e-08 0.00000000e+00 8.95353599e-09]
FORECASTING: step 26 for state:  [5.96302221e-09 1.50803800e-07 6.37595414e-09]
FORECASTING: step 27 for state:  [3.08474409e-09 1.11016541e-07 2.26194903e-09]
FORECASTING: step 28 for state:  [1.33667328e-09 2.55686187e-08 1.33539040e-09]
FORECASTING: step 29 for state:  [6.68015920e-10 1.99636235e-08 5.27285545e-10]
FORECASTING: step 30 for state:  [2.98825366e-10 3.71946073e-09 3.47104673e-10]
FORECASTING: step 31 for state:  [1.61482510e-10 1.86981620e-09 1.34068679e-10]
FORECASTING: step 32 for state:  [7.38877971e-11 1.82802700e-10 1.14258454e-10]
FORECASTING: step 33 for state:  [4.70365627e-11 5.49124082e-10 2.57505328e-11]
FORECASTING: step 34 for state:  [1.81967739e-11 2.79088226e-10 2.09951153e-11]
FORECASTING: step 35 for state:  [9.79797229e-12 6.17106928e-11 1.20381721e-11]
FORECASTING: step 36 for state:  [5.45903610e-12 1.82629675e-11 3.38561540e-12]
FORECASTING: step 37 for state:  [2.21116288e-12 2.94451762e-11 2.26145689e-12]
FORECASTING: step 38 for state:  [1.11815494e-12 1.44334720e-11 7.76965184e-13]
FORECASTING: step 39 for state:  [4.73780031e-13 1.87483816e-12 5.55934095e-13]
FORECASTING: step 40 for state:  [2.57428531e-13 8.38701512e-12 3.15829679e-13]
FORECASTING: step 41 for state:  [1.43314553e-13 4.74615622e-12 8.78983443e-14]
FORECASTING: step 42 for state:  [5.78032242e-14 1.04249587e-12 6.95738300e-14]
FORECASTING: step 43 for state:  [3.18442636e-14 4.44390122e-13 2.24118720e-14]
FORECASTING: step 44 for state:  [1.35640339e-14 2.96779622e-13 1.38130573e-14]
FORECASTING: step 45 for state:  [6.84427279e-15 5.90673566e-14 8.30727064e-15]
FORECASTING: step 46 for state:  [3.78788586e-15 6.39532172e-14 4.26988851e-15]
FORECASTING: step 47 for state:  [2.01444359e-15 0.00000000e+00 2.32170998e-15]
FORECASTING: step 48 for state:  [1.08403839e-15 2.64702925e-14 1.24396466e-15]
FORECASTING: step 49 for state:  [5.82000764e-16 8.55859374e-15 4.06907715e-16]
FORECASTING: step 50 for state:  [2.47227120e-16 1.82484764e-15 2.74321130e-16]
FORECASTING: step 51 for state:  [1.30387062e-16 3.32205008e-15 9.40120146e-17]
FORECASTING: step 52 for state:  [5.60997693e-17 3.14031927e-16 4.67717403e-17]
FORECASTING: step 53 for state:  [2.57178774e-17 3.82439217e-17 2.03240371e-17]
FORECASTING: step 54 for state:  [1.15104786e-17 4.89446688e-16 8.36093122e-18]
FORECASTING: step 55 for state:  [4.96785246e-18 8.41017564e-17 5.76461634e-18]
FORECASTING: step 56 for state:  [2.68311720e-18 6.67875130e-17 2.04564678e-18]
FORECASTING: step 57 for state:  [1.18219100e-18 3.91014442e-17 1.14063768e-18]
FORECASTING: step 58 for state:  [5.80707170e-19 4.04367469e-18 5.30476941e-19]
FORECASTING: step 59 for state:  [2.77796028e-19 1.33254515e-18 1.95504795e-19]
FORECASTING: step 60 for state:  [1.18325206e-19 2.04379318e-18 9.15915099e-20]
FORECASTING: step 61 for state:  [5.24791789e-20 1.43110842e-18 4.06525529e-20]
FORECASTING: step 62 for state:  [2.32829329e-20 6.34212478e-19 3.64021553e-20]
FORECASTING: step 63 for state:  [1.49212721e-20 4.85136802e-19 1.70443426e-20]
FORECASTING: step 64 for state:  [7.99140367e-21 5.95259484e-20 8.91581934e-21]
FORECASTING: step 65 for state:  [4.22680575e-21 0.00000000e+00 4.92828134e-21]
FORECASTING: step 66 for state:  [2.28877177e-21 4.70801190e-20 2.78823450e-21]
FORECASTING: step 67 for state:  [1.26925157e-21 1.20504975e-20 1.70213483e-21]
FORECASTING: step 68 for state:  [7.42846601e-22 6.51016484e-21 5.99798365e-22]
FORECASTING: step 69 for state:  [3.35661242e-22 2.67930442e-21 4.06282610e-22]
FORECASTING: step 70 for state:  [1.85485963e-22 4.50210155e-22 1.12687881e-22]
FORECASTING: step 71 for state:  [7.45434609e-23 1.92530031e-21 6.49217271e-23]
FORECASTING: step 72 for state:  [3.48662970e-23 5.72120253e-22 4.30127484e-23]
FORECASTING: step 73 for state:  [1.94697614e-23 1.53606717e-22 1.35786628e-23]
FORECASTING: step 74 for state:  [8.26210604e-24 1.14692702e-22 9.78566124e-24]
FORECASTING: step 75 for state:  [4.51194182e-24 2.03576973e-23 2.90149780e-24]
FORECASTING: step 76 for state:  [1.85335990e-24 0.00000000e+00 2.35754068e-24]
FORECASTING: step 77 for state:  [1.05272515e-24 1.81131358e-23 1.25787431e-24]
FORECASTING: step 78 for state:  [5.77649864e-25 4.31559762e-24 8.07794745e-25]
FORECASTING: step 79 for state:  [3.46361152e-25 4.37053451e-24 2.80565831e-25]
FORECASTING: step 80 for state:  [1.56731746e-25 4.58718463e-24 1.54666970e-25]
FORECASTING: step 81 for state:  [7.78496790e-26 6.35839154e-25 5.22054113e-26]
FORECASTING: step 82 for state:  [3.25137726e-26 1.67804817e-26 3.90250100e-26]
FORECASTING: step 83 for state:  [1.78846956e-26 4.84097614e-25 2.11224912e-26]
FORECASTING: step 84 for state:  [9.75179672e-27 3.82149155e-25 5.28688346e-27]
FORECASTING: step 85 for state:  [3.75967004e-27 1.09012113e-25 3.55496007e-27]
FORECASTING: step 86 for state:  [1.82865753e-27 2.38569739e-26 2.76953701e-27]
FORECASTING: step 87 for state:  [1.14954863e-27 2.54944125e-26 1.24490165e-27]
FORECASTING: step 88 for state:  [5.98612571e-28 8.04555719e-28 3.85854317e-28]
FORECASTING: step 89 for state:  [2.46116722e-28 6.73332490e-27 2.48120301e-28]
FORECASTING: step 90 for state:  [1.23559256e-28 1.64178932e-27 8.66340714e-29]
FORECASTING: step 91 for state:  [5.25483318e-29 7.61917613e-28 5.26735555e-29]
FORECASTING: step 92 for state:  [2.63054718e-29 5.22730207e-28 2.08282305e-29]
FORECASTING: step 93 for state:  [1.17834256e-29 0.00000000e+00 1.12299490e-29]
FORECASTING: step 94 for state:  [5.75334365e-30 1.35977468e-28 6.91673892e-30]
FORECASTING: step 95 for state:  [3.16752064e-30 1.02920626e-28 1.67843970e-30]
FORECASTING: step 96 for state:  [1.21149009e-30 2.23756025e-29 1.33154198e-30]
FORECASTING: step 97 for state:  [6.35758016e-31 1.59170902e-29 8.03715083e-31]
FORECASTING: step 98 for state:  [3.59868275e-31 3.41004205e-31 2.48906558e-31]
FORECASTING: step 99 for state:  [1.52193708e-31 4.32193373e-30 1.48631477e-31]
FORECASTING: step 100 for state:  [7.52062963e-32 2.02560220e-30 4.97395895e-32]
FORECASTING: step 101 for state:  [3.12364715e-32 4.98730149e-31 3.17575669e-32]
FORECASTING: step 102 for state:  [1.57485096e-32 3.36262534e-31 1.89875078e-32]
FORECASTING: step 103 for state:  [8.68400435e-33 1.39763032e-31 9.82653427e-33]
FORECASTING: step 104 for state:  [4.62763466e-33 3.11319236e-33 3.64335281e-33]
FORECASTING: step 105 for state:  [2.06774687e-33 7.02133731e-32 1.94572940e-33]
FORECASTING: step 106 for state:  [1.00336907e-33 2.09838187e-32 8.36668249e-34]
FORECASTING: step 107 for state:  [4.60009329e-34 6.43741846e-33 4.21751650e-34]
FORECASTING: step 108 for state:  [2.20440245e-34 3.32073043e-33 2.63167590e-34]
FORECASTING: step 109 for state:  [1.20901959e-34 2.66117087e-33 9.21513757e-35]
FORECASTING: step 110 for state:  [5.32633336e-35 8.38053897e-34 3.94858183e-35]
FORECASTING: step 111 for state:  [2.31872880e-35 4.94169704e-34 2.84285783e-35]
FORECASTING: step 112 for state:  [1.29039666e-35 1.46810090e-34 1.49226023e-35]
FORECASTING: step 113 for state:  [6.95664223e-36 0.00000000e+00 7.90118878e-36]
FORECASTING: step 114 for state:  [3.71445775e-36 1.48489771e-34 4.52095566e-36]
FORECASTING: step 115 for state:  [2.05885335e-36 5.79662870e-35 2.75430213e-36]
FORECASTING: step 116 for state:  [1.20328887e-36 1.65900627e-35 9.71135261e-37]
FORECASTING: step 117 for state:  [5.43606033e-37 4.40900484e-36 6.57711514e-37]
FORECASTING: step 118 for state:  [3.00329387e-37 2.25045986e-36 3.47008571e-37]
FORECASTING: step 119 for state:  [1.61834489e-37 6.92512107e-37 1.27859112e-37]
FORECASTING: step 120 for state:  [7.24234004e-38 1.59831867e-36 8.56175919e-38]
FORECASTING: step 121 for state:  [3.95102481e-38 1.10876621e-36 4.63263558e-38]
FORECASTING: step 122 for state:  [2.14591510e-38 6.96664531e-37 1.34051252e-38]
FORECASTING: step 123 for state:  [8.71606905e-39 1.41972914e-37 7.16529081e-39]
FORECASTING: step 124 for state:  [3.97033997e-39 1.57353720e-38 4.87059150e-39]
FORECASTING: step 125 for state:  [2.21023287e-39 4.38663426e-38 2.52992430e-39]
FORECASTING: step 126 for state:  [1.18503929e-39 1.14901742e-38 9.36893043e-40]
FORECASTING: step 127 for state:  [5.30483084e-40 7.32908401e-39 6.26566790e-40]
FORECASTING: step 128 for state:  [2.89262468e-40 1.65084363e-39 4.21881480e-40]
FORECASTING: step 129 for state:  [1.77785987e-40 4.78087759e-40 1.54892359e-40]
FORECASTING: step 130 for state:  [8.31695865e-41 1.90640019e-39 6.02108162e-41]
FORECASTING: step 131 for state:  [7.43041402e-39 0.00000000e+00 0.00000000e+00]
FORECASTING: step 132 for state:  [2.07923966e-41 4.31602135e-40 1.86083107e-39]
FORECASTING: step 133 for state:  [1.35277417e-05 0.00000000e+00 0.00000000e+00]
FORECASTING: step 134 for state:  [0. 0. 0.]
FORECASTING: step 135 for state:  [2.02916126e-05 0.00000000e+00 0.00000000e+00]
FORECASTING: step 136 for state:  [1. 0. 0.]
FORECASTING: step 137 for state:  [0.00649332 0.         0.        ]
FORECASTING: step 138 for state:  [1.76283119e-41 0.00000000e+00 0.00000000e+00]
FORECASTING: step 139 for state:  [0. 0. 0.]
FORECASTING: step 140 for state:  [5.19809916e-42 1.21752734e-01 1.90238647e-03]
FORECASTING: step 141 for state:  [0.0004756 0.        0.0004756]
FORECASTING: step 142 for state:  [0.24350547 0.         0.        ]
FORECASTING: step 143 for state:  [0.0004756 0.        0.       ]
FORECASTING: step 144 for state:  [0.10655594 0.         0.        ]
FORECASTING: step 145 for state:  [0. 0. 0.]
FORECASTING: step 146 for state:  [0.48695683 0.         0.        ]
FORECASTING: step 147 for state:  [0. 0. 0.]
FORECASTING: step 148 for state:  [0.48123945 0.         0.        ]
FORECASTING: step 149 for state:  [0. 0. 0.]
FORECASTING: step 150 for state:  [1.18899155e-04 9.05177546e-01 2.81976240e-02]
FORECASTING: step 151 for state:  [0.00707913 0.39619353 0.01412854]
FORECASTING: step 152 for state:  [1. 0. 0.]
FORECASTING: step 153 for state:  [1. 0. 0.]
FORECASTING: step 154 for state:  [0.00176978 1.         0.34386015]
FORECASTING: step 155 for state:  [0.08640748 1.         0.13333756]
FORECASTING: step 156 for state:  [0.05493626 0.09819949 0.04484568]
FORECASTING: step 157 for state:  [0.12629968 0.         0.        ]
FORECASTING: step 158 for state:  [0.01373406 0.4314163  0.06179281]
FORECASTING: step 159 for state:  [0.01888172 0.31215317 0.00755447]
FORECASTING: step 160 for state:  [0.00660905 0.20411748 0.00557881]
FORECASTING: step 161 for state:  [0.00304696 0.08952624 0.00448463]
FORECASTING: step 162 for state:  [0.16198605 0.         0.        ]
FORECASTING: step 163 for state:  [0.16198605 0.         0.        ]
FORECASTING: step 164 for state:  [1. 0. 0.]
FORECASTING: step 165 for state:  [1. 0. 0.]
FORECASTING: step 166 for state:  [7.61741053e-04 1.00000000e+00 4.39401040e-01]
FORECASTING: step 167 for state:  [0.1100407  0.         0.02377035]
FORECASTING: step 168 for state:  [0.03345276 0.29744491 0.07467   ]
FORECASTING: step 169 for state:  [0.02703069 0.26193053 0.01364413]
FORECASTING: step 170 for state:  [0.01016871 0.11664024 0.00980325]
FORECASTING: step 171 for state:  [0.00499299 0.12539549 0.00292287]
FORECASTING: step 172 for state:  [0.00197897 0.00607287 0.00216931]
FORECASTING: step 173 for state:  [1. 0. 0.]
FORECASTING: step 174 for state:  [0.00058608 0.         0.        ]
FORECASTING: step 175 for state:  [0.00331769 0.         0.        ]
FORECASTING: step 176 for state:  [0.00165884 0.         0.        ]
FORECASTING: step 177 for state:  [0.00066128 0.         0.        ]
FORECASTING: step 178 for state:  [1. 0. 0.]
FORECASTING: step 179 for state:  [0.00049474 0.03066817 0.37491835]
FORECASTING: step 180 for state:  [1. 0. 0.]
FORECASTING: step 181 for state:  [1. 0. 0.]
FORECASTING: step 182 for state:  [0. 0. 0.]
FORECASTING: step 183 for state:  [0. 0. 0.]
FORECASTING: step 184 for state:  [0.00095834 0.         0.        ]
FORECASTING: step 185 for state:  [0.00227545 0.         0.        ]
FORECASTING: step 186 for state:  [0.04480716 0.         0.        ]
FORECASTING: step 187 for state:  [0. 0. 0.]
FORECASTING: step 188 for state:  [0. 0. 0.]
FORECASTING: step 189 for state:  [1. 0. 0.]
FORECASTING: step 190 for state:  [0.01255606 0.         0.        ]
FORECASTING: step 191 for state:  [1. 0. 0.]
FORECASTING: step 192 for state:  [1.23685323e-04 1.00000000e+00 2.64829347e-01]
FORECASTING: step 193 for state:  [1. 0. 0.]
FORECASTING: step 194 for state:  [1. 0. 0.]
FORECASTING: step 195 for state:  [0.25738375 0.         0.        ]
FORECASTING: step 196 for state:  [0.015625 0.       0.      ]
FORECASTING: step 197 for state:  [0.34134432 0.         0.        ]
FORECASTING: step 198 for state:  [1. 0. 0.]
FORECASTING: step 199 for state:  [1. 0. 0.]
FORECASTING: step 200 for state:  [0.49999816 0.         0.        ]
FORECASTING: step 201 for state:  [1. 0. 0.]
FORECASTING: step 202 for state:  [1. 0. 0.]
FORECASTING: step 203 for state:  [1. 0. 0.]
FORECASTING: step 204 for state:  [1. 0. 0.]
FORECASTING: step 205 for state:  [1. 0. 0.]
FORECASTING: step 206 for state:  [1. 0. 0.]
FORECASTING: step 207 for state:  [1. 0. 0.]
FORECASTING: step 208 for state:  [9.31322574e-10 0.00000000e+00 0.00000000e+00]
FORECASTING: step 209 for state:  [9.31322574e-10 0.00000000e+00 0.00000000e+00]
FORECASTING: step 210 for state:  [1. 0. 0.]
FORECASTING: step 211 for state:  [0. 0. 0.]
FORECASTING: step 212 for state:  [0. 0. 0.]
FORECASTING: step 213 for state:  [0. 0. 0.]
FORECASTING: step 214 for state:  [3.09213307e-05 2.80619132e-01 3.85742004e-03]
FORECASTING: step 215 for state:  [0.36150127 0.         0.        ]
FORECASTING: step 216 for state:  [7.73033269e-06 1.00000000e+00 1.35622281e-01]
FORECASTING: step 217 for state:  [0.0339075  0.         0.00283631]
FORECASTING: step 218 for state:  [0.00918595 0.         0.01343072]
FORECASTING: step 219 for state:  [0.00565417 0.16218764 0.01025031]
FORECASTING: step 220 for state:  [0.00397612 0.         0.00209818]
FORECASTING: step 221 for state:  [0.00151858 0.01790122 0.00113776]
FORECASTING: step 222 for state:  [0.00066408 0.01878614 0.00042725]
FORECASTING: step 223 for state:  [0.00027283 0.00361612 0.00030824]
FORECASTING: step 224 for state:  [0.00014527 0.00270546 0.00018082]
FORECASTING: step 225 for state:  [8.15228664e-05 9.01616218e-05 6.44708396e-05]
FORECASTING: step 226 for state:  [3.64984265e-05 1.27531815e-03 3.37229898e-05]
FORECASTING: step 227 for state:  [1.75553541e-05 5.76236748e-04 1.49136450e-05]
FORECASTING: step 228 for state:  [0.00129569 0.         0.        ]
FORECASTING: step 229 for state:  [1. 0. 0.]
FORECASTING: step 230 for state:  [4.38883852e-06 1.00000000e+00 2.50161455e-01]
FORECASTING: step 231 for state:  [0.06254146 1.         0.03124045]
FORECASTING: step 232 for state:  [0.02344548 0.18745581 0.04687472]
FORECASTING: step 233 for state:  [0.31252042 0.         0.        ]
FORECASTING: step 234 for state:  [0. 0. 0.]
FORECASTING: step 235 for state:  [1. 0. 0.]
FORECASTING: step 236 for state:  [1. 0. 0.]
FORECASTING: step 237 for state:  [0. 0. 0.]
FORECASTING: step 238 for state:  [0. 0. 0.]
FORECASTING: step 239 for state:  [1. 0. 0.]
FORECASTING: step 240 for state:  [0.00586137 1.         0.25294888]
FORECASTING: step 241 for state:  [0.06470256 1.         0.12646534]
FORECASTING: step 242 for state:  [0. 0. 0.]
FORECASTING: step 243 for state:  [0.00294805 0.         0.        ]
FORECASTING: step 244 for state:  [0.01617564 0.5058641  0.00195312]
FORECASTING: step 245 for state:  [0.99709196 0.         0.        ]
FORECASTING: step 246 for state:  [0. 0. 0.]
FORECASTING: step 247 for state:  [0. 0. 0.]
FORECASTING: step 248 for state:  [0.00404391 0.46608366 0.00776056]
FORECASTING: step 249 for state:  [0.00295112 0.40375914 0.00489126]
FORECASTING: step 250 for state:  [0.00196059 0.06608291 0.00146533]
FORECASTING: step 251 for state:  [0.00085648 0.03880146 0.00059882]
FORECASTING: step 252 for state:  [0.00036383 0.01236379 0.00039542]
FORECASTING: step 253 for state:  [0.00018981 0.00624447 0.00013659]
FORECASTING: step 254 for state:  [8.15998610e-05 2.12785749e-03 8.35744265e-05]
FORECASTING: step 255 for state:  [4.12935719e-05 6.82659470e-04 3.17695210e-05]
FORECASTING: step 256 for state:  [1.82657732e-05 2.15573864e-04 1.49928124e-05]
FORECASTING: step 257 for state:  [8.31464641e-06 1.97743807e-04 1.01848974e-05]
FORECASTING: step 258 for state:  [4.62488596e-06 1.35779384e-04 5.29893403e-06]
FORECASTING: step 259 for state:  [2.48095500e-06 9.46773276e-06 2.83210838e-06]
FORECASTING: step 260 for state:  [1.32826584e-06 4.29088520e-05 1.03921047e-06]
FORECASTING: step 261 for state:  [5.91869079e-07 1.64927567e-05 6.96612009e-07]
FORECASTING: step 262 for state:  [3.22120272e-07 8.41190985e-06 2.39103657e-07]
FORECASTING: step 263 for state:  [1.40305982e-07 2.94836984e-06 1.63090079e-07]
FORECASTING: step 264 for state:  [7.58490153e-08 1.45651097e-06 9.28224668e-08]
FORECASTING: step 265 for state:  [4.21678705e-08 1.00938451e-07 2.58633804e-08]
FORECASTING: step 266 for state:  [1.84520517e-07 0.00000000e+00 0.00000000e+00]
FORECASTING: step 267 for state:  [0. 0. 0.]
FORECASTING: step 268 for state:  [1. 0. 0.]
FORECASTING: step 269 for state:  [1.16622644e-07 0.00000000e+00 0.00000000e+00]
FORECASTING: step 270 for state:  [0.5 0.  0. ]
FORECASTING: step 271 for state:  [0.75000011 0.         0.        ]
FORECASTING: step 272 for state:  [0. 0. 0.]
FORECASTING: step 273 for state:  [2.25244771e-11 0.00000000e+00 0.00000000e+00]
FORECASTING: step 274 for state:  [1. 0. 0.]
FORECASTING: step 275 for state:  [1.05419676e-08 1.00000000e+00 2.52502442e-01]
FORECASTING: step 276 for state:  [1. 0. 0.]
FORECASTING: step 277 for state:  [1. 0. 0.]
FORECASTING: step 278 for state:  [1. 0. 0.]
FORECASTING: step 279 for state:  [1. 0. 0.]
FORECASTING: step 280 for state:  [1. 0. 0.]
FORECASTING: step 281 for state:  [2.63549191e-09 1.00000000e+00 2.99744263e-01]
FORECASTING: step 282 for state:  [0.00243407 0.         0.        ]
FORECASTING: step 283 for state:  [0.984375 0.       0.      ]
FORECASTING: step 284 for state:  [0.984375 0.       0.      ]
FORECASTING: step 285 for state:  [0. 0. 0.]
FORECASTING: step 286 for state:  [0. 0. 0.]
FORECASTING: step 287 for state:  [0. 0. 0.]
FORECASTING: step 288 for state:  [0.01155031 0.         0.        ]
FORECASTING: step 289 for state:  [0.02165227 0.         0.        ]
FORECASTING: step 290 for state:  [0.01082613 0.         0.        ]
FORECASTING: step 291 for state:  [0.04627445 0.         0.        ]
FORECASTING: step 292 for state:  [0.00384521 0.         0.        ]
FORECASTING: step 293 for state:  [0. 0. 0.]
FORECASTING: step 294 for state:  [6.58872977e-10 3.61688698e-01 4.59454928e-04]
FORECASTING: step 295 for state:  [1.14863897e-04 1.68898526e-01 1.14863897e-04]
FORECASTING: step 296 for state:  [1. 0. 0.]
FORECASTING: step 297 for state:  [0.17781666 0.         0.        ]
FORECASTING: step 298 for state:  [1. 0. 0.]
Simulation complete..
